CRITICAL - 2022-10-11 15:53:09 --> Object of class App\Models\DestinationModel could not be converted to string
#0 C:\laragon\www\Capstone-reco\system\CodeIgniter.php(832): App\Controllers\ProfileController->search()
#1 C:\laragon\www\Capstone-reco\system\CodeIgniter.php(419): CodeIgniter\CodeIgniter->runController(Object(App\Controllers\ProfileController))
#2 C:\laragon\www\Capstone-reco\system\CodeIgniter.php(326): CodeIgniter\CodeIgniter->handleRequest(NULL, Object(Config\Cache), false)
#3 C:\laragon\www\Capstone-reco\public\index.php(37): CodeIgniter\CodeIgniter->run()
#4 C:\laragon\www\Capstone-reco\system\Commands\Server\rewrite.php(43): require_once('C:\\laragon\\www\\...')
#5 {main}
CRITICAL - 2022-10-11 16:01:01 --> Argument 2 passed to view() must be of the type array, null given, called in C:\laragon\www\Capstone-reco\app\Controllers\ProfileController.php on line 14
#0 C:\laragon\www\Capstone-reco\app\Controllers\ProfileController.php(14): view('search', NULL)
#1 C:\laragon\www\Capstone-reco\system\CodeIgniter.php(832): App\Controllers\ProfileController->search()
#2 C:\laragon\www\Capstone-reco\system\CodeIgniter.php(419): CodeIgniter\CodeIgniter->runController(Object(App\Controllers\ProfileController))
#3 C:\laragon\www\Capstone-reco\system\CodeIgniter.php(326): CodeIgniter\CodeIgniter->handleRequest(NULL, Object(Config\Cache), false)
#4 C:\laragon\www\Capstone-reco\public\index.php(37): CodeIgniter\CodeIgniter->run()
#5 C:\laragon\www\Capstone-reco\system\Commands\Server\rewrite.php(43): require_once('C:\\laragon\\www\\...')
#6 {main}
CRITICAL - 2022-10-11 16:03:16 --> Argument 2 passed to view() must be of the type array, null given, called in C:\laragon\www\Capstone-reco\app\Controllers\ProfileController.php on line 14
#0 C:\laragon\www\Capstone-reco\app\Controllers\ProfileController.php(14): view('search', NULL)
#1 C:\laragon\www\Capstone-reco\system\CodeIgniter.php(832): App\Controllers\ProfileController->search()
#2 C:\laragon\www\Capstone-reco\system\CodeIgniter.php(419): CodeIgniter\CodeIgniter->runController(Object(App\Controllers\ProfileController))
#3 C:\laragon\www\Capstone-reco\system\CodeIgniter.php(326): CodeIgniter\CodeIgniter->handleRequest(NULL, Object(Config\Cache), false)
#4 C:\laragon\www\Capstone-reco\public\index.php(37): CodeIgniter\CodeIgniter->run()
#5 C:\laragon\www\Capstone-reco\system\Commands\Server\rewrite.php(43): require_once('C:\\laragon\\www\\...')
#6 {main}
CRITICAL - 2022-10-11 21:19:43 --> Invalid file: include/hotel_admin.php
#0 C:\laragon\www\Capstone-reco\system\View\View.php(198): CodeIgniter\Exceptions\FrameworkException::forInvalidFile('include/hotel_a...')
#1 C:\laragon\www\Capstone-reco\system\View\View.php(424): CodeIgniter\View\View->render('include/hotel_a...', NULL, true)
#2 C:\laragon\www\Capstone-reco\app\Views\hotel_admin.php(53): CodeIgniter\View\View->include('include/hotel_a...')
#3 C:\laragon\www\Capstone-reco\system\View\View.php(210): include('C:\\laragon\\www\\...')
#4 C:\laragon\www\Capstone-reco\system\View\View.php(213): CodeIgniter\View\View->CodeIgniter\View\{closure}()
#5 C:\laragon\www\Capstone-reco\system\Common.php(1089): CodeIgniter\View\View->render('hotel_admin', Array, true)
#6 C:\laragon\www\Capstone-reco\app\Controllers\AdminController.php(33): view('hotel_admin', Array)
#7 C:\laragon\www\Capstone-reco\system\CodeIgniter.php(832): App\Controllers\AdminController->hotel_admin()
#8 C:\laragon\www\Capstone-reco\system\CodeIgniter.php(419): CodeIgniter\CodeIgniter->runController(Object(App\Controllers\AdminController))
#9 C:\laragon\www\Capstone-reco\system\CodeIgniter.php(326): CodeIgniter\CodeIgniter->handleRequest(NULL, Object(Config\Cache), false)
#10 C:\laragon\www\Capstone-reco\public\index.php(37): CodeIgniter\CodeIgniter->run()
#11 C:\laragon\www\Capstone-reco\system\Commands\Server\rewrite.php(43): require_once('C:\\laragon\\www\\...')
#12 {main}
CRITICAL - 2022-10-11 21:20:01 --> Invalid file: hotel_admin.php
#0 C:\laragon\www\Capstone-reco\system\View\View.php(198): CodeIgniter\Exceptions\FrameworkException::forInvalidFile('hotel_admin.php')
#1 C:\laragon\www\Capstone-reco\system\Common.php(1089): CodeIgniter\View\View->render('hotel_admin', Array, true)
#2 C:\laragon\www\Capstone-reco\app\Controllers\AdminController.php(33): view('hotel_admin', Array)
#3 C:\laragon\www\Capstone-reco\system\CodeIgniter.php(832): App\Controllers\AdminController->hotel_admin()
#4 C:\laragon\www\Capstone-reco\system\CodeIgniter.php(419): CodeIgniter\CodeIgniter->runController(Object(App\Controllers\AdminController))
#5 C:\laragon\www\Capstone-reco\system\CodeIgniter.php(326): CodeIgniter\CodeIgniter->handleRequest(NULL, Object(Config\Cache), false)
#6 C:\laragon\www\Capstone-reco\public\index.php(37): CodeIgniter\CodeIgniter->run()
#7 C:\laragon\www\Capstone-reco\system\Commands\Server\rewrite.php(43): require_once('C:\\laragon\\www\\...')
#8 {main}
CRITICAL - 2022-10-11 21:20:36 --> Invalid file: include/hotel_admin.php
#0 C:\laragon\www\Capstone-reco\system\View\View.php(198): CodeIgniter\Exceptions\FrameworkException::forInvalidFile('include/hotel_a...')
#1 C:\laragon\www\Capstone-reco\system\View\View.php(424): CodeIgniter\View\View->render('include/hotel_a...', NULL, true)
#2 C:\laragon\www\Capstone-reco\app\Views\hotel_admin.php(53): CodeIgniter\View\View->include('include/hotel_a...')
#3 C:\laragon\www\Capstone-reco\system\View\View.php(210): include('C:\\laragon\\www\\...')
#4 C:\laragon\www\Capstone-reco\system\View\View.php(213): CodeIgniter\View\View->CodeIgniter\View\{closure}()
#5 C:\laragon\www\Capstone-reco\system\Common.php(1089): CodeIgniter\View\View->render('hotel_admin', Array, true)
#6 C:\laragon\www\Capstone-reco\app\Controllers\AdminController.php(33): view('hotel_admin', Array)
#7 C:\laragon\www\Capstone-reco\system\CodeIgniter.php(832): App\Controllers\AdminController->hotel_admin()
#8 C:\laragon\www\Capstone-reco\system\CodeIgniter.php(419): CodeIgniter\CodeIgniter->runController(Object(App\Controllers\AdminController))
#9 C:\laragon\www\Capstone-reco\system\CodeIgniter.php(326): CodeIgniter\CodeIgniter->handleRequest(NULL, Object(Config\Cache), false)
#10 C:\laragon\www\Capstone-reco\public\index.php(37): CodeIgniter\CodeIgniter->run()
#11 C:\laragon\www\Capstone-reco\system\Commands\Server\rewrite.php(43): require_once('C:\\laragon\\www\\...')
#12 {main}
CRITICAL - 2022-10-11 21:22:31 --> Invalid file: hotel_admin.php
#0 C:\laragon\www\Capstone-reco\system\View\View.php(198): CodeIgniter\Exceptions\FrameworkException::forInvalidFile('hotel_admin.php')
#1 C:\laragon\www\Capstone-reco\system\Common.php(1089): CodeIgniter\View\View->render('hotel_admin', Array, true)
#2 C:\laragon\www\Capstone-reco\app\Controllers\AdminController.php(33): view('hotel_admin', Array)
#3 C:\laragon\www\Capstone-reco\system\CodeIgniter.php(832): App\Controllers\AdminController->hotel_admin()
#4 C:\laragon\www\Capstone-reco\system\CodeIgniter.php(419): CodeIgniter\CodeIgniter->runController(Object(App\Controllers\AdminController))
#5 C:\laragon\www\Capstone-reco\system\CodeIgniter.php(326): CodeIgniter\CodeIgniter->handleRequest(NULL, Object(Config\Cache), false)
#6 C:\laragon\www\Capstone-reco\public\index.php(37): CodeIgniter\CodeIgniter->run()
#7 C:\laragon\www\Capstone-reco\system\Commands\Server\rewrite.php(43): require_once('C:\\laragon\\www\\...')
#8 {main}
