CRITICAL - 2022-12-14 00:56:02 --> Call to undefined method App\Controllers\SigninController::setUserSession()
#0 C:\laragon\www\Capstone-reco\system\CodeIgniter.php(832): App\Controllers\SigninController->loginAuth()
#1 C:\laragon\www\Capstone-reco\system\CodeIgniter.php(419): CodeIgniter\CodeIgniter->runController(Object(App\Controllers\SigninController))
#2 C:\laragon\www\Capstone-reco\system\CodeIgniter.php(326): CodeIgniter\CodeIgniter->handleRequest(NULL, Object(Config\Cache), false)
#3 C:\laragon\www\Capstone-reco\public\index.php(37): CodeIgniter\CodeIgniter->run()
#4 C:\laragon\www\Capstone-reco\system\Commands\Server\rewrite.php(43): require_once('C:\\laragon\\www\\...')
#5 {main}
CRITICAL - 2022-12-14 00:57:01 --> Call to undefined method App\Controllers\SigninController::setUserSession()
#0 C:\laragon\www\Capstone-reco\system\CodeIgniter.php(832): App\Controllers\SigninController->loginAuth()
#1 C:\laragon\www\Capstone-reco\system\CodeIgniter.php(419): CodeIgniter\CodeIgniter->runController(Object(App\Controllers\SigninController))
#2 C:\laragon\www\Capstone-reco\system\CodeIgniter.php(326): CodeIgniter\CodeIgniter->handleRequest(NULL, Object(Config\Cache), false)
#3 C:\laragon\www\Capstone-reco\public\index.php(37): CodeIgniter\CodeIgniter->run()
#4 C:\laragon\www\Capstone-reco\system\Commands\Server\rewrite.php(43): require_once('C:\\laragon\\www\\...')
#5 {main}
CRITICAL - 2022-12-14 01:04:49 --> syntax error, unexpected ''isLoggedIn'' (T_CONSTANT_ENCAPSED_STRING), expecting ']'
#0 C:\laragon\www\Capstone-reco\system\Autoloader\Autoloader.php(241): CodeIgniter\Autoloader\Autoloader->includeFile('C:\\laragon\\www\\...')
#1 C:\laragon\www\Capstone-reco\system\Autoloader\Autoloader.php(219): CodeIgniter\Autoloader\Autoloader->loadInNamespace('App\\Controllers...')
#2 [internal function]: CodeIgniter\Autoloader\Autoloader->loadClass('App\\Controllers...')
#3 [internal function]: spl_autoload_call('App\\Controllers...')
#4 C:\laragon\www\Capstone-reco\system\CodeIgniter.php(797): class_exists('\\App\\Controller...', true)
#5 C:\laragon\www\Capstone-reco\system\CodeIgniter.php(406): CodeIgniter\CodeIgniter->startController()
#6 C:\laragon\www\Capstone-reco\system\CodeIgniter.php(326): CodeIgniter\CodeIgniter->handleRequest(NULL, Object(Config\Cache), false)
#7 C:\laragon\www\Capstone-reco\public\index.php(37): CodeIgniter\CodeIgniter->run()
#8 C:\laragon\www\Capstone-reco\system\Commands\Server\rewrite.php(43): require_once('C:\\laragon\\www\\...')
#9 {main}
CRITICAL - 2022-12-14 01:36:44 --> Call to undefined method App\Controllers\SigninController::isLoggedIn()
#0 C:\laragon\www\Capstone-reco\system\CodeIgniter.php(832): App\Controllers\SigninController->loginAuth()
#1 C:\laragon\www\Capstone-reco\system\CodeIgniter.php(419): CodeIgniter\CodeIgniter->runController(Object(App\Controllers\SigninController))
#2 C:\laragon\www\Capstone-reco\system\CodeIgniter.php(326): CodeIgniter\CodeIgniter->handleRequest(NULL, Object(Config\Cache), false)
#3 C:\laragon\www\Capstone-reco\public\index.php(37): CodeIgniter\CodeIgniter->run()
#4 C:\laragon\www\Capstone-reco\system\Commands\Server\rewrite.php(43): require_once('C:\\laragon\\www\\...')
#5 {main}
CRITICAL - 2022-12-14 01:37:29 --> syntax error, unexpected 'else' (T_ELSE), expecting function (T_FUNCTION) or const (T_CONST)
#0 C:\laragon\www\Capstone-reco\system\Router\Router.php(175): CodeIgniter\Router\Router->autoRoute('SigninControlle...')
#1 C:\laragon\www\Capstone-reco\system\CodeIgniter.php(726): CodeIgniter\Router\Router->handle('SigninControlle...')
#2 C:\laragon\www\Capstone-reco\system\CodeIgniter.php(368): CodeIgniter\CodeIgniter->tryToRouteIt(Object(CodeIgniter\Router\RouteCollection))
#3 C:\laragon\www\Capstone-reco\system\CodeIgniter.php(326): CodeIgniter\CodeIgniter->handleRequest(NULL, Object(Config\Cache), false)
#4 C:\laragon\www\Capstone-reco\public\index.php(37): CodeIgniter\CodeIgniter->run()
#5 C:\laragon\www\Capstone-reco\system\Commands\Server\rewrite.php(43): require_once('C:\\laragon\\www\\...')
#6 {main}
CRITICAL - 2022-12-14 01:37:49 --> syntax error, unexpected 'else' (T_ELSE), expecting function (T_FUNCTION) or const (T_CONST)
#0 C:\laragon\www\Capstone-reco\system\Router\Router.php(175): CodeIgniter\Router\Router->autoRoute('SigninControlle...')
#1 C:\laragon\www\Capstone-reco\system\CodeIgniter.php(726): CodeIgniter\Router\Router->handle('SigninControlle...')
#2 C:\laragon\www\Capstone-reco\system\CodeIgniter.php(368): CodeIgniter\CodeIgniter->tryToRouteIt(Object(CodeIgniter\Router\RouteCollection))
#3 C:\laragon\www\Capstone-reco\system\CodeIgniter.php(326): CodeIgniter\CodeIgniter->handleRequest(NULL, Object(Config\Cache), false)
#4 C:\laragon\www\Capstone-reco\public\index.php(37): CodeIgniter\CodeIgniter->run()
#5 C:\laragon\www\Capstone-reco\system\Commands\Server\rewrite.php(43): require_once('C:\\laragon\\www\\...')
#6 {main}
CRITICAL - 2022-12-14 01:38:07 --> syntax error, unexpected 'public' (T_PUBLIC), expecting end of file
#0 C:\laragon\www\Capstone-reco\system\Router\Router.php(175): CodeIgniter\Router\Router->autoRoute('SigninControlle...')
#1 C:\laragon\www\Capstone-reco\system\CodeIgniter.php(726): CodeIgniter\Router\Router->handle('SigninControlle...')
#2 C:\laragon\www\Capstone-reco\system\CodeIgniter.php(368): CodeIgniter\CodeIgniter->tryToRouteIt(Object(CodeIgniter\Router\RouteCollection))
#3 C:\laragon\www\Capstone-reco\system\CodeIgniter.php(326): CodeIgniter\CodeIgniter->handleRequest(NULL, Object(Config\Cache), false)
#4 C:\laragon\www\Capstone-reco\public\index.php(37): CodeIgniter\CodeIgniter->run()
#5 C:\laragon\www\Capstone-reco\system\Commands\Server\rewrite.php(43): require_once('C:\\laragon\\www\\...')
#6 {main}
CRITICAL - 2022-12-14 01:38:29 --> Call to a member function set_rules() on null
#0 C:\laragon\www\Capstone-reco\system\CodeIgniter.php(832): App\Controllers\SigninController->loginAuth()
#1 C:\laragon\www\Capstone-reco\system\CodeIgniter.php(419): CodeIgniter\CodeIgniter->runController(Object(App\Controllers\SigninController))
#2 C:\laragon\www\Capstone-reco\system\CodeIgniter.php(326): CodeIgniter\CodeIgniter->handleRequest(NULL, Object(Config\Cache), false)
#3 C:\laragon\www\Capstone-reco\public\index.php(37): CodeIgniter\CodeIgniter->run()
#4 C:\laragon\www\Capstone-reco\system\Commands\Server\rewrite.php(43): require_once('C:\\laragon\\www\\...')
#5 {main}
CRITICAL - 2022-12-14 04:18:01 --> Call to undefined method App\Models\UserModel::login
#0 C:\laragon\www\Capstone-reco\app\Controllers\SigninController.php(23): CodeIgniter\Model->__call('login', Array)
#1 C:\laragon\www\Capstone-reco\system\CodeIgniter.php(832): App\Controllers\SigninController->loginAuth()
#2 C:\laragon\www\Capstone-reco\system\CodeIgniter.php(419): CodeIgniter\CodeIgniter->runController(Object(App\Controllers\SigninController))
#3 C:\laragon\www\Capstone-reco\system\CodeIgniter.php(326): CodeIgniter\CodeIgniter->handleRequest(NULL, Object(Config\Cache), false)
#4 C:\laragon\www\Capstone-reco\public\index.php(37): CodeIgniter\CodeIgniter->run()
#5 C:\laragon\www\Capstone-reco\system\Commands\Server\rewrite.php(43): require_once('C:\\laragon\\www\\...')
#6 {main}
CRITICAL - 2022-12-14 04:20:03 --> Call to undefined method App\Models\UserModel::loginAuth
#0 C:\laragon\www\Capstone-reco\app\Controllers\SigninController.php(23): CodeIgniter\Model->__call('loginAuth', Array)
#1 C:\laragon\www\Capstone-reco\system\CodeIgniter.php(832): App\Controllers\SigninController->loginAuth()
#2 C:\laragon\www\Capstone-reco\system\CodeIgniter.php(419): CodeIgniter\CodeIgniter->runController(Object(App\Controllers\SigninController))
#3 C:\laragon\www\Capstone-reco\system\CodeIgniter.php(326): CodeIgniter\CodeIgniter->handleRequest(NULL, Object(Config\Cache), false)
#4 C:\laragon\www\Capstone-reco\public\index.php(37): CodeIgniter\CodeIgniter->run()
#5 C:\laragon\www\Capstone-reco\system\Commands\Server\rewrite.php(43): require_once('C:\\laragon\\www\\...')
#6 {main}
CRITICAL - 2022-12-14 04:29:42 --> syntax error, unexpected 'else' (T_ELSE), expecting function (T_FUNCTION) or const (T_CONST)
#0 C:\laragon\www\Capstone-reco\system\Autoloader\Autoloader.php(241): CodeIgniter\Autoloader\Autoloader->includeFile('C:\\laragon\\www\\...')
#1 C:\laragon\www\Capstone-reco\system\Autoloader\Autoloader.php(219): CodeIgniter\Autoloader\Autoloader->loadInNamespace('App\\Controllers...')
#2 [internal function]: CodeIgniter\Autoloader\Autoloader->loadClass('App\\Controllers...')
#3 [internal function]: spl_autoload_call('App\\Controllers...')
#4 C:\laragon\www\Capstone-reco\system\CodeIgniter.php(797): class_exists('\\App\\Controller...', true)
#5 C:\laragon\www\Capstone-reco\system\CodeIgniter.php(406): CodeIgniter\CodeIgniter->startController()
#6 C:\laragon\www\Capstone-reco\system\CodeIgniter.php(326): CodeIgniter\CodeIgniter->handleRequest(NULL, Object(Config\Cache), false)
#7 C:\laragon\www\Capstone-reco\public\index.php(37): CodeIgniter\CodeIgniter->run()
#8 C:\laragon\www\Capstone-reco\system\Commands\Server\rewrite.php(43): require_once('C:\\laragon\\www\\...')
#9 {main}
CRITICAL - 2022-12-14 04:30:27 --> syntax error, unexpected 'else' (T_ELSE)
#0 C:\laragon\www\Capstone-reco\system\Autoloader\Autoloader.php(241): CodeIgniter\Autoloader\Autoloader->includeFile('C:\\laragon\\www\\...')
#1 C:\laragon\www\Capstone-reco\system\Autoloader\Autoloader.php(219): CodeIgniter\Autoloader\Autoloader->loadInNamespace('App\\Controllers...')
#2 [internal function]: CodeIgniter\Autoloader\Autoloader->loadClass('App\\Controllers...')
#3 [internal function]: spl_autoload_call('App\\Controllers...')
#4 C:\laragon\www\Capstone-reco\system\CodeIgniter.php(797): class_exists('\\App\\Controller...', true)
#5 C:\laragon\www\Capstone-reco\system\CodeIgniter.php(406): CodeIgniter\CodeIgniter->startController()
#6 C:\laragon\www\Capstone-reco\system\CodeIgniter.php(326): CodeIgniter\CodeIgniter->handleRequest(NULL, Object(Config\Cache), false)
#7 C:\laragon\www\Capstone-reco\public\index.php(37): CodeIgniter\CodeIgniter->run()
#8 C:\laragon\www\Capstone-reco\system\Commands\Server\rewrite.php(43): require_once('C:\\laragon\\www\\...')
#9 {main}
ERROR - 2022-12-14 04:31:18 --> Unknown column 'admin@gmail.com' in 'where clause'
CRITICAL - 2022-12-14 04:31:18 --> Unknown column 'admin@gmail.com' in 'where clause'
#0 C:\laragon\www\Capstone-reco\system\Database\MySQLi\Connection.php(292): mysqli->query('SELECT *\nFROM `...', 0)
#1 C:\laragon\www\Capstone-reco\system\Database\BaseConnection.php(670): CodeIgniter\Database\MySQLi\Connection->execute('SELECT *\nFROM `...')
#2 C:\laragon\www\Capstone-reco\system\Database\BaseConnection.php(598): CodeIgniter\Database\BaseConnection->simpleQuery('SELECT *\nFROM `...')
#3 C:\laragon\www\Capstone-reco\system\Database\BaseBuilder.php(1455): CodeIgniter\Database\BaseConnection->query('SELECT *\nFROM `...', Array, false)
#4 C:\laragon\www\Capstone-reco\system\Model.php(210): CodeIgniter\Database\BaseBuilder->get()
#5 C:\laragon\www\Capstone-reco\system\BaseModel.php(622): CodeIgniter\Model->doFirst()
#6 C:\laragon\www\Capstone-reco\app\Controllers\SigninController.php(26): CodeIgniter\BaseModel->first()
#7 C:\laragon\www\Capstone-reco\system\CodeIgniter.php(832): App\Controllers\SigninController->loginAuth()
#8 C:\laragon\www\Capstone-reco\system\CodeIgniter.php(419): CodeIgniter\CodeIgniter->runController(Object(App\Controllers\SigninController))
#9 C:\laragon\www\Capstone-reco\system\CodeIgniter.php(326): CodeIgniter\CodeIgniter->handleRequest(NULL, Object(Config\Cache), false)
#10 C:\laragon\www\Capstone-reco\public\index.php(37): CodeIgniter\CodeIgniter->run()
#11 C:\laragon\www\Capstone-reco\system\Commands\Server\rewrite.php(43): require_once('C:\\laragon\\www\\...')
#12 {main}
ERROR - 2022-12-14 04:46:57 --> Email: sendWithSmtp throwed fsockopen(): php_network_getaddresses: getaddrinfo failed: No such host is known. 
CRITICAL - 2022-12-14 06:28:28 --> Invalid argument supplied for foreach()
#0 C:\laragon\www\Capstone-reco\app\Views\destination_details.php(171): CodeIgniter\Debug\Exceptions->errorHandler(2, 'Invalid argumen...', 'C:\\laragon\\www\\...', 171, Array)
#1 C:\laragon\www\Capstone-reco\system\View\View.php(210): include('C:\\laragon\\www\\...')
#2 C:\laragon\www\Capstone-reco\system\View\View.php(213): CodeIgniter\View\View->CodeIgniter\View\{closure}()
#3 C:\laragon\www\Capstone-reco\system\Common.php(1089): CodeIgniter\View\View->render('destination_det...', Array, true)
#4 C:\laragon\www\Capstone-reco\app\Controllers\DropzoneController.php(32): view('destination_det...')
#5 C:\laragon\www\Capstone-reco\system\CodeIgniter.php(832): App\Controllers\DropzoneController->tag_insert()
#6 C:\laragon\www\Capstone-reco\system\CodeIgniter.php(419): CodeIgniter\CodeIgniter->runController(Object(App\Controllers\DropzoneController))
#7 C:\laragon\www\Capstone-reco\system\CodeIgniter.php(326): CodeIgniter\CodeIgniter->handleRequest(NULL, Object(Config\Cache), false)
#8 C:\laragon\www\Capstone-reco\public\index.php(37): CodeIgniter\CodeIgniter->run()
#9 C:\laragon\www\Capstone-reco\system\Commands\Server\rewrite.php(43): require_once('C:\\laragon\\www\\...')
#10 {main}
CRITICAL - 2022-12-14 06:30:01 --> Invalid argument supplied for foreach()
#0 C:\laragon\www\Capstone-reco\app\Views\destination_page.php(40): CodeIgniter\Debug\Exceptions->errorHandler(2, 'Invalid argumen...', 'C:\\laragon\\www\\...', 40, Array)
#1 C:\laragon\www\Capstone-reco\system\View\View.php(210): include('C:\\laragon\\www\\...')
#2 C:\laragon\www\Capstone-reco\system\View\View.php(213): CodeIgniter\View\View->CodeIgniter\View\{closure}()
#3 C:\laragon\www\Capstone-reco\system\Common.php(1089): CodeIgniter\View\View->render('destination_pag...', Array, true)
#4 C:\laragon\www\Capstone-reco\app\Controllers\DropzoneController.php(32): view('destination_pag...')
#5 C:\laragon\www\Capstone-reco\system\CodeIgniter.php(832): App\Controllers\DropzoneController->tag_insert()
#6 C:\laragon\www\Capstone-reco\system\CodeIgniter.php(419): CodeIgniter\CodeIgniter->runController(Object(App\Controllers\DropzoneController))
#7 C:\laragon\www\Capstone-reco\system\CodeIgniter.php(326): CodeIgniter\CodeIgniter->handleRequest(NULL, Object(Config\Cache), false)
#8 C:\laragon\www\Capstone-reco\public\index.php(37): CodeIgniter\CodeIgniter->run()
#9 C:\laragon\www\Capstone-reco\system\Commands\Server\rewrite.php(43): require_once('C:\\laragon\\www\\...')
#10 {main}
CRITICAL - 2022-12-14 06:32:24 --> Invalid file: profile.php
#0 C:\laragon\www\Capstone-reco\system\View\View.php(198): CodeIgniter\Exceptions\FrameworkException::forInvalidFile('profile.php')
#1 C:\laragon\www\Capstone-reco\system\Common.php(1089): CodeIgniter\View\View->render('profile', Array, true)
#2 C:\laragon\www\Capstone-reco\app\Controllers\DropzoneController.php(32): view('profile')
#3 C:\laragon\www\Capstone-reco\system\CodeIgniter.php(832): App\Controllers\DropzoneController->tag_insert()
#4 C:\laragon\www\Capstone-reco\system\CodeIgniter.php(419): CodeIgniter\CodeIgniter->runController(Object(App\Controllers\DropzoneController))
#5 C:\laragon\www\Capstone-reco\system\CodeIgniter.php(326): CodeIgniter\CodeIgniter->handleRequest(NULL, Object(Config\Cache), false)
#6 C:\laragon\www\Capstone-reco\public\index.php(37): CodeIgniter\CodeIgniter->run()
#7 C:\laragon\www\Capstone-reco\system\Commands\Server\rewrite.php(43): require_once('C:\\laragon\\www\\...')
#8 {main}
CRITICAL - 2022-12-14 06:34:28 --> count(): Parameter must be an array or an object that implements Countable
#0 C:\laragon\www\Capstone-reco\app\Views\hotel_details.php(76): CodeIgniter\Debug\Exceptions->errorHandler(2, 'count(): Parame...', 'C:\\laragon\\www\\...', 76, Array)
#1 C:\laragon\www\Capstone-reco\system\View\View.php(210): include('C:\\laragon\\www\\...')
#2 C:\laragon\www\Capstone-reco\system\View\View.php(213): CodeIgniter\View\View->CodeIgniter\View\{closure}()
#3 C:\laragon\www\Capstone-reco\system\Common.php(1089): CodeIgniter\View\View->render('hotel_details', Array, true)
#4 C:\laragon\www\Capstone-reco\app\Controllers\HotelsController.php(265): view('hotel_details', Array)
#5 C:\laragon\www\Capstone-reco\system\CodeIgniter.php(832): App\Controllers\HotelsController->test2('144')
#6 C:\laragon\www\Capstone-reco\system\CodeIgniter.php(419): CodeIgniter\CodeIgniter->runController(Object(App\Controllers\HotelsController))
#7 C:\laragon\www\Capstone-reco\system\CodeIgniter.php(326): CodeIgniter\CodeIgniter->handleRequest(NULL, Object(Config\Cache), false)
#8 C:\laragon\www\Capstone-reco\public\index.php(37): CodeIgniter\CodeIgniter->run()
#9 C:\laragon\www\Capstone-reco\system\Commands\Server\rewrite.php(43): require_once('C:\\laragon\\www\\...')
#10 {main}
CRITICAL - 2022-12-14 15:49:29 --> auth filter must have a matching alias defined.
#0 C:\laragon\www\Capstone-reco\system\Filters\Filters.php(340): CodeIgniter\Filters\Exceptions\FilterException::forNoAlias('auth')
#1 C:\laragon\www\Capstone-reco\system\CodeIgniter.php(384): CodeIgniter\Filters\Filters->enableFilter('auth', 'before')
#2 C:\laragon\www\Capstone-reco\system\CodeIgniter.php(326): CodeIgniter\CodeIgniter->handleRequest(NULL, Object(Config\Cache), false)
#3 C:\laragon\www\Capstone-reco\public\index.php(37): CodeIgniter\CodeIgniter->run()
#4 C:\laragon\www\Capstone-reco\system\Commands\Server\rewrite.php(43): require_once('C:\\laragon\\www\\...')
#5 {main}
CRITICAL - 2022-12-14 15:51:11 --> syntax error, unexpected ')', expecting ']'
#0 C:\laragon\www\Capstone-reco\system\CodeIgniter.php(368): CodeIgniter\CodeIgniter->tryToRouteIt(NULL)
#1 C:\laragon\www\Capstone-reco\system\CodeIgniter.php(326): CodeIgniter\CodeIgniter->handleRequest(NULL, Object(Config\Cache), false)
#2 C:\laragon\www\Capstone-reco\public\index.php(37): CodeIgniter\CodeIgniter->run()
#3 C:\laragon\www\Capstone-reco\system\Commands\Server\rewrite.php(43): require_once('C:\\laragon\\www\\...')
#4 {main}
CRITICAL - 2022-12-14 16:05:15 --> Call to a member function get() on null
#0 C:\laragon\www\Capstone-reco\system\CodeIgniter.php(832): App\Controllers\SigninController->user_account()
#1 C:\laragon\www\Capstone-reco\system\CodeIgniter.php(419): CodeIgniter\CodeIgniter->runController(Object(App\Controllers\SigninController))
#2 C:\laragon\www\Capstone-reco\system\CodeIgniter.php(326): CodeIgniter\CodeIgniter->handleRequest(NULL, Object(Config\Cache), false)
#3 C:\laragon\www\Capstone-reco\public\index.php(37): CodeIgniter\CodeIgniter->run()
#4 C:\laragon\www\Capstone-reco\system\Commands\Server\rewrite.php(43): require_once('C:\\laragon\\www\\...')
#5 {main}
