CRITICAL - 2022-05-31 04:09:20 --> Class name must be a valid object or a string
#0 C:\laragon\www\Capstone\system\CodeIgniter.php(832): App\Controllers\DestinationController->update('6')
#1 C:\laragon\www\Capstone\system\CodeIgniter.php(419): CodeIgniter\CodeIgniter->runController(Object(App\Controllers\DestinationController))
#2 C:\laragon\www\Capstone\system\CodeIgniter.php(326): CodeIgniter\CodeIgniter->handleRequest(NULL, Object(Config\Cache), false)
#3 C:\laragon\www\Capstone\public\index.php(37): CodeIgniter\CodeIgniter->run()
#4 C:\laragon\www\Capstone\system\Commands\Server\rewrite.php(43): require_once('C:\\laragon\\www\\...')
#5 {main}
CRITICAL - 2022-05-31 04:24:40 --> Cannot redeclare App\Controllers\DestinationController::moreplaces()
#0 [internal function]: CodeIgniter\Debug\Exceptions->shutdownHandler()
#1 {main}
CRITICAL - 2022-05-31 04:25:14 --> Cannot redeclare App\Controllers\DestinationController::moreplaces()
#0 [internal function]: CodeIgniter\Debug\Exceptions->shutdownHandler()
#1 {main}
CRITICAL - 2022-05-31 04:25:35 --> Cannot redeclare App\Controllers\DestinationController::moreplaces()
#0 [internal function]: CodeIgniter\Debug\Exceptions->shutdownHandler()
#1 {main}
ERROR - 2022-05-31 05:06:54 --> Table 'eguide.accomodations' doesn't exist
CRITICAL - 2022-05-31 05:06:54 --> Table 'eguide.accomodations' doesn't exist
#0 C:\laragon\www\Capstone\system\Database\MySQLi\Connection.php(292): mysqli->query('SELECT *\nFROM `...', 0)
#1 C:\laragon\www\Capstone\system\Database\BaseConnection.php(670): CodeIgniter\Database\MySQLi\Connection->execute('SELECT *\nFROM `...')
#2 C:\laragon\www\Capstone\system\Database\BaseConnection.php(598): CodeIgniter\Database\BaseConnection->simpleQuery('SELECT *\nFROM `...')
#3 C:\laragon\www\Capstone\system\Database\BaseBuilder.php(1455): CodeIgniter\Database\BaseConnection->query('SELECT *\nFROM `...', Array, false)
#4 C:\laragon\www\Capstone\system\Model.php(183): CodeIgniter\Database\BaseBuilder->get()
#5 C:\laragon\www\Capstone\system\BaseModel.php(584): CodeIgniter\Model->doFindAll(0, 0)
#6 C:\laragon\www\Capstone\app\Controllers\HotelsController.php(28): CodeIgniter\BaseModel->findAll()
#7 C:\laragon\www\Capstone\system\CodeIgniter.php(832): App\Controllers\HotelsController->hotcal()
#8 C:\laragon\www\Capstone\system\CodeIgniter.php(419): CodeIgniter\CodeIgniter->runController(Object(App\Controllers\HotelsController))
#9 C:\laragon\www\Capstone\system\CodeIgniter.php(326): CodeIgniter\CodeIgniter->handleRequest(NULL, Object(Config\Cache), false)
#10 C:\laragon\www\Capstone\public\index.php(37): CodeIgniter\CodeIgniter->run()
#11 C:\laragon\www\Capstone\system\Commands\Server\rewrite.php(43): require_once('C:\\laragon\\www\\...')
#12 {main}
CRITICAL - 2022-05-31 05:11:16 --> Invalid file: insert_accomodations.php
#0 C:\laragon\www\Capstone\system\View\View.php(198): CodeIgniter\Exceptions\FrameworkException::forInvalidFile('insert_accomoda...')
#1 C:\laragon\www\Capstone\system\Common.php(1089): CodeIgniter\View\View->render('insert_accomoda...', Array, true)
#2 C:\laragon\www\Capstone\app\Controllers\HotelsController.php(175): view('insert_accomoda...')
#3 C:\laragon\www\Capstone\system\CodeIgniter.php(832): App\Controllers\HotelsController->insert_accomodations()
#4 C:\laragon\www\Capstone\system\CodeIgniter.php(419): CodeIgniter\CodeIgniter->runController(Object(App\Controllers\HotelsController))
#5 C:\laragon\www\Capstone\system\CodeIgniter.php(326): CodeIgniter\CodeIgniter->handleRequest(NULL, Object(Config\Cache), false)
#6 C:\laragon\www\Capstone\public\index.php(37): CodeIgniter\CodeIgniter->run()
#7 C:\laragon\www\Capstone\system\Commands\Server\rewrite.php(43): require_once('C:\\laragon\\www\\...')
#8 {main}
CRITICAL - 2022-05-31 05:30:24 --> Invalid file: accomodation_list.php
#0 C:\laragon\www\Capstone\system\View\View.php(198): CodeIgniter\Exceptions\FrameworkException::forInvalidFile('accomodation_li...')
#1 C:\laragon\www\Capstone\system\Common.php(1089): CodeIgniter\View\View->render('accomodation_li...', Array, true)
#2 C:\laragon\www\Capstone\app\Controllers\HotelsController.php(18): view('accomodation_li...', Array)
#3 C:\laragon\www\Capstone\system\CodeIgniter.php(832): App\Controllers\HotelsController->accomodation_list()
#4 C:\laragon\www\Capstone\system\CodeIgniter.php(419): CodeIgniter\CodeIgniter->runController(Object(App\Controllers\HotelsController))
#5 C:\laragon\www\Capstone\system\CodeIgniter.php(326): CodeIgniter\CodeIgniter->handleRequest(NULL, Object(Config\Cache), false)
#6 C:\laragon\www\Capstone\public\index.php(37): CodeIgniter\CodeIgniter->run()
#7 C:\laragon\www\Capstone\system\Commands\Server\rewrite.php(43): require_once('C:\\laragon\\www\\...')
#8 {main}
CRITICAL - 2022-05-31 05:31:15 --> Invalid file: accomodation_list.php
#0 C:\laragon\www\Capstone\system\View\View.php(198): CodeIgniter\Exceptions\FrameworkException::forInvalidFile('accomodation_li...')
#1 C:\laragon\www\Capstone\system\Common.php(1089): CodeIgniter\View\View->render('accomodation_li...', Array, true)
#2 C:\laragon\www\Capstone\app\Controllers\HotelsController.php(18): view('accomodation_li...', Array)
#3 C:\laragon\www\Capstone\system\CodeIgniter.php(832): App\Controllers\HotelsController->accomodation_list()
#4 C:\laragon\www\Capstone\system\CodeIgniter.php(419): CodeIgniter\CodeIgniter->runController(Object(App\Controllers\HotelsController))
#5 C:\laragon\www\Capstone\system\CodeIgniter.php(326): CodeIgniter\CodeIgniter->handleRequest(NULL, Object(Config\Cache), false)
#6 C:\laragon\www\Capstone\public\index.php(37): CodeIgniter\CodeIgniter->run()
#7 C:\laragon\www\Capstone\system\Commands\Server\rewrite.php(43): require_once('C:\\laragon\\www\\...')
#8 {main}
CRITICAL - 2022-05-31 05:38:20 --> Invalid file: accomodation_list.php
#0 C:\laragon\www\Capstone\system\View\View.php(198): CodeIgniter\Exceptions\FrameworkException::forInvalidFile('accomodation_li...')
#1 C:\laragon\www\Capstone\system\Common.php(1089): CodeIgniter\View\View->render('accomodation_li...', Array, true)
#2 C:\laragon\www\Capstone\app\Controllers\HotelsController.php(18): view('accomodation_li...', Array)
#3 C:\laragon\www\Capstone\system\CodeIgniter.php(832): App\Controllers\HotelsController->accomodation_list()
#4 C:\laragon\www\Capstone\system\CodeIgniter.php(419): CodeIgniter\CodeIgniter->runController(Object(App\Controllers\HotelsController))
#5 C:\laragon\www\Capstone\system\CodeIgniter.php(326): CodeIgniter\CodeIgniter->handleRequest(NULL, Object(Config\Cache), false)
#6 C:\laragon\www\Capstone\public\index.php(37): CodeIgniter\CodeIgniter->run()
#7 C:\laragon\www\Capstone\system\Commands\Server\rewrite.php(43): require_once('C:\\laragon\\www\\...')
#8 {main}
CRITICAL - 2022-05-31 06:45:19 --> Class 'App\Controllers\RestaurantModel' not found
#0 C:\laragon\www\Capstone\system\CodeIgniter.php(832): App\Controllers\RestaurantController->rescal()
#1 C:\laragon\www\Capstone\system\CodeIgniter.php(419): CodeIgniter\CodeIgniter->runController(Object(App\Controllers\RestaurantController))
#2 C:\laragon\www\Capstone\system\CodeIgniter.php(326): CodeIgniter\CodeIgniter->handleRequest(NULL, Object(Config\Cache), false)
#3 C:\laragon\www\Capstone\public\index.php(37): CodeIgniter\CodeIgniter->run()
#4 C:\laragon\www\Capstone\system\Commands\Server\rewrite.php(43): require_once('C:\\laragon\\www\\...')
#5 {main}
CRITICAL - 2022-05-31 06:47:00 --> Class 'App\Controllers\RestaurantModel' not found
#0 C:\laragon\www\Capstone\system\CodeIgniter.php(832): App\Controllers\RestaurantController->rescal()
#1 C:\laragon\www\Capstone\system\CodeIgniter.php(419): CodeIgniter\CodeIgniter->runController(Object(App\Controllers\RestaurantController))
#2 C:\laragon\www\Capstone\system\CodeIgniter.php(326): CodeIgniter\CodeIgniter->handleRequest(NULL, Object(Config\Cache), false)
#3 C:\laragon\www\Capstone\public\index.php(37): CodeIgniter\CodeIgniter->run()
#4 C:\laragon\www\Capstone\system\Commands\Server\rewrite.php(43): require_once('C:\\laragon\\www\\...')
#5 {main}
CRITICAL - 2022-05-31 06:48:07 --> Class 'App\Controllers\RestaurantModel' not found
#0 C:\laragon\www\Capstone\system\CodeIgniter.php(832): App\Controllers\RestaurantController->resbaco()
#1 C:\laragon\www\Capstone\system\CodeIgniter.php(419): CodeIgniter\CodeIgniter->runController(Object(App\Controllers\RestaurantController))
#2 C:\laragon\www\Capstone\system\CodeIgniter.php(326): CodeIgniter\CodeIgniter->handleRequest(NULL, Object(Config\Cache), false)
#3 C:\laragon\www\Capstone\public\index.php(37): CodeIgniter\CodeIgniter->run()
#4 C:\laragon\www\Capstone\system\Commands\Server\rewrite.php(43): require_once('C:\\laragon\\www\\...')
#5 {main}
CRITICAL - 2022-05-31 06:48:58 --> Class 'App\Controllers\RestaurantModel' not found
#0 C:\laragon\www\Capstone\system\CodeIgniter.php(832): App\Controllers\RestaurantController->resnau()
#1 C:\laragon\www\Capstone\system\CodeIgniter.php(419): CodeIgniter\CodeIgniter->runController(Object(App\Controllers\RestaurantController))
#2 C:\laragon\www\Capstone\system\CodeIgniter.php(326): CodeIgniter\CodeIgniter->handleRequest(NULL, Object(Config\Cache), false)
#3 C:\laragon\www\Capstone\public\index.php(37): CodeIgniter\CodeIgniter->run()
#4 C:\laragon\www\Capstone\system\Commands\Server\rewrite.php(43): require_once('C:\\laragon\\www\\...')
#5 {main}
CRITICAL - 2022-05-31 06:49:02 --> Class 'App\Controllers\RestaurantModel' not found
#0 C:\laragon\www\Capstone\system\CodeIgniter.php(832): App\Controllers\RestaurantController->rescal()
#1 C:\laragon\www\Capstone\system\CodeIgniter.php(419): CodeIgniter\CodeIgniter->runController(Object(App\Controllers\RestaurantController))
#2 C:\laragon\www\Capstone\system\CodeIgniter.php(326): CodeIgniter\CodeIgniter->handleRequest(NULL, Object(Config\Cache), false)
#3 C:\laragon\www\Capstone\public\index.php(37): CodeIgniter\CodeIgniter->run()
#4 C:\laragon\www\Capstone\system\Commands\Server\rewrite.php(43): require_once('C:\\laragon\\www\\...')
#5 {main}
CRITICAL - 2022-05-31 06:50:48 --> Class 'App\Controllers\RestaurantModel' not found
#0 C:\laragon\www\Capstone\system\CodeIgniter.php(832): App\Controllers\RestaurantController->rescal()
#1 C:\laragon\www\Capstone\system\CodeIgniter.php(419): CodeIgniter\CodeIgniter->runController(Object(App\Controllers\RestaurantController))
#2 C:\laragon\www\Capstone\system\CodeIgniter.php(326): CodeIgniter\CodeIgniter->handleRequest(NULL, Object(Config\Cache), false)
#3 C:\laragon\www\Capstone\public\index.php(37): CodeIgniter\CodeIgniter->run()
#4 C:\laragon\www\Capstone\system\Commands\Server\rewrite.php(43): require_once('C:\\laragon\\www\\...')
#5 {main}
CRITICAL - 2022-05-31 06:52:33 --> Class 'App\Controllers\RestaurantModel' not found
#0 C:\laragon\www\Capstone\system\CodeIgniter.php(832): App\Controllers\RestaurantController->resglo()
#1 C:\laragon\www\Capstone\system\CodeIgniter.php(419): CodeIgniter\CodeIgniter->runController(Object(App\Controllers\RestaurantController))
#2 C:\laragon\www\Capstone\system\CodeIgniter.php(326): CodeIgniter\CodeIgniter->handleRequest(NULL, Object(Config\Cache), false)
#3 C:\laragon\www\Capstone\public\index.php(37): CodeIgniter\CodeIgniter->run()
#4 C:\laragon\www\Capstone\system\Commands\Server\rewrite.php(43): require_once('C:\\laragon\\www\\...')
#5 {main}
CRITICAL - 2022-05-31 06:52:37 --> Class 'App\Controllers\RestaurantModel' not found
#0 C:\laragon\www\Capstone\system\CodeIgniter.php(832): App\Controllers\RestaurantController->resglo()
#1 C:\laragon\www\Capstone\system\CodeIgniter.php(419): CodeIgniter\CodeIgniter->runController(Object(App\Controllers\RestaurantController))
#2 C:\laragon\www\Capstone\system\CodeIgniter.php(326): CodeIgniter\CodeIgniter->handleRequest(NULL, Object(Config\Cache), false)
#3 C:\laragon\www\Capstone\public\index.php(37): CodeIgniter\CodeIgniter->run()
#4 C:\laragon\www\Capstone\system\Commands\Server\rewrite.php(43): require_once('C:\\laragon\\www\\...')
#5 {main}
