CRITICAL - 2022-05-24 07:37:44 --> syntax error, unexpected ')', expecting ']'
#0 C:\laragon\www\travelguide1\system\CodeIgniter.php(368): CodeIgniter\CodeIgniter->tryToRouteIt(NULL)
#1 C:\laragon\www\travelguide1\system\CodeIgniter.php(326): CodeIgniter\CodeIgniter->handleRequest(NULL, Object(Config\Cache), false)
#2 C:\laragon\www\travelguide1\public\index.php(37): CodeIgniter\CodeIgniter->run()
#3 C:\laragon\www\travelguide1\system\Commands\Server\rewrite.php(43): require_once('C:\\laragon\\www\\...')
#4 {main}
CRITICAL - 2022-05-24 07:38:29 --> syntax error, unexpected ';', expecting ')'
#0 C:\laragon\www\travelguide1\system\CodeIgniter.php(368): CodeIgniter\CodeIgniter->tryToRouteIt(NULL)
#1 C:\laragon\www\travelguide1\system\CodeIgniter.php(326): CodeIgniter\CodeIgniter->handleRequest(NULL, Object(Config\Cache), false)
#2 C:\laragon\www\travelguide1\public\index.php(37): CodeIgniter\CodeIgniter->run()
#3 C:\laragon\www\travelguide1\system\Commands\Server\rewrite.php(43): require_once('C:\\laragon\\www\\...')
#4 {main}
CRITICAL - 2022-05-24 07:38:30 --> syntax error, unexpected ';', expecting ')'
#0 C:\laragon\www\travelguide1\system\CodeIgniter.php(368): CodeIgniter\CodeIgniter->tryToRouteIt(NULL)
#1 C:\laragon\www\travelguide1\system\CodeIgniter.php(326): CodeIgniter\CodeIgniter->handleRequest(NULL, Object(Config\Cache), false)
#2 C:\laragon\www\travelguide1\public\index.php(37): CodeIgniter\CodeIgniter->run()
#3 C:\laragon\www\travelguide1\system\Commands\Server\rewrite.php(43): require_once('C:\\laragon\\www\\...')
#4 {main}
ERROR - 2022-05-24 08:09:54 --> Column 'location' cannot be null
CRITICAL - 2022-05-24 08:09:54 --> Column 'location' cannot be null
#0 C:\laragon\www\travelguide1\system\Database\MySQLi\Connection.php(292): mysqli->query('INSERT INTO `de...', 0)
#1 C:\laragon\www\travelguide1\system\Database\BaseConnection.php(670): CodeIgniter\Database\MySQLi\Connection->execute('INSERT INTO `de...')
#2 C:\laragon\www\travelguide1\system\Database\BaseConnection.php(598): CodeIgniter\Database\BaseConnection->simpleQuery('INSERT INTO `de...')
#3 C:\laragon\www\travelguide1\system\Database\BaseBuilder.php(1771): CodeIgniter\Database\BaseConnection->query('INSERT INTO `de...', Array, false)
#4 C:\laragon\www\travelguide1\system\Model.php(239): CodeIgniter\Database\BaseBuilder->insert()
#5 C:\laragon\www\travelguide1\system\BaseModel.php(738): CodeIgniter\Model->doInsert(Array)
#6 C:\laragon\www\travelguide1\system\Model.php(625): CodeIgniter\BaseModel->insert(Array, false)
#7 C:\laragon\www\travelguide1\system\BaseModel.php(658): CodeIgniter\Model->insert(Array, false)
#8 C:\laragon\www\travelguide1\app\Controllers\DestinationController.php(175): CodeIgniter\BaseModel->save(Array)
#9 C:\laragon\www\travelguide1\system\CodeIgniter.php(832): App\Controllers\DestinationController->actionInsert()
#10 C:\laragon\www\travelguide1\system\CodeIgniter.php(419): CodeIgniter\CodeIgniter->runController(Object(App\Controllers\DestinationController))
#11 C:\laragon\www\travelguide1\system\CodeIgniter.php(326): CodeIgniter\CodeIgniter->handleRequest(NULL, Object(Config\Cache), false)
#12 C:\laragon\www\travelguide1\public\index.php(37): CodeIgniter\CodeIgniter->run()
#13 C:\laragon\www\travelguide1\system\Commands\Server\rewrite.php(43): require_once('C:\\laragon\\www\\...')
#14 {main}
ERROR - 2022-05-24 08:12:25 --> Column 'location' cannot be null
CRITICAL - 2022-05-24 08:12:25 --> Column 'location' cannot be null
#0 C:\laragon\www\travelguide1\system\Database\MySQLi\Connection.php(292): mysqli->query('INSERT INTO `de...', 0)
#1 C:\laragon\www\travelguide1\system\Database\BaseConnection.php(670): CodeIgniter\Database\MySQLi\Connection->execute('INSERT INTO `de...')
#2 C:\laragon\www\travelguide1\system\Database\BaseConnection.php(598): CodeIgniter\Database\BaseConnection->simpleQuery('INSERT INTO `de...')
#3 C:\laragon\www\travelguide1\system\Database\BaseBuilder.php(1771): CodeIgniter\Database\BaseConnection->query('INSERT INTO `de...', Array, false)
#4 C:\laragon\www\travelguide1\system\Model.php(239): CodeIgniter\Database\BaseBuilder->insert()
#5 C:\laragon\www\travelguide1\system\BaseModel.php(738): CodeIgniter\Model->doInsert(Array)
#6 C:\laragon\www\travelguide1\system\Model.php(625): CodeIgniter\BaseModel->insert(Array, false)
#7 C:\laragon\www\travelguide1\system\BaseModel.php(658): CodeIgniter\Model->insert(Array, false)
#8 C:\laragon\www\travelguide1\app\Controllers\DestinationController.php(175): CodeIgniter\BaseModel->save(Array)
#9 C:\laragon\www\travelguide1\system\CodeIgniter.php(832): App\Controllers\DestinationController->actionInsert()
#10 C:\laragon\www\travelguide1\system\CodeIgniter.php(419): CodeIgniter\CodeIgniter->runController(Object(App\Controllers\DestinationController))
#11 C:\laragon\www\travelguide1\system\CodeIgniter.php(326): CodeIgniter\CodeIgniter->handleRequest(NULL, Object(Config\Cache), false)
#12 C:\laragon\www\travelguide1\public\index.php(37): CodeIgniter\CodeIgniter->run()
#13 C:\laragon\www\travelguide1\system\Commands\Server\rewrite.php(43): require_once('C:\\laragon\\www\\...')
#14 {main}
ERROR - 2022-05-24 08:12:27 --> Column 'location' cannot be null
CRITICAL - 2022-05-24 08:12:27 --> Column 'location' cannot be null
#0 C:\laragon\www\travelguide1\system\Database\MySQLi\Connection.php(292): mysqli->query('INSERT INTO `de...', 0)
#1 C:\laragon\www\travelguide1\system\Database\BaseConnection.php(670): CodeIgniter\Database\MySQLi\Connection->execute('INSERT INTO `de...')
#2 C:\laragon\www\travelguide1\system\Database\BaseConnection.php(598): CodeIgniter\Database\BaseConnection->simpleQuery('INSERT INTO `de...')
#3 C:\laragon\www\travelguide1\system\Database\BaseBuilder.php(1771): CodeIgniter\Database\BaseConnection->query('INSERT INTO `de...', Array, false)
#4 C:\laragon\www\travelguide1\system\Model.php(239): CodeIgniter\Database\BaseBuilder->insert()
#5 C:\laragon\www\travelguide1\system\BaseModel.php(738): CodeIgniter\Model->doInsert(Array)
#6 C:\laragon\www\travelguide1\system\Model.php(625): CodeIgniter\BaseModel->insert(Array, false)
#7 C:\laragon\www\travelguide1\system\BaseModel.php(658): CodeIgniter\Model->insert(Array, false)
#8 C:\laragon\www\travelguide1\app\Controllers\DestinationController.php(175): CodeIgniter\BaseModel->save(Array)
#9 C:\laragon\www\travelguide1\system\CodeIgniter.php(832): App\Controllers\DestinationController->actionInsert()
#10 C:\laragon\www\travelguide1\system\CodeIgniter.php(419): CodeIgniter\CodeIgniter->runController(Object(App\Controllers\DestinationController))
#11 C:\laragon\www\travelguide1\system\CodeIgniter.php(326): CodeIgniter\CodeIgniter->handleRequest(NULL, Object(Config\Cache), false)
#12 C:\laragon\www\travelguide1\public\index.php(37): CodeIgniter\CodeIgniter->run()
#13 C:\laragon\www\travelguide1\system\Commands\Server\rewrite.php(43): require_once('C:\\laragon\\www\\...')
#14 {main}
ERROR - 2022-05-24 08:12:52 --> Column 'location' cannot be null
CRITICAL - 2022-05-24 08:12:52 --> Column 'location' cannot be null
#0 C:\laragon\www\travelguide1\system\Database\MySQLi\Connection.php(292): mysqli->query('INSERT INTO `de...', 0)
#1 C:\laragon\www\travelguide1\system\Database\BaseConnection.php(670): CodeIgniter\Database\MySQLi\Connection->execute('INSERT INTO `de...')
#2 C:\laragon\www\travelguide1\system\Database\BaseConnection.php(598): CodeIgniter\Database\BaseConnection->simpleQuery('INSERT INTO `de...')
#3 C:\laragon\www\travelguide1\system\Database\BaseBuilder.php(1771): CodeIgniter\Database\BaseConnection->query('INSERT INTO `de...', Array, false)
#4 C:\laragon\www\travelguide1\system\Model.php(239): CodeIgniter\Database\BaseBuilder->insert()
#5 C:\laragon\www\travelguide1\system\BaseModel.php(738): CodeIgniter\Model->doInsert(Array)
#6 C:\laragon\www\travelguide1\system\Model.php(625): CodeIgniter\BaseModel->insert(Array, false)
#7 C:\laragon\www\travelguide1\system\BaseModel.php(658): CodeIgniter\Model->insert(Array, false)
#8 C:\laragon\www\travelguide1\app\Controllers\DestinationController.php(175): CodeIgniter\BaseModel->save(Array)
#9 C:\laragon\www\travelguide1\system\CodeIgniter.php(832): App\Controllers\DestinationController->actionInsert()
#10 C:\laragon\www\travelguide1\system\CodeIgniter.php(419): CodeIgniter\CodeIgniter->runController(Object(App\Controllers\DestinationController))
#11 C:\laragon\www\travelguide1\system\CodeIgniter.php(326): CodeIgniter\CodeIgniter->handleRequest(NULL, Object(Config\Cache), false)
#12 C:\laragon\www\travelguide1\public\index.php(37): CodeIgniter\CodeIgniter->run()
#13 C:\laragon\www\travelguide1\system\Commands\Server\rewrite.php(43): require_once('C:\\laragon\\www\\...')
#14 {main}
ERROR - 2022-05-24 08:16:14 --> Column 'location' cannot be null
CRITICAL - 2022-05-24 08:16:14 --> Column 'location' cannot be null
#0 C:\laragon\www\travelguide1\system\Database\MySQLi\Connection.php(292): mysqli->query('INSERT INTO `de...', 0)
#1 C:\laragon\www\travelguide1\system\Database\BaseConnection.php(670): CodeIgniter\Database\MySQLi\Connection->execute('INSERT INTO `de...')
#2 C:\laragon\www\travelguide1\system\Database\BaseConnection.php(598): CodeIgniter\Database\BaseConnection->simpleQuery('INSERT INTO `de...')
#3 C:\laragon\www\travelguide1\system\Database\BaseBuilder.php(1771): CodeIgniter\Database\BaseConnection->query('INSERT INTO `de...', Array, false)
#4 C:\laragon\www\travelguide1\system\Model.php(239): CodeIgniter\Database\BaseBuilder->insert()
#5 C:\laragon\www\travelguide1\system\BaseModel.php(738): CodeIgniter\Model->doInsert(Array)
#6 C:\laragon\www\travelguide1\system\Model.php(625): CodeIgniter\BaseModel->insert(Array, false)
#7 C:\laragon\www\travelguide1\system\BaseModel.php(658): CodeIgniter\Model->insert(Array, false)
#8 C:\laragon\www\travelguide1\app\Controllers\DestinationController.php(175): CodeIgniter\BaseModel->save(Array)
#9 C:\laragon\www\travelguide1\system\CodeIgniter.php(832): App\Controllers\DestinationController->actionInsert()
#10 C:\laragon\www\travelguide1\system\CodeIgniter.php(419): CodeIgniter\CodeIgniter->runController(Object(App\Controllers\DestinationController))
#11 C:\laragon\www\travelguide1\system\CodeIgniter.php(326): CodeIgniter\CodeIgniter->handleRequest(NULL, Object(Config\Cache), false)
#12 C:\laragon\www\travelguide1\public\index.php(37): CodeIgniter\CodeIgniter->run()
#13 C:\laragon\www\travelguide1\system\Commands\Server\rewrite.php(43): require_once('C:\\laragon\\www\\...')
#14 {main}
