CRITICAL - 2022-10-21 11:48:16 --> Class 'App\Controllers\RateModel' not found
#0 C:\laragon\www\Capstone-reco\system\CodeIgniter.php(832): App\Controllers\ProfileController->rates()
#1 C:\laragon\www\Capstone-reco\system\CodeIgniter.php(419): CodeIgniter\CodeIgniter->runController(Object(App\Controllers\ProfileController))
#2 C:\laragon\www\Capstone-reco\system\CodeIgniter.php(326): CodeIgniter\CodeIgniter->handleRequest(NULL, Object(Config\Cache), false)
#3 C:\laragon\www\Capstone-reco\public\index.php(37): CodeIgniter\CodeIgniter->run()
#4 C:\laragon\www\Capstone-reco\system\Commands\Server\rewrite.php(43): require_once('C:\\laragon\\www\\...')
#5 {main}
CRITICAL - 2022-10-21 11:48:19 --> Class 'App\Controllers\RateModel' not found
#0 C:\laragon\www\Capstone-reco\system\CodeIgniter.php(832): App\Controllers\ProfileController->rates()
#1 C:\laragon\www\Capstone-reco\system\CodeIgniter.php(419): CodeIgniter\CodeIgniter->runController(Object(App\Controllers\ProfileController))
#2 C:\laragon\www\Capstone-reco\system\CodeIgniter.php(326): CodeIgniter\CodeIgniter->handleRequest(NULL, Object(Config\Cache), false)
#3 C:\laragon\www\Capstone-reco\public\index.php(37): CodeIgniter\CodeIgniter->run()
#4 C:\laragon\www\Capstone-reco\system\Commands\Server\rewrite.php(43): require_once('C:\\laragon\\www\\...')
#5 {main}
CRITICAL - 2022-10-21 12:20:39 --> Class 'App\Controllers\RateModel' not found
#0 C:\laragon\www\Capstone-reco\system\CodeIgniter.php(832): App\Controllers\ProfileController->rates()
#1 C:\laragon\www\Capstone-reco\system\CodeIgniter.php(419): CodeIgniter\CodeIgniter->runController(Object(App\Controllers\ProfileController))
#2 C:\laragon\www\Capstone-reco\system\CodeIgniter.php(326): CodeIgniter\CodeIgniter->handleRequest(NULL, Object(Config\Cache), false)
#3 C:\laragon\www\Capstone-reco\public\index.php(37): CodeIgniter\CodeIgniter->run()
#4 C:\laragon\www\Capstone-reco\system\Commands\Server\rewrite.php(43): require_once('C:\\laragon\\www\\...')
#5 {main}
CRITICAL - 2022-10-21 12:20:49 --> Class 'App\Controllers\RateModel' not found
#0 C:\laragon\www\Capstone-reco\system\CodeIgniter.php(832): App\Controllers\ProfileController->rates()
#1 C:\laragon\www\Capstone-reco\system\CodeIgniter.php(419): CodeIgniter\CodeIgniter->runController(Object(App\Controllers\ProfileController))
#2 C:\laragon\www\Capstone-reco\system\CodeIgniter.php(326): CodeIgniter\CodeIgniter->handleRequest(NULL, Object(Config\Cache), false)
#3 C:\laragon\www\Capstone-reco\public\index.php(37): CodeIgniter\CodeIgniter->run()
#4 C:\laragon\www\Capstone-reco\system\Commands\Server\rewrite.php(43): require_once('C:\\laragon\\www\\...')
#5 {main}
CRITICAL - 2022-10-21 12:20:57 --> Class 'App\Controllers\RateModel' not found
#0 C:\laragon\www\Capstone-reco\system\CodeIgniter.php(832): App\Controllers\ProfileController->rates()
#1 C:\laragon\www\Capstone-reco\system\CodeIgniter.php(419): CodeIgniter\CodeIgniter->runController(Object(App\Controllers\ProfileController))
#2 C:\laragon\www\Capstone-reco\system\CodeIgniter.php(326): CodeIgniter\CodeIgniter->handleRequest(NULL, Object(Config\Cache), false)
#3 C:\laragon\www\Capstone-reco\public\index.php(37): CodeIgniter\CodeIgniter->run()
#4 C:\laragon\www\Capstone-reco\system\Commands\Server\rewrite.php(43): require_once('C:\\laragon\\www\\...')
#5 {main}
CRITICAL - 2022-10-21 12:22:00 --> Class 'App\Controllers\RateModel' not found
#0 C:\laragon\www\Capstone-reco\system\CodeIgniter.php(832): App\Controllers\ProfileController->rates()
#1 C:\laragon\www\Capstone-reco\system\CodeIgniter.php(419): CodeIgniter\CodeIgniter->runController(Object(App\Controllers\ProfileController))
#2 C:\laragon\www\Capstone-reco\system\CodeIgniter.php(326): CodeIgniter\CodeIgniter->handleRequest(NULL, Object(Config\Cache), false)
#3 C:\laragon\www\Capstone-reco\public\index.php(37): CodeIgniter\CodeIgniter->run()
#4 C:\laragon\www\Capstone-reco\system\Commands\Server\rewrite.php(43): require_once('C:\\laragon\\www\\...')
#5 {main}
CRITICAL - 2022-10-21 12:22:15 --> Class 'App\Controllers\RateModel' not found
#0 C:\laragon\www\Capstone-reco\system\CodeIgniter.php(832): App\Controllers\ProfileController->rates()
#1 C:\laragon\www\Capstone-reco\system\CodeIgniter.php(419): CodeIgniter\CodeIgniter->runController(Object(App\Controllers\ProfileController))
#2 C:\laragon\www\Capstone-reco\system\CodeIgniter.php(326): CodeIgniter\CodeIgniter->handleRequest(NULL, Object(Config\Cache), false)
#3 C:\laragon\www\Capstone-reco\public\index.php(37): CodeIgniter\CodeIgniter->run()
#4 C:\laragon\www\Capstone-reco\system\Commands\Server\rewrite.php(43): require_once('C:\\laragon\\www\\...')
#5 {main}
CRITICAL - 2022-10-21 12:22:22 --> Class 'App\Controllers\RateModel' not found
#0 C:\laragon\www\Capstone-reco\system\CodeIgniter.php(832): App\Controllers\ProfileController->rates()
#1 C:\laragon\www\Capstone-reco\system\CodeIgniter.php(419): CodeIgniter\CodeIgniter->runController(Object(App\Controllers\ProfileController))
#2 C:\laragon\www\Capstone-reco\system\CodeIgniter.php(326): CodeIgniter\CodeIgniter->handleRequest(NULL, Object(Config\Cache), false)
#3 C:\laragon\www\Capstone-reco\public\index.php(37): CodeIgniter\CodeIgniter->run()
#4 C:\laragon\www\Capstone-reco\system\Commands\Server\rewrite.php(43): require_once('C:\\laragon\\www\\...')
#5 {main}
CRITICAL - 2022-10-21 12:28:38 --> Class 'App\Controllers\RateModel' not found
#0 C:\laragon\www\Capstone-reco\system\CodeIgniter.php(832): App\Controllers\ProfileController->rates()
#1 C:\laragon\www\Capstone-reco\system\CodeIgniter.php(419): CodeIgniter\CodeIgniter->runController(Object(App\Controllers\ProfileController))
#2 C:\laragon\www\Capstone-reco\system\CodeIgniter.php(326): CodeIgniter\CodeIgniter->handleRequest(NULL, Object(Config\Cache), false)
#3 C:\laragon\www\Capstone-reco\public\index.php(37): CodeIgniter\CodeIgniter->run()
#4 C:\laragon\www\Capstone-reco\system\Commands\Server\rewrite.php(43): require_once('C:\\laragon\\www\\...')
#5 {main}
CRITICAL - 2022-10-21 12:28:42 --> Class 'App\Controllers\RateModel' not found
#0 C:\laragon\www\Capstone-reco\system\CodeIgniter.php(832): App\Controllers\ProfileController->rates()
#1 C:\laragon\www\Capstone-reco\system\CodeIgniter.php(419): CodeIgniter\CodeIgniter->runController(Object(App\Controllers\ProfileController))
#2 C:\laragon\www\Capstone-reco\system\CodeIgniter.php(326): CodeIgniter\CodeIgniter->handleRequest(NULL, Object(Config\Cache), false)
#3 C:\laragon\www\Capstone-reco\public\index.php(37): CodeIgniter\CodeIgniter->run()
#4 C:\laragon\www\Capstone-reco\system\Commands\Server\rewrite.php(43): require_once('C:\\laragon\\www\\...')
#5 {main}
CRITICAL - 2022-10-21 16:01:30 --> Class 'App\Controllers\RateModel' not found
#0 C:\laragon\www\Capstone-reco\system\CodeIgniter.php(832): App\Controllers\ProfileController->rates()
#1 C:\laragon\www\Capstone-reco\system\CodeIgniter.php(419): CodeIgniter\CodeIgniter->runController(Object(App\Controllers\ProfileController))
#2 C:\laragon\www\Capstone-reco\system\CodeIgniter.php(326): CodeIgniter\CodeIgniter->handleRequest(NULL, Object(Config\Cache), false)
#3 C:\laragon\www\Capstone-reco\public\index.php(37): CodeIgniter\CodeIgniter->run()
#4 C:\laragon\www\Capstone-reco\system\Commands\Server\rewrite.php(43): require_once('C:\\laragon\\www\\...')
#5 {main}
CRITICAL - 2022-10-21 16:10:24 --> Class 'App\Controllers\RateModel' not found
#0 C:\laragon\www\Capstone-reco\system\CodeIgniter.php(832): App\Controllers\ProfileController->rates()
#1 C:\laragon\www\Capstone-reco\system\CodeIgniter.php(419): CodeIgniter\CodeIgniter->runController(Object(App\Controllers\ProfileController))
#2 C:\laragon\www\Capstone-reco\system\CodeIgniter.php(326): CodeIgniter\CodeIgniter->handleRequest(NULL, Object(Config\Cache), false)
#3 C:\laragon\www\Capstone-reco\public\index.php(37): CodeIgniter\CodeIgniter->run()
#4 C:\laragon\www\Capstone-reco\system\Commands\Server\rewrite.php(43): require_once('C:\\laragon\\www\\...')
#5 {main}
CRITICAL - 2022-10-21 16:10:37 --> Class 'App\Controllers\RateModel' not found
#0 C:\laragon\www\Capstone-reco\system\CodeIgniter.php(832): App\Controllers\ProfileController->rates()
#1 C:\laragon\www\Capstone-reco\system\CodeIgniter.php(419): CodeIgniter\CodeIgniter->runController(Object(App\Controllers\ProfileController))
#2 C:\laragon\www\Capstone-reco\system\CodeIgniter.php(326): CodeIgniter\CodeIgniter->handleRequest(NULL, Object(Config\Cache), false)
#3 C:\laragon\www\Capstone-reco\public\index.php(37): CodeIgniter\CodeIgniter->run()
#4 C:\laragon\www\Capstone-reco\system\Commands\Server\rewrite.php(43): require_once('C:\\laragon\\www\\...')
#5 {main}
CRITICAL - 2022-10-21 16:10:43 --> Class 'App\Controllers\RateModel' not found
#0 C:\laragon\www\Capstone-reco\system\CodeIgniter.php(832): App\Controllers\ProfileController->rates()
#1 C:\laragon\www\Capstone-reco\system\CodeIgniter.php(419): CodeIgniter\CodeIgniter->runController(Object(App\Controllers\ProfileController))
#2 C:\laragon\www\Capstone-reco\system\CodeIgniter.php(326): CodeIgniter\CodeIgniter->handleRequest(NULL, Object(Config\Cache), false)
#3 C:\laragon\www\Capstone-reco\public\index.php(37): CodeIgniter\CodeIgniter->run()
#4 C:\laragon\www\Capstone-reco\system\Commands\Server\rewrite.php(43): require_once('C:\\laragon\\www\\...')
#5 {main}
CRITICAL - 2022-10-21 16:11:56 --> Class 'App\Controllers\RateModel' not found
#0 C:\laragon\www\Capstone-reco\system\CodeIgniter.php(832): App\Controllers\ProfileController->rates()
#1 C:\laragon\www\Capstone-reco\system\CodeIgniter.php(419): CodeIgniter\CodeIgniter->runController(Object(App\Controllers\ProfileController))
#2 C:\laragon\www\Capstone-reco\system\CodeIgniter.php(326): CodeIgniter\CodeIgniter->handleRequest(NULL, Object(Config\Cache), false)
#3 C:\laragon\www\Capstone-reco\public\index.php(37): CodeIgniter\CodeIgniter->run()
#4 C:\laragon\www\Capstone-reco\system\Commands\Server\rewrite.php(43): require_once('C:\\laragon\\www\\...')
#5 {main}
CRITICAL - 2022-10-21 16:12:31 --> Class 'App\Controllers\RateModel' not found
#0 C:\laragon\www\Capstone-reco\system\CodeIgniter.php(832): App\Controllers\ProfileController->rates()
#1 C:\laragon\www\Capstone-reco\system\CodeIgniter.php(419): CodeIgniter\CodeIgniter->runController(Object(App\Controllers\ProfileController))
#2 C:\laragon\www\Capstone-reco\system\CodeIgniter.php(326): CodeIgniter\CodeIgniter->handleRequest(NULL, Object(Config\Cache), false)
#3 C:\laragon\www\Capstone-reco\public\index.php(37): CodeIgniter\CodeIgniter->run()
#4 C:\laragon\www\Capstone-reco\system\Commands\Server\rewrite.php(43): require_once('C:\\laragon\\www\\...')
#5 {main}
CRITICAL - 2022-10-21 16:12:42 --> Class 'App\Controllers\RateModel' not found
#0 C:\laragon\www\Capstone-reco\system\CodeIgniter.php(832): App\Controllers\ProfileController->rates()
#1 C:\laragon\www\Capstone-reco\system\CodeIgniter.php(419): CodeIgniter\CodeIgniter->runController(Object(App\Controllers\ProfileController))
#2 C:\laragon\www\Capstone-reco\system\CodeIgniter.php(326): CodeIgniter\CodeIgniter->handleRequest(NULL, Object(Config\Cache), false)
#3 C:\laragon\www\Capstone-reco\public\index.php(37): CodeIgniter\CodeIgniter->run()
#4 C:\laragon\www\Capstone-reco\system\Commands\Server\rewrite.php(43): require_once('C:\\laragon\\www\\...')
#5 {main}
CRITICAL - 2022-10-21 16:15:34 --> Class 'App\Controllers\RateModel' not found
#0 C:\laragon\www\Capstone-reco\system\CodeIgniter.php(832): App\Controllers\ProfileController->rates()
#1 C:\laragon\www\Capstone-reco\system\CodeIgniter.php(419): CodeIgniter\CodeIgniter->runController(Object(App\Controllers\ProfileController))
#2 C:\laragon\www\Capstone-reco\system\CodeIgniter.php(326): CodeIgniter\CodeIgniter->handleRequest(NULL, Object(Config\Cache), false)
#3 C:\laragon\www\Capstone-reco\public\index.php(37): CodeIgniter\CodeIgniter->run()
#4 C:\laragon\www\Capstone-reco\system\Commands\Server\rewrite.php(43): require_once('C:\\laragon\\www\\...')
#5 {main}
CRITICAL - 2022-10-21 16:15:51 --> Class 'App\Controllers\RateModel' not found
#0 C:\laragon\www\Capstone-reco\system\CodeIgniter.php(832): App\Controllers\ProfileController->rates()
#1 C:\laragon\www\Capstone-reco\system\CodeIgniter.php(419): CodeIgniter\CodeIgniter->runController(Object(App\Controllers\ProfileController))
#2 C:\laragon\www\Capstone-reco\system\CodeIgniter.php(326): CodeIgniter\CodeIgniter->handleRequest(NULL, Object(Config\Cache), false)
#3 C:\laragon\www\Capstone-reco\public\index.php(37): CodeIgniter\CodeIgniter->run()
#4 C:\laragon\www\Capstone-reco\system\Commands\Server\rewrite.php(43): require_once('C:\\laragon\\www\\...')
#5 {main}
CRITICAL - 2022-10-21 16:18:32 --> Call to a member function where() on null
#0 C:\laragon\www\Capstone-reco\system\CodeIgniter.php(832): App\Controllers\DestinationController->test1('18')
#1 C:\laragon\www\Capstone-reco\system\CodeIgniter.php(419): CodeIgniter\CodeIgniter->runController(Object(App\Controllers\DestinationController))
#2 C:\laragon\www\Capstone-reco\system\CodeIgniter.php(326): CodeIgniter\CodeIgniter->handleRequest(NULL, Object(Config\Cache), false)
#3 C:\laragon\www\Capstone-reco\public\index.php(37): CodeIgniter\CodeIgniter->run()
#4 C:\laragon\www\Capstone-reco\system\Commands\Server\rewrite.php(43): require_once('C:\\laragon\\www\\...')
#5 {main}
CRITICAL - 2022-10-21 16:47:22 --> Call to a member function where() on null
#0 C:\laragon\www\Capstone-reco\system\CodeIgniter.php(832): App\Controllers\DestinationController->test1('11')
#1 C:\laragon\www\Capstone-reco\system\CodeIgniter.php(419): CodeIgniter\CodeIgniter->runController(Object(App\Controllers\DestinationController))
#2 C:\laragon\www\Capstone-reco\system\CodeIgniter.php(326): CodeIgniter\CodeIgniter->handleRequest(NULL, Object(Config\Cache), false)
#3 C:\laragon\www\Capstone-reco\public\index.php(37): CodeIgniter\CodeIgniter->run()
#4 C:\laragon\www\Capstone-reco\system\Commands\Server\rewrite.php(43): require_once('C:\\laragon\\www\\...')
#5 {main}
CRITICAL - 2022-10-21 16:47:57 --> Class 'App\Controllers\RateModel' not found
#0 C:\laragon\www\Capstone-reco\system\CodeIgniter.php(832): App\Controllers\ProfileController->rates()
#1 C:\laragon\www\Capstone-reco\system\CodeIgniter.php(419): CodeIgniter\CodeIgniter->runController(Object(App\Controllers\ProfileController))
#2 C:\laragon\www\Capstone-reco\system\CodeIgniter.php(326): CodeIgniter\CodeIgniter->handleRequest(NULL, Object(Config\Cache), false)
#3 C:\laragon\www\Capstone-reco\public\index.php(37): CodeIgniter\CodeIgniter->run()
#4 C:\laragon\www\Capstone-reco\system\Commands\Server\rewrite.php(43): require_once('C:\\laragon\\www\\...')
#5 {main}
CRITICAL - 2022-10-21 16:48:09 --> Class 'App\Controllers\RateModel' not found
#0 C:\laragon\www\Capstone-reco\system\CodeIgniter.php(832): App\Controllers\ProfileController->rates()
#1 C:\laragon\www\Capstone-reco\system\CodeIgniter.php(419): CodeIgniter\CodeIgniter->runController(Object(App\Controllers\ProfileController))
#2 C:\laragon\www\Capstone-reco\system\CodeIgniter.php(326): CodeIgniter\CodeIgniter->handleRequest(NULL, Object(Config\Cache), false)
#3 C:\laragon\www\Capstone-reco\public\index.php(37): CodeIgniter\CodeIgniter->run()
#4 C:\laragon\www\Capstone-reco\system\Commands\Server\rewrite.php(43): require_once('C:\\laragon\\www\\...')
#5 {main}
CRITICAL - 2022-10-21 16:48:13 --> Class 'App\Controllers\RateModel' not found
#0 C:\laragon\www\Capstone-reco\system\CodeIgniter.php(832): App\Controllers\ProfileController->rates()
#1 C:\laragon\www\Capstone-reco\system\CodeIgniter.php(419): CodeIgniter\CodeIgniter->runController(Object(App\Controllers\ProfileController))
#2 C:\laragon\www\Capstone-reco\system\CodeIgniter.php(326): CodeIgniter\CodeIgniter->handleRequest(NULL, Object(Config\Cache), false)
#3 C:\laragon\www\Capstone-reco\public\index.php(37): CodeIgniter\CodeIgniter->run()
#4 C:\laragon\www\Capstone-reco\system\Commands\Server\rewrite.php(43): require_once('C:\\laragon\\www\\...')
#5 {main}
CRITICAL - 2022-10-21 16:49:01 --> Class 'App\Controllers\RateModel' not found
#0 C:\laragon\www\Capstone-reco\system\CodeIgniter.php(832): App\Controllers\ProfileController->rates()
#1 C:\laragon\www\Capstone-reco\system\CodeIgniter.php(419): CodeIgniter\CodeIgniter->runController(Object(App\Controllers\ProfileController))
#2 C:\laragon\www\Capstone-reco\system\CodeIgniter.php(326): CodeIgniter\CodeIgniter->handleRequest(NULL, Object(Config\Cache), false)
#3 C:\laragon\www\Capstone-reco\public\index.php(37): CodeIgniter\CodeIgniter->run()
#4 C:\laragon\www\Capstone-reco\system\Commands\Server\rewrite.php(43): require_once('C:\\laragon\\www\\...')
#5 {main}
CRITICAL - 2022-10-21 16:50:04 --> Class 'App\Controllers\RateModel' not found
#0 C:\laragon\www\Capstone-reco\system\CodeIgniter.php(832): App\Controllers\ProfileController->rates()
#1 C:\laragon\www\Capstone-reco\system\CodeIgniter.php(419): CodeIgniter\CodeIgniter->runController(Object(App\Controllers\ProfileController))
#2 C:\laragon\www\Capstone-reco\system\CodeIgniter.php(326): CodeIgniter\CodeIgniter->handleRequest(NULL, Object(Config\Cache), false)
#3 C:\laragon\www\Capstone-reco\public\index.php(37): CodeIgniter\CodeIgniter->run()
#4 C:\laragon\www\Capstone-reco\system\Commands\Server\rewrite.php(43): require_once('C:\\laragon\\www\\...')
#5 {main}
CRITICAL - 2022-10-21 16:50:23 --> Class 'App\Controllers\RateModel' not found
#0 C:\laragon\www\Capstone-reco\system\CodeIgniter.php(832): App\Controllers\ProfileController->rates()
#1 C:\laragon\www\Capstone-reco\system\CodeIgniter.php(419): CodeIgniter\CodeIgniter->runController(Object(App\Controllers\ProfileController))
#2 C:\laragon\www\Capstone-reco\system\CodeIgniter.php(326): CodeIgniter\CodeIgniter->handleRequest(NULL, Object(Config\Cache), false)
#3 C:\laragon\www\Capstone-reco\public\index.php(37): CodeIgniter\CodeIgniter->run()
#4 C:\laragon\www\Capstone-reco\system\Commands\Server\rewrite.php(43): require_once('C:\\laragon\\www\\...')
#5 {main}
CRITICAL - 2022-10-21 16:50:30 --> Class 'App\Controllers\RateModel' not found
#0 C:\laragon\www\Capstone-reco\system\CodeIgniter.php(832): App\Controllers\ProfileController->rates()
#1 C:\laragon\www\Capstone-reco\system\CodeIgniter.php(419): CodeIgniter\CodeIgniter->runController(Object(App\Controllers\ProfileController))
#2 C:\laragon\www\Capstone-reco\system\CodeIgniter.php(326): CodeIgniter\CodeIgniter->handleRequest(NULL, Object(Config\Cache), false)
#3 C:\laragon\www\Capstone-reco\public\index.php(37): CodeIgniter\CodeIgniter->run()
#4 C:\laragon\www\Capstone-reco\system\Commands\Server\rewrite.php(43): require_once('C:\\laragon\\www\\...')
#5 {main}
CRITICAL - 2022-10-21 16:51:55 --> Class 'App\Controllers\RateModel' not found
#0 C:\laragon\www\Capstone-reco\system\CodeIgniter.php(832): App\Controllers\ProfileController->rates()
#1 C:\laragon\www\Capstone-reco\system\CodeIgniter.php(419): CodeIgniter\CodeIgniter->runController(Object(App\Controllers\ProfileController))
#2 C:\laragon\www\Capstone-reco\system\CodeIgniter.php(326): CodeIgniter\CodeIgniter->handleRequest(NULL, Object(Config\Cache), false)
#3 C:\laragon\www\Capstone-reco\public\index.php(37): CodeIgniter\CodeIgniter->run()
#4 C:\laragon\www\Capstone-reco\system\Commands\Server\rewrite.php(43): require_once('C:\\laragon\\www\\...')
#5 {main}
CRITICAL - 2022-10-21 16:52:05 --> Class 'App\Controllers\RateModel' not found
#0 C:\laragon\www\Capstone-reco\system\CodeIgniter.php(832): App\Controllers\ProfileController->rates()
#1 C:\laragon\www\Capstone-reco\system\CodeIgniter.php(419): CodeIgniter\CodeIgniter->runController(Object(App\Controllers\ProfileController))
#2 C:\laragon\www\Capstone-reco\system\CodeIgniter.php(326): CodeIgniter\CodeIgniter->handleRequest(NULL, Object(Config\Cache), false)
#3 C:\laragon\www\Capstone-reco\public\index.php(37): CodeIgniter\CodeIgniter->run()
#4 C:\laragon\www\Capstone-reco\system\Commands\Server\rewrite.php(43): require_once('C:\\laragon\\www\\...')
#5 {main}
CRITICAL - 2022-10-21 16:52:09 --> Class 'App\Controllers\RateModel' not found
#0 C:\laragon\www\Capstone-reco\system\CodeIgniter.php(832): App\Controllers\ProfileController->rates()
#1 C:\laragon\www\Capstone-reco\system\CodeIgniter.php(419): CodeIgniter\CodeIgniter->runController(Object(App\Controllers\ProfileController))
#2 C:\laragon\www\Capstone-reco\system\CodeIgniter.php(326): CodeIgniter\CodeIgniter->handleRequest(NULL, Object(Config\Cache), false)
#3 C:\laragon\www\Capstone-reco\public\index.php(37): CodeIgniter\CodeIgniter->run()
#4 C:\laragon\www\Capstone-reco\system\Commands\Server\rewrite.php(43): require_once('C:\\laragon\\www\\...')
#5 {main}
CRITICAL - 2022-10-21 16:52:57 --> Class 'App\Controllers\RateModel' not found
#0 C:\laragon\www\Capstone-reco\system\CodeIgniter.php(832): App\Controllers\ProfileController->rates()
#1 C:\laragon\www\Capstone-reco\system\CodeIgniter.php(419): CodeIgniter\CodeIgniter->runController(Object(App\Controllers\ProfileController))
#2 C:\laragon\www\Capstone-reco\system\CodeIgniter.php(326): CodeIgniter\CodeIgniter->handleRequest(NULL, Object(Config\Cache), false)
#3 C:\laragon\www\Capstone-reco\public\index.php(37): CodeIgniter\CodeIgniter->run()
#4 C:\laragon\www\Capstone-reco\system\Commands\Server\rewrite.php(43): require_once('C:\\laragon\\www\\...')
#5 {main}
CRITICAL - 2022-10-21 16:53:13 --> Class 'App\Controllers\RateModel' not found
#0 C:\laragon\www\Capstone-reco\system\CodeIgniter.php(832): App\Controllers\ProfileController->rates()
#1 C:\laragon\www\Capstone-reco\system\CodeIgniter.php(419): CodeIgniter\CodeIgniter->runController(Object(App\Controllers\ProfileController))
#2 C:\laragon\www\Capstone-reco\system\CodeIgniter.php(326): CodeIgniter\CodeIgniter->handleRequest(NULL, Object(Config\Cache), false)
#3 C:\laragon\www\Capstone-reco\public\index.php(37): CodeIgniter\CodeIgniter->run()
#4 C:\laragon\www\Capstone-reco\system\Commands\Server\rewrite.php(43): require_once('C:\\laragon\\www\\...')
#5 {main}
CRITICAL - 2022-10-21 16:53:29 --> Class 'App\Controllers\RateModel' not found
#0 C:\laragon\www\Capstone-reco\system\CodeIgniter.php(832): App\Controllers\ProfileController->rates()
#1 C:\laragon\www\Capstone-reco\system\CodeIgniter.php(419): CodeIgniter\CodeIgniter->runController(Object(App\Controllers\ProfileController))
#2 C:\laragon\www\Capstone-reco\system\CodeIgniter.php(326): CodeIgniter\CodeIgniter->handleRequest(NULL, Object(Config\Cache), false)
#3 C:\laragon\www\Capstone-reco\public\index.php(37): CodeIgniter\CodeIgniter->run()
#4 C:\laragon\www\Capstone-reco\system\Commands\Server\rewrite.php(43): require_once('C:\\laragon\\www\\...')
#5 {main}
CRITICAL - 2022-10-21 16:53:39 --> Class 'App\Controllers\RateModel' not found
#0 C:\laragon\www\Capstone-reco\system\CodeIgniter.php(832): App\Controllers\ProfileController->rates()
#1 C:\laragon\www\Capstone-reco\system\CodeIgniter.php(419): CodeIgniter\CodeIgniter->runController(Object(App\Controllers\ProfileController))
#2 C:\laragon\www\Capstone-reco\system\CodeIgniter.php(326): CodeIgniter\CodeIgniter->handleRequest(NULL, Object(Config\Cache), false)
#3 C:\laragon\www\Capstone-reco\public\index.php(37): CodeIgniter\CodeIgniter->run()
#4 C:\laragon\www\Capstone-reco\system\Commands\Server\rewrite.php(43): require_once('C:\\laragon\\www\\...')
#5 {main}
CRITICAL - 2022-10-21 16:54:10 --> Class 'App\Controllers\RateModel' not found
#0 C:\laragon\www\Capstone-reco\system\CodeIgniter.php(832): App\Controllers\ProfileController->rates()
#1 C:\laragon\www\Capstone-reco\system\CodeIgniter.php(419): CodeIgniter\CodeIgniter->runController(Object(App\Controllers\ProfileController))
#2 C:\laragon\www\Capstone-reco\system\CodeIgniter.php(326): CodeIgniter\CodeIgniter->handleRequest(NULL, Object(Config\Cache), false)
#3 C:\laragon\www\Capstone-reco\public\index.php(37): CodeIgniter\CodeIgniter->run()
#4 C:\laragon\www\Capstone-reco\system\Commands\Server\rewrite.php(43): require_once('C:\\laragon\\www\\...')
#5 {main}
ERROR - 2022-10-21 16:57:27 --> Email: sendWithSmtp throwed fsockopen(): php_network_getaddresses: getaddrinfo failed: No such host is known. 
CRITICAL - 2022-10-21 16:57:57 --> Class 'App\Controllers\RateModel' not found
#0 C:\laragon\www\Capstone-reco\system\CodeIgniter.php(832): App\Controllers\ProfileController->rates()
#1 C:\laragon\www\Capstone-reco\system\CodeIgniter.php(419): CodeIgniter\CodeIgniter->runController(Object(App\Controllers\ProfileController))
#2 C:\laragon\www\Capstone-reco\system\CodeIgniter.php(326): CodeIgniter\CodeIgniter->handleRequest(NULL, Object(Config\Cache), false)
#3 C:\laragon\www\Capstone-reco\public\index.php(37): CodeIgniter\CodeIgniter->run()
#4 C:\laragon\www\Capstone-reco\system\Commands\Server\rewrite.php(43): require_once('C:\\laragon\\www\\...')
#5 {main}
CRITICAL - 2022-10-21 17:10:22 --> Class 'App\Controllers\RateModel' not found
#0 C:\laragon\www\Capstone-reco\system\CodeIgniter.php(832): App\Controllers\ProfileController->rates()
#1 C:\laragon\www\Capstone-reco\system\CodeIgniter.php(419): CodeIgniter\CodeIgniter->runController(Object(App\Controllers\ProfileController))
#2 C:\laragon\www\Capstone-reco\system\CodeIgniter.php(326): CodeIgniter\CodeIgniter->handleRequest(NULL, Object(Config\Cache), false)
#3 C:\laragon\www\Capstone-reco\public\index.php(37): CodeIgniter\CodeIgniter->run()
#4 C:\laragon\www\Capstone-reco\system\Commands\Server\rewrite.php(43): require_once('C:\\laragon\\www\\...')
#5 {main}
CRITICAL - 2022-10-21 17:22:22 --> Class 'App\Controllers\RateModel' not found
#0 C:\laragon\www\Capstone-reco\system\CodeIgniter.php(832): App\Controllers\ProfileController->rates()
#1 C:\laragon\www\Capstone-reco\system\CodeIgniter.php(419): CodeIgniter\CodeIgniter->runController(Object(App\Controllers\ProfileController))
#2 C:\laragon\www\Capstone-reco\system\CodeIgniter.php(326): CodeIgniter\CodeIgniter->handleRequest(NULL, Object(Config\Cache), false)
#3 C:\laragon\www\Capstone-reco\public\index.php(37): CodeIgniter\CodeIgniter->run()
#4 C:\laragon\www\Capstone-reco\system\Commands\Server\rewrite.php(43): require_once('C:\\laragon\\www\\...')
#5 {main}
CRITICAL - 2022-10-21 17:51:22 --> Class 'App\Controllers\RateModel' not found
#0 C:\laragon\www\Capstone-reco\system\CodeIgniter.php(832): App\Controllers\ProfileController->rates()
#1 C:\laragon\www\Capstone-reco\system\CodeIgniter.php(419): CodeIgniter\CodeIgniter->runController(Object(App\Controllers\ProfileController))
#2 C:\laragon\www\Capstone-reco\system\CodeIgniter.php(326): CodeIgniter\CodeIgniter->handleRequest(NULL, Object(Config\Cache), false)
#3 C:\laragon\www\Capstone-reco\public\index.php(37): CodeIgniter\CodeIgniter->run()
#4 C:\laragon\www\Capstone-reco\system\Commands\Server\rewrite.php(43): require_once('C:\\laragon\\www\\...')
#5 {main}
CRITICAL - 2022-10-21 17:52:25 --> Class 'App\Controllers\RateModel' not found
#0 C:\laragon\www\Capstone-reco\system\CodeIgniter.php(832): App\Controllers\ProfileController->rates()
#1 C:\laragon\www\Capstone-reco\system\CodeIgniter.php(419): CodeIgniter\CodeIgniter->runController(Object(App\Controllers\ProfileController))
#2 C:\laragon\www\Capstone-reco\system\CodeIgniter.php(326): CodeIgniter\CodeIgniter->handleRequest(NULL, Object(Config\Cache), false)
#3 C:\laragon\www\Capstone-reco\public\index.php(37): CodeIgniter\CodeIgniter->run()
#4 C:\laragon\www\Capstone-reco\system\Commands\Server\rewrite.php(43): require_once('C:\\laragon\\www\\...')
#5 {main}
CRITICAL - 2022-10-21 17:52:30 --> Class 'App\Controllers\RateModel' not found
#0 C:\laragon\www\Capstone-reco\system\CodeIgniter.php(832): App\Controllers\ProfileController->rates()
#1 C:\laragon\www\Capstone-reco\system\CodeIgniter.php(419): CodeIgniter\CodeIgniter->runController(Object(App\Controllers\ProfileController))
#2 C:\laragon\www\Capstone-reco\system\CodeIgniter.php(326): CodeIgniter\CodeIgniter->handleRequest(NULL, Object(Config\Cache), false)
#3 C:\laragon\www\Capstone-reco\public\index.php(37): CodeIgniter\CodeIgniter->run()
#4 C:\laragon\www\Capstone-reco\system\Commands\Server\rewrite.php(43): require_once('C:\\laragon\\www\\...')
#5 {main}
CRITICAL - 2022-10-21 18:01:10 --> Class 'App\Controllers\RateModel' not found
#0 C:\laragon\www\Capstone-reco\system\CodeIgniter.php(832): App\Controllers\ProfileController->rates()
#1 C:\laragon\www\Capstone-reco\system\CodeIgniter.php(419): CodeIgniter\CodeIgniter->runController(Object(App\Controllers\ProfileController))
#2 C:\laragon\www\Capstone-reco\system\CodeIgniter.php(326): CodeIgniter\CodeIgniter->handleRequest(NULL, Object(Config\Cache), false)
#3 C:\laragon\www\Capstone-reco\public\index.php(37): CodeIgniter\CodeIgniter->run()
#4 C:\laragon\www\Capstone-reco\system\Commands\Server\rewrite.php(43): require_once('C:\\laragon\\www\\...')
#5 {main}
CRITICAL - 2022-10-21 18:03:18 --> Class 'App\Controllers\RateModel' not found
#0 C:\laragon\www\Capstone-reco\system\CodeIgniter.php(832): App\Controllers\ProfileController->rates()
#1 C:\laragon\www\Capstone-reco\system\CodeIgniter.php(419): CodeIgniter\CodeIgniter->runController(Object(App\Controllers\ProfileController))
#2 C:\laragon\www\Capstone-reco\system\CodeIgniter.php(326): CodeIgniter\CodeIgniter->handleRequest(NULL, Object(Config\Cache), false)
#3 C:\laragon\www\Capstone-reco\public\index.php(37): CodeIgniter\CodeIgniter->run()
#4 C:\laragon\www\Capstone-reco\system\Commands\Server\rewrite.php(43): require_once('C:\\laragon\\www\\...')
#5 {main}
CRITICAL - 2022-10-21 18:03:47 --> Class 'App\Controllers\RateModel' not found
#0 C:\laragon\www\Capstone-reco\system\CodeIgniter.php(832): App\Controllers\ProfileController->rates()
#1 C:\laragon\www\Capstone-reco\system\CodeIgniter.php(419): CodeIgniter\CodeIgniter->runController(Object(App\Controllers\ProfileController))
#2 C:\laragon\www\Capstone-reco\system\CodeIgniter.php(326): CodeIgniter\CodeIgniter->handleRequest(NULL, Object(Config\Cache), false)
#3 C:\laragon\www\Capstone-reco\public\index.php(37): CodeIgniter\CodeIgniter->run()
#4 C:\laragon\www\Capstone-reco\system\Commands\Server\rewrite.php(43): require_once('C:\\laragon\\www\\...')
#5 {main}
CRITICAL - 2022-10-21 18:06:05 --> Class 'App\Controllers\RateModel' not found
#0 C:\laragon\www\Capstone-reco\system\CodeIgniter.php(832): App\Controllers\ProfileController->rates()
#1 C:\laragon\www\Capstone-reco\system\CodeIgniter.php(419): CodeIgniter\CodeIgniter->runController(Object(App\Controllers\ProfileController))
#2 C:\laragon\www\Capstone-reco\system\CodeIgniter.php(326): CodeIgniter\CodeIgniter->handleRequest(NULL, Object(Config\Cache), false)
#3 C:\laragon\www\Capstone-reco\public\index.php(37): CodeIgniter\CodeIgniter->run()
#4 C:\laragon\www\Capstone-reco\system\Commands\Server\rewrite.php(43): require_once('C:\\laragon\\www\\...')
#5 {main}
CRITICAL - 2022-10-21 18:06:17 --> Class 'App\Controllers\RateModel' not found
#0 C:\laragon\www\Capstone-reco\system\CodeIgniter.php(832): App\Controllers\ProfileController->rates()
#1 C:\laragon\www\Capstone-reco\system\CodeIgniter.php(419): CodeIgniter\CodeIgniter->runController(Object(App\Controllers\ProfileController))
#2 C:\laragon\www\Capstone-reco\system\CodeIgniter.php(326): CodeIgniter\CodeIgniter->handleRequest(NULL, Object(Config\Cache), false)
#3 C:\laragon\www\Capstone-reco\public\index.php(37): CodeIgniter\CodeIgniter->run()
#4 C:\laragon\www\Capstone-reco\system\Commands\Server\rewrite.php(43): require_once('C:\\laragon\\www\\...')
#5 {main}
CRITICAL - 2022-10-21 18:06:21 --> Class 'App\Controllers\RateModel' not found
#0 C:\laragon\www\Capstone-reco\system\CodeIgniter.php(832): App\Controllers\ProfileController->rates()
#1 C:\laragon\www\Capstone-reco\system\CodeIgniter.php(419): CodeIgniter\CodeIgniter->runController(Object(App\Controllers\ProfileController))
#2 C:\laragon\www\Capstone-reco\system\CodeIgniter.php(326): CodeIgniter\CodeIgniter->handleRequest(NULL, Object(Config\Cache), false)
#3 C:\laragon\www\Capstone-reco\public\index.php(37): CodeIgniter\CodeIgniter->run()
#4 C:\laragon\www\Capstone-reco\system\Commands\Server\rewrite.php(43): require_once('C:\\laragon\\www\\...')
#5 {main}
CRITICAL - 2022-10-21 18:06:50 --> Class 'App\Controllers\RateModel' not found
#0 C:\laragon\www\Capstone-reco\system\CodeIgniter.php(832): App\Controllers\ProfileController->rates()
#1 C:\laragon\www\Capstone-reco\system\CodeIgniter.php(419): CodeIgniter\CodeIgniter->runController(Object(App\Controllers\ProfileController))
#2 C:\laragon\www\Capstone-reco\system\CodeIgniter.php(326): CodeIgniter\CodeIgniter->handleRequest(NULL, Object(Config\Cache), false)
#3 C:\laragon\www\Capstone-reco\public\index.php(37): CodeIgniter\CodeIgniter->run()
#4 C:\laragon\www\Capstone-reco\system\Commands\Server\rewrite.php(43): require_once('C:\\laragon\\www\\...')
#5 {main}
CRITICAL - 2022-10-21 18:09:32 --> Class 'App\Controllers\RateModel' not found
#0 C:\laragon\www\Capstone-reco\system\CodeIgniter.php(832): App\Controllers\ProfileController->rates()
#1 C:\laragon\www\Capstone-reco\system\CodeIgniter.php(419): CodeIgniter\CodeIgniter->runController(Object(App\Controllers\ProfileController))
#2 C:\laragon\www\Capstone-reco\system\CodeIgniter.php(326): CodeIgniter\CodeIgniter->handleRequest(NULL, Object(Config\Cache), false)
#3 C:\laragon\www\Capstone-reco\public\index.php(37): CodeIgniter\CodeIgniter->run()
#4 C:\laragon\www\Capstone-reco\system\Commands\Server\rewrite.php(43): require_once('C:\\laragon\\www\\...')
#5 {main}
CRITICAL - 2022-10-21 18:19:43 --> Class 'App\Controllers\RateModel' not found
#0 C:\laragon\www\Capstone-reco\system\CodeIgniter.php(832): App\Controllers\ProfileController->rates()
#1 C:\laragon\www\Capstone-reco\system\CodeIgniter.php(419): CodeIgniter\CodeIgniter->runController(Object(App\Controllers\ProfileController))
#2 C:\laragon\www\Capstone-reco\system\CodeIgniter.php(326): CodeIgniter\CodeIgniter->handleRequest(NULL, Object(Config\Cache), false)
#3 C:\laragon\www\Capstone-reco\public\index.php(37): CodeIgniter\CodeIgniter->run()
#4 C:\laragon\www\Capstone-reco\system\Commands\Server\rewrite.php(43): require_once('C:\\laragon\\www\\...')
#5 {main}
ERROR - 2022-10-21 18:20:09 --> Unknown column 'logged' in 'where clause'
CRITICAL - 2022-10-21 18:20:09 --> Unknown column 'logged' in 'where clause'
#0 C:\laragon\www\Capstone-reco\system\Database\MySQLi\Connection.php(292): mysqli->query('SELECT *\nFROM `...', 0)
#1 C:\laragon\www\Capstone-reco\system\Database\BaseConnection.php(670): CodeIgniter\Database\MySQLi\Connection->execute('SELECT *\nFROM `...')
#2 C:\laragon\www\Capstone-reco\system\Database\BaseConnection.php(598): CodeIgniter\Database\BaseConnection->simpleQuery('SELECT *\nFROM `...')
#3 C:\laragon\www\Capstone-reco\system\Database\BaseBuilder.php(1455): CodeIgniter\Database\BaseConnection->query('SELECT *\nFROM `...', Array, false)
#4 C:\laragon\www\Capstone-reco\system\Model.php(210): CodeIgniter\Database\BaseBuilder->get()
#5 C:\laragon\www\Capstone-reco\system\BaseModel.php(622): CodeIgniter\Model->doFirst()
#6 C:\laragon\www\Capstone-reco\app\Controllers\ProfileController.php(30): CodeIgniter\BaseModel->first()
#7 C:\laragon\www\Capstone-reco\system\CodeIgniter.php(832): App\Controllers\ProfileController->rate()
#8 C:\laragon\www\Capstone-reco\system\CodeIgniter.php(419): CodeIgniter\CodeIgniter->runController(Object(App\Controllers\ProfileController))
#9 C:\laragon\www\Capstone-reco\system\CodeIgniter.php(326): CodeIgniter\CodeIgniter->handleRequest(NULL, Object(Config\Cache), false)
#10 C:\laragon\www\Capstone-reco\public\index.php(37): CodeIgniter\CodeIgniter->run()
#11 C:\laragon\www\Capstone-reco\system\Commands\Server\rewrite.php(43): require_once('C:\\laragon\\www\\...')
#12 {main}
ERROR - 2022-10-21 18:20:11 --> Unknown column 'logged' in 'where clause'
CRITICAL - 2022-10-21 18:20:11 --> Unknown column 'logged' in 'where clause'
#0 C:\laragon\www\Capstone-reco\system\Database\MySQLi\Connection.php(292): mysqli->query('SELECT *\nFROM `...', 0)
#1 C:\laragon\www\Capstone-reco\system\Database\BaseConnection.php(670): CodeIgniter\Database\MySQLi\Connection->execute('SELECT *\nFROM `...')
#2 C:\laragon\www\Capstone-reco\system\Database\BaseConnection.php(598): CodeIgniter\Database\BaseConnection->simpleQuery('SELECT *\nFROM `...')
#3 C:\laragon\www\Capstone-reco\system\Database\BaseBuilder.php(1455): CodeIgniter\Database\BaseConnection->query('SELECT *\nFROM `...', Array, false)
#4 C:\laragon\www\Capstone-reco\system\Model.php(210): CodeIgniter\Database\BaseBuilder->get()
#5 C:\laragon\www\Capstone-reco\system\BaseModel.php(622): CodeIgniter\Model->doFirst()
#6 C:\laragon\www\Capstone-reco\app\Controllers\ProfileController.php(30): CodeIgniter\BaseModel->first()
#7 C:\laragon\www\Capstone-reco\system\CodeIgniter.php(832): App\Controllers\ProfileController->rate()
#8 C:\laragon\www\Capstone-reco\system\CodeIgniter.php(419): CodeIgniter\CodeIgniter->runController(Object(App\Controllers\ProfileController))
#9 C:\laragon\www\Capstone-reco\system\CodeIgniter.php(326): CodeIgniter\CodeIgniter->handleRequest(NULL, Object(Config\Cache), false)
#10 C:\laragon\www\Capstone-reco\public\index.php(37): CodeIgniter\CodeIgniter->run()
#11 C:\laragon\www\Capstone-reco\system\Commands\Server\rewrite.php(43): require_once('C:\\laragon\\www\\...')
#12 {main}
CRITICAL - 2022-10-21 18:20:22 --> Class 'App\Controllers\RateModel' not found
#0 C:\laragon\www\Capstone-reco\system\CodeIgniter.php(832): App\Controllers\ProfileController->rates()
#1 C:\laragon\www\Capstone-reco\system\CodeIgniter.php(419): CodeIgniter\CodeIgniter->runController(Object(App\Controllers\ProfileController))
#2 C:\laragon\www\Capstone-reco\system\CodeIgniter.php(326): CodeIgniter\CodeIgniter->handleRequest(NULL, Object(Config\Cache), false)
#3 C:\laragon\www\Capstone-reco\public\index.php(37): CodeIgniter\CodeIgniter->run()
#4 C:\laragon\www\Capstone-reco\system\Commands\Server\rewrite.php(43): require_once('C:\\laragon\\www\\...')
#5 {main}
ERROR - 2022-10-21 18:20:28 --> Unknown column 'logged' in 'where clause'
CRITICAL - 2022-10-21 18:20:28 --> Unknown column 'logged' in 'where clause'
#0 C:\laragon\www\Capstone-reco\system\Database\MySQLi\Connection.php(292): mysqli->query('SELECT *\nFROM `...', 0)
#1 C:\laragon\www\Capstone-reco\system\Database\BaseConnection.php(670): CodeIgniter\Database\MySQLi\Connection->execute('SELECT *\nFROM `...')
#2 C:\laragon\www\Capstone-reco\system\Database\BaseConnection.php(598): CodeIgniter\Database\BaseConnection->simpleQuery('SELECT *\nFROM `...')
#3 C:\laragon\www\Capstone-reco\system\Database\BaseBuilder.php(1455): CodeIgniter\Database\BaseConnection->query('SELECT *\nFROM `...', Array, false)
#4 C:\laragon\www\Capstone-reco\system\Model.php(210): CodeIgniter\Database\BaseBuilder->get()
#5 C:\laragon\www\Capstone-reco\system\BaseModel.php(622): CodeIgniter\Model->doFirst()
#6 C:\laragon\www\Capstone-reco\app\Controllers\ProfileController.php(30): CodeIgniter\BaseModel->first()
#7 C:\laragon\www\Capstone-reco\system\CodeIgniter.php(832): App\Controllers\ProfileController->rate()
#8 C:\laragon\www\Capstone-reco\system\CodeIgniter.php(419): CodeIgniter\CodeIgniter->runController(Object(App\Controllers\ProfileController))
#9 C:\laragon\www\Capstone-reco\system\CodeIgniter.php(326): CodeIgniter\CodeIgniter->handleRequest(NULL, Object(Config\Cache), false)
#10 C:\laragon\www\Capstone-reco\public\index.php(37): CodeIgniter\CodeIgniter->run()
#11 C:\laragon\www\Capstone-reco\system\Commands\Server\rewrite.php(43): require_once('C:\\laragon\\www\\...')
#12 {main}
CRITICAL - 2022-10-21 18:21:26 --> Class 'App\Controllers\RateModel' not found
#0 C:\laragon\www\Capstone-reco\system\CodeIgniter.php(832): App\Controllers\ProfileController->rates()
#1 C:\laragon\www\Capstone-reco\system\CodeIgniter.php(419): CodeIgniter\CodeIgniter->runController(Object(App\Controllers\ProfileController))
#2 C:\laragon\www\Capstone-reco\system\CodeIgniter.php(326): CodeIgniter\CodeIgniter->handleRequest(NULL, Object(Config\Cache), false)
#3 C:\laragon\www\Capstone-reco\public\index.php(37): CodeIgniter\CodeIgniter->run()
#4 C:\laragon\www\Capstone-reco\system\Commands\Server\rewrite.php(43): require_once('C:\\laragon\\www\\...')
#5 {main}
ERROR - 2022-10-21 18:21:32 --> Unknown column 'logged' in 'where clause'
CRITICAL - 2022-10-21 18:21:32 --> Unknown column 'logged' in 'where clause'
#0 C:\laragon\www\Capstone-reco\system\Database\MySQLi\Connection.php(292): mysqli->query('SELECT *\nFROM `...', 0)
#1 C:\laragon\www\Capstone-reco\system\Database\BaseConnection.php(670): CodeIgniter\Database\MySQLi\Connection->execute('SELECT *\nFROM `...')
#2 C:\laragon\www\Capstone-reco\system\Database\BaseConnection.php(598): CodeIgniter\Database\BaseConnection->simpleQuery('SELECT *\nFROM `...')
#3 C:\laragon\www\Capstone-reco\system\Database\BaseBuilder.php(1455): CodeIgniter\Database\BaseConnection->query('SELECT *\nFROM `...', Array, false)
#4 C:\laragon\www\Capstone-reco\system\Model.php(210): CodeIgniter\Database\BaseBuilder->get()
#5 C:\laragon\www\Capstone-reco\system\BaseModel.php(622): CodeIgniter\Model->doFirst()
#6 C:\laragon\www\Capstone-reco\app\Controllers\ProfileController.php(30): CodeIgniter\BaseModel->first()
#7 C:\laragon\www\Capstone-reco\system\CodeIgniter.php(832): App\Controllers\ProfileController->rate()
#8 C:\laragon\www\Capstone-reco\system\CodeIgniter.php(419): CodeIgniter\CodeIgniter->runController(Object(App\Controllers\ProfileController))
#9 C:\laragon\www\Capstone-reco\system\CodeIgniter.php(326): CodeIgniter\CodeIgniter->handleRequest(NULL, Object(Config\Cache), false)
#10 C:\laragon\www\Capstone-reco\public\index.php(37): CodeIgniter\CodeIgniter->run()
#11 C:\laragon\www\Capstone-reco\system\Commands\Server\rewrite.php(43): require_once('C:\\laragon\\www\\...')
#12 {main}
ERROR - 2022-10-21 18:21:52 --> Unknown column 'logged' in 'where clause'
CRITICAL - 2022-10-21 18:21:52 --> Unknown column 'logged' in 'where clause'
#0 C:\laragon\www\Capstone-reco\system\Database\MySQLi\Connection.php(292): mysqli->query('SELECT *\nFROM `...', 0)
#1 C:\laragon\www\Capstone-reco\system\Database\BaseConnection.php(670): CodeIgniter\Database\MySQLi\Connection->execute('SELECT *\nFROM `...')
#2 C:\laragon\www\Capstone-reco\system\Database\BaseConnection.php(598): CodeIgniter\Database\BaseConnection->simpleQuery('SELECT *\nFROM `...')
#3 C:\laragon\www\Capstone-reco\system\Database\BaseBuilder.php(1455): CodeIgniter\Database\BaseConnection->query('SELECT *\nFROM `...', Array, false)
#4 C:\laragon\www\Capstone-reco\system\Model.php(210): CodeIgniter\Database\BaseBuilder->get()
#5 C:\laragon\www\Capstone-reco\system\BaseModel.php(622): CodeIgniter\Model->doFirst()
#6 C:\laragon\www\Capstone-reco\app\Controllers\ProfileController.php(30): CodeIgniter\BaseModel->first()
#7 C:\laragon\www\Capstone-reco\system\CodeIgniter.php(832): App\Controllers\ProfileController->rate()
#8 C:\laragon\www\Capstone-reco\system\CodeIgniter.php(419): CodeIgniter\CodeIgniter->runController(Object(App\Controllers\ProfileController))
#9 C:\laragon\www\Capstone-reco\system\CodeIgniter.php(326): CodeIgniter\CodeIgniter->handleRequest(NULL, Object(Config\Cache), false)
#10 C:\laragon\www\Capstone-reco\public\index.php(37): CodeIgniter\CodeIgniter->run()
#11 C:\laragon\www\Capstone-reco\system\Commands\Server\rewrite.php(43): require_once('C:\\laragon\\www\\...')
#12 {main}
ERROR - 2022-10-21 18:21:53 --> Unknown column 'logged' in 'where clause'
CRITICAL - 2022-10-21 18:21:53 --> Unknown column 'logged' in 'where clause'
#0 C:\laragon\www\Capstone-reco\system\Database\MySQLi\Connection.php(292): mysqli->query('SELECT *\nFROM `...', 0)
#1 C:\laragon\www\Capstone-reco\system\Database\BaseConnection.php(670): CodeIgniter\Database\MySQLi\Connection->execute('SELECT *\nFROM `...')
#2 C:\laragon\www\Capstone-reco\system\Database\BaseConnection.php(598): CodeIgniter\Database\BaseConnection->simpleQuery('SELECT *\nFROM `...')
#3 C:\laragon\www\Capstone-reco\system\Database\BaseBuilder.php(1455): CodeIgniter\Database\BaseConnection->query('SELECT *\nFROM `...', Array, false)
#4 C:\laragon\www\Capstone-reco\system\Model.php(210): CodeIgniter\Database\BaseBuilder->get()
#5 C:\laragon\www\Capstone-reco\system\BaseModel.php(622): CodeIgniter\Model->doFirst()
#6 C:\laragon\www\Capstone-reco\app\Controllers\ProfileController.php(30): CodeIgniter\BaseModel->first()
#7 C:\laragon\www\Capstone-reco\system\CodeIgniter.php(832): App\Controllers\ProfileController->rate()
#8 C:\laragon\www\Capstone-reco\system\CodeIgniter.php(419): CodeIgniter\CodeIgniter->runController(Object(App\Controllers\ProfileController))
#9 C:\laragon\www\Capstone-reco\system\CodeIgniter.php(326): CodeIgniter\CodeIgniter->handleRequest(NULL, Object(Config\Cache), false)
#10 C:\laragon\www\Capstone-reco\public\index.php(37): CodeIgniter\CodeIgniter->run()
#11 C:\laragon\www\Capstone-reco\system\Commands\Server\rewrite.php(43): require_once('C:\\laragon\\www\\...')
#12 {main}
CRITICAL - 2022-10-21 18:22:11 --> Class 'App\Controllers\RateModel' not found
#0 C:\laragon\www\Capstone-reco\system\CodeIgniter.php(832): App\Controllers\ProfileController->rates()
#1 C:\laragon\www\Capstone-reco\system\CodeIgniter.php(419): CodeIgniter\CodeIgniter->runController(Object(App\Controllers\ProfileController))
#2 C:\laragon\www\Capstone-reco\system\CodeIgniter.php(326): CodeIgniter\CodeIgniter->handleRequest(NULL, Object(Config\Cache), false)
#3 C:\laragon\www\Capstone-reco\public\index.php(37): CodeIgniter\CodeIgniter->run()
#4 C:\laragon\www\Capstone-reco\system\Commands\Server\rewrite.php(43): require_once('C:\\laragon\\www\\...')
#5 {main}
CRITICAL - 2022-10-21 18:22:21 --> Class 'App\Controllers\RateModel' not found
#0 C:\laragon\www\Capstone-reco\system\CodeIgniter.php(832): App\Controllers\ProfileController->rates()
#1 C:\laragon\www\Capstone-reco\system\CodeIgniter.php(419): CodeIgniter\CodeIgniter->runController(Object(App\Controllers\ProfileController))
#2 C:\laragon\www\Capstone-reco\system\CodeIgniter.php(326): CodeIgniter\CodeIgniter->handleRequest(NULL, Object(Config\Cache), false)
#3 C:\laragon\www\Capstone-reco\public\index.php(37): CodeIgniter\CodeIgniter->run()
#4 C:\laragon\www\Capstone-reco\system\Commands\Server\rewrite.php(43): require_once('C:\\laragon\\www\\...')
#5 {main}
CRITICAL - 2022-10-21 18:22:47 --> Class 'App\Controllers\RateModel' not found
#0 C:\laragon\www\Capstone-reco\system\CodeIgniter.php(832): App\Controllers\ProfileController->rates()
#1 C:\laragon\www\Capstone-reco\system\CodeIgniter.php(419): CodeIgniter\CodeIgniter->runController(Object(App\Controllers\ProfileController))
#2 C:\laragon\www\Capstone-reco\system\CodeIgniter.php(326): CodeIgniter\CodeIgniter->handleRequest(NULL, Object(Config\Cache), false)
#3 C:\laragon\www\Capstone-reco\public\index.php(37): CodeIgniter\CodeIgniter->run()
#4 C:\laragon\www\Capstone-reco\system\Commands\Server\rewrite.php(43): require_once('C:\\laragon\\www\\...')
#5 {main}
CRITICAL - 2022-10-21 18:22:56 --> Class 'App\Controllers\RateModel' not found
#0 C:\laragon\www\Capstone-reco\system\CodeIgniter.php(832): App\Controllers\ProfileController->rates()
#1 C:\laragon\www\Capstone-reco\system\CodeIgniter.php(419): CodeIgniter\CodeIgniter->runController(Object(App\Controllers\ProfileController))
#2 C:\laragon\www\Capstone-reco\system\CodeIgniter.php(326): CodeIgniter\CodeIgniter->handleRequest(NULL, Object(Config\Cache), false)
#3 C:\laragon\www\Capstone-reco\public\index.php(37): CodeIgniter\CodeIgniter->run()
#4 C:\laragon\www\Capstone-reco\system\Commands\Server\rewrite.php(43): require_once('C:\\laragon\\www\\...')
#5 {main}
CRITICAL - 2022-10-21 18:23:20 --> Class 'App\Controllers\RateModel' not found
#0 C:\laragon\www\Capstone-reco\system\CodeIgniter.php(832): App\Controllers\ProfileController->rates()
#1 C:\laragon\www\Capstone-reco\system\CodeIgniter.php(419): CodeIgniter\CodeIgniter->runController(Object(App\Controllers\ProfileController))
#2 C:\laragon\www\Capstone-reco\system\CodeIgniter.php(326): CodeIgniter\CodeIgniter->handleRequest(NULL, Object(Config\Cache), false)
#3 C:\laragon\www\Capstone-reco\public\index.php(37): CodeIgniter\CodeIgniter->run()
#4 C:\laragon\www\Capstone-reco\system\Commands\Server\rewrite.php(43): require_once('C:\\laragon\\www\\...')
#5 {main}
CRITICAL - 2022-10-21 18:23:29 --> Class 'App\Controllers\RateModel' not found
#0 C:\laragon\www\Capstone-reco\system\CodeIgniter.php(832): App\Controllers\ProfileController->rates()
#1 C:\laragon\www\Capstone-reco\system\CodeIgniter.php(419): CodeIgniter\CodeIgniter->runController(Object(App\Controllers\ProfileController))
#2 C:\laragon\www\Capstone-reco\system\CodeIgniter.php(326): CodeIgniter\CodeIgniter->handleRequest(NULL, Object(Config\Cache), false)
#3 C:\laragon\www\Capstone-reco\public\index.php(37): CodeIgniter\CodeIgniter->run()
#4 C:\laragon\www\Capstone-reco\system\Commands\Server\rewrite.php(43): require_once('C:\\laragon\\www\\...')
#5 {main}
CRITICAL - 2022-10-21 18:23:39 --> Class 'App\Controllers\RateModel' not found
#0 C:\laragon\www\Capstone-reco\system\CodeIgniter.php(832): App\Controllers\ProfileController->rates()
#1 C:\laragon\www\Capstone-reco\system\CodeIgniter.php(419): CodeIgniter\CodeIgniter->runController(Object(App\Controllers\ProfileController))
#2 C:\laragon\www\Capstone-reco\system\CodeIgniter.php(326): CodeIgniter\CodeIgniter->handleRequest(NULL, Object(Config\Cache), false)
#3 C:\laragon\www\Capstone-reco\public\index.php(37): CodeIgniter\CodeIgniter->run()
#4 C:\laragon\www\Capstone-reco\system\Commands\Server\rewrite.php(43): require_once('C:\\laragon\\www\\...')
#5 {main}
CRITICAL - 2022-10-21 18:23:48 --> Class 'App\Controllers\RateModel' not found
#0 C:\laragon\www\Capstone-reco\system\CodeIgniter.php(832): App\Controllers\ProfileController->rates()
#1 C:\laragon\www\Capstone-reco\system\CodeIgniter.php(419): CodeIgniter\CodeIgniter->runController(Object(App\Controllers\ProfileController))
#2 C:\laragon\www\Capstone-reco\system\CodeIgniter.php(326): CodeIgniter\CodeIgniter->handleRequest(NULL, Object(Config\Cache), false)
#3 C:\laragon\www\Capstone-reco\public\index.php(37): CodeIgniter\CodeIgniter->run()
#4 C:\laragon\www\Capstone-reco\system\Commands\Server\rewrite.php(43): require_once('C:\\laragon\\www\\...')
#5 {main}
CRITICAL - 2022-10-21 18:24:17 --> Class 'App\Controllers\RateModel' not found
#0 C:\laragon\www\Capstone-reco\system\CodeIgniter.php(832): App\Controllers\ProfileController->rates()
#1 C:\laragon\www\Capstone-reco\system\CodeIgniter.php(419): CodeIgniter\CodeIgniter->runController(Object(App\Controllers\ProfileController))
#2 C:\laragon\www\Capstone-reco\system\CodeIgniter.php(326): CodeIgniter\CodeIgniter->handleRequest(NULL, Object(Config\Cache), false)
#3 C:\laragon\www\Capstone-reco\public\index.php(37): CodeIgniter\CodeIgniter->run()
#4 C:\laragon\www\Capstone-reco\system\Commands\Server\rewrite.php(43): require_once('C:\\laragon\\www\\...')
#5 {main}
ERROR - 2022-10-21 18:28:09 --> You have an error in your SQL syntax; check the manual that corresponds to your MySQL server version for the right syntax to use near '*
FROM `review_table`' at line 1
CRITICAL - 2022-10-21 18:28:09 --> You have an error in your SQL syntax; check the manual that corresponds to your MySQL server version for the right syntax to use near '*
FROM `review_table`' at line 1
#0 C:\laragon\www\Capstone-reco\system\Database\MySQLi\Connection.php(292): mysqli->query('SELECT COUNT(*)...', 0)
#1 C:\laragon\www\Capstone-reco\system\Database\BaseConnection.php(670): CodeIgniter\Database\MySQLi\Connection->execute('SELECT COUNT(*)...')
#2 C:\laragon\www\Capstone-reco\system\Database\BaseConnection.php(598): CodeIgniter\Database\BaseConnection->simpleQuery('SELECT COUNT(*)...')
#3 C:\laragon\www\Capstone-reco\system\Database\BaseBuilder.php(1455): CodeIgniter\Database\BaseConnection->query('SELECT COUNT(*)...', Array, false)
#4 C:\laragon\www\Capstone-reco\system\Model.php(183): CodeIgniter\Database\BaseBuilder->get()
#5 C:\laragon\www\Capstone-reco\system\BaseModel.php(584): CodeIgniter\Model->doFindAll(0, 0)
#6 C:\laragon\www\Capstone-reco\app\Controllers\DestinationController.php(286): CodeIgniter\BaseModel->findAll()
#7 C:\laragon\www\Capstone-reco\system\CodeIgniter.php(832): App\Controllers\DestinationController->test1('12')
#8 C:\laragon\www\Capstone-reco\system\CodeIgniter.php(419): CodeIgniter\CodeIgniter->runController(Object(App\Controllers\DestinationController))
#9 C:\laragon\www\Capstone-reco\system\CodeIgniter.php(326): CodeIgniter\CodeIgniter->handleRequest(NULL, Object(Config\Cache), false)
#10 C:\laragon\www\Capstone-reco\public\index.php(37): CodeIgniter\CodeIgniter->run()
#11 C:\laragon\www\Capstone-reco\system\Commands\Server\rewrite.php(43): require_once('C:\\laragon\\www\\...')
#12 {main}
ERROR - 2022-10-21 18:28:49 --> You have an error in your SQL syntax; check the manual that corresponds to your MySQL server version for the right syntax to use near '*
FROM `review_table`
 LIMIT 1' at line 1
CRITICAL - 2022-10-21 18:28:49 --> You have an error in your SQL syntax; check the manual that corresponds to your MySQL server version for the right syntax to use near '*
FROM `review_table`
 LIMIT 1' at line 1
#0 C:\laragon\www\Capstone-reco\system\Database\MySQLi\Connection.php(292): mysqli->query('SELECT COUNT(*)...', 0)
#1 C:\laragon\www\Capstone-reco\system\Database\BaseConnection.php(670): CodeIgniter\Database\MySQLi\Connection->execute('SELECT COUNT(*)...')
#2 C:\laragon\www\Capstone-reco\system\Database\BaseConnection.php(598): CodeIgniter\Database\BaseConnection->simpleQuery('SELECT COUNT(*)...')
#3 C:\laragon\www\Capstone-reco\system\Database\BaseBuilder.php(1455): CodeIgniter\Database\BaseConnection->query('SELECT COUNT(*)...', Array, false)
#4 C:\laragon\www\Capstone-reco\system\Model.php(210): CodeIgniter\Database\BaseBuilder->get()
#5 C:\laragon\www\Capstone-reco\system\BaseModel.php(622): CodeIgniter\Model->doFirst()
#6 C:\laragon\www\Capstone-reco\app\Controllers\DestinationController.php(286): CodeIgniter\BaseModel->first()
#7 C:\laragon\www\Capstone-reco\system\CodeIgniter.php(832): App\Controllers\DestinationController->test1('12')
#8 C:\laragon\www\Capstone-reco\system\CodeIgniter.php(419): CodeIgniter\CodeIgniter->runController(Object(App\Controllers\DestinationController))
#9 C:\laragon\www\Capstone-reco\system\CodeIgniter.php(326): CodeIgniter\CodeIgniter->handleRequest(NULL, Object(Config\Cache), false)
#10 C:\laragon\www\Capstone-reco\public\index.php(37): CodeIgniter\CodeIgniter->run()
#11 C:\laragon\www\Capstone-reco\system\Commands\Server\rewrite.php(43): require_once('C:\\laragon\\www\\...')
#12 {main}
ERROR - 2022-10-21 18:29:27 --> You have an error in your SQL syntax; check the manual that corresponds to your MySQL server version for the right syntax to use near 'select count(*) as cc
FROM `review_table`
 LIMIT 1' at line 1
CRITICAL - 2022-10-21 18:29:27 --> You have an error in your SQL syntax; check the manual that corresponds to your MySQL server version for the right syntax to use near 'select count(*) as cc
FROM `review_table`
 LIMIT 1' at line 1
#0 C:\laragon\www\Capstone-reco\system\Database\MySQLi\Connection.php(292): mysqli->query('SELECT select c...', 0)
#1 C:\laragon\www\Capstone-reco\system\Database\BaseConnection.php(670): CodeIgniter\Database\MySQLi\Connection->execute('SELECT select c...')
#2 C:\laragon\www\Capstone-reco\system\Database\BaseConnection.php(598): CodeIgniter\Database\BaseConnection->simpleQuery('SELECT select c...')
#3 C:\laragon\www\Capstone-reco\system\Database\BaseBuilder.php(1455): CodeIgniter\Database\BaseConnection->query('SELECT select c...', Array, false)
#4 C:\laragon\www\Capstone-reco\system\Model.php(210): CodeIgniter\Database\BaseBuilder->get()
#5 C:\laragon\www\Capstone-reco\system\BaseModel.php(622): CodeIgniter\Model->doFirst()
#6 C:\laragon\www\Capstone-reco\app\Controllers\DestinationController.php(286): CodeIgniter\BaseModel->first()
#7 C:\laragon\www\Capstone-reco\system\CodeIgniter.php(832): App\Controllers\DestinationController->test1('12')
#8 C:\laragon\www\Capstone-reco\system\CodeIgniter.php(419): CodeIgniter\CodeIgniter->runController(Object(App\Controllers\DestinationController))
#9 C:\laragon\www\Capstone-reco\system\CodeIgniter.php(326): CodeIgniter\CodeIgniter->handleRequest(NULL, Object(Config\Cache), false)
#10 C:\laragon\www\Capstone-reco\public\index.php(37): CodeIgniter\CodeIgniter->run()
#11 C:\laragon\www\Capstone-reco\system\Commands\Server\rewrite.php(43): require_once('C:\\laragon\\www\\...')
#12 {main}
ERROR - 2022-10-21 18:30:39 --> You have an error in your SQL syntax; check the manual that corresponds to your MySQL server version for the right syntax to use near 'select count(destination_id) as cc
FROM `review_table`
WHERE `destination_id` = ' at line 1
CRITICAL - 2022-10-21 18:30:39 --> You have an error in your SQL syntax; check the manual that corresponds to your MySQL server version for the right syntax to use near 'select count(destination_id) as cc
FROM `review_table`
WHERE `destination_id` = ' at line 1
#0 C:\laragon\www\Capstone-reco\system\Database\MySQLi\Connection.php(292): mysqli->query('SELECT select c...', 0)
#1 C:\laragon\www\Capstone-reco\system\Database\BaseConnection.php(670): CodeIgniter\Database\MySQLi\Connection->execute('SELECT select c...')
#2 C:\laragon\www\Capstone-reco\system\Database\BaseConnection.php(598): CodeIgniter\Database\BaseConnection->simpleQuery('SELECT select c...')
#3 C:\laragon\www\Capstone-reco\system\Database\BaseBuilder.php(1455): CodeIgniter\Database\BaseConnection->query('SELECT select c...', Array, false)
#4 C:\laragon\www\Capstone-reco\system\Model.php(210): CodeIgniter\Database\BaseBuilder->get()
#5 C:\laragon\www\Capstone-reco\system\BaseModel.php(622): CodeIgniter\Model->doFirst()
#6 C:\laragon\www\Capstone-reco\app\Controllers\DestinationController.php(286): CodeIgniter\BaseModel->first()
#7 C:\laragon\www\Capstone-reco\system\CodeIgniter.php(832): App\Controllers\DestinationController->test1('12')
#8 C:\laragon\www\Capstone-reco\system\CodeIgniter.php(419): CodeIgniter\CodeIgniter->runController(Object(App\Controllers\DestinationController))
#9 C:\laragon\www\Capstone-reco\system\CodeIgniter.php(326): CodeIgniter\CodeIgniter->handleRequest(NULL, Object(Config\Cache), false)
#10 C:\laragon\www\Capstone-reco\public\index.php(37): CodeIgniter\CodeIgniter->run()
#11 C:\laragon\www\Capstone-reco\system\Commands\Server\rewrite.php(43): require_once('C:\\laragon\\www\\...')
#12 {main}
CRITICAL - 2022-10-21 18:30:52 --> Class 'App\Controllers\RateModel' not found
#0 C:\laragon\www\Capstone-reco\system\CodeIgniter.php(832): App\Controllers\ProfileController->rates()
#1 C:\laragon\www\Capstone-reco\system\CodeIgniter.php(419): CodeIgniter\CodeIgniter->runController(Object(App\Controllers\ProfileController))
#2 C:\laragon\www\Capstone-reco\system\CodeIgniter.php(326): CodeIgniter\CodeIgniter->handleRequest(NULL, Object(Config\Cache), false)
#3 C:\laragon\www\Capstone-reco\public\index.php(37): CodeIgniter\CodeIgniter->run()
#4 C:\laragon\www\Capstone-reco\system\Commands\Server\rewrite.php(43): require_once('C:\\laragon\\www\\...')
#5 {main}
CRITICAL - 2022-10-21 18:31:28 --> Class 'App\Controllers\RateModel' not found
#0 C:\laragon\www\Capstone-reco\system\CodeIgniter.php(832): App\Controllers\ProfileController->rates()
#1 C:\laragon\www\Capstone-reco\system\CodeIgniter.php(419): CodeIgniter\CodeIgniter->runController(Object(App\Controllers\ProfileController))
#2 C:\laragon\www\Capstone-reco\system\CodeIgniter.php(326): CodeIgniter\CodeIgniter->handleRequest(NULL, Object(Config\Cache), false)
#3 C:\laragon\www\Capstone-reco\public\index.php(37): CodeIgniter\CodeIgniter->run()
#4 C:\laragon\www\Capstone-reco\system\Commands\Server\rewrite.php(43): require_once('C:\\laragon\\www\\...')
#5 {main}
CRITICAL - 2022-10-21 18:31:43 --> Class 'App\Controllers\RateModel' not found
#0 C:\laragon\www\Capstone-reco\system\CodeIgniter.php(832): App\Controllers\ProfileController->rates()
#1 C:\laragon\www\Capstone-reco\system\CodeIgniter.php(419): CodeIgniter\CodeIgniter->runController(Object(App\Controllers\ProfileController))
#2 C:\laragon\www\Capstone-reco\system\CodeIgniter.php(326): CodeIgniter\CodeIgniter->handleRequest(NULL, Object(Config\Cache), false)
#3 C:\laragon\www\Capstone-reco\public\index.php(37): CodeIgniter\CodeIgniter->run()
#4 C:\laragon\www\Capstone-reco\system\Commands\Server\rewrite.php(43): require_once('C:\\laragon\\www\\...')
#5 {main}
CRITICAL - 2022-10-21 18:31:57 --> Class 'App\Controllers\RateModel' not found
#0 C:\laragon\www\Capstone-reco\system\CodeIgniter.php(832): App\Controllers\ProfileController->rates()
#1 C:\laragon\www\Capstone-reco\system\CodeIgniter.php(419): CodeIgniter\CodeIgniter->runController(Object(App\Controllers\ProfileController))
#2 C:\laragon\www\Capstone-reco\system\CodeIgniter.php(326): CodeIgniter\CodeIgniter->handleRequest(NULL, Object(Config\Cache), false)
#3 C:\laragon\www\Capstone-reco\public\index.php(37): CodeIgniter\CodeIgniter->run()
#4 C:\laragon\www\Capstone-reco\system\Commands\Server\rewrite.php(43): require_once('C:\\laragon\\www\\...')
#5 {main}
CRITICAL - 2022-10-21 18:32:11 --> Class 'App\Controllers\RateModel' not found
#0 C:\laragon\www\Capstone-reco\system\CodeIgniter.php(832): App\Controllers\ProfileController->rates()
#1 C:\laragon\www\Capstone-reco\system\CodeIgniter.php(419): CodeIgniter\CodeIgniter->runController(Object(App\Controllers\ProfileController))
#2 C:\laragon\www\Capstone-reco\system\CodeIgniter.php(326): CodeIgniter\CodeIgniter->handleRequest(NULL, Object(Config\Cache), false)
#3 C:\laragon\www\Capstone-reco\public\index.php(37): CodeIgniter\CodeIgniter->run()
#4 C:\laragon\www\Capstone-reco\system\Commands\Server\rewrite.php(43): require_once('C:\\laragon\\www\\...')
#5 {main}
CRITICAL - 2022-10-21 18:32:25 --> Class 'App\Controllers\RateModel' not found
#0 C:\laragon\www\Capstone-reco\system\CodeIgniter.php(832): App\Controllers\ProfileController->rates()
#1 C:\laragon\www\Capstone-reco\system\CodeIgniter.php(419): CodeIgniter\CodeIgniter->runController(Object(App\Controllers\ProfileController))
#2 C:\laragon\www\Capstone-reco\system\CodeIgniter.php(326): CodeIgniter\CodeIgniter->handleRequest(NULL, Object(Config\Cache), false)
#3 C:\laragon\www\Capstone-reco\public\index.php(37): CodeIgniter\CodeIgniter->run()
#4 C:\laragon\www\Capstone-reco\system\Commands\Server\rewrite.php(43): require_once('C:\\laragon\\www\\...')
#5 {main}
CRITICAL - 2022-10-21 18:32:36 --> Class 'App\Controllers\RateModel' not found
#0 C:\laragon\www\Capstone-reco\system\CodeIgniter.php(832): App\Controllers\ProfileController->rates()
#1 C:\laragon\www\Capstone-reco\system\CodeIgniter.php(419): CodeIgniter\CodeIgniter->runController(Object(App\Controllers\ProfileController))
#2 C:\laragon\www\Capstone-reco\system\CodeIgniter.php(326): CodeIgniter\CodeIgniter->handleRequest(NULL, Object(Config\Cache), false)
#3 C:\laragon\www\Capstone-reco\public\index.php(37): CodeIgniter\CodeIgniter->run()
#4 C:\laragon\www\Capstone-reco\system\Commands\Server\rewrite.php(43): require_once('C:\\laragon\\www\\...')
#5 {main}
CRITICAL - 2022-10-21 18:32:40 --> Class 'App\Controllers\RateModel' not found
#0 C:\laragon\www\Capstone-reco\system\CodeIgniter.php(832): App\Controllers\ProfileController->rates()
#1 C:\laragon\www\Capstone-reco\system\CodeIgniter.php(419): CodeIgniter\CodeIgniter->runController(Object(App\Controllers\ProfileController))
#2 C:\laragon\www\Capstone-reco\system\CodeIgniter.php(326): CodeIgniter\CodeIgniter->handleRequest(NULL, Object(Config\Cache), false)
#3 C:\laragon\www\Capstone-reco\public\index.php(37): CodeIgniter\CodeIgniter->run()
#4 C:\laragon\www\Capstone-reco\system\Commands\Server\rewrite.php(43): require_once('C:\\laragon\\www\\...')
#5 {main}
CRITICAL - 2022-10-21 18:32:57 --> Class 'App\Controllers\RateModel' not found
#0 C:\laragon\www\Capstone-reco\system\CodeIgniter.php(832): App\Controllers\ProfileController->rates()
#1 C:\laragon\www\Capstone-reco\system\CodeIgniter.php(419): CodeIgniter\CodeIgniter->runController(Object(App\Controllers\ProfileController))
#2 C:\laragon\www\Capstone-reco\system\CodeIgniter.php(326): CodeIgniter\CodeIgniter->handleRequest(NULL, Object(Config\Cache), false)
#3 C:\laragon\www\Capstone-reco\public\index.php(37): CodeIgniter\CodeIgniter->run()
#4 C:\laragon\www\Capstone-reco\system\Commands\Server\rewrite.php(43): require_once('C:\\laragon\\www\\...')
#5 {main}
CRITICAL - 2022-10-21 18:33:16 --> Class 'App\Controllers\RateModel' not found
#0 C:\laragon\www\Capstone-reco\system\CodeIgniter.php(832): App\Controllers\ProfileController->rates()
#1 C:\laragon\www\Capstone-reco\system\CodeIgniter.php(419): CodeIgniter\CodeIgniter->runController(Object(App\Controllers\ProfileController))
#2 C:\laragon\www\Capstone-reco\system\CodeIgniter.php(326): CodeIgniter\CodeIgniter->handleRequest(NULL, Object(Config\Cache), false)
#3 C:\laragon\www\Capstone-reco\public\index.php(37): CodeIgniter\CodeIgniter->run()
#4 C:\laragon\www\Capstone-reco\system\Commands\Server\rewrite.php(43): require_once('C:\\laragon\\www\\...')
#5 {main}
