ERROR - 2022-06-02 23:48:00 --> Table 'eguide.image_uploads' doesn't exist
CRITICAL - 2022-06-02 23:48:00 --> Table 'eguide.image_uploads' doesn't exist
#0 C:\laragon\www\Capstone\system\Database\MySQLi\Connection.php(292): mysqli->query('INSERT INTO `im...', 0)
#1 C:\laragon\www\Capstone\system\Database\BaseConnection.php(670): CodeIgniter\Database\MySQLi\Connection->execute('INSERT INTO `im...')
#2 C:\laragon\www\Capstone\system\Database\BaseConnection.php(598): CodeIgniter\Database\BaseConnection->simpleQuery('INSERT INTO `im...')
#3 C:\laragon\www\Capstone\system\Database\BaseBuilder.php(1771): CodeIgniter\Database\BaseConnection->query('INSERT INTO `im...', Array, false)
#4 C:\laragon\www\Capstone\system\Model.php(239): CodeIgniter\Database\BaseBuilder->insert()
#5 C:\laragon\www\Capstone\system\BaseModel.php(738): CodeIgniter\Model->doInsert(Array)
#6 C:\laragon\www\Capstone\system\Model.php(625): CodeIgniter\BaseModel->insert(Array, true)
#7 C:\laragon\www\Capstone\app\Controllers\DropzoneController.php(29): CodeIgniter\Model->insert(Array)
#8 C:\laragon\www\Capstone\system\CodeIgniter.php(832): App\Controllers\DropzoneController->dropzoneStore()
#9 C:\laragon\www\Capstone\system\CodeIgniter.php(419): CodeIgniter\CodeIgniter->runController(Object(App\Controllers\DropzoneController))
#10 C:\laragon\www\Capstone\system\CodeIgniter.php(326): CodeIgniter\CodeIgniter->handleRequest(NULL, Object(Config\Cache), false)
#11 C:\laragon\www\Capstone\public\index.php(37): CodeIgniter\CodeIgniter->run()
#12 C:\laragon\www\Capstone\system\Commands\Server\rewrite.php(43): require_once('C:\\laragon\\www\\...')
#13 {main}
ERROR - 2022-06-02 23:48:00 --> Table 'eguide.image_uploads' doesn't exist
CRITICAL - 2022-06-02 23:48:00 --> Table 'eguide.image_uploads' doesn't exist
#0 C:\laragon\www\Capstone\system\Database\MySQLi\Connection.php(292): mysqli->query('INSERT INTO `im...', 0)
#1 C:\laragon\www\Capstone\system\Database\BaseConnection.php(670): CodeIgniter\Database\MySQLi\Connection->execute('INSERT INTO `im...')
#2 C:\laragon\www\Capstone\system\Database\BaseConnection.php(598): CodeIgniter\Database\BaseConnection->simpleQuery('INSERT INTO `im...')
#3 C:\laragon\www\Capstone\system\Database\BaseBuilder.php(1771): CodeIgniter\Database\BaseConnection->query('INSERT INTO `im...', Array, false)
#4 C:\laragon\www\Capstone\system\Model.php(239): CodeIgniter\Database\BaseBuilder->insert()
#5 C:\laragon\www\Capstone\system\BaseModel.php(738): CodeIgniter\Model->doInsert(Array)
#6 C:\laragon\www\Capstone\system\Model.php(625): CodeIgniter\BaseModel->insert(Array, true)
#7 C:\laragon\www\Capstone\app\Controllers\DropzoneController.php(29): CodeIgniter\Model->insert(Array)
#8 C:\laragon\www\Capstone\system\CodeIgniter.php(832): App\Controllers\DropzoneController->dropzoneStore()
#9 C:\laragon\www\Capstone\system\CodeIgniter.php(419): CodeIgniter\CodeIgniter->runController(Object(App\Controllers\DropzoneController))
#10 C:\laragon\www\Capstone\system\CodeIgniter.php(326): CodeIgniter\CodeIgniter->handleRequest(NULL, Object(Config\Cache), false)
#11 C:\laragon\www\Capstone\public\index.php(37): CodeIgniter\CodeIgniter->run()
#12 C:\laragon\www\Capstone\system\Commands\Server\rewrite.php(43): require_once('C:\\laragon\\www\\...')
#13 {main}
ERROR - 2022-06-02 23:48:27 --> Table 'eguide.image_uploads' doesn't exist
CRITICAL - 2022-06-02 23:48:27 --> Table 'eguide.image_uploads' doesn't exist
#0 C:\laragon\www\Capstone\system\Database\MySQLi\Connection.php(292): mysqli->query('INSERT INTO `im...', 0)
#1 C:\laragon\www\Capstone\system\Database\BaseConnection.php(670): CodeIgniter\Database\MySQLi\Connection->execute('INSERT INTO `im...')
#2 C:\laragon\www\Capstone\system\Database\BaseConnection.php(598): CodeIgniter\Database\BaseConnection->simpleQuery('INSERT INTO `im...')
#3 C:\laragon\www\Capstone\system\Database\BaseBuilder.php(1771): CodeIgniter\Database\BaseConnection->query('INSERT INTO `im...', Array, false)
#4 C:\laragon\www\Capstone\system\Model.php(239): CodeIgniter\Database\BaseBuilder->insert()
#5 C:\laragon\www\Capstone\system\BaseModel.php(738): CodeIgniter\Model->doInsert(Array)
#6 C:\laragon\www\Capstone\system\Model.php(625): CodeIgniter\BaseModel->insert(Array, true)
#7 C:\laragon\www\Capstone\app\Controllers\DropzoneController.php(29): CodeIgniter\Model->insert(Array)
#8 C:\laragon\www\Capstone\system\CodeIgniter.php(832): App\Controllers\DropzoneController->dropzoneStore()
#9 C:\laragon\www\Capstone\system\CodeIgniter.php(419): CodeIgniter\CodeIgniter->runController(Object(App\Controllers\DropzoneController))
#10 C:\laragon\www\Capstone\system\CodeIgniter.php(326): CodeIgniter\CodeIgniter->handleRequest(NULL, Object(Config\Cache), false)
#11 C:\laragon\www\Capstone\public\index.php(37): CodeIgniter\CodeIgniter->run()
#12 C:\laragon\www\Capstone\system\Commands\Server\rewrite.php(43): require_once('C:\\laragon\\www\\...')
#13 {main}
ERROR - 2022-06-02 23:48:30 --> Table 'eguide.image_uploads' doesn't exist
CRITICAL - 2022-06-02 23:48:30 --> Table 'eguide.image_uploads' doesn't exist
#0 C:\laragon\www\Capstone\system\Database\MySQLi\Connection.php(292): mysqli->query('INSERT INTO `im...', 0)
#1 C:\laragon\www\Capstone\system\Database\BaseConnection.php(670): CodeIgniter\Database\MySQLi\Connection->execute('INSERT INTO `im...')
#2 C:\laragon\www\Capstone\system\Database\BaseConnection.php(598): CodeIgniter\Database\BaseConnection->simpleQuery('INSERT INTO `im...')
#3 C:\laragon\www\Capstone\system\Database\BaseBuilder.php(1771): CodeIgniter\Database\BaseConnection->query('INSERT INTO `im...', Array, false)
#4 C:\laragon\www\Capstone\system\Model.php(239): CodeIgniter\Database\BaseBuilder->insert()
#5 C:\laragon\www\Capstone\system\BaseModel.php(738): CodeIgniter\Model->doInsert(Array)
#6 C:\laragon\www\Capstone\system\Model.php(625): CodeIgniter\BaseModel->insert(Array, true)
#7 C:\laragon\www\Capstone\app\Controllers\DropzoneController.php(29): CodeIgniter\Model->insert(Array)
#8 C:\laragon\www\Capstone\system\CodeIgniter.php(832): App\Controllers\DropzoneController->dropzoneStore()
#9 C:\laragon\www\Capstone\system\CodeIgniter.php(419): CodeIgniter\CodeIgniter->runController(Object(App\Controllers\DropzoneController))
#10 C:\laragon\www\Capstone\system\CodeIgniter.php(326): CodeIgniter\CodeIgniter->handleRequest(NULL, Object(Config\Cache), false)
#11 C:\laragon\www\Capstone\public\index.php(37): CodeIgniter\CodeIgniter->run()
#12 C:\laragon\www\Capstone\system\Commands\Server\rewrite.php(43): require_once('C:\\laragon\\www\\...')
#13 {main}
ERROR - 2022-06-02 23:48:32 --> Table 'eguide.image_uploads' doesn't exist
CRITICAL - 2022-06-02 23:48:32 --> Table 'eguide.image_uploads' doesn't exist
#0 C:\laragon\www\Capstone\system\Database\MySQLi\Connection.php(292): mysqli->query('INSERT INTO `im...', 0)
#1 C:\laragon\www\Capstone\system\Database\BaseConnection.php(670): CodeIgniter\Database\MySQLi\Connection->execute('INSERT INTO `im...')
#2 C:\laragon\www\Capstone\system\Database\BaseConnection.php(598): CodeIgniter\Database\BaseConnection->simpleQuery('INSERT INTO `im...')
#3 C:\laragon\www\Capstone\system\Database\BaseBuilder.php(1771): CodeIgniter\Database\BaseConnection->query('INSERT INTO `im...', Array, false)
#4 C:\laragon\www\Capstone\system\Model.php(239): CodeIgniter\Database\BaseBuilder->insert()
#5 C:\laragon\www\Capstone\system\BaseModel.php(738): CodeIgniter\Model->doInsert(Array)
#6 C:\laragon\www\Capstone\system\Model.php(625): CodeIgniter\BaseModel->insert(Array, true)
#7 C:\laragon\www\Capstone\app\Controllers\DropzoneController.php(29): CodeIgniter\Model->insert(Array)
#8 C:\laragon\www\Capstone\system\CodeIgniter.php(832): App\Controllers\DropzoneController->dropzoneStore()
#9 C:\laragon\www\Capstone\system\CodeIgniter.php(419): CodeIgniter\CodeIgniter->runController(Object(App\Controllers\DropzoneController))
#10 C:\laragon\www\Capstone\system\CodeIgniter.php(326): CodeIgniter\CodeIgniter->handleRequest(NULL, Object(Config\Cache), false)
#11 C:\laragon\www\Capstone\public\index.php(37): CodeIgniter\CodeIgniter->run()
#12 C:\laragon\www\Capstone\system\Commands\Server\rewrite.php(43): require_once('C:\\laragon\\www\\...')
#13 {main}
ERROR - 2022-06-02 23:59:36 --> Table 'eguide.image_uploads' doesn't exist
CRITICAL - 2022-06-02 23:59:36 --> Table 'eguide.image_uploads' doesn't exist
#0 C:\laragon\www\Capstone\system\Database\MySQLi\Connection.php(292): mysqli->query('INSERT INTO `im...', 0)
#1 C:\laragon\www\Capstone\system\Database\BaseConnection.php(670): CodeIgniter\Database\MySQLi\Connection->execute('INSERT INTO `im...')
#2 C:\laragon\www\Capstone\system\Database\BaseConnection.php(598): CodeIgniter\Database\BaseConnection->simpleQuery('INSERT INTO `im...')
#3 C:\laragon\www\Capstone\system\Database\BaseBuilder.php(1771): CodeIgniter\Database\BaseConnection->query('INSERT INTO `im...', Array, false)
#4 C:\laragon\www\Capstone\system\Model.php(239): CodeIgniter\Database\BaseBuilder->insert()
#5 C:\laragon\www\Capstone\system\BaseModel.php(738): CodeIgniter\Model->doInsert(Array)
#6 C:\laragon\www\Capstone\system\Model.php(625): CodeIgniter\BaseModel->insert(Array, true)
#7 C:\laragon\www\Capstone\app\Controllers\DropzoneController.php(29): CodeIgniter\Model->insert(Array)
#8 C:\laragon\www\Capstone\system\CodeIgniter.php(832): App\Controllers\DropzoneController->dropzoneStore()
#9 C:\laragon\www\Capstone\system\CodeIgniter.php(419): CodeIgniter\CodeIgniter->runController(Object(App\Controllers\DropzoneController))
#10 C:\laragon\www\Capstone\system\CodeIgniter.php(326): CodeIgniter\CodeIgniter->handleRequest(NULL, Object(Config\Cache), false)
#11 C:\laragon\www\Capstone\public\index.php(37): CodeIgniter\CodeIgniter->run()
#12 C:\laragon\www\Capstone\system\Commands\Server\rewrite.php(43): require_once('C:\\laragon\\www\\...')
#13 {main}
