CRITICAL - 2022-06-17 16:41:03 --> Class 'App\Controllers\AccomodationModel' not found
#0 C:\laragon\www\eguide_login\system\CodeIgniter.php(832): App\Controllers\HotelsController->accomodation_list()
#1 C:\laragon\www\eguide_login\system\CodeIgniter.php(419): CodeIgniter\CodeIgniter->runController(Object(App\Controllers\HotelsController))
#2 C:\laragon\www\eguide_login\system\CodeIgniter.php(326): CodeIgniter\CodeIgniter->handleRequest(NULL, Object(Config\Cache), false)
#3 C:\laragon\www\eguide_login\public\index.php(37): CodeIgniter\CodeIgniter->run()
#4 C:\laragon\www\eguide_login\system\Commands\Server\rewrite.php(43): require_once('C:\\laragon\\www\\...')
#5 {main}
CRITICAL - 2022-06-17 16:41:38 --> Class 'App\Controllers\RestaurantModel' not found
#0 C:\laragon\www\eguide_login\system\CodeIgniter.php(832): App\Controllers\RestaurantController->restaurant_list()
#1 C:\laragon\www\eguide_login\system\CodeIgniter.php(419): CodeIgniter\CodeIgniter->runController(Object(App\Controllers\RestaurantController))
#2 C:\laragon\www\eguide_login\system\CodeIgniter.php(326): CodeIgniter\CodeIgniter->handleRequest(NULL, Object(Config\Cache), false)
#3 C:\laragon\www\eguide_login\public\index.php(37): CodeIgniter\CodeIgniter->run()
#4 C:\laragon\www\eguide_login\system\Commands\Server\rewrite.php(43): require_once('C:\\laragon\\www\\...')
#5 {main}
CRITICAL - 2022-06-17 16:42:08 --> Invalid argument supplied for foreach()
#0 C:\laragon\www\eguide_login\app\Views\restaurant_list.php(71): CodeIgniter\Debug\Exceptions->errorHandler(2, 'Invalid argumen...', 'C:\\laragon\\www\\...', 71, Array)
#1 C:\laragon\www\eguide_login\system\View\View.php(210): include('C:\\laragon\\www\\...')
#2 C:\laragon\www\eguide_login\system\View\View.php(213): CodeIgniter\View\View->CodeIgniter\View\{closure}()
#3 C:\laragon\www\eguide_login\system\Common.php(1089): CodeIgniter\View\View->render('restaurant_list', Array, true)
#4 C:\laragon\www\eguide_login\app\Controllers\RestaurantController.php(297): view('restaurant_list', Array)
#5 C:\laragon\www\eguide_login\system\CodeIgniter.php(832): App\Controllers\RestaurantController->restaurant_list()
#6 C:\laragon\www\eguide_login\system\CodeIgniter.php(419): CodeIgniter\CodeIgniter->runController(Object(App\Controllers\RestaurantController))
#7 C:\laragon\www\eguide_login\system\CodeIgniter.php(326): CodeIgniter\CodeIgniter->handleRequest(NULL, Object(Config\Cache), false)
#8 C:\laragon\www\eguide_login\public\index.php(37): CodeIgniter\CodeIgniter->run()
#9 C:\laragon\www\eguide_login\system\Commands\Server\rewrite.php(43): require_once('C:\\laragon\\www\\...')
#10 {main}
CRITICAL - 2022-06-17 16:43:52 --> syntax error, unexpected 'return' (T_RETURN), expecting ']'
#0 C:\laragon\www\eguide_login\system\Autoloader\Autoloader.php(241): CodeIgniter\Autoloader\Autoloader->includeFile('C:\\laragon\\www\\...')
#1 C:\laragon\www\eguide_login\system\Autoloader\Autoloader.php(219): CodeIgniter\Autoloader\Autoloader->loadInNamespace('App\\Controllers...')
#2 [internal function]: CodeIgniter\Autoloader\Autoloader->loadClass('App\\Controllers...')
#3 [internal function]: spl_autoload_call('App\\Controllers...')
#4 C:\laragon\www\eguide_login\system\CodeIgniter.php(797): class_exists('\\App\\Controller...', true)
#5 C:\laragon\www\eguide_login\system\CodeIgniter.php(406): CodeIgniter\CodeIgniter->startController()
#6 C:\laragon\www\eguide_login\system\CodeIgniter.php(326): CodeIgniter\CodeIgniter->handleRequest(NULL, Object(Config\Cache), false)
#7 C:\laragon\www\eguide_login\public\index.php(37): CodeIgniter\CodeIgniter->run()
#8 C:\laragon\www\eguide_login\system\Commands\Server\rewrite.php(43): require_once('C:\\laragon\\www\\...')
#9 {main}
CRITICAL - 2022-06-17 17:08:42 --> Class 'App\Controllers\AccomodationModel' not found
#0 C:\laragon\www\eguide_login\system\CodeIgniter.php(832): App\Controllers\HotelsController->accomodation_list()
#1 C:\laragon\www\eguide_login\system\CodeIgniter.php(419): CodeIgniter\CodeIgniter->runController(Object(App\Controllers\HotelsController))
#2 C:\laragon\www\eguide_login\system\CodeIgniter.php(326): CodeIgniter\CodeIgniter->handleRequest(NULL, Object(Config\Cache), false)
#3 C:\laragon\www\eguide_login\public\index.php(37): CodeIgniter\CodeIgniter->run()
#4 C:\laragon\www\eguide_login\system\Commands\Server\rewrite.php(43): require_once('C:\\laragon\\www\\...')
#5 {main}
CRITICAL - 2022-06-17 17:09:05 --> Invalid file: accomodation_list.php
#0 C:\laragon\www\eguide_login\system\View\View.php(198): CodeIgniter\Exceptions\FrameworkException::forInvalidFile('accomodation_li...')
#1 C:\laragon\www\eguide_login\system\Common.php(1089): CodeIgniter\View\View->render('accomodation_li...', Array, true)
#2 C:\laragon\www\eguide_login\app\Controllers\HotelsController.php(20): view('accomodation_li...', Array)
#3 C:\laragon\www\eguide_login\system\CodeIgniter.php(832): App\Controllers\HotelsController->accomodation_list()
#4 C:\laragon\www\eguide_login\system\CodeIgniter.php(419): CodeIgniter\CodeIgniter->runController(Object(App\Controllers\HotelsController))
#5 C:\laragon\www\eguide_login\system\CodeIgniter.php(326): CodeIgniter\CodeIgniter->handleRequest(NULL, Object(Config\Cache), false)
#6 C:\laragon\www\eguide_login\public\index.php(37): CodeIgniter\CodeIgniter->run()
#7 C:\laragon\www\eguide_login\system\Commands\Server\rewrite.php(43): require_once('C:\\laragon\\www\\...')
#8 {main}
CRITICAL - 2022-06-17 21:34:55 --> syntax error, unexpected '=>' (T_DOUBLE_ARROW), expecting ')'
#0 C:\laragon\www\eguide_login\system\Router\Router.php(175): CodeIgniter\Router\Router->autoRoute('DestinationCont...')
#1 C:\laragon\www\eguide_login\system\CodeIgniter.php(726): CodeIgniter\Router\Router->handle('DestinationCont...')
#2 C:\laragon\www\eguide_login\system\CodeIgniter.php(368): CodeIgniter\CodeIgniter->tryToRouteIt(Object(CodeIgniter\Router\RouteCollection))
#3 C:\laragon\www\eguide_login\system\CodeIgniter.php(326): CodeIgniter\CodeIgniter->handleRequest(NULL, Object(Config\Cache), false)
#4 C:\laragon\www\eguide_login\public\index.php(37): CodeIgniter\CodeIgniter->run()
#5 C:\laragon\www\eguide_login\system\Commands\Server\rewrite.php(43): require_once('C:\\laragon\\www\\...')
#6 {main}
ERROR - 2022-06-17 21:35:39 --> You have an error in your SQL syntax; check the manual that corresponds to your MySQL server version for the right syntax to use near 'IS NULL' at line 3
CRITICAL - 2022-06-17 21:35:39 --> You have an error in your SQL syntax; check the manual that corresponds to your MySQL server version for the right syntax to use near 'IS NULL' at line 3
#0 C:\laragon\www\eguide_login\system\Database\MySQLi\Connection.php(292): mysqli->query('SELECT *\nFROM `...', 0)
#1 C:\laragon\www\eguide_login\system\Database\BaseConnection.php(670): CodeIgniter\Database\MySQLi\Connection->execute('SELECT *\nFROM `...')
#2 C:\laragon\www\eguide_login\system\Database\BaseConnection.php(598): CodeIgniter\Database\BaseConnection->simpleQuery('SELECT *\nFROM `...')
#3 C:\laragon\www\eguide_login\system\Database\BaseBuilder.php(1455): CodeIgniter\Database\BaseConnection->query('SELECT *\nFROM `...', Array, false)
#4 C:\laragon\www\eguide_login\system\Model.php(183): CodeIgniter\Database\BaseBuilder->get()
#5 C:\laragon\www\eguide_login\system\BaseModel.php(584): CodeIgniter\Model->doFindAll(0, 0)
#6 C:\laragon\www\eguide_login\app\Controllers\DestinationController.php(41): CodeIgniter\BaseModel->findAll()
#7 C:\laragon\www\eguide_login\system\CodeIgniter.php(832): App\Controllers\DestinationController->morcal()
#8 C:\laragon\www\eguide_login\system\CodeIgniter.php(419): CodeIgniter\CodeIgniter->runController(Object(App\Controllers\DestinationController))
#9 C:\laragon\www\eguide_login\system\CodeIgniter.php(326): CodeIgniter\CodeIgniter->handleRequest(NULL, Object(Config\Cache), false)
#10 C:\laragon\www\eguide_login\public\index.php(37): CodeIgniter\CodeIgniter->run()
#11 C:\laragon\www\eguide_login\system\Commands\Server\rewrite.php(43): require_once('C:\\laragon\\www\\...')
#12 {main}
CRITICAL - 2022-06-17 21:40:32 --> syntax error, unexpected ';', expecting ']'
#0 C:\laragon\www\eguide_login\system\Router\Router.php(175): CodeIgniter\Router\Router->autoRoute('DestinationCont...')
#1 C:\laragon\www\eguide_login\system\CodeIgniter.php(726): CodeIgniter\Router\Router->handle('DestinationCont...')
#2 C:\laragon\www\eguide_login\system\CodeIgniter.php(368): CodeIgniter\CodeIgniter->tryToRouteIt(Object(CodeIgniter\Router\RouteCollection))
#3 C:\laragon\www\eguide_login\system\CodeIgniter.php(326): CodeIgniter\CodeIgniter->handleRequest(NULL, Object(Config\Cache), false)
#4 C:\laragon\www\eguide_login\public\index.php(37): CodeIgniter\CodeIgniter->run()
#5 C:\laragon\www\eguide_login\system\Commands\Server\rewrite.php(43): require_once('C:\\laragon\\www\\...')
#6 {main}
CRITICAL - 2022-06-17 21:40:55 --> Call to a member function select() on null
#0 C:\laragon\www\eguide_login\system\CodeIgniter.php(832): App\Controllers\DestinationController->morcal()
#1 C:\laragon\www\eguide_login\system\CodeIgniter.php(419): CodeIgniter\CodeIgniter->runController(Object(App\Controllers\DestinationController))
#2 C:\laragon\www\eguide_login\system\CodeIgniter.php(326): CodeIgniter\CodeIgniter->handleRequest(NULL, Object(Config\Cache), false)
#3 C:\laragon\www\eguide_login\public\index.php(37): CodeIgniter\CodeIgniter->run()
#4 C:\laragon\www\eguide_login\system\Commands\Server\rewrite.php(43): require_once('C:\\laragon\\www\\...')
#5 {main}
CRITICAL - 2022-06-17 21:47:34 --> Call to a member function paginate() on null
#0 C:\laragon\www\eguide_login\system\CodeIgniter.php(832): App\Controllers\DestinationController->morcal()
#1 C:\laragon\www\eguide_login\system\CodeIgniter.php(419): CodeIgniter\CodeIgniter->runController(Object(App\Controllers\DestinationController))
#2 C:\laragon\www\eguide_login\system\CodeIgniter.php(326): CodeIgniter\CodeIgniter->handleRequest(NULL, Object(Config\Cache), false)
#3 C:\laragon\www\eguide_login\public\index.php(37): CodeIgniter\CodeIgniter->run()
#4 C:\laragon\www\eguide_login\system\Commands\Server\rewrite.php(43): require_once('C:\\laragon\\www\\...')
#5 {main}
CRITICAL - 2022-06-17 21:49:31 --> Call to a member function paginate() on null
#0 C:\laragon\www\eguide_login\system\CodeIgniter.php(832): App\Controllers\DestinationController->morcal()
#1 C:\laragon\www\eguide_login\system\CodeIgniter.php(419): CodeIgniter\CodeIgniter->runController(Object(App\Controllers\DestinationController))
#2 C:\laragon\www\eguide_login\system\CodeIgniter.php(326): CodeIgniter\CodeIgniter->handleRequest(NULL, Object(Config\Cache), false)
#3 C:\laragon\www\eguide_login\public\index.php(37): CodeIgniter\CodeIgniter->run()
#4 C:\laragon\www\eguide_login\system\Commands\Server\rewrite.php(43): require_once('C:\\laragon\\www\\...')
#5 {main}
CRITICAL - 2022-06-17 21:49:32 --> Call to a member function paginate() on null
#0 C:\laragon\www\eguide_login\system\CodeIgniter.php(832): App\Controllers\DestinationController->morcal()
#1 C:\laragon\www\eguide_login\system\CodeIgniter.php(419): CodeIgniter\CodeIgniter->runController(Object(App\Controllers\DestinationController))
#2 C:\laragon\www\eguide_login\system\CodeIgniter.php(326): CodeIgniter\CodeIgniter->handleRequest(NULL, Object(Config\Cache), false)
#3 C:\laragon\www\eguide_login\public\index.php(37): CodeIgniter\CodeIgniter->run()
#4 C:\laragon\www\eguide_login\system\Commands\Server\rewrite.php(43): require_once('C:\\laragon\\www\\...')
#5 {main}
CRITICAL - 2022-06-17 21:49:33 --> Call to a member function paginate() on null
#0 C:\laragon\www\eguide_login\system\CodeIgniter.php(832): App\Controllers\DestinationController->morcal()
#1 C:\laragon\www\eguide_login\system\CodeIgniter.php(419): CodeIgniter\CodeIgniter->runController(Object(App\Controllers\DestinationController))
#2 C:\laragon\www\eguide_login\system\CodeIgniter.php(326): CodeIgniter\CodeIgniter->handleRequest(NULL, Object(Config\Cache), false)
#3 C:\laragon\www\eguide_login\public\index.php(37): CodeIgniter\CodeIgniter->run()
#4 C:\laragon\www\eguide_login\system\Commands\Server\rewrite.php(43): require_once('C:\\laragon\\www\\...')
#5 {main}
CRITICAL - 2022-06-17 21:49:58 --> Call to a member function paginate() on null
#0 C:\laragon\www\eguide_login\system\CodeIgniter.php(832): App\Controllers\DestinationController->morcal()
#1 C:\laragon\www\eguide_login\system\CodeIgniter.php(419): CodeIgniter\CodeIgniter->runController(Object(App\Controllers\DestinationController))
#2 C:\laragon\www\eguide_login\system\CodeIgniter.php(326): CodeIgniter\CodeIgniter->handleRequest(NULL, Object(Config\Cache), false)
#3 C:\laragon\www\eguide_login\public\index.php(37): CodeIgniter\CodeIgniter->run()
#4 C:\laragon\www\eguide_login\system\Commands\Server\rewrite.php(43): require_once('C:\\laragon\\www\\...')
#5 {main}
CRITICAL - 2022-06-17 21:55:55 --> syntax error, unexpected ')'
#0 C:\laragon\www\eguide_login\system\Router\Router.php(175): CodeIgniter\Router\Router->autoRoute('DestinationCont...')
#1 C:\laragon\www\eguide_login\system\CodeIgniter.php(726): CodeIgniter\Router\Router->handle('DestinationCont...')
#2 C:\laragon\www\eguide_login\system\CodeIgniter.php(368): CodeIgniter\CodeIgniter->tryToRouteIt(Object(CodeIgniter\Router\RouteCollection))
#3 C:\laragon\www\eguide_login\system\CodeIgniter.php(326): CodeIgniter\CodeIgniter->handleRequest(NULL, Object(Config\Cache), false)
#4 C:\laragon\www\eguide_login\public\index.php(37): CodeIgniter\CodeIgniter->run()
#5 C:\laragon\www\eguide_login\system\Commands\Server\rewrite.php(43): require_once('C:\\laragon\\www\\...')
#6 {main}
CRITICAL - 2022-06-17 21:56:06 --> syntax error, unexpected '{', expecting '('
#0 C:\laragon\www\eguide_login\system\Router\Router.php(175): CodeIgniter\Router\Router->autoRoute('DestinationCont...')
#1 C:\laragon\www\eguide_login\system\CodeIgniter.php(726): CodeIgniter\Router\Router->handle('DestinationCont...')
#2 C:\laragon\www\eguide_login\system\CodeIgniter.php(368): CodeIgniter\CodeIgniter->tryToRouteIt(Object(CodeIgniter\Router\RouteCollection))
#3 C:\laragon\www\eguide_login\system\CodeIgniter.php(326): CodeIgniter\CodeIgniter->handleRequest(NULL, Object(Config\Cache), false)
#4 C:\laragon\www\eguide_login\public\index.php(37): CodeIgniter\CodeIgniter->run()
#5 C:\laragon\www\eguide_login\system\Commands\Server\rewrite.php(43): require_once('C:\\laragon\\www\\...')
#6 {main}
CRITICAL - 2022-06-17 21:56:37 --> syntax error, unexpected '}'
#0 C:\laragon\www\eguide_login\system\Router\Router.php(175): CodeIgniter\Router\Router->autoRoute('DestinationCont...')
#1 C:\laragon\www\eguide_login\system\CodeIgniter.php(726): CodeIgniter\Router\Router->handle('DestinationCont...')
#2 C:\laragon\www\eguide_login\system\CodeIgniter.php(368): CodeIgniter\CodeIgniter->tryToRouteIt(Object(CodeIgniter\Router\RouteCollection))
#3 C:\laragon\www\eguide_login\system\CodeIgniter.php(326): CodeIgniter\CodeIgniter->handleRequest(NULL, Object(Config\Cache), false)
#4 C:\laragon\www\eguide_login\public\index.php(37): CodeIgniter\CodeIgniter->run()
#5 C:\laragon\www\eguide_login\system\Commands\Server\rewrite.php(43): require_once('C:\\laragon\\www\\...')
#6 {main}
CRITICAL - 2022-06-17 21:56:48 --> syntax error, unexpected '}'
#0 C:\laragon\www\eguide_login\system\Router\Router.php(175): CodeIgniter\Router\Router->autoRoute('DestinationCont...')
#1 C:\laragon\www\eguide_login\system\CodeIgniter.php(726): CodeIgniter\Router\Router->handle('DestinationCont...')
#2 C:\laragon\www\eguide_login\system\CodeIgniter.php(368): CodeIgniter\CodeIgniter->tryToRouteIt(Object(CodeIgniter\Router\RouteCollection))
#3 C:\laragon\www\eguide_login\system\CodeIgniter.php(326): CodeIgniter\CodeIgniter->handleRequest(NULL, Object(Config\Cache), false)
#4 C:\laragon\www\eguide_login\public\index.php(37): CodeIgniter\CodeIgniter->run()
#5 C:\laragon\www\eguide_login\system\Commands\Server\rewrite.php(43): require_once('C:\\laragon\\www\\...')
#6 {main}
CRITICAL - 2022-06-17 21:57:15 --> syntax error, unexpected '$data' (T_VARIABLE)
#0 C:\laragon\www\eguide_login\system\Router\Router.php(175): CodeIgniter\Router\Router->autoRoute('DestinationCont...')
#1 C:\laragon\www\eguide_login\system\CodeIgniter.php(726): CodeIgniter\Router\Router->handle('DestinationCont...')
#2 C:\laragon\www\eguide_login\system\CodeIgniter.php(368): CodeIgniter\CodeIgniter->tryToRouteIt(Object(CodeIgniter\Router\RouteCollection))
#3 C:\laragon\www\eguide_login\system\CodeIgniter.php(326): CodeIgniter\CodeIgniter->handleRequest(NULL, Object(Config\Cache), false)
#4 C:\laragon\www\eguide_login\public\index.php(37): CodeIgniter\CodeIgniter->run()
#5 C:\laragon\www\eguide_login\system\Commands\Server\rewrite.php(43): require_once('C:\\laragon\\www\\...')
#6 {main}
CRITICAL - 2022-06-17 21:57:30 --> syntax error, unexpected '}'
#0 C:\laragon\www\eguide_login\system\Router\Router.php(175): CodeIgniter\Router\Router->autoRoute('DestinationCont...')
#1 C:\laragon\www\eguide_login\system\CodeIgniter.php(726): CodeIgniter\Router\Router->handle('DestinationCont...')
#2 C:\laragon\www\eguide_login\system\CodeIgniter.php(368): CodeIgniter\CodeIgniter->tryToRouteIt(Object(CodeIgniter\Router\RouteCollection))
#3 C:\laragon\www\eguide_login\system\CodeIgniter.php(326): CodeIgniter\CodeIgniter->handleRequest(NULL, Object(Config\Cache), false)
#4 C:\laragon\www\eguide_login\public\index.php(37): CodeIgniter\CodeIgniter->run()
#5 C:\laragon\www\eguide_login\system\Commands\Server\rewrite.php(43): require_once('C:\\laragon\\www\\...')
#6 {main}
CRITICAL - 2022-06-17 22:01:39 --> syntax error, unexpected ';', expecting ']'
#0 C:\laragon\www\eguide_login\system\Router\Router.php(175): CodeIgniter\Router\Router->autoRoute('DestinationCont...')
#1 C:\laragon\www\eguide_login\system\CodeIgniter.php(726): CodeIgniter\Router\Router->handle('DestinationCont...')
#2 C:\laragon\www\eguide_login\system\CodeIgniter.php(368): CodeIgniter\CodeIgniter->tryToRouteIt(Object(CodeIgniter\Router\RouteCollection))
#3 C:\laragon\www\eguide_login\system\CodeIgniter.php(326): CodeIgniter\CodeIgniter->handleRequest(NULL, Object(Config\Cache), false)
#4 C:\laragon\www\eguide_login\public\index.php(37): CodeIgniter\CodeIgniter->run()
#5 C:\laragon\www\eguide_login\system\Commands\Server\rewrite.php(43): require_once('C:\\laragon\\www\\...')
#6 {main}
CRITICAL - 2022-06-17 22:01:53 --> syntax error, unexpected ';', expecting ']'
#0 C:\laragon\www\eguide_login\system\Router\Router.php(175): CodeIgniter\Router\Router->autoRoute('DestinationCont...')
#1 C:\laragon\www\eguide_login\system\CodeIgniter.php(726): CodeIgniter\Router\Router->handle('DestinationCont...')
#2 C:\laragon\www\eguide_login\system\CodeIgniter.php(368): CodeIgniter\CodeIgniter->tryToRouteIt(Object(CodeIgniter\Router\RouteCollection))
#3 C:\laragon\www\eguide_login\system\CodeIgniter.php(326): CodeIgniter\CodeIgniter->handleRequest(NULL, Object(Config\Cache), false)
#4 C:\laragon\www\eguide_login\public\index.php(37): CodeIgniter\CodeIgniter->run()
#5 C:\laragon\www\eguide_login\system\Commands\Server\rewrite.php(43): require_once('C:\\laragon\\www\\...')
#6 {main}
CRITICAL - 2022-06-17 22:02:09 --> Call to a member function where() on null
#0 C:\laragon\www\eguide_login\system\CodeIgniter.php(832): App\Controllers\DestinationController->morcal()
#1 C:\laragon\www\eguide_login\system\CodeIgniter.php(419): CodeIgniter\CodeIgniter->runController(Object(App\Controllers\DestinationController))
#2 C:\laragon\www\eguide_login\system\CodeIgniter.php(326): CodeIgniter\CodeIgniter->handleRequest(NULL, Object(Config\Cache), false)
#3 C:\laragon\www\eguide_login\public\index.php(37): CodeIgniter\CodeIgniter->run()
#4 C:\laragon\www\eguide_login\system\Commands\Server\rewrite.php(43): require_once('C:\\laragon\\www\\...')
#5 {main}
CRITICAL - 2022-06-17 22:02:27 --> Call to a member function where() on null
#0 C:\laragon\www\eguide_login\system\CodeIgniter.php(832): App\Controllers\DestinationController->morcal()
#1 C:\laragon\www\eguide_login\system\CodeIgniter.php(419): CodeIgniter\CodeIgniter->runController(Object(App\Controllers\DestinationController))
#2 C:\laragon\www\eguide_login\system\CodeIgniter.php(326): CodeIgniter\CodeIgniter->handleRequest(NULL, Object(Config\Cache), false)
#3 C:\laragon\www\eguide_login\public\index.php(37): CodeIgniter\CodeIgniter->run()
#4 C:\laragon\www\eguide_login\system\Commands\Server\rewrite.php(43): require_once('C:\\laragon\\www\\...')
#5 {main}
CRITICAL - 2022-06-17 22:12:13 --> syntax error, unexpected ';', expecting ']'
#0 C:\laragon\www\eguide_login\system\Router\Router.php(175): CodeIgniter\Router\Router->autoRoute('DestinationCont...')
#1 C:\laragon\www\eguide_login\system\CodeIgniter.php(726): CodeIgniter\Router\Router->handle('DestinationCont...')
#2 C:\laragon\www\eguide_login\system\CodeIgniter.php(368): CodeIgniter\CodeIgniter->tryToRouteIt(Object(CodeIgniter\Router\RouteCollection))
#3 C:\laragon\www\eguide_login\system\CodeIgniter.php(326): CodeIgniter\CodeIgniter->handleRequest(NULL, Object(Config\Cache), false)
#4 C:\laragon\www\eguide_login\public\index.php(37): CodeIgniter\CodeIgniter->run()
#5 C:\laragon\www\eguide_login\system\Commands\Server\rewrite.php(43): require_once('C:\\laragon\\www\\...')
#6 {main}
CRITICAL - 2022-06-17 22:12:28 --> syntax error, unexpected ';', expecting ']'
#0 C:\laragon\www\eguide_login\system\Router\Router.php(175): CodeIgniter\Router\Router->autoRoute('DestinationCont...')
#1 C:\laragon\www\eguide_login\system\CodeIgniter.php(726): CodeIgniter\Router\Router->handle('DestinationCont...')
#2 C:\laragon\www\eguide_login\system\CodeIgniter.php(368): CodeIgniter\CodeIgniter->tryToRouteIt(Object(CodeIgniter\Router\RouteCollection))
#3 C:\laragon\www\eguide_login\system\CodeIgniter.php(326): CodeIgniter\CodeIgniter->handleRequest(NULL, Object(Config\Cache), false)
#4 C:\laragon\www\eguide_login\public\index.php(37): CodeIgniter\CodeIgniter->run()
#5 C:\laragon\www\eguide_login\system\Commands\Server\rewrite.php(43): require_once('C:\\laragon\\www\\...')
#6 {main}
CRITICAL - 2022-06-17 22:12:29 --> syntax error, unexpected ';', expecting ']'
#0 C:\laragon\www\eguide_login\system\Router\Router.php(175): CodeIgniter\Router\Router->autoRoute('DestinationCont...')
#1 C:\laragon\www\eguide_login\system\CodeIgniter.php(726): CodeIgniter\Router\Router->handle('DestinationCont...')
#2 C:\laragon\www\eguide_login\system\CodeIgniter.php(368): CodeIgniter\CodeIgniter->tryToRouteIt(Object(CodeIgniter\Router\RouteCollection))
#3 C:\laragon\www\eguide_login\system\CodeIgniter.php(326): CodeIgniter\CodeIgniter->handleRequest(NULL, Object(Config\Cache), false)
#4 C:\laragon\www\eguide_login\public\index.php(37): CodeIgniter\CodeIgniter->run()
#5 C:\laragon\www\eguide_login\system\Commands\Server\rewrite.php(43): require_once('C:\\laragon\\www\\...')
#6 {main}
CRITICAL - 2022-06-17 22:12:29 --> syntax error, unexpected ';', expecting ']'
#0 C:\laragon\www\eguide_login\system\Router\Router.php(175): CodeIgniter\Router\Router->autoRoute('DestinationCont...')
#1 C:\laragon\www\eguide_login\system\CodeIgniter.php(726): CodeIgniter\Router\Router->handle('DestinationCont...')
#2 C:\laragon\www\eguide_login\system\CodeIgniter.php(368): CodeIgniter\CodeIgniter->tryToRouteIt(Object(CodeIgniter\Router\RouteCollection))
#3 C:\laragon\www\eguide_login\system\CodeIgniter.php(326): CodeIgniter\CodeIgniter->handleRequest(NULL, Object(Config\Cache), false)
#4 C:\laragon\www\eguide_login\public\index.php(37): CodeIgniter\CodeIgniter->run()
#5 C:\laragon\www\eguide_login\system\Commands\Server\rewrite.php(43): require_once('C:\\laragon\\www\\...')
#6 {main}
CRITICAL - 2022-06-17 22:12:30 --> syntax error, unexpected ';', expecting ']'
#0 C:\laragon\www\eguide_login\system\Router\Router.php(175): CodeIgniter\Router\Router->autoRoute('DestinationCont...')
#1 C:\laragon\www\eguide_login\system\CodeIgniter.php(726): CodeIgniter\Router\Router->handle('DestinationCont...')
#2 C:\laragon\www\eguide_login\system\CodeIgniter.php(368): CodeIgniter\CodeIgniter->tryToRouteIt(Object(CodeIgniter\Router\RouteCollection))
#3 C:\laragon\www\eguide_login\system\CodeIgniter.php(326): CodeIgniter\CodeIgniter->handleRequest(NULL, Object(Config\Cache), false)
#4 C:\laragon\www\eguide_login\public\index.php(37): CodeIgniter\CodeIgniter->run()
#5 C:\laragon\www\eguide_login\system\Commands\Server\rewrite.php(43): require_once('C:\\laragon\\www\\...')
#6 {main}
