CRITICAL - 2022-07-01 06:26:07 --> syntax error, unexpected ':', expecting ')'
#0 C:\laragon\www\eguide_login-main\system\Autoloader\Autoloader.php(241): CodeIgniter\Autoloader\Autoloader->includeFile('C:\\laragon\\www\\...')
#1 C:\laragon\www\eguide_login-main\system\Autoloader\Autoloader.php(219): CodeIgniter\Autoloader\Autoloader->loadInNamespace('App\\Controllers...')
#2 [internal function]: CodeIgniter\Autoloader\Autoloader->loadClass('App\\Controllers...')
#3 [internal function]: spl_autoload_call('App\\Controllers...')
#4 C:\laragon\www\eguide_login-main\system\CodeIgniter.php(797): class_exists('\\App\\Controller...', true)
#5 C:\laragon\www\eguide_login-main\system\CodeIgniter.php(406): CodeIgniter\CodeIgniter->startController()
#6 C:\laragon\www\eguide_login-main\system\CodeIgniter.php(326): CodeIgniter\CodeIgniter->handleRequest(NULL, Object(Config\Cache), false)
#7 C:\laragon\www\eguide_login-main\public\index.php(37): CodeIgniter\CodeIgniter->run()
#8 C:\laragon\www\eguide_login-main\system\Commands\Server\rewrite.php(43): require_once('C:\\laragon\\www\\...')
#9 {main}
CRITICAL - 2022-07-01 06:28:11 --> Call to undefined method CodeIgniter\Database\MySQLi\Result::getAllResult()
#0 C:\laragon\www\eguide_login-main\app\Controllers\ProfileController.php(74): App\Models\DestinationModel->getIdPlace()
#1 C:\laragon\www\eguide_login-main\system\CodeIgniter.php(832): App\Controllers\ProfileController->testingData()
#2 C:\laragon\www\eguide_login-main\system\CodeIgniter.php(419): CodeIgniter\CodeIgniter->runController(Object(App\Controllers\ProfileController))
#3 C:\laragon\www\eguide_login-main\system\CodeIgniter.php(326): CodeIgniter\CodeIgniter->handleRequest(NULL, Object(Config\Cache), false)
#4 C:\laragon\www\eguide_login-main\public\index.php(37): CodeIgniter\CodeIgniter->run()
#5 C:\laragon\www\eguide_login-main\system\Commands\Server\rewrite.php(43): require_once('C:\\laragon\\www\\...')
#6 {main}
CRITICAL - 2022-07-01 06:30:08 --> syntax error, unexpected 'get' (T_STRING), expecting ';'
#0 C:\laragon\www\eguide_login-main\system\Autoloader\Autoloader.php(241): CodeIgniter\Autoloader\Autoloader->includeFile('C:\\laragon\\www\\...')
#1 C:\laragon\www\eguide_login-main\system\Autoloader\Autoloader.php(219): CodeIgniter\Autoloader\Autoloader->loadInNamespace('App\\Models\\Dest...')
#2 [internal function]: CodeIgniter\Autoloader\Autoloader->loadClass('App\\Models\\Dest...')
#3 [internal function]: spl_autoload_call('App\\Models\\Dest...')
#4 C:\laragon\www\eguide_login-main\system\Config\Factories.php(136): class_exists('App\\Models\\Dest...')
#5 C:\laragon\www\eguide_login-main\system\Config\Factories.php(106): CodeIgniter\Config\Factories::locateClass(Array, 'App\\Models\\Dest...')
#6 C:\laragon\www\eguide_login-main\system\Common.php(780): CodeIgniter\Config\Factories::__callStatic('models', Array)
#7 C:\laragon\www\eguide_login-main\app\Controllers\ProfileController.php(72): model('App\\Models\\Dest...')
#8 C:\laragon\www\eguide_login-main\system\CodeIgniter.php(832): App\Controllers\ProfileController->testingData()
#9 C:\laragon\www\eguide_login-main\system\CodeIgniter.php(419): CodeIgniter\CodeIgniter->runController(Object(App\Controllers\ProfileController))
#10 C:\laragon\www\eguide_login-main\system\CodeIgniter.php(326): CodeIgniter\CodeIgniter->handleRequest(NULL, Object(Config\Cache), false)
#11 C:\laragon\www\eguide_login-main\public\index.php(37): CodeIgniter\CodeIgniter->run()
#12 C:\laragon\www\eguide_login-main\system\Commands\Server\rewrite.php(43): require_once('C:\\laragon\\www\\...')
#13 {main}
CRITICAL - 2022-07-01 06:39:24 --> Cannot use object of type stdClass as array
#0 C:\laragon\www\eguide_login-main\system\CodeIgniter.php(832): App\Controllers\ProfileController->testingData()
#1 C:\laragon\www\eguide_login-main\system\CodeIgniter.php(419): CodeIgniter\CodeIgniter->runController(Object(App\Controllers\ProfileController))
#2 C:\laragon\www\eguide_login-main\system\CodeIgniter.php(326): CodeIgniter\CodeIgniter->handleRequest(NULL, Object(Config\Cache), false)
#3 C:\laragon\www\eguide_login-main\public\index.php(37): CodeIgniter\CodeIgniter->run()
#4 C:\laragon\www\eguide_login-main\system\Commands\Server\rewrite.php(43): require_once('C:\\laragon\\www\\...')
#5 {main}
CRITICAL - 2022-07-01 06:43:36 --> syntax error, unexpected ';', expecting ']'
#0 C:\laragon\www\eguide_login-main\system\Autoloader\Autoloader.php(241): CodeIgniter\Autoloader\Autoloader->includeFile('C:\\laragon\\www\\...')
#1 C:\laragon\www\eguide_login-main\system\Autoloader\Autoloader.php(219): CodeIgniter\Autoloader\Autoloader->loadInNamespace('App\\Controllers...')
#2 [internal function]: CodeIgniter\Autoloader\Autoloader->loadClass('App\\Controllers...')
#3 [internal function]: spl_autoload_call('App\\Controllers...')
#4 C:\laragon\www\eguide_login-main\system\CodeIgniter.php(797): class_exists('\\App\\Controller...', true)
#5 C:\laragon\www\eguide_login-main\system\CodeIgniter.php(406): CodeIgniter\CodeIgniter->startController()
#6 C:\laragon\www\eguide_login-main\system\CodeIgniter.php(326): CodeIgniter\CodeIgniter->handleRequest(NULL, Object(Config\Cache), false)
#7 C:\laragon\www\eguide_login-main\public\index.php(37): CodeIgniter\CodeIgniter->run()
#8 C:\laragon\www\eguide_login-main\system\Commands\Server\rewrite.php(43): require_once('C:\\laragon\\www\\...')
#9 {main}
CRITICAL - 2022-07-01 06:43:49 --> Too few arguments to function App\Models\DestinationModel::getIdPlace(), 0 passed in C:\laragon\www\eguide_login-main\app\Controllers\ProfileController.php on line 79 and exactly 1 expected
#0 C:\laragon\www\eguide_login-main\app\Controllers\ProfileController.php(79): App\Models\DestinationModel->getIdPlace()
#1 C:\laragon\www\eguide_login-main\system\CodeIgniter.php(832): App\Controllers\ProfileController->testingData()
#2 C:\laragon\www\eguide_login-main\system\CodeIgniter.php(419): CodeIgniter\CodeIgniter->runController(Object(App\Controllers\ProfileController))
#3 C:\laragon\www\eguide_login-main\system\CodeIgniter.php(326): CodeIgniter\CodeIgniter->handleRequest(NULL, Object(Config\Cache), false)
#4 C:\laragon\www\eguide_login-main\public\index.php(37): CodeIgniter\CodeIgniter->run()
#5 C:\laragon\www\eguide_login-main\system\Commands\Server\rewrite.php(43): require_once('C:\\laragon\\www\\...')
#6 {main}
CRITICAL - 2022-07-01 06:44:11 --> Too few arguments to function App\Models\DestinationModel::getIdPlace(), 0 passed in C:\laragon\www\eguide_login-main\app\Controllers\ProfileController.php on line 79 and exactly 1 expected
#0 C:\laragon\www\eguide_login-main\app\Controllers\ProfileController.php(79): App\Models\DestinationModel->getIdPlace()
#1 C:\laragon\www\eguide_login-main\system\CodeIgniter.php(832): App\Controllers\ProfileController->testingData()
#2 C:\laragon\www\eguide_login-main\system\CodeIgniter.php(419): CodeIgniter\CodeIgniter->runController(Object(App\Controllers\ProfileController))
#3 C:\laragon\www\eguide_login-main\system\CodeIgniter.php(326): CodeIgniter\CodeIgniter->handleRequest(NULL, Object(Config\Cache), false)
#4 C:\laragon\www\eguide_login-main\public\index.php(37): CodeIgniter\CodeIgniter->run()
#5 C:\laragon\www\eguide_login-main\system\Commands\Server\rewrite.php(43): require_once('C:\\laragon\\www\\...')
#6 {main}
CRITICAL - 2022-07-01 06:44:12 --> Too few arguments to function App\Models\DestinationModel::getIdPlace(), 0 passed in C:\laragon\www\eguide_login-main\app\Controllers\ProfileController.php on line 79 and exactly 1 expected
#0 C:\laragon\www\eguide_login-main\app\Controllers\ProfileController.php(79): App\Models\DestinationModel->getIdPlace()
#1 C:\laragon\www\eguide_login-main\system\CodeIgniter.php(832): App\Controllers\ProfileController->testingData()
#2 C:\laragon\www\eguide_login-main\system\CodeIgniter.php(419): CodeIgniter\CodeIgniter->runController(Object(App\Controllers\ProfileController))
#3 C:\laragon\www\eguide_login-main\system\CodeIgniter.php(326): CodeIgniter\CodeIgniter->handleRequest(NULL, Object(Config\Cache), false)
#4 C:\laragon\www\eguide_login-main\public\index.php(37): CodeIgniter\CodeIgniter->run()
#5 C:\laragon\www\eguide_login-main\system\Commands\Server\rewrite.php(43): require_once('C:\\laragon\\www\\...')
#6 {main}
CRITICAL - 2022-07-01 06:44:52 --> Too few arguments to function App\Models\DestinationModel::getIdPlace(), 0 passed in C:\laragon\www\eguide_login-main\app\Controllers\ProfileController.php on line 79 and exactly 1 expected
#0 C:\laragon\www\eguide_login-main\app\Controllers\ProfileController.php(79): App\Models\DestinationModel->getIdPlace()
#1 C:\laragon\www\eguide_login-main\system\CodeIgniter.php(832): App\Controllers\ProfileController->testingData()
#2 C:\laragon\www\eguide_login-main\system\CodeIgniter.php(419): CodeIgniter\CodeIgniter->runController(Object(App\Controllers\ProfileController))
#3 C:\laragon\www\eguide_login-main\system\CodeIgniter.php(326): CodeIgniter\CodeIgniter->handleRequest(NULL, Object(Config\Cache), false)
#4 C:\laragon\www\eguide_login-main\public\index.php(37): CodeIgniter\CodeIgniter->run()
#5 C:\laragon\www\eguide_login-main\system\Commands\Server\rewrite.php(43): require_once('C:\\laragon\\www\\...')
#6 {main}
CRITICAL - 2022-07-01 06:44:55 --> Too few arguments to function App\Models\DestinationModel::getIdPlace(), 0 passed in C:\laragon\www\eguide_login-main\app\Controllers\ProfileController.php on line 79 and exactly 1 expected
#0 C:\laragon\www\eguide_login-main\app\Controllers\ProfileController.php(79): App\Models\DestinationModel->getIdPlace()
#1 C:\laragon\www\eguide_login-main\system\CodeIgniter.php(832): App\Controllers\ProfileController->testingData()
#2 C:\laragon\www\eguide_login-main\system\CodeIgniter.php(419): CodeIgniter\CodeIgniter->runController(Object(App\Controllers\ProfileController))
#3 C:\laragon\www\eguide_login-main\system\CodeIgniter.php(326): CodeIgniter\CodeIgniter->handleRequest(NULL, Object(Config\Cache), false)
#4 C:\laragon\www\eguide_login-main\public\index.php(37): CodeIgniter\CodeIgniter->run()
#5 C:\laragon\www\eguide_login-main\system\Commands\Server\rewrite.php(43): require_once('C:\\laragon\\www\\...')
#6 {main}
CRITICAL - 2022-07-01 06:45:50 --> Too few arguments to function App\Models\DestinationModel::getIdPlace(), 0 passed in C:\laragon\www\eguide_login-main\app\Controllers\ProfileController.php on line 79 and exactly 1 expected
#0 C:\laragon\www\eguide_login-main\app\Controllers\ProfileController.php(79): App\Models\DestinationModel->getIdPlace()
#1 C:\laragon\www\eguide_login-main\system\CodeIgniter.php(832): App\Controllers\ProfileController->testingData()
#2 C:\laragon\www\eguide_login-main\system\CodeIgniter.php(419): CodeIgniter\CodeIgniter->runController(Object(App\Controllers\ProfileController))
#3 C:\laragon\www\eguide_login-main\system\CodeIgniter.php(326): CodeIgniter\CodeIgniter->handleRequest(NULL, Object(Config\Cache), false)
#4 C:\laragon\www\eguide_login-main\public\index.php(37): CodeIgniter\CodeIgniter->run()
#5 C:\laragon\www\eguide_login-main\system\Commands\Server\rewrite.php(43): require_once('C:\\laragon\\www\\...')
#6 {main}
CRITICAL - 2022-07-01 06:48:20 --> Cannot use object of type stdClass as array
#0 C:\laragon\www\eguide_login-main\system\View\View.php(210): include()
#1 C:\laragon\www\eguide_login-main\system\View\View.php(213): CodeIgniter\View\View->CodeIgniter\View\{closure}()
#2 C:\laragon\www\eguide_login-main\system\Common.php(1089): CodeIgniter\View\View->render('destination_det...', Array, true)
#3 C:\laragon\www\eguide_login-main\app\Controllers\ProfileController.php(60): view('destination_det...', Array)
#4 C:\laragon\www\eguide_login-main\system\CodeIgniter.php(832): App\Controllers\ProfileController->test('18')
#5 C:\laragon\www\eguide_login-main\system\CodeIgniter.php(419): CodeIgniter\CodeIgniter->runController(Object(App\Controllers\ProfileController))
#6 C:\laragon\www\eguide_login-main\system\CodeIgniter.php(326): CodeIgniter\CodeIgniter->handleRequest(NULL, Object(Config\Cache), false)
#7 C:\laragon\www\eguide_login-main\public\index.php(37): CodeIgniter\CodeIgniter->run()
#8 C:\laragon\www\eguide_login-main\system\Commands\Server\rewrite.php(43): require_once('C:\\laragon\\www\\...')
#9 {main}
CRITICAL - 2022-07-01 07:36:53 --> Call to a member function where() on null
#0 C:\laragon\www\eguide_login-main\system\CodeIgniter.php(832): App\Controllers\RestaurantController->rescal()
#1 C:\laragon\www\eguide_login-main\system\CodeIgniter.php(419): CodeIgniter\CodeIgniter->runController(Object(App\Controllers\RestaurantController))
#2 C:\laragon\www\eguide_login-main\system\CodeIgniter.php(326): CodeIgniter\CodeIgniter->handleRequest(NULL, Object(Config\Cache), false)
#3 C:\laragon\www\eguide_login-main\public\index.php(37): CodeIgniter\CodeIgniter->run()
#4 C:\laragon\www\eguide_login-main\system\Commands\Server\rewrite.php(43): require_once('C:\\laragon\\www\\...')
#5 {main}
CRITICAL - 2022-07-01 07:37:50 --> Call to a member function where() on null
#0 C:\laragon\www\eguide_login-main\system\CodeIgniter.php(832): App\Controllers\RestaurantController->rescal()
#1 C:\laragon\www\eguide_login-main\system\CodeIgniter.php(419): CodeIgniter\CodeIgniter->runController(Object(App\Controllers\RestaurantController))
#2 C:\laragon\www\eguide_login-main\system\CodeIgniter.php(326): CodeIgniter\CodeIgniter->handleRequest(NULL, Object(Config\Cache), false)
#3 C:\laragon\www\eguide_login-main\public\index.php(37): CodeIgniter\CodeIgniter->run()
#4 C:\laragon\www\eguide_login-main\system\Commands\Server\rewrite.php(43): require_once('C:\\laragon\\www\\...')
#5 {main}
CRITICAL - 2022-07-01 07:39:36 --> Call to a member function where() on null
#0 C:\laragon\www\eguide_login-main\system\CodeIgniter.php(832): App\Controllers\RestaurantController->rescal()
#1 C:\laragon\www\eguide_login-main\system\CodeIgniter.php(419): CodeIgniter\CodeIgniter->runController(Object(App\Controllers\RestaurantController))
#2 C:\laragon\www\eguide_login-main\system\CodeIgniter.php(326): CodeIgniter\CodeIgniter->handleRequest(NULL, Object(Config\Cache), false)
#3 C:\laragon\www\eguide_login-main\public\index.php(37): CodeIgniter\CodeIgniter->run()
#4 C:\laragon\www\eguide_login-main\system\Commands\Server\rewrite.php(43): require_once('C:\\laragon\\www\\...')
#5 {main}
CRITICAL - 2022-07-01 07:39:36 --> Call to a member function where() on null
#0 C:\laragon\www\eguide_login-main\system\CodeIgniter.php(832): App\Controllers\RestaurantController->rescal()
#1 C:\laragon\www\eguide_login-main\system\CodeIgniter.php(419): CodeIgniter\CodeIgniter->runController(Object(App\Controllers\RestaurantController))
#2 C:\laragon\www\eguide_login-main\system\CodeIgniter.php(326): CodeIgniter\CodeIgniter->handleRequest(NULL, Object(Config\Cache), false)
#3 C:\laragon\www\eguide_login-main\public\index.php(37): CodeIgniter\CodeIgniter->run()
#4 C:\laragon\www\eguide_login-main\system\Commands\Server\rewrite.php(43): require_once('C:\\laragon\\www\\...')
#5 {main}
CRITICAL - 2022-07-01 07:39:37 --> Call to a member function where() on null
#0 C:\laragon\www\eguide_login-main\system\CodeIgniter.php(832): App\Controllers\RestaurantController->rescal()
#1 C:\laragon\www\eguide_login-main\system\CodeIgniter.php(419): CodeIgniter\CodeIgniter->runController(Object(App\Controllers\RestaurantController))
#2 C:\laragon\www\eguide_login-main\system\CodeIgniter.php(326): CodeIgniter\CodeIgniter->handleRequest(NULL, Object(Config\Cache), false)
#3 C:\laragon\www\eguide_login-main\public\index.php(37): CodeIgniter\CodeIgniter->run()
#4 C:\laragon\www\eguide_login-main\system\Commands\Server\rewrite.php(43): require_once('C:\\laragon\\www\\...')
#5 {main}
CRITICAL - 2022-07-01 07:42:02 --> Call to a member function where() on null
#0 C:\laragon\www\eguide_login-main\system\CodeIgniter.php(832): App\Controllers\RestaurantController->rescal()
#1 C:\laragon\www\eguide_login-main\system\CodeIgniter.php(419): CodeIgniter\CodeIgniter->runController(Object(App\Controllers\RestaurantController))
#2 C:\laragon\www\eguide_login-main\system\CodeIgniter.php(326): CodeIgniter\CodeIgniter->handleRequest(NULL, Object(Config\Cache), false)
#3 C:\laragon\www\eguide_login-main\public\index.php(37): CodeIgniter\CodeIgniter->run()
#4 C:\laragon\www\eguide_login-main\system\Commands\Server\rewrite.php(43): require_once('C:\\laragon\\www\\...')
#5 {main}
CRITICAL - 2022-07-01 07:42:05 --> Call to a member function where() on null
#0 C:\laragon\www\eguide_login-main\system\CodeIgniter.php(832): App\Controllers\RestaurantController->rescal()
#1 C:\laragon\www\eguide_login-main\system\CodeIgniter.php(419): CodeIgniter\CodeIgniter->runController(Object(App\Controllers\RestaurantController))
#2 C:\laragon\www\eguide_login-main\system\CodeIgniter.php(326): CodeIgniter\CodeIgniter->handleRequest(NULL, Object(Config\Cache), false)
#3 C:\laragon\www\eguide_login-main\public\index.php(37): CodeIgniter\CodeIgniter->run()
#4 C:\laragon\www\eguide_login-main\system\Commands\Server\rewrite.php(43): require_once('C:\\laragon\\www\\...')
#5 {main}
CRITICAL - 2022-07-01 07:46:01 --> Call to a member function where() on null
#0 C:\laragon\www\eguide_login-main\system\CodeIgniter.php(832): App\Controllers\RestaurantController->rescal()
#1 C:\laragon\www\eguide_login-main\system\CodeIgniter.php(419): CodeIgniter\CodeIgniter->runController(Object(App\Controllers\RestaurantController))
#2 C:\laragon\www\eguide_login-main\system\CodeIgniter.php(326): CodeIgniter\CodeIgniter->handleRequest(NULL, Object(Config\Cache), false)
#3 C:\laragon\www\eguide_login-main\public\index.php(37): CodeIgniter\CodeIgniter->run()
#4 C:\laragon\www\eguide_login-main\system\Commands\Server\rewrite.php(43): require_once('C:\\laragon\\www\\...')
#5 {main}
CRITICAL - 2022-07-01 07:48:37 --> Call to a member function where() on null
#0 C:\laragon\www\eguide_login-main\system\CodeIgniter.php(832): App\Controllers\RestaurantController->rescal()
#1 C:\laragon\www\eguide_login-main\system\CodeIgniter.php(419): CodeIgniter\CodeIgniter->runController(Object(App\Controllers\RestaurantController))
#2 C:\laragon\www\eguide_login-main\system\CodeIgniter.php(326): CodeIgniter\CodeIgniter->handleRequest(NULL, Object(Config\Cache), false)
#3 C:\laragon\www\eguide_login-main\public\index.php(37): CodeIgniter\CodeIgniter->run()
#4 C:\laragon\www\eguide_login-main\system\Commands\Server\rewrite.php(43): require_once('C:\\laragon\\www\\...')
#5 {main}
CRITICAL - 2022-07-01 07:48:37 --> Call to a member function where() on null
#0 C:\laragon\www\eguide_login-main\system\CodeIgniter.php(832): App\Controllers\RestaurantController->rescal()
#1 C:\laragon\www\eguide_login-main\system\CodeIgniter.php(419): CodeIgniter\CodeIgniter->runController(Object(App\Controllers\RestaurantController))
#2 C:\laragon\www\eguide_login-main\system\CodeIgniter.php(326): CodeIgniter\CodeIgniter->handleRequest(NULL, Object(Config\Cache), false)
#3 C:\laragon\www\eguide_login-main\public\index.php(37): CodeIgniter\CodeIgniter->run()
#4 C:\laragon\www\eguide_login-main\system\Commands\Server\rewrite.php(43): require_once('C:\\laragon\\www\\...')
#5 {main}
CRITICAL - 2022-07-01 07:48:41 --> Call to a member function where() on null
#0 C:\laragon\www\eguide_login-main\system\CodeIgniter.php(832): App\Controllers\RestaurantController->rescal()
#1 C:\laragon\www\eguide_login-main\system\CodeIgniter.php(419): CodeIgniter\CodeIgniter->runController(Object(App\Controllers\RestaurantController))
#2 C:\laragon\www\eguide_login-main\system\CodeIgniter.php(326): CodeIgniter\CodeIgniter->handleRequest(NULL, Object(Config\Cache), false)
#3 C:\laragon\www\eguide_login-main\public\index.php(37): CodeIgniter\CodeIgniter->run()
#4 C:\laragon\www\eguide_login-main\system\Commands\Server\rewrite.php(43): require_once('C:\\laragon\\www\\...')
#5 {main}
CRITICAL - 2022-07-01 07:48:44 --> Call to a member function where() on null
#0 C:\laragon\www\eguide_login-main\system\CodeIgniter.php(832): App\Controllers\RestaurantController->rescal()
#1 C:\laragon\www\eguide_login-main\system\CodeIgniter.php(419): CodeIgniter\CodeIgniter->runController(Object(App\Controllers\RestaurantController))
#2 C:\laragon\www\eguide_login-main\system\CodeIgniter.php(326): CodeIgniter\CodeIgniter->handleRequest(NULL, Object(Config\Cache), false)
#3 C:\laragon\www\eguide_login-main\public\index.php(37): CodeIgniter\CodeIgniter->run()
#4 C:\laragon\www\eguide_login-main\system\Commands\Server\rewrite.php(43): require_once('C:\\laragon\\www\\...')
#5 {main}
CRITICAL - 2022-07-01 07:51:49 --> Call to a member function where() on null
#0 C:\laragon\www\eguide_login-main\system\CodeIgniter.php(832): App\Controllers\RestaurantController->rescal()
#1 C:\laragon\www\eguide_login-main\system\CodeIgniter.php(419): CodeIgniter\CodeIgniter->runController(Object(App\Controllers\RestaurantController))
#2 C:\laragon\www\eguide_login-main\system\CodeIgniter.php(326): CodeIgniter\CodeIgniter->handleRequest(NULL, Object(Config\Cache), false)
#3 C:\laragon\www\eguide_login-main\public\index.php(37): CodeIgniter\CodeIgniter->run()
#4 C:\laragon\www\eguide_login-main\system\Commands\Server\rewrite.php(43): require_once('C:\\laragon\\www\\...')
#5 {main}
CRITICAL - 2022-07-01 07:53:29 --> Invalid argument supplied for foreach()
#0 C:\laragon\www\eguide_login-main\app\Views\restaurant_details.php(74): CodeIgniter\Debug\Exceptions->errorHandler(2, 'Invalid argumen...', 'C:\\laragon\\www\\...', 74, Array)
#1 C:\laragon\www\eguide_login-main\system\View\View.php(210): include('C:\\laragon\\www\\...')
#2 C:\laragon\www\eguide_login-main\system\View\View.php(213): CodeIgniter\View\View->CodeIgniter\View\{closure}()
#3 C:\laragon\www\eguide_login-main\system\Common.php(1089): CodeIgniter\View\View->render('restaurant_deta...', Array, true)
#4 C:\laragon\www\eguide_login-main\app\Controllers\RestaurantController.php(284): view('restaurant_deta...', Array)
#5 C:\laragon\www\eguide_login-main\system\CodeIgniter.php(832): App\Controllers\RestaurantController->restaurant('322')
#6 C:\laragon\www\eguide_login-main\system\CodeIgniter.php(419): CodeIgniter\CodeIgniter->runController(Object(App\Controllers\RestaurantController))
#7 C:\laragon\www\eguide_login-main\system\CodeIgniter.php(326): CodeIgniter\CodeIgniter->handleRequest(NULL, Object(Config\Cache), false)
#8 C:\laragon\www\eguide_login-main\public\index.php(37): CodeIgniter\CodeIgniter->run()
#9 C:\laragon\www\eguide_login-main\system\Commands\Server\rewrite.php(43): require_once('C:\\laragon\\www\\...')
#10 {main}
CRITICAL - 2022-07-01 07:53:43 --> Invalid argument supplied for foreach()
#0 C:\laragon\www\eguide_login-main\app\Views\restaurant_details.php(74): CodeIgniter\Debug\Exceptions->errorHandler(2, 'Invalid argumen...', 'C:\\laragon\\www\\...', 74, Array)
#1 C:\laragon\www\eguide_login-main\system\View\View.php(210): include('C:\\laragon\\www\\...')
#2 C:\laragon\www\eguide_login-main\system\View\View.php(213): CodeIgniter\View\View->CodeIgniter\View\{closure}()
#3 C:\laragon\www\eguide_login-main\system\Common.php(1089): CodeIgniter\View\View->render('restaurant_deta...', Array, true)
#4 C:\laragon\www\eguide_login-main\app\Controllers\RestaurantController.php(284): view('restaurant_deta...', Array)
#5 C:\laragon\www\eguide_login-main\system\CodeIgniter.php(832): App\Controllers\RestaurantController->restaurant('293')
#6 C:\laragon\www\eguide_login-main\system\CodeIgniter.php(419): CodeIgniter\CodeIgniter->runController(Object(App\Controllers\RestaurantController))
#7 C:\laragon\www\eguide_login-main\system\CodeIgniter.php(326): CodeIgniter\CodeIgniter->handleRequest(NULL, Object(Config\Cache), false)
#8 C:\laragon\www\eguide_login-main\public\index.php(37): CodeIgniter\CodeIgniter->run()
#9 C:\laragon\www\eguide_login-main\system\Commands\Server\rewrite.php(43): require_once('C:\\laragon\\www\\...')
#10 {main}
CRITICAL - 2022-07-01 07:55:59 --> Invalid argument supplied for foreach()
#0 C:\laragon\www\eguide_login-main\app\Views\restaurant_details.php(141): CodeIgniter\Debug\Exceptions->errorHandler(2, 'Invalid argumen...', 'C:\\laragon\\www\\...', 141, Array)
#1 C:\laragon\www\eguide_login-main\system\View\View.php(210): include('C:\\laragon\\www\\...')
#2 C:\laragon\www\eguide_login-main\system\View\View.php(213): CodeIgniter\View\View->CodeIgniter\View\{closure}()
#3 C:\laragon\www\eguide_login-main\system\Common.php(1089): CodeIgniter\View\View->render('restaurant_deta...', Array, true)
#4 C:\laragon\www\eguide_login-main\app\Controllers\RestaurantController.php(284): view('restaurant_deta...', Array)
#5 C:\laragon\www\eguide_login-main\system\CodeIgniter.php(832): App\Controllers\RestaurantController->restaurant('293')
#6 C:\laragon\www\eguide_login-main\system\CodeIgniter.php(419): CodeIgniter\CodeIgniter->runController(Object(App\Controllers\RestaurantController))
#7 C:\laragon\www\eguide_login-main\system\CodeIgniter.php(326): CodeIgniter\CodeIgniter->handleRequest(NULL, Object(Config\Cache), false)
#8 C:\laragon\www\eguide_login-main\public\index.php(37): CodeIgniter\CodeIgniter->run()
#9 C:\laragon\www\eguide_login-main\system\Commands\Server\rewrite.php(43): require_once('C:\\laragon\\www\\...')
#10 {main}
CRITICAL - 2022-07-01 07:57:39 --> Invalid argument supplied for foreach()
#0 C:\laragon\www\eguide_login-main\app\Views\restaurant_details.php(141): CodeIgniter\Debug\Exceptions->errorHandler(2, 'Invalid argumen...', 'C:\\laragon\\www\\...', 141, Array)
#1 C:\laragon\www\eguide_login-main\system\View\View.php(210): include('C:\\laragon\\www\\...')
#2 C:\laragon\www\eguide_login-main\system\View\View.php(213): CodeIgniter\View\View->CodeIgniter\View\{closure}()
#3 C:\laragon\www\eguide_login-main\system\Common.php(1089): CodeIgniter\View\View->render('restaurant_deta...', Array, true)
#4 C:\laragon\www\eguide_login-main\app\Controllers\RestaurantController.php(284): view('restaurant_deta...', Array)
#5 C:\laragon\www\eguide_login-main\system\CodeIgniter.php(832): App\Controllers\RestaurantController->restaurant('293')
#6 C:\laragon\www\eguide_login-main\system\CodeIgniter.php(419): CodeIgniter\CodeIgniter->runController(Object(App\Controllers\RestaurantController))
#7 C:\laragon\www\eguide_login-main\system\CodeIgniter.php(326): CodeIgniter\CodeIgniter->handleRequest(NULL, Object(Config\Cache), false)
#8 C:\laragon\www\eguide_login-main\public\index.php(37): CodeIgniter\CodeIgniter->run()
#9 C:\laragon\www\eguide_login-main\system\Commands\Server\rewrite.php(43): require_once('C:\\laragon\\www\\...')
#10 {main}
CRITICAL - 2022-07-01 07:57:40 --> Invalid argument supplied for foreach()
#0 C:\laragon\www\eguide_login-main\app\Views\restaurant_details.php(141): CodeIgniter\Debug\Exceptions->errorHandler(2, 'Invalid argumen...', 'C:\\laragon\\www\\...', 141, Array)
#1 C:\laragon\www\eguide_login-main\system\View\View.php(210): include('C:\\laragon\\www\\...')
#2 C:\laragon\www\eguide_login-main\system\View\View.php(213): CodeIgniter\View\View->CodeIgniter\View\{closure}()
#3 C:\laragon\www\eguide_login-main\system\Common.php(1089): CodeIgniter\View\View->render('restaurant_deta...', Array, true)
#4 C:\laragon\www\eguide_login-main\app\Controllers\RestaurantController.php(284): view('restaurant_deta...', Array)
#5 C:\laragon\www\eguide_login-main\system\CodeIgniter.php(832): App\Controllers\RestaurantController->restaurant('293')
#6 C:\laragon\www\eguide_login-main\system\CodeIgniter.php(419): CodeIgniter\CodeIgniter->runController(Object(App\Controllers\RestaurantController))
#7 C:\laragon\www\eguide_login-main\system\CodeIgniter.php(326): CodeIgniter\CodeIgniter->handleRequest(NULL, Object(Config\Cache), false)
#8 C:\laragon\www\eguide_login-main\public\index.php(37): CodeIgniter\CodeIgniter->run()
#9 C:\laragon\www\eguide_login-main\system\Commands\Server\rewrite.php(43): require_once('C:\\laragon\\www\\...')
#10 {main}
CRITICAL - 2022-07-01 07:57:40 --> Invalid argument supplied for foreach()
#0 C:\laragon\www\eguide_login-main\app\Views\restaurant_details.php(141): CodeIgniter\Debug\Exceptions->errorHandler(2, 'Invalid argumen...', 'C:\\laragon\\www\\...', 141, Array)
#1 C:\laragon\www\eguide_login-main\system\View\View.php(210): include('C:\\laragon\\www\\...')
#2 C:\laragon\www\eguide_login-main\system\View\View.php(213): CodeIgniter\View\View->CodeIgniter\View\{closure}()
#3 C:\laragon\www\eguide_login-main\system\Common.php(1089): CodeIgniter\View\View->render('restaurant_deta...', Array, true)
#4 C:\laragon\www\eguide_login-main\app\Controllers\RestaurantController.php(284): view('restaurant_deta...', Array)
#5 C:\laragon\www\eguide_login-main\system\CodeIgniter.php(832): App\Controllers\RestaurantController->restaurant('293')
#6 C:\laragon\www\eguide_login-main\system\CodeIgniter.php(419): CodeIgniter\CodeIgniter->runController(Object(App\Controllers\RestaurantController))
#7 C:\laragon\www\eguide_login-main\system\CodeIgniter.php(326): CodeIgniter\CodeIgniter->handleRequest(NULL, Object(Config\Cache), false)
#8 C:\laragon\www\eguide_login-main\public\index.php(37): CodeIgniter\CodeIgniter->run()
#9 C:\laragon\www\eguide_login-main\system\Commands\Server\rewrite.php(43): require_once('C:\\laragon\\www\\...')
#10 {main}
CRITICAL - 2022-07-01 07:57:40 --> Invalid argument supplied for foreach()
#0 C:\laragon\www\eguide_login-main\app\Views\restaurant_details.php(141): CodeIgniter\Debug\Exceptions->errorHandler(2, 'Invalid argumen...', 'C:\\laragon\\www\\...', 141, Array)
#1 C:\laragon\www\eguide_login-main\system\View\View.php(210): include('C:\\laragon\\www\\...')
#2 C:\laragon\www\eguide_login-main\system\View\View.php(213): CodeIgniter\View\View->CodeIgniter\View\{closure}()
#3 C:\laragon\www\eguide_login-main\system\Common.php(1089): CodeIgniter\View\View->render('restaurant_deta...', Array, true)
#4 C:\laragon\www\eguide_login-main\app\Controllers\RestaurantController.php(284): view('restaurant_deta...', Array)
#5 C:\laragon\www\eguide_login-main\system\CodeIgniter.php(832): App\Controllers\RestaurantController->restaurant('293')
#6 C:\laragon\www\eguide_login-main\system\CodeIgniter.php(419): CodeIgniter\CodeIgniter->runController(Object(App\Controllers\RestaurantController))
#7 C:\laragon\www\eguide_login-main\system\CodeIgniter.php(326): CodeIgniter\CodeIgniter->handleRequest(NULL, Object(Config\Cache), false)
#8 C:\laragon\www\eguide_login-main\public\index.php(37): CodeIgniter\CodeIgniter->run()
#9 C:\laragon\www\eguide_login-main\system\Commands\Server\rewrite.php(43): require_once('C:\\laragon\\www\\...')
#10 {main}
CRITICAL - 2022-07-01 07:58:14 --> Invalid argument supplied for foreach()
#0 C:\laragon\www\eguide_login-main\app\Views\restaurant_details.php(141): CodeIgniter\Debug\Exceptions->errorHandler(2, 'Invalid argumen...', 'C:\\laragon\\www\\...', 141, Array)
#1 C:\laragon\www\eguide_login-main\system\View\View.php(210): include('C:\\laragon\\www\\...')
#2 C:\laragon\www\eguide_login-main\system\View\View.php(213): CodeIgniter\View\View->CodeIgniter\View\{closure}()
#3 C:\laragon\www\eguide_login-main\system\Common.php(1089): CodeIgniter\View\View->render('restaurant_deta...', Array, true)
#4 C:\laragon\www\eguide_login-main\app\Controllers\RestaurantController.php(284): view('restaurant_deta...', Array)
#5 C:\laragon\www\eguide_login-main\system\CodeIgniter.php(832): App\Controllers\RestaurantController->restaurant('293')
#6 C:\laragon\www\eguide_login-main\system\CodeIgniter.php(419): CodeIgniter\CodeIgniter->runController(Object(App\Controllers\RestaurantController))
#7 C:\laragon\www\eguide_login-main\system\CodeIgniter.php(326): CodeIgniter\CodeIgniter->handleRequest(NULL, Object(Config\Cache), false)
#8 C:\laragon\www\eguide_login-main\public\index.php(37): CodeIgniter\CodeIgniter->run()
#9 C:\laragon\www\eguide_login-main\system\Commands\Server\rewrite.php(43): require_once('C:\\laragon\\www\\...')
#10 {main}
CRITICAL - 2022-07-01 07:58:15 --> Invalid argument supplied for foreach()
#0 C:\laragon\www\eguide_login-main\app\Views\restaurant_details.php(141): CodeIgniter\Debug\Exceptions->errorHandler(2, 'Invalid argumen...', 'C:\\laragon\\www\\...', 141, Array)
#1 C:\laragon\www\eguide_login-main\system\View\View.php(210): include('C:\\laragon\\www\\...')
#2 C:\laragon\www\eguide_login-main\system\View\View.php(213): CodeIgniter\View\View->CodeIgniter\View\{closure}()
#3 C:\laragon\www\eguide_login-main\system\Common.php(1089): CodeIgniter\View\View->render('restaurant_deta...', Array, true)
#4 C:\laragon\www\eguide_login-main\app\Controllers\RestaurantController.php(284): view('restaurant_deta...', Array)
#5 C:\laragon\www\eguide_login-main\system\CodeIgniter.php(832): App\Controllers\RestaurantController->restaurant('293')
#6 C:\laragon\www\eguide_login-main\system\CodeIgniter.php(419): CodeIgniter\CodeIgniter->runController(Object(App\Controllers\RestaurantController))
#7 C:\laragon\www\eguide_login-main\system\CodeIgniter.php(326): CodeIgniter\CodeIgniter->handleRequest(NULL, Object(Config\Cache), false)
#8 C:\laragon\www\eguide_login-main\public\index.php(37): CodeIgniter\CodeIgniter->run()
#9 C:\laragon\www\eguide_login-main\system\Commands\Server\rewrite.php(43): require_once('C:\\laragon\\www\\...')
#10 {main}
CRITICAL - 2022-07-01 07:58:15 --> Invalid argument supplied for foreach()
#0 C:\laragon\www\eguide_login-main\app\Views\restaurant_details.php(141): CodeIgniter\Debug\Exceptions->errorHandler(2, 'Invalid argumen...', 'C:\\laragon\\www\\...', 141, Array)
#1 C:\laragon\www\eguide_login-main\system\View\View.php(210): include('C:\\laragon\\www\\...')
#2 C:\laragon\www\eguide_login-main\system\View\View.php(213): CodeIgniter\View\View->CodeIgniter\View\{closure}()
#3 C:\laragon\www\eguide_login-main\system\Common.php(1089): CodeIgniter\View\View->render('restaurant_deta...', Array, true)
#4 C:\laragon\www\eguide_login-main\app\Controllers\RestaurantController.php(284): view('restaurant_deta...', Array)
#5 C:\laragon\www\eguide_login-main\system\CodeIgniter.php(832): App\Controllers\RestaurantController->restaurant('293')
#6 C:\laragon\www\eguide_login-main\system\CodeIgniter.php(419): CodeIgniter\CodeIgniter->runController(Object(App\Controllers\RestaurantController))
#7 C:\laragon\www\eguide_login-main\system\CodeIgniter.php(326): CodeIgniter\CodeIgniter->handleRequest(NULL, Object(Config\Cache), false)
#8 C:\laragon\www\eguide_login-main\public\index.php(37): CodeIgniter\CodeIgniter->run()
#9 C:\laragon\www\eguide_login-main\system\Commands\Server\rewrite.php(43): require_once('C:\\laragon\\www\\...')
#10 {main}
CRITICAL - 2022-07-01 07:58:15 --> Invalid argument supplied for foreach()
#0 C:\laragon\www\eguide_login-main\app\Views\restaurant_details.php(141): CodeIgniter\Debug\Exceptions->errorHandler(2, 'Invalid argumen...', 'C:\\laragon\\www\\...', 141, Array)
#1 C:\laragon\www\eguide_login-main\system\View\View.php(210): include('C:\\laragon\\www\\...')
#2 C:\laragon\www\eguide_login-main\system\View\View.php(213): CodeIgniter\View\View->CodeIgniter\View\{closure}()
#3 C:\laragon\www\eguide_login-main\system\Common.php(1089): CodeIgniter\View\View->render('restaurant_deta...', Array, true)
#4 C:\laragon\www\eguide_login-main\app\Controllers\RestaurantController.php(284): view('restaurant_deta...', Array)
#5 C:\laragon\www\eguide_login-main\system\CodeIgniter.php(832): App\Controllers\RestaurantController->restaurant('293')
#6 C:\laragon\www\eguide_login-main\system\CodeIgniter.php(419): CodeIgniter\CodeIgniter->runController(Object(App\Controllers\RestaurantController))
#7 C:\laragon\www\eguide_login-main\system\CodeIgniter.php(326): CodeIgniter\CodeIgniter->handleRequest(NULL, Object(Config\Cache), false)
#8 C:\laragon\www\eguide_login-main\public\index.php(37): CodeIgniter\CodeIgniter->run()
#9 C:\laragon\www\eguide_login-main\system\Commands\Server\rewrite.php(43): require_once('C:\\laragon\\www\\...')
#10 {main}
CRITICAL - 2022-07-01 07:58:41 --> Invalid argument supplied for foreach()
#0 C:\laragon\www\eguide_login-main\app\Views\restaurant_details.php(141): CodeIgniter\Debug\Exceptions->errorHandler(2, 'Invalid argumen...', 'C:\\laragon\\www\\...', 141, Array)
#1 C:\laragon\www\eguide_login-main\system\View\View.php(210): include('C:\\laragon\\www\\...')
#2 C:\laragon\www\eguide_login-main\system\View\View.php(213): CodeIgniter\View\View->CodeIgniter\View\{closure}()
#3 C:\laragon\www\eguide_login-main\system\Common.php(1089): CodeIgniter\View\View->render('restaurant_deta...', Array, true)
#4 C:\laragon\www\eguide_login-main\app\Controllers\RestaurantController.php(284): view('restaurant_deta...', Array)
#5 C:\laragon\www\eguide_login-main\system\CodeIgniter.php(832): App\Controllers\RestaurantController->restaurant('293')
#6 C:\laragon\www\eguide_login-main\system\CodeIgniter.php(419): CodeIgniter\CodeIgniter->runController(Object(App\Controllers\RestaurantController))
#7 C:\laragon\www\eguide_login-main\system\CodeIgniter.php(326): CodeIgniter\CodeIgniter->handleRequest(NULL, Object(Config\Cache), false)
#8 C:\laragon\www\eguide_login-main\public\index.php(37): CodeIgniter\CodeIgniter->run()
#9 C:\laragon\www\eguide_login-main\system\Commands\Server\rewrite.php(43): require_once('C:\\laragon\\www\\...')
#10 {main}
CRITICAL - 2022-07-01 07:59:38 --> Invalid argument supplied for foreach()
#0 C:\laragon\www\eguide_login-main\app\Views\restaurant_details.php(141): CodeIgniter\Debug\Exceptions->errorHandler(2, 'Invalid argumen...', 'C:\\laragon\\www\\...', 141, Array)
#1 C:\laragon\www\eguide_login-main\system\View\View.php(210): include('C:\\laragon\\www\\...')
#2 C:\laragon\www\eguide_login-main\system\View\View.php(213): CodeIgniter\View\View->CodeIgniter\View\{closure}()
#3 C:\laragon\www\eguide_login-main\system\Common.php(1089): CodeIgniter\View\View->render('restaurant_deta...', Array, true)
#4 C:\laragon\www\eguide_login-main\app\Controllers\RestaurantController.php(284): view('restaurant_deta...', Array)
#5 C:\laragon\www\eguide_login-main\system\CodeIgniter.php(832): App\Controllers\RestaurantController->restaurant('293')
#6 C:\laragon\www\eguide_login-main\system\CodeIgniter.php(419): CodeIgniter\CodeIgniter->runController(Object(App\Controllers\RestaurantController))
#7 C:\laragon\www\eguide_login-main\system\CodeIgniter.php(326): CodeIgniter\CodeIgniter->handleRequest(NULL, Object(Config\Cache), false)
#8 C:\laragon\www\eguide_login-main\public\index.php(37): CodeIgniter\CodeIgniter->run()
#9 C:\laragon\www\eguide_login-main\system\Commands\Server\rewrite.php(43): require_once('C:\\laragon\\www\\...')
#10 {main}
CRITICAL - 2022-07-01 08:00:14 --> Invalid argument supplied for foreach()
#0 C:\laragon\www\eguide_login-main\app\Views\restaurant_details.php(141): CodeIgniter\Debug\Exceptions->errorHandler(2, 'Invalid argumen...', 'C:\\laragon\\www\\...', 141, Array)
#1 C:\laragon\www\eguide_login-main\system\View\View.php(210): include('C:\\laragon\\www\\...')
#2 C:\laragon\www\eguide_login-main\system\View\View.php(213): CodeIgniter\View\View->CodeIgniter\View\{closure}()
#3 C:\laragon\www\eguide_login-main\system\Common.php(1089): CodeIgniter\View\View->render('restaurant_deta...', Array, true)
#4 C:\laragon\www\eguide_login-main\app\Controllers\RestaurantController.php(284): view('restaurant_deta...', Array)
#5 C:\laragon\www\eguide_login-main\system\CodeIgniter.php(832): App\Controllers\RestaurantController->restaurant('293')
#6 C:\laragon\www\eguide_login-main\system\CodeIgniter.php(419): CodeIgniter\CodeIgniter->runController(Object(App\Controllers\RestaurantController))
#7 C:\laragon\www\eguide_login-main\system\CodeIgniter.php(326): CodeIgniter\CodeIgniter->handleRequest(NULL, Object(Config\Cache), false)
#8 C:\laragon\www\eguide_login-main\public\index.php(37): CodeIgniter\CodeIgniter->run()
#9 C:\laragon\www\eguide_login-main\system\Commands\Server\rewrite.php(43): require_once('C:\\laragon\\www\\...')
#10 {main}
CRITICAL - 2022-07-01 08:00:15 --> Invalid argument supplied for foreach()
#0 C:\laragon\www\eguide_login-main\app\Views\restaurant_details.php(141): CodeIgniter\Debug\Exceptions->errorHandler(2, 'Invalid argumen...', 'C:\\laragon\\www\\...', 141, Array)
#1 C:\laragon\www\eguide_login-main\system\View\View.php(210): include('C:\\laragon\\www\\...')
#2 C:\laragon\www\eguide_login-main\system\View\View.php(213): CodeIgniter\View\View->CodeIgniter\View\{closure}()
#3 C:\laragon\www\eguide_login-main\system\Common.php(1089): CodeIgniter\View\View->render('restaurant_deta...', Array, true)
#4 C:\laragon\www\eguide_login-main\app\Controllers\RestaurantController.php(284): view('restaurant_deta...', Array)
#5 C:\laragon\www\eguide_login-main\system\CodeIgniter.php(832): App\Controllers\RestaurantController->restaurant('293')
#6 C:\laragon\www\eguide_login-main\system\CodeIgniter.php(419): CodeIgniter\CodeIgniter->runController(Object(App\Controllers\RestaurantController))
#7 C:\laragon\www\eguide_login-main\system\CodeIgniter.php(326): CodeIgniter\CodeIgniter->handleRequest(NULL, Object(Config\Cache), false)
#8 C:\laragon\www\eguide_login-main\public\index.php(37): CodeIgniter\CodeIgniter->run()
#9 C:\laragon\www\eguide_login-main\system\Commands\Server\rewrite.php(43): require_once('C:\\laragon\\www\\...')
#10 {main}
CRITICAL - 2022-07-01 08:00:15 --> Invalid argument supplied for foreach()
#0 C:\laragon\www\eguide_login-main\app\Views\restaurant_details.php(141): CodeIgniter\Debug\Exceptions->errorHandler(2, 'Invalid argumen...', 'C:\\laragon\\www\\...', 141, Array)
#1 C:\laragon\www\eguide_login-main\system\View\View.php(210): include('C:\\laragon\\www\\...')
#2 C:\laragon\www\eguide_login-main\system\View\View.php(213): CodeIgniter\View\View->CodeIgniter\View\{closure}()
#3 C:\laragon\www\eguide_login-main\system\Common.php(1089): CodeIgniter\View\View->render('restaurant_deta...', Array, true)
#4 C:\laragon\www\eguide_login-main\app\Controllers\RestaurantController.php(284): view('restaurant_deta...', Array)
#5 C:\laragon\www\eguide_login-main\system\CodeIgniter.php(832): App\Controllers\RestaurantController->restaurant('293')
#6 C:\laragon\www\eguide_login-main\system\CodeIgniter.php(419): CodeIgniter\CodeIgniter->runController(Object(App\Controllers\RestaurantController))
#7 C:\laragon\www\eguide_login-main\system\CodeIgniter.php(326): CodeIgniter\CodeIgniter->handleRequest(NULL, Object(Config\Cache), false)
#8 C:\laragon\www\eguide_login-main\public\index.php(37): CodeIgniter\CodeIgniter->run()
#9 C:\laragon\www\eguide_login-main\system\Commands\Server\rewrite.php(43): require_once('C:\\laragon\\www\\...')
#10 {main}
CRITICAL - 2022-07-01 08:20:55 --> Class 'App\Controllers\AccomodationModel' not found
#0 C:\laragon\www\eguide_login-main\system\CodeIgniter.php(832): App\Controllers\HotelsController->hotcal()
#1 C:\laragon\www\eguide_login-main\system\CodeIgniter.php(419): CodeIgniter\CodeIgniter->runController(Object(App\Controllers\HotelsController))
#2 C:\laragon\www\eguide_login-main\system\CodeIgniter.php(326): CodeIgniter\CodeIgniter->handleRequest(NULL, Object(Config\Cache), false)
#3 C:\laragon\www\eguide_login-main\public\index.php(37): CodeIgniter\CodeIgniter->run()
#4 C:\laragon\www\eguide_login-main\system\Commands\Server\rewrite.php(43): require_once('C:\\laragon\\www\\...')
#5 {main}
CRITICAL - 2022-07-01 08:21:38 --> Class 'App\Controllers\DestinationModel' not found
#0 C:\laragon\www\eguide_login-main\system\CodeIgniter.php(832): App\Controllers\HotelsController->hotels()
#1 C:\laragon\www\eguide_login-main\system\CodeIgniter.php(419): CodeIgniter\CodeIgniter->runController(Object(App\Controllers\HotelsController))
#2 C:\laragon\www\eguide_login-main\system\CodeIgniter.php(326): CodeIgniter\CodeIgniter->handleRequest(NULL, Object(Config\Cache), false)
#3 C:\laragon\www\eguide_login-main\public\index.php(37): CodeIgniter\CodeIgniter->run()
#4 C:\laragon\www\eguide_login-main\system\Commands\Server\rewrite.php(43): require_once('C:\\laragon\\www\\...')
#5 {main}
CRITICAL - 2022-07-01 08:21:40 --> Class 'App\Controllers\DestinationModel' not found
#0 C:\laragon\www\eguide_login-main\system\CodeIgniter.php(832): App\Controllers\HotelsController->hotels()
#1 C:\laragon\www\eguide_login-main\system\CodeIgniter.php(419): CodeIgniter\CodeIgniter->runController(Object(App\Controllers\HotelsController))
#2 C:\laragon\www\eguide_login-main\system\CodeIgniter.php(326): CodeIgniter\CodeIgniter->handleRequest(NULL, Object(Config\Cache), false)
#3 C:\laragon\www\eguide_login-main\public\index.php(37): CodeIgniter\CodeIgniter->run()
#4 C:\laragon\www\eguide_login-main\system\Commands\Server\rewrite.php(43): require_once('C:\\laragon\\www\\...')
#5 {main}
CRITICAL - 2022-07-01 08:25:19 --> Class 'App\Controllers\DestinationModel' not found
#0 C:\laragon\www\eguide_login-main\system\CodeIgniter.php(832): App\Controllers\HotelsController->hotel('161')
#1 C:\laragon\www\eguide_login-main\system\CodeIgniter.php(419): CodeIgniter\CodeIgniter->runController(Object(App\Controllers\HotelsController))
#2 C:\laragon\www\eguide_login-main\system\CodeIgniter.php(326): CodeIgniter\CodeIgniter->handleRequest(NULL, Object(Config\Cache), false)
#3 C:\laragon\www\eguide_login-main\public\index.php(37): CodeIgniter\CodeIgniter->run()
#4 C:\laragon\www\eguide_login-main\system\Commands\Server\rewrite.php(43): require_once('C:\\laragon\\www\\...')
#5 {main}
CRITICAL - 2022-07-01 08:28:28 --> Invalid argument supplied for foreach()
#0 C:\laragon\www\eguide_login-main\app\Views\hotel_details.php(60): CodeIgniter\Debug\Exceptions->errorHandler(2, 'Invalid argumen...', 'C:\\laragon\\www\\...', 60, Array)
#1 C:\laragon\www\eguide_login-main\system\View\View.php(210): include('C:\\laragon\\www\\...')
#2 C:\laragon\www\eguide_login-main\system\View\View.php(213): CodeIgniter\View\View->CodeIgniter\View\{closure}()
#3 C:\laragon\www\eguide_login-main\system\Common.php(1089): CodeIgniter\View\View->render('hotel_details', Array, true)
#4 C:\laragon\www\eguide_login-main\app\Controllers\HotelsController.php(296): view('hotel_details', Array)
#5 C:\laragon\www\eguide_login-main\system\CodeIgniter.php(832): App\Controllers\HotelsController->hotel('161')
#6 C:\laragon\www\eguide_login-main\system\CodeIgniter.php(419): CodeIgniter\CodeIgniter->runController(Object(App\Controllers\HotelsController))
#7 C:\laragon\www\eguide_login-main\system\CodeIgniter.php(326): CodeIgniter\CodeIgniter->handleRequest(NULL, Object(Config\Cache), false)
#8 C:\laragon\www\eguide_login-main\public\index.php(37): CodeIgniter\CodeIgniter->run()
#9 C:\laragon\www\eguide_login-main\system\Commands\Server\rewrite.php(43): require_once('C:\\laragon\\www\\...')
#10 {main}
CRITICAL - 2022-07-01 08:29:55 --> Invalid argument supplied for foreach()
#0 C:\laragon\www\eguide_login-main\app\Views\hotel_details.php(60): CodeIgniter\Debug\Exceptions->errorHandler(2, 'Invalid argumen...', 'C:\\laragon\\www\\...', 60, Array)
#1 C:\laragon\www\eguide_login-main\system\View\View.php(210): include('C:\\laragon\\www\\...')
#2 C:\laragon\www\eguide_login-main\system\View\View.php(213): CodeIgniter\View\View->CodeIgniter\View\{closure}()
#3 C:\laragon\www\eguide_login-main\system\Common.php(1089): CodeIgniter\View\View->render('hotel_details', Array, true)
#4 C:\laragon\www\eguide_login-main\app\Controllers\HotelsController.php(296): view('hotel_details', Array)
#5 C:\laragon\www\eguide_login-main\system\CodeIgniter.php(832): App\Controllers\HotelsController->hotel('161')
#6 C:\laragon\www\eguide_login-main\system\CodeIgniter.php(419): CodeIgniter\CodeIgniter->runController(Object(App\Controllers\HotelsController))
#7 C:\laragon\www\eguide_login-main\system\CodeIgniter.php(326): CodeIgniter\CodeIgniter->handleRequest(NULL, Object(Config\Cache), false)
#8 C:\laragon\www\eguide_login-main\public\index.php(37): CodeIgniter\CodeIgniter->run()
#9 C:\laragon\www\eguide_login-main\system\Commands\Server\rewrite.php(43): require_once('C:\\laragon\\www\\...')
#10 {main}
CRITICAL - 2022-07-01 08:30:00 --> Invalid argument supplied for foreach()
#0 C:\laragon\www\eguide_login-main\app\Views\hotel_details.php(60): CodeIgniter\Debug\Exceptions->errorHandler(2, 'Invalid argumen...', 'C:\\laragon\\www\\...', 60, Array)
#1 C:\laragon\www\eguide_login-main\system\View\View.php(210): include('C:\\laragon\\www\\...')
#2 C:\laragon\www\eguide_login-main\system\View\View.php(213): CodeIgniter\View\View->CodeIgniter\View\{closure}()
#3 C:\laragon\www\eguide_login-main\system\Common.php(1089): CodeIgniter\View\View->render('hotel_details', Array, true)
#4 C:\laragon\www\eguide_login-main\app\Controllers\HotelsController.php(296): view('hotel_details', Array)
#5 C:\laragon\www\eguide_login-main\system\CodeIgniter.php(832): App\Controllers\HotelsController->hotel('161')
#6 C:\laragon\www\eguide_login-main\system\CodeIgniter.php(419): CodeIgniter\CodeIgniter->runController(Object(App\Controllers\HotelsController))
#7 C:\laragon\www\eguide_login-main\system\CodeIgniter.php(326): CodeIgniter\CodeIgniter->handleRequest(NULL, Object(Config\Cache), false)
#8 C:\laragon\www\eguide_login-main\public\index.php(37): CodeIgniter\CodeIgniter->run()
#9 C:\laragon\www\eguide_login-main\system\Commands\Server\rewrite.php(43): require_once('C:\\laragon\\www\\...')
#10 {main}
CRITICAL - 2022-07-01 08:35:39 --> syntax error, unexpected ''nearbyHotels'' (T_CONSTANT_ENCAPSED_STRING), expecting ']'
#0 C:\laragon\www\eguide_login-main\system\Autoloader\Autoloader.php(241): CodeIgniter\Autoloader\Autoloader->includeFile('C:\\laragon\\www\\...')
#1 C:\laragon\www\eguide_login-main\system\Autoloader\Autoloader.php(219): CodeIgniter\Autoloader\Autoloader->loadInNamespace('App\\Controllers...')
#2 [internal function]: CodeIgniter\Autoloader\Autoloader->loadClass('App\\Controllers...')
#3 [internal function]: spl_autoload_call('App\\Controllers...')
#4 C:\laragon\www\eguide_login-main\system\CodeIgniter.php(797): class_exists('\\App\\Controller...', true)
#5 C:\laragon\www\eguide_login-main\system\CodeIgniter.php(406): CodeIgniter\CodeIgniter->startController()
#6 C:\laragon\www\eguide_login-main\system\CodeIgniter.php(326): CodeIgniter\CodeIgniter->handleRequest(NULL, Object(Config\Cache), false)
#7 C:\laragon\www\eguide_login-main\public\index.php(37): CodeIgniter\CodeIgniter->run()
#8 C:\laragon\www\eguide_login-main\system\Commands\Server\rewrite.php(43): require_once('C:\\laragon\\www\\...')
#9 {main}
CRITICAL - 2022-07-01 08:35:42 --> syntax error, unexpected ''nearbyHotels'' (T_CONSTANT_ENCAPSED_STRING), expecting ']'
#0 C:\laragon\www\eguide_login-main\system\Autoloader\Autoloader.php(241): CodeIgniter\Autoloader\Autoloader->includeFile('C:\\laragon\\www\\...')
#1 C:\laragon\www\eguide_login-main\system\Autoloader\Autoloader.php(219): CodeIgniter\Autoloader\Autoloader->loadInNamespace('App\\Controllers...')
#2 [internal function]: CodeIgniter\Autoloader\Autoloader->loadClass('App\\Controllers...')
#3 [internal function]: spl_autoload_call('App\\Controllers...')
#4 C:\laragon\www\eguide_login-main\system\CodeIgniter.php(797): class_exists('\\App\\Controller...', true)
#5 C:\laragon\www\eguide_login-main\system\CodeIgniter.php(406): CodeIgniter\CodeIgniter->startController()
#6 C:\laragon\www\eguide_login-main\system\CodeIgniter.php(326): CodeIgniter\CodeIgniter->handleRequest(NULL, Object(Config\Cache), false)
#7 C:\laragon\www\eguide_login-main\public\index.php(37): CodeIgniter\CodeIgniter->run()
#8 C:\laragon\www\eguide_login-main\system\Commands\Server\rewrite.php(43): require_once('C:\\laragon\\www\\...')
#9 {main}
CRITICAL - 2022-07-01 08:35:51 --> syntax error, unexpected ''locationImage'' (T_CONSTANT_ENCAPSED_STRING), expecting ']'
#0 C:\laragon\www\eguide_login-main\system\Autoloader\Autoloader.php(241): CodeIgniter\Autoloader\Autoloader->includeFile('C:\\laragon\\www\\...')
#1 C:\laragon\www\eguide_login-main\system\Autoloader\Autoloader.php(219): CodeIgniter\Autoloader\Autoloader->loadInNamespace('App\\Controllers...')
#2 [internal function]: CodeIgniter\Autoloader\Autoloader->loadClass('App\\Controllers...')
#3 [internal function]: spl_autoload_call('App\\Controllers...')
#4 C:\laragon\www\eguide_login-main\system\CodeIgniter.php(797): class_exists('\\App\\Controller...', true)
#5 C:\laragon\www\eguide_login-main\system\CodeIgniter.php(406): CodeIgniter\CodeIgniter->startController()
#6 C:\laragon\www\eguide_login-main\system\CodeIgniter.php(326): CodeIgniter\CodeIgniter->handleRequest(NULL, Object(Config\Cache), false)
#7 C:\laragon\www\eguide_login-main\public\index.php(37): CodeIgniter\CodeIgniter->run()
#8 C:\laragon\www\eguide_login-main\system\Commands\Server\rewrite.php(43): require_once('C:\\laragon\\www\\...')
#9 {main}
CRITICAL - 2022-07-01 08:38:20 --> syntax error, unexpected ''locationImage'' (T_CONSTANT_ENCAPSED_STRING), expecting ']'
#0 C:\laragon\www\eguide_login-main\system\Autoloader\Autoloader.php(241): CodeIgniter\Autoloader\Autoloader->includeFile('C:\\laragon\\www\\...')
#1 C:\laragon\www\eguide_login-main\system\Autoloader\Autoloader.php(219): CodeIgniter\Autoloader\Autoloader->loadInNamespace('App\\Controllers...')
#2 [internal function]: CodeIgniter\Autoloader\Autoloader->loadClass('App\\Controllers...')
#3 [internal function]: spl_autoload_call('App\\Controllers...')
#4 C:\laragon\www\eguide_login-main\system\CodeIgniter.php(797): class_exists('\\App\\Controller...', true)
#5 C:\laragon\www\eguide_login-main\system\CodeIgniter.php(406): CodeIgniter\CodeIgniter->startController()
#6 C:\laragon\www\eguide_login-main\system\CodeIgniter.php(326): CodeIgniter\CodeIgniter->handleRequest(NULL, Object(Config\Cache), false)
#7 C:\laragon\www\eguide_login-main\public\index.php(37): CodeIgniter\CodeIgniter->run()
#8 C:\laragon\www\eguide_login-main\system\Commands\Server\rewrite.php(43): require_once('C:\\laragon\\www\\...')
#9 {main}
CRITICAL - 2022-07-01 08:38:21 --> syntax error, unexpected ''locationImage'' (T_CONSTANT_ENCAPSED_STRING), expecting ']'
#0 C:\laragon\www\eguide_login-main\system\Autoloader\Autoloader.php(241): CodeIgniter\Autoloader\Autoloader->includeFile('C:\\laragon\\www\\...')
#1 C:\laragon\www\eguide_login-main\system\Autoloader\Autoloader.php(219): CodeIgniter\Autoloader\Autoloader->loadInNamespace('App\\Controllers...')
#2 [internal function]: CodeIgniter\Autoloader\Autoloader->loadClass('App\\Controllers...')
#3 [internal function]: spl_autoload_call('App\\Controllers...')
#4 C:\laragon\www\eguide_login-main\system\CodeIgniter.php(797): class_exists('\\App\\Controller...', true)
#5 C:\laragon\www\eguide_login-main\system\CodeIgniter.php(406): CodeIgniter\CodeIgniter->startController()
#6 C:\laragon\www\eguide_login-main\system\CodeIgniter.php(326): CodeIgniter\CodeIgniter->handleRequest(NULL, Object(Config\Cache), false)
#7 C:\laragon\www\eguide_login-main\public\index.php(37): CodeIgniter\CodeIgniter->run()
#8 C:\laragon\www\eguide_login-main\system\Commands\Server\rewrite.php(43): require_once('C:\\laragon\\www\\...')
#9 {main}
CRITICAL - 2022-07-01 08:39:55 --> syntax error, unexpected ''locationImage'' (T_CONSTANT_ENCAPSED_STRING), expecting ']'
#0 C:\laragon\www\eguide_login-main\system\Autoloader\Autoloader.php(241): CodeIgniter\Autoloader\Autoloader->includeFile('C:\\laragon\\www\\...')
#1 C:\laragon\www\eguide_login-main\system\Autoloader\Autoloader.php(219): CodeIgniter\Autoloader\Autoloader->loadInNamespace('App\\Controllers...')
#2 [internal function]: CodeIgniter\Autoloader\Autoloader->loadClass('App\\Controllers...')
#3 [internal function]: spl_autoload_call('App\\Controllers...')
#4 C:\laragon\www\eguide_login-main\system\CodeIgniter.php(797): class_exists('\\App\\Controller...', true)
#5 C:\laragon\www\eguide_login-main\system\CodeIgniter.php(406): CodeIgniter\CodeIgniter->startController()
#6 C:\laragon\www\eguide_login-main\system\CodeIgniter.php(326): CodeIgniter\CodeIgniter->handleRequest(NULL, Object(Config\Cache), false)
#7 C:\laragon\www\eguide_login-main\public\index.php(37): CodeIgniter\CodeIgniter->run()
#8 C:\laragon\www\eguide_login-main\system\Commands\Server\rewrite.php(43): require_once('C:\\laragon\\www\\...')
#9 {main}
CRITICAL - 2022-07-01 08:40:13 --> syntax error, unexpected ''locationImages'' (T_CONSTANT_ENCAPSED_STRING), expecting ']'
#0 C:\laragon\www\eguide_login-main\system\Autoloader\Autoloader.php(241): CodeIgniter\Autoloader\Autoloader->includeFile('C:\\laragon\\www\\...')
#1 C:\laragon\www\eguide_login-main\system\Autoloader\Autoloader.php(219): CodeIgniter\Autoloader\Autoloader->loadInNamespace('App\\Controllers...')
#2 [internal function]: CodeIgniter\Autoloader\Autoloader->loadClass('App\\Controllers...')
#3 [internal function]: spl_autoload_call('App\\Controllers...')
#4 C:\laragon\www\eguide_login-main\system\CodeIgniter.php(797): class_exists('\\App\\Controller...', true)
#5 C:\laragon\www\eguide_login-main\system\CodeIgniter.php(406): CodeIgniter\CodeIgniter->startController()
#6 C:\laragon\www\eguide_login-main\system\CodeIgniter.php(326): CodeIgniter\CodeIgniter->handleRequest(NULL, Object(Config\Cache), false)
#7 C:\laragon\www\eguide_login-main\public\index.php(37): CodeIgniter\CodeIgniter->run()
#8 C:\laragon\www\eguide_login-main\system\Commands\Server\rewrite.php(43): require_once('C:\\laragon\\www\\...')
#9 {main}
CRITICAL - 2022-07-01 08:41:00 --> syntax error, unexpected ''locationImages'' (T_CONSTANT_ENCAPSED_STRING), expecting ']'
#0 C:\laragon\www\eguide_login-main\system\Autoloader\Autoloader.php(241): CodeIgniter\Autoloader\Autoloader->includeFile('C:\\laragon\\www\\...')
#1 C:\laragon\www\eguide_login-main\system\Autoloader\Autoloader.php(219): CodeIgniter\Autoloader\Autoloader->loadInNamespace('App\\Controllers...')
#2 [internal function]: CodeIgniter\Autoloader\Autoloader->loadClass('App\\Controllers...')
#3 [internal function]: spl_autoload_call('App\\Controllers...')
#4 C:\laragon\www\eguide_login-main\system\CodeIgniter.php(797): class_exists('\\App\\Controller...', true)
#5 C:\laragon\www\eguide_login-main\system\CodeIgniter.php(406): CodeIgniter\CodeIgniter->startController()
#6 C:\laragon\www\eguide_login-main\system\CodeIgniter.php(326): CodeIgniter\CodeIgniter->handleRequest(NULL, Object(Config\Cache), false)
#7 C:\laragon\www\eguide_login-main\public\index.php(37): CodeIgniter\CodeIgniter->run()
#8 C:\laragon\www\eguide_login-main\system\Commands\Server\rewrite.php(43): require_once('C:\\laragon\\www\\...')
#9 {main}
CRITICAL - 2022-07-01 08:41:01 --> syntax error, unexpected ''locationImages'' (T_CONSTANT_ENCAPSED_STRING), expecting ']'
#0 C:\laragon\www\eguide_login-main\system\Autoloader\Autoloader.php(241): CodeIgniter\Autoloader\Autoloader->includeFile('C:\\laragon\\www\\...')
#1 C:\laragon\www\eguide_login-main\system\Autoloader\Autoloader.php(219): CodeIgniter\Autoloader\Autoloader->loadInNamespace('App\\Controllers...')
#2 [internal function]: CodeIgniter\Autoloader\Autoloader->loadClass('App\\Controllers...')
#3 [internal function]: spl_autoload_call('App\\Controllers...')
#4 C:\laragon\www\eguide_login-main\system\CodeIgniter.php(797): class_exists('\\App\\Controller...', true)
#5 C:\laragon\www\eguide_login-main\system\CodeIgniter.php(406): CodeIgniter\CodeIgniter->startController()
#6 C:\laragon\www\eguide_login-main\system\CodeIgniter.php(326): CodeIgniter\CodeIgniter->handleRequest(NULL, Object(Config\Cache), false)
#7 C:\laragon\www\eguide_login-main\public\index.php(37): CodeIgniter\CodeIgniter->run()
#8 C:\laragon\www\eguide_login-main\system\Commands\Server\rewrite.php(43): require_once('C:\\laragon\\www\\...')
#9 {main}
CRITICAL - 2022-07-01 08:41:07 --> syntax error, unexpected ''locationImages'' (T_CONSTANT_ENCAPSED_STRING), expecting ']'
#0 C:\laragon\www\eguide_login-main\system\Autoloader\Autoloader.php(241): CodeIgniter\Autoloader\Autoloader->includeFile('C:\\laragon\\www\\...')
#1 C:\laragon\www\eguide_login-main\system\Autoloader\Autoloader.php(219): CodeIgniter\Autoloader\Autoloader->loadInNamespace('App\\Controllers...')
#2 [internal function]: CodeIgniter\Autoloader\Autoloader->loadClass('App\\Controllers...')
#3 [internal function]: spl_autoload_call('App\\Controllers...')
#4 C:\laragon\www\eguide_login-main\system\CodeIgniter.php(797): class_exists('\\App\\Controller...', true)
#5 C:\laragon\www\eguide_login-main\system\CodeIgniter.php(406): CodeIgniter\CodeIgniter->startController()
#6 C:\laragon\www\eguide_login-main\system\CodeIgniter.php(326): CodeIgniter\CodeIgniter->handleRequest(NULL, Object(Config\Cache), false)
#7 C:\laragon\www\eguide_login-main\public\index.php(37): CodeIgniter\CodeIgniter->run()
#8 C:\laragon\www\eguide_login-main\system\Commands\Server\rewrite.php(43): require_once('C:\\laragon\\www\\...')
#9 {main}
CRITICAL - 2022-07-01 08:41:41 --> Class 'App\Controllers\AccomodationModel' not found
#0 C:\laragon\www\eguide_login-main\system\CodeIgniter.php(832): App\Controllers\HotelsController->hotcal()
#1 C:\laragon\www\eguide_login-main\system\CodeIgniter.php(419): CodeIgniter\CodeIgniter->runController(Object(App\Controllers\HotelsController))
#2 C:\laragon\www\eguide_login-main\system\CodeIgniter.php(326): CodeIgniter\CodeIgniter->handleRequest(NULL, Object(Config\Cache), false)
#3 C:\laragon\www\eguide_login-main\public\index.php(37): CodeIgniter\CodeIgniter->run()
#4 C:\laragon\www\eguide_login-main\system\Commands\Server\rewrite.php(43): require_once('C:\\laragon\\www\\...')
#5 {main}
CRITICAL - 2022-07-01 08:41:59 --> Class 'App\Controllers\AccomodationModel' not found
#0 C:\laragon\www\eguide_login-main\system\CodeIgniter.php(832): App\Controllers\HotelsController->hotcal()
#1 C:\laragon\www\eguide_login-main\system\CodeIgniter.php(419): CodeIgniter\CodeIgniter->runController(Object(App\Controllers\HotelsController))
#2 C:\laragon\www\eguide_login-main\system\CodeIgniter.php(326): CodeIgniter\CodeIgniter->handleRequest(NULL, Object(Config\Cache), false)
#3 C:\laragon\www\eguide_login-main\public\index.php(37): CodeIgniter\CodeIgniter->run()
#4 C:\laragon\www\eguide_login-main\system\Commands\Server\rewrite.php(43): require_once('C:\\laragon\\www\\...')
#5 {main}
CRITICAL - 2022-07-01 08:42:00 --> Class 'App\Controllers\AccomodationModel' not found
#0 C:\laragon\www\eguide_login-main\system\CodeIgniter.php(832): App\Controllers\HotelsController->hotcal()
#1 C:\laragon\www\eguide_login-main\system\CodeIgniter.php(419): CodeIgniter\CodeIgniter->runController(Object(App\Controllers\HotelsController))
#2 C:\laragon\www\eguide_login-main\system\CodeIgniter.php(326): CodeIgniter\CodeIgniter->handleRequest(NULL, Object(Config\Cache), false)
#3 C:\laragon\www\eguide_login-main\public\index.php(37): CodeIgniter\CodeIgniter->run()
#4 C:\laragon\www\eguide_login-main\system\Commands\Server\rewrite.php(43): require_once('C:\\laragon\\www\\...')
#5 {main}
CRITICAL - 2022-07-01 08:42:09 --> Class 'App\Controllers\AccomodationModel' not found
#0 C:\laragon\www\eguide_login-main\system\CodeIgniter.php(832): App\Controllers\HotelsController->hotcal()
#1 C:\laragon\www\eguide_login-main\system\CodeIgniter.php(419): CodeIgniter\CodeIgniter->runController(Object(App\Controllers\HotelsController))
#2 C:\laragon\www\eguide_login-main\system\CodeIgniter.php(326): CodeIgniter\CodeIgniter->handleRequest(NULL, Object(Config\Cache), false)
#3 C:\laragon\www\eguide_login-main\public\index.php(37): CodeIgniter\CodeIgniter->run()
#4 C:\laragon\www\eguide_login-main\system\Commands\Server\rewrite.php(43): require_once('C:\\laragon\\www\\...')
#5 {main}
CRITICAL - 2022-07-01 08:42:10 --> Class 'App\Controllers\AccomodationModel' not found
#0 C:\laragon\www\eguide_login-main\system\CodeIgniter.php(832): App\Controllers\HotelsController->hotcal()
#1 C:\laragon\www\eguide_login-main\system\CodeIgniter.php(419): CodeIgniter\CodeIgniter->runController(Object(App\Controllers\HotelsController))
#2 C:\laragon\www\eguide_login-main\system\CodeIgniter.php(326): CodeIgniter\CodeIgniter->handleRequest(NULL, Object(Config\Cache), false)
#3 C:\laragon\www\eguide_login-main\public\index.php(37): CodeIgniter\CodeIgniter->run()
#4 C:\laragon\www\eguide_login-main\system\Commands\Server\rewrite.php(43): require_once('C:\\laragon\\www\\...')
#5 {main}
CRITICAL - 2022-07-01 08:42:10 --> Class 'App\Controllers\AccomodationModel' not found
#0 C:\laragon\www\eguide_login-main\system\CodeIgniter.php(832): App\Controllers\HotelsController->hotcal()
#1 C:\laragon\www\eguide_login-main\system\CodeIgniter.php(419): CodeIgniter\CodeIgniter->runController(Object(App\Controllers\HotelsController))
#2 C:\laragon\www\eguide_login-main\system\CodeIgniter.php(326): CodeIgniter\CodeIgniter->handleRequest(NULL, Object(Config\Cache), false)
#3 C:\laragon\www\eguide_login-main\public\index.php(37): CodeIgniter\CodeIgniter->run()
#4 C:\laragon\www\eguide_login-main\system\Commands\Server\rewrite.php(43): require_once('C:\\laragon\\www\\...')
#5 {main}
CRITICAL - 2022-07-01 08:42:29 --> Class 'App\Controllers\AccomodationModel' not found
#0 C:\laragon\www\eguide_login-main\system\CodeIgniter.php(832): App\Controllers\HotelsController->hotcal()
#1 C:\laragon\www\eguide_login-main\system\CodeIgniter.php(419): CodeIgniter\CodeIgniter->runController(Object(App\Controllers\HotelsController))
#2 C:\laragon\www\eguide_login-main\system\CodeIgniter.php(326): CodeIgniter\CodeIgniter->handleRequest(NULL, Object(Config\Cache), false)
#3 C:\laragon\www\eguide_login-main\public\index.php(37): CodeIgniter\CodeIgniter->run()
#4 C:\laragon\www\eguide_login-main\system\Commands\Server\rewrite.php(43): require_once('C:\\laragon\\www\\...')
#5 {main}
CRITICAL - 2022-07-01 08:42:30 --> Class 'App\Controllers\AccomodationModel' not found
#0 C:\laragon\www\eguide_login-main\system\CodeIgniter.php(832): App\Controllers\HotelsController->hotcal()
#1 C:\laragon\www\eguide_login-main\system\CodeIgniter.php(419): CodeIgniter\CodeIgniter->runController(Object(App\Controllers\HotelsController))
#2 C:\laragon\www\eguide_login-main\system\CodeIgniter.php(326): CodeIgniter\CodeIgniter->handleRequest(NULL, Object(Config\Cache), false)
#3 C:\laragon\www\eguide_login-main\public\index.php(37): CodeIgniter\CodeIgniter->run()
#4 C:\laragon\www\eguide_login-main\system\Commands\Server\rewrite.php(43): require_once('C:\\laragon\\www\\...')
#5 {main}
CRITICAL - 2022-07-01 08:42:30 --> Class 'App\Controllers\AccomodationModel' not found
#0 C:\laragon\www\eguide_login-main\system\CodeIgniter.php(832): App\Controllers\HotelsController->hotcal()
#1 C:\laragon\www\eguide_login-main\system\CodeIgniter.php(419): CodeIgniter\CodeIgniter->runController(Object(App\Controllers\HotelsController))
#2 C:\laragon\www\eguide_login-main\system\CodeIgniter.php(326): CodeIgniter\CodeIgniter->handleRequest(NULL, Object(Config\Cache), false)
#3 C:\laragon\www\eguide_login-main\public\index.php(37): CodeIgniter\CodeIgniter->run()
#4 C:\laragon\www\eguide_login-main\system\Commands\Server\rewrite.php(43): require_once('C:\\laragon\\www\\...')
#5 {main}
