CRITICAL - 2022-10-26 13:48:18 --> Call to undefined method App\Models\UserModel::getIdUser
#0 C:\laragon\www\Capstone-reco\app\Controllers\ProfileController.php(134): CodeIgniter\Model->__call('getIdUser', Array)
#1 C:\laragon\www\Capstone-reco\system\CodeIgniter.php(832): App\Controllers\ProfileController->account()
#2 C:\laragon\www\Capstone-reco\system\CodeIgniter.php(419): CodeIgniter\CodeIgniter->runController(Object(App\Controllers\ProfileController))
#3 C:\laragon\www\Capstone-reco\system\CodeIgniter.php(326): CodeIgniter\CodeIgniter->handleRequest(NULL, Object(Config\Cache), false)
#4 C:\laragon\www\Capstone-reco\public\index.php(37): CodeIgniter\CodeIgniter->run()
#5 C:\laragon\www\Capstone-reco\system\Commands\Server\rewrite.php(43): require_once('C:\\laragon\\www\\...')
#6 {main}
CRITICAL - 2022-10-26 13:48:43 --> syntax error, unexpected end of file
#0 C:\laragon\www\Capstone-reco\system\View\View.php(213): CodeIgniter\View\View->CodeIgniter\View\{closure}()
#1 C:\laragon\www\Capstone-reco\system\Common.php(1089): CodeIgniter\View\View->render('account', Array, true)
#2 C:\laragon\www\Capstone-reco\app\Controllers\ProfileController.php(141): view('account', Array)
#3 C:\laragon\www\Capstone-reco\system\CodeIgniter.php(832): App\Controllers\ProfileController->account()
#4 C:\laragon\www\Capstone-reco\system\CodeIgniter.php(419): CodeIgniter\CodeIgniter->runController(Object(App\Controllers\ProfileController))
#5 C:\laragon\www\Capstone-reco\system\CodeIgniter.php(326): CodeIgniter\CodeIgniter->handleRequest(NULL, Object(Config\Cache), false)
#6 C:\laragon\www\Capstone-reco\public\index.php(37): CodeIgniter\CodeIgniter->run()
#7 C:\laragon\www\Capstone-reco\system\Commands\Server\rewrite.php(43): require_once('C:\\laragon\\www\\...')
#8 {main}
CRITICAL - 2022-10-26 13:48:45 --> syntax error, unexpected end of file
#0 C:\laragon\www\Capstone-reco\system\View\View.php(213): CodeIgniter\View\View->CodeIgniter\View\{closure}()
#1 C:\laragon\www\Capstone-reco\system\Common.php(1089): CodeIgniter\View\View->render('account', Array, true)
#2 C:\laragon\www\Capstone-reco\app\Controllers\ProfileController.php(141): view('account', Array)
#3 C:\laragon\www\Capstone-reco\system\CodeIgniter.php(832): App\Controllers\ProfileController->account()
#4 C:\laragon\www\Capstone-reco\system\CodeIgniter.php(419): CodeIgniter\CodeIgniter->runController(Object(App\Controllers\ProfileController))
#5 C:\laragon\www\Capstone-reco\system\CodeIgniter.php(326): CodeIgniter\CodeIgniter->handleRequest(NULL, Object(Config\Cache), false)
#6 C:\laragon\www\Capstone-reco\public\index.php(37): CodeIgniter\CodeIgniter->run()
#7 C:\laragon\www\Capstone-reco\system\Commands\Server\rewrite.php(43): require_once('C:\\laragon\\www\\...')
#8 {main}
CRITICAL - 2022-10-26 13:48:45 --> syntax error, unexpected end of file
#0 C:\laragon\www\Capstone-reco\system\View\View.php(213): CodeIgniter\View\View->CodeIgniter\View\{closure}()
#1 C:\laragon\www\Capstone-reco\system\Common.php(1089): CodeIgniter\View\View->render('account', Array, true)
#2 C:\laragon\www\Capstone-reco\app\Controllers\ProfileController.php(141): view('account', Array)
#3 C:\laragon\www\Capstone-reco\system\CodeIgniter.php(832): App\Controllers\ProfileController->account()
#4 C:\laragon\www\Capstone-reco\system\CodeIgniter.php(419): CodeIgniter\CodeIgniter->runController(Object(App\Controllers\ProfileController))
#5 C:\laragon\www\Capstone-reco\system\CodeIgniter.php(326): CodeIgniter\CodeIgniter->handleRequest(NULL, Object(Config\Cache), false)
#6 C:\laragon\www\Capstone-reco\public\index.php(37): CodeIgniter\CodeIgniter->run()
#7 C:\laragon\www\Capstone-reco\system\Commands\Server\rewrite.php(43): require_once('C:\\laragon\\www\\...')
#8 {main}
CRITICAL - 2022-10-26 13:51:48 --> syntax error, unexpected end of file
#0 C:\laragon\www\Capstone-reco\system\View\View.php(213): CodeIgniter\View\View->CodeIgniter\View\{closure}()
#1 C:\laragon\www\Capstone-reco\system\Common.php(1089): CodeIgniter\View\View->render('account', Array, true)
#2 C:\laragon\www\Capstone-reco\app\Controllers\ProfileController.php(141): view('account', Array)
#3 C:\laragon\www\Capstone-reco\system\CodeIgniter.php(832): App\Controllers\ProfileController->account()
#4 C:\laragon\www\Capstone-reco\system\CodeIgniter.php(419): CodeIgniter\CodeIgniter->runController(Object(App\Controllers\ProfileController))
#5 C:\laragon\www\Capstone-reco\system\CodeIgniter.php(326): CodeIgniter\CodeIgniter->handleRequest(NULL, Object(Config\Cache), false)
#6 C:\laragon\www\Capstone-reco\public\index.php(37): CodeIgniter\CodeIgniter->run()
#7 C:\laragon\www\Capstone-reco\system\Commands\Server\rewrite.php(43): require_once('C:\\laragon\\www\\...')
#8 {main}
CRITICAL - 2022-10-26 13:51:50 --> syntax error, unexpected end of file
#0 C:\laragon\www\Capstone-reco\system\View\View.php(213): CodeIgniter\View\View->CodeIgniter\View\{closure}()
#1 C:\laragon\www\Capstone-reco\system\Common.php(1089): CodeIgniter\View\View->render('account', Array, true)
#2 C:\laragon\www\Capstone-reco\app\Controllers\ProfileController.php(141): view('account', Array)
#3 C:\laragon\www\Capstone-reco\system\CodeIgniter.php(832): App\Controllers\ProfileController->account()
#4 C:\laragon\www\Capstone-reco\system\CodeIgniter.php(419): CodeIgniter\CodeIgniter->runController(Object(App\Controllers\ProfileController))
#5 C:\laragon\www\Capstone-reco\system\CodeIgniter.php(326): CodeIgniter\CodeIgniter->handleRequest(NULL, Object(Config\Cache), false)
#6 C:\laragon\www\Capstone-reco\public\index.php(37): CodeIgniter\CodeIgniter->run()
#7 C:\laragon\www\Capstone-reco\system\Commands\Server\rewrite.php(43): require_once('C:\\laragon\\www\\...')
#8 {main}
CRITICAL - 2022-10-26 13:52:05 --> syntax error, unexpected end of file
#0 C:\laragon\www\Capstone-reco\system\View\View.php(213): CodeIgniter\View\View->CodeIgniter\View\{closure}()
#1 C:\laragon\www\Capstone-reco\system\Common.php(1089): CodeIgniter\View\View->render('account', Array, true)
#2 C:\laragon\www\Capstone-reco\app\Controllers\ProfileController.php(141): view('account', Array)
#3 C:\laragon\www\Capstone-reco\system\CodeIgniter.php(832): App\Controllers\ProfileController->account()
#4 C:\laragon\www\Capstone-reco\system\CodeIgniter.php(419): CodeIgniter\CodeIgniter->runController(Object(App\Controllers\ProfileController))
#5 C:\laragon\www\Capstone-reco\system\CodeIgniter.php(326): CodeIgniter\CodeIgniter->handleRequest(NULL, Object(Config\Cache), false)
#6 C:\laragon\www\Capstone-reco\public\index.php(37): CodeIgniter\CodeIgniter->run()
#7 C:\laragon\www\Capstone-reco\system\Commands\Server\rewrite.php(43): require_once('C:\\laragon\\www\\...')
#8 {main}
CRITICAL - 2022-10-26 16:09:42 --> Invalid file: destination_details.php
#0 C:\laragon\www\Capstone-reco\system\View\View.php(198): CodeIgniter\Exceptions\FrameworkException::forInvalidFile('destination_det...')
#1 C:\laragon\www\Capstone-reco\system\Common.php(1089): CodeIgniter\View\View->render('destination_det...', Array, true)
#2 C:\laragon\www\Capstone-reco\app\Controllers\DestinationController.php(285): view('destination_det...', Array)
#3 C:\laragon\www\Capstone-reco\system\CodeIgniter.php(832): App\Controllers\DestinationController->test1('414')
#4 C:\laragon\www\Capstone-reco\system\CodeIgniter.php(419): CodeIgniter\CodeIgniter->runController(Object(App\Controllers\DestinationController))
#5 C:\laragon\www\Capstone-reco\system\CodeIgniter.php(326): CodeIgniter\CodeIgniter->handleRequest(NULL, Object(Config\Cache), false)
#6 C:\laragon\www\Capstone-reco\public\index.php(37): CodeIgniter\CodeIgniter->run()
#7 C:\laragon\www\Capstone-reco\system\Commands\Server\rewrite.php(43): require_once('C:\\laragon\\www\\...')
#8 {main}
CRITICAL - 2022-10-26 16:09:46 --> Invalid file: destination_details.php
#0 C:\laragon\www\Capstone-reco\system\View\View.php(198): CodeIgniter\Exceptions\FrameworkException::forInvalidFile('destination_det...')
#1 C:\laragon\www\Capstone-reco\system\Common.php(1089): CodeIgniter\View\View->render('destination_det...', Array, true)
#2 C:\laragon\www\Capstone-reco\app\Controllers\DestinationController.php(285): view('destination_det...', Array)
#3 C:\laragon\www\Capstone-reco\system\CodeIgniter.php(832): App\Controllers\DestinationController->test1('414')
#4 C:\laragon\www\Capstone-reco\system\CodeIgniter.php(419): CodeIgniter\CodeIgniter->runController(Object(App\Controllers\DestinationController))
#5 C:\laragon\www\Capstone-reco\system\CodeIgniter.php(326): CodeIgniter\CodeIgniter->handleRequest(NULL, Object(Config\Cache), false)
#6 C:\laragon\www\Capstone-reco\public\index.php(37): CodeIgniter\CodeIgniter->run()
#7 C:\laragon\www\Capstone-reco\system\Commands\Server\rewrite.php(43): require_once('C:\\laragon\\www\\...')
#8 {main}
CRITICAL - 2022-10-26 16:14:55 --> Invalid file: destination_details.php
#0 C:\laragon\www\Capstone-reco\system\View\View.php(198): CodeIgniter\Exceptions\FrameworkException::forInvalidFile('destination_det...')
#1 C:\laragon\www\Capstone-reco\system\Common.php(1089): CodeIgniter\View\View->render('destination_det...', Array, true)
#2 C:\laragon\www\Capstone-reco\app\Controllers\DestinationController.php(285): view('destination_det...', Array)
#3 C:\laragon\www\Capstone-reco\system\CodeIgniter.php(832): App\Controllers\DestinationController->test1('18')
#4 C:\laragon\www\Capstone-reco\system\CodeIgniter.php(419): CodeIgniter\CodeIgniter->runController(Object(App\Controllers\DestinationController))
#5 C:\laragon\www\Capstone-reco\system\CodeIgniter.php(326): CodeIgniter\CodeIgniter->handleRequest(NULL, Object(Config\Cache), false)
#6 C:\laragon\www\Capstone-reco\public\index.php(37): CodeIgniter\CodeIgniter->run()
#7 C:\laragon\www\Capstone-reco\system\Commands\Server\rewrite.php(43): require_once('C:\\laragon\\www\\...')
#8 {main}
