CRITICAL - 2022-04-28 07:21:57 --> Use of undefined constant BASE_URL - assumed 'BASE_URL' (this will throw an Error in a future version of PHP)
#0 C:\laragon\www\travelguide\app\Views\signup.php(7): CodeIgniter\Debug\Exceptions->errorHandler(2, 'Use of undefine...', 'C:\\laragon\\www\\...', 7, Array)
#1 C:\laragon\www\travelguide\system\View\View.php(210): include('C:\\laragon\\www\\...')
#2 C:\laragon\www\travelguide\system\View\View.php(213): CodeIgniter\View\View->CodeIgniter\View\{closure}()
#3 C:\laragon\www\travelguide\system\Common.php(1089): CodeIgniter\View\View->render('signup', Array, true)
#4 C:\laragon\www\travelguide\app\Controllers\SignupController.php(12): view('signup', Array)
#5 C:\laragon\www\travelguide\system\CodeIgniter.php(832): App\Controllers\SignupController->index()
#6 C:\laragon\www\travelguide\system\CodeIgniter.php(419): CodeIgniter\CodeIgniter->runController(Object(App\Controllers\SignupController))
#7 C:\laragon\www\travelguide\system\CodeIgniter.php(326): CodeIgniter\CodeIgniter->handleRequest(NULL, Object(Config\Cache), false)
#8 C:\laragon\www\travelguide\public\index.php(37): CodeIgniter\CodeIgniter->run()
#9 C:\laragon\www\travelguide\system\Commands\Server\rewrite.php(43): require_once('C:\\laragon\\www\\...')
#10 {main}
CRITICAL - 2022-04-28 07:21:58 --> Use of undefined constant BASE_URL - assumed 'BASE_URL' (this will throw an Error in a future version of PHP)
#0 C:\laragon\www\travelguide\app\Views\signup.php(7): CodeIgniter\Debug\Exceptions->errorHandler(2, 'Use of undefine...', 'C:\\laragon\\www\\...', 7, Array)
#1 C:\laragon\www\travelguide\system\View\View.php(210): include('C:\\laragon\\www\\...')
#2 C:\laragon\www\travelguide\system\View\View.php(213): CodeIgniter\View\View->CodeIgniter\View\{closure}()
#3 C:\laragon\www\travelguide\system\Common.php(1089): CodeIgniter\View\View->render('signup', Array, true)
#4 C:\laragon\www\travelguide\app\Controllers\SignupController.php(12): view('signup', Array)
#5 C:\laragon\www\travelguide\system\CodeIgniter.php(832): App\Controllers\SignupController->index()
#6 C:\laragon\www\travelguide\system\CodeIgniter.php(419): CodeIgniter\CodeIgniter->runController(Object(App\Controllers\SignupController))
#7 C:\laragon\www\travelguide\system\CodeIgniter.php(326): CodeIgniter\CodeIgniter->handleRequest(NULL, Object(Config\Cache), false)
#8 C:\laragon\www\travelguide\public\index.php(37): CodeIgniter\CodeIgniter->run()
#9 C:\laragon\www\travelguide\system\Commands\Server\rewrite.php(43): require_once('C:\\laragon\\www\\...')
#10 {main}
