CRITICAL - 2022-10-09 17:39:12 --> Class 'App\Models\DestinationModel' not found
#0 C:\laragon\www\Capstone-reco\system\CodeIgniter.php(832): App\Controllers\PasalubongController->pasalubong()
#1 C:\laragon\www\Capstone-reco\system\CodeIgniter.php(419): CodeIgniter\CodeIgniter->runController(Object(App\Controllers\PasalubongController))
#2 C:\laragon\www\Capstone-reco\system\CodeIgniter.php(326): CodeIgniter\CodeIgniter->handleRequest(NULL, Object(Config\Cache), false)
#3 C:\laragon\www\Capstone-reco\public\index.php(37): CodeIgniter\CodeIgniter->run()
#4 C:\laragon\www\Capstone-reco\system\Commands\Server\rewrite.php(43): require_once('C:\\laragon\\www\\...')
#5 {main}
CRITICAL - 2022-10-09 17:43:41 --> Invalid file: rating.php
#0 C:\laragon\www\Capstone-reco\system\View\View.php(198): CodeIgniter\Exceptions\FrameworkException::forInvalidFile('rating.php')
#1 C:\laragon\www\Capstone-reco\system\Common.php(1089): CodeIgniter\View\View->render('rating', Array, true)
#2 C:\laragon\www\Capstone-reco\app\Controllers\RatingController.php(12): view('rating')
#3 C:\laragon\www\Capstone-reco\system\CodeIgniter.php(832): App\Controllers\RatingController->rating()
#4 C:\laragon\www\Capstone-reco\system\CodeIgniter.php(419): CodeIgniter\CodeIgniter->runController(Object(App\Controllers\RatingController))
#5 C:\laragon\www\Capstone-reco\system\CodeIgniter.php(326): CodeIgniter\CodeIgniter->handleRequest(NULL, Object(Config\Cache), false)
#6 C:\laragon\www\Capstone-reco\public\index.php(37): CodeIgniter\CodeIgniter->run()
#7 C:\laragon\www\Capstone-reco\system\Commands\Server\rewrite.php(43): require_once('C:\\laragon\\www\\...')
#8 {main}
CRITICAL - 2022-10-09 17:48:48 --> Invalid file: test_modal.php
#0 C:\laragon\www\Capstone-reco\system\View\View.php(198): CodeIgniter\Exceptions\FrameworkException::forInvalidFile('test_modal.php')
#1 C:\laragon\www\Capstone-reco\system\Common.php(1089): CodeIgniter\View\View->render('test_modal', Array, true)
#2 C:\laragon\www\Capstone-reco\app\Controllers\DestinationController.php(25): view('test_modal')
#3 C:\laragon\www\Capstone-reco\system\CodeIgniter.php(832): App\Controllers\DestinationController->test_modal()
#4 C:\laragon\www\Capstone-reco\system\CodeIgniter.php(419): CodeIgniter\CodeIgniter->runController(Object(App\Controllers\DestinationController))
#5 C:\laragon\www\Capstone-reco\system\CodeIgniter.php(326): CodeIgniter\CodeIgniter->handleRequest(NULL, Object(Config\Cache), false)
#6 C:\laragon\www\Capstone-reco\public\index.php(37): CodeIgniter\CodeIgniter->run()
#7 C:\laragon\www\Capstone-reco\system\Commands\Server\rewrite.php(43): require_once('C:\\laragon\\www\\...')
#8 {main}
CRITICAL - 2022-10-09 18:00:59 --> syntax error, unexpected '}', expecting ';'
#0 C:\laragon\www\Capstone-reco\system\Autoloader\Autoloader.php(241): CodeIgniter\Autoloader\Autoloader->includeFile('C:\\laragon\\www\\...')
#1 C:\laragon\www\Capstone-reco\system\Autoloader\Autoloader.php(219): CodeIgniter\Autoloader\Autoloader->loadInNamespace('App\\Controllers...')
#2 [internal function]: CodeIgniter\Autoloader\Autoloader->loadClass('App\\Controllers...')
#3 [internal function]: spl_autoload_call('App\\Controllers...')
#4 C:\laragon\www\Capstone-reco\system\CodeIgniter.php(797): class_exists('\\App\\Controller...', true)
#5 C:\laragon\www\Capstone-reco\system\CodeIgniter.php(406): CodeIgniter\CodeIgniter->startController()
#6 C:\laragon\www\Capstone-reco\system\CodeIgniter.php(326): CodeIgniter\CodeIgniter->handleRequest(NULL, Object(Config\Cache), false)
#7 C:\laragon\www\Capstone-reco\public\index.php(37): CodeIgniter\CodeIgniter->run()
#8 C:\laragon\www\Capstone-reco\system\Commands\Server\rewrite.php(43): require_once('C:\\laragon\\www\\...')
#9 {main}
