CRITICAL - 2022-05-25 15:28:36 --> syntax error, unexpected ';', expecting ']'
#0 C:\laragon\www\travelguide1\system\Router\Router.php(175): CodeIgniter\Router\Router->autoRoute('DestinationCont...')
#1 C:\laragon\www\travelguide1\system\CodeIgniter.php(726): CodeIgniter\Router\Router->handle('DestinationCont...')
#2 C:\laragon\www\travelguide1\system\CodeIgniter.php(368): CodeIgniter\CodeIgniter->tryToRouteIt(Object(CodeIgniter\Router\RouteCollection))
#3 C:\laragon\www\travelguide1\system\CodeIgniter.php(326): CodeIgniter\CodeIgniter->handleRequest(NULL, Object(Config\Cache), false)
#4 C:\laragon\www\travelguide1\public\index.php(37): CodeIgniter\CodeIgniter->run()
#5 C:\laragon\www\travelguide1\system\Commands\Server\rewrite.php(43): require_once('C:\\laragon\\www\\...')
#6 {main}
CRITICAL - 2022-05-25 15:29:35 --> Invalid file: more places/.php
#0 C:\laragon\www\travelguide1\system\View\View.php(198): CodeIgniter\Exceptions\FrameworkException::forInvalidFile('more places/.ph...')
#1 C:\laragon\www\travelguide1\system\Common.php(1089): CodeIgniter\View\View->render('more places/', Array, true)
#2 C:\laragon\www\travelguide1\app\Controllers\DestinationController.php(32): view('more places/', Array)
#3 C:\laragon\www\travelguide1\system\CodeIgniter.php(832): App\Controllers\DestinationController->morcal()
#4 C:\laragon\www\travelguide1\system\CodeIgniter.php(419): CodeIgniter\CodeIgniter->runController(Object(App\Controllers\DestinationController))
#5 C:\laragon\www\travelguide1\system\CodeIgniter.php(326): CodeIgniter\CodeIgniter->handleRequest(NULL, Object(Config\Cache), false)
#6 C:\laragon\www\travelguide1\public\index.php(37): CodeIgniter\CodeIgniter->run()
#7 C:\laragon\www\travelguide1\system\Commands\Server\rewrite.php(43): require_once('C:\\laragon\\www\\...')
#8 {main}
CRITICAL - 2022-05-25 15:45:37 --> syntax error, unexpected end of file
#0 C:\laragon\www\travelguide1\system\View\View.php(213): CodeIgniter\View\View->CodeIgniter\View\{closure}()
#1 C:\laragon\www\travelguide1\system\Common.php(1089): CodeIgniter\View\View->render('more places/cal...', Array, true)
#2 C:\laragon\www\travelguide1\app\Controllers\DestinationController.php(117): view('more places/cal...', Array)
#3 C:\laragon\www\travelguide1\system\CodeIgniter.php(832): App\Controllers\DestinationController->morbong()
#4 C:\laragon\www\travelguide1\system\CodeIgniter.php(419): CodeIgniter\CodeIgniter->runController(Object(App\Controllers\DestinationController))
#5 C:\laragon\www\travelguide1\system\CodeIgniter.php(326): CodeIgniter\CodeIgniter->handleRequest(NULL, Object(Config\Cache), false)
#6 C:\laragon\www\travelguide1\public\index.php(37): CodeIgniter\CodeIgniter->run()
#7 C:\laragon\www\travelguide1\system\Commands\Server\rewrite.php(43): require_once('C:\\laragon\\www\\...')
#8 {main}
CRITICAL - 2022-05-25 15:57:38 --> syntax error, unexpected 'return' (T_RETURN), expecting function (T_FUNCTION) or const (T_CONST)
#0 C:\laragon\www\travelguide1\system\Autoloader\Autoloader.php(241): CodeIgniter\Autoloader\Autoloader->includeFile('C:\\laragon\\www\\...')
#1 C:\laragon\www\travelguide1\system\Autoloader\Autoloader.php(219): CodeIgniter\Autoloader\Autoloader->loadInNamespace('App\\Controllers...')
#2 [internal function]: CodeIgniter\Autoloader\Autoloader->loadClass('App\\Controllers...')
#3 [internal function]: spl_autoload_call('App\\Controllers...')
#4 C:\laragon\www\travelguide1\system\CodeIgniter.php(797): class_exists('\\App\\Controller...', true)
#5 C:\laragon\www\travelguide1\system\CodeIgniter.php(406): CodeIgniter\CodeIgniter->startController()
#6 C:\laragon\www\travelguide1\system\CodeIgniter.php(326): CodeIgniter\CodeIgniter->handleRequest(NULL, Object(Config\Cache), false)
#7 C:\laragon\www\travelguide1\public\index.php(37): CodeIgniter\CodeIgniter->run()
#8 C:\laragon\www\travelguide1\system\Commands\Server\rewrite.php(43): require_once('C:\\laragon\\www\\...')
#9 {main}
