CRITICAL - 2022-06-10 05:17:52 --> syntax error, unexpected '<'
#0 C:\laragon\www\eguide\system\View\View.php(213): CodeIgniter\View\View->CodeIgniter\View\{closure}()
#1 C:\laragon\www\eguide\system\Common.php(1089): CodeIgniter\View\View->render('destination_det...', Array, true)
#2 C:\laragon\www\eguide\app\Controllers\ProfileController.php(53): view('destination_det...', Array)
#3 C:\laragon\www\eguide\system\CodeIgniter.php(832): App\Controllers\ProfileController->test('17')
#4 C:\laragon\www\eguide\system\CodeIgniter.php(419): CodeIgniter\CodeIgniter->runController(Object(App\Controllers\ProfileController))
#5 C:\laragon\www\eguide\system\CodeIgniter.php(326): CodeIgniter\CodeIgniter->handleRequest(NULL, Object(Config\Cache), false)
#6 C:\laragon\www\eguide\public\index.php(37): CodeIgniter\CodeIgniter->run()
#7 C:\laragon\www\eguide\system\Commands\Server\rewrite.php(43): require_once('C:\\laragon\\www\\...')
#8 {main}
CRITICAL - 2022-06-10 05:19:15 --> syntax error, unexpected ']', expecting ';' or ','
#0 C:\laragon\www\eguide\system\View\View.php(213): CodeIgniter\View\View->CodeIgniter\View\{closure}()
#1 C:\laragon\www\eguide\system\Common.php(1089): CodeIgniter\View\View->render('destination_det...', Array, true)
#2 C:\laragon\www\eguide\app\Controllers\ProfileController.php(53): view('destination_det...', Array)
#3 C:\laragon\www\eguide\system\CodeIgniter.php(832): App\Controllers\ProfileController->test('17')
#4 C:\laragon\www\eguide\system\CodeIgniter.php(419): CodeIgniter\CodeIgniter->runController(Object(App\Controllers\ProfileController))
#5 C:\laragon\www\eguide\system\CodeIgniter.php(326): CodeIgniter\CodeIgniter->handleRequest(NULL, Object(Config\Cache), false)
#6 C:\laragon\www\eguide\public\index.php(37): CodeIgniter\CodeIgniter->run()
#7 C:\laragon\www\eguide\system\Commands\Server\rewrite.php(43): require_once('C:\\laragon\\www\\...')
#8 {main}
CRITICAL - 2022-06-10 21:00:03 --> Use of undefined constant row - assumed 'row' (this will throw an Error in a future version of PHP)
#0 C:\laragon\www\eguide\app\Views\destination_details.php(173): CodeIgniter\Debug\Exceptions->errorHandler(2, 'Use of undefine...', 'C:\\laragon\\www\\...', 173, Array)
#1 C:\laragon\www\eguide\system\View\View.php(210): include('C:\\laragon\\www\\...')
#2 C:\laragon\www\eguide\system\View\View.php(213): CodeIgniter\View\View->CodeIgniter\View\{closure}()
#3 C:\laragon\www\eguide\system\Common.php(1089): CodeIgniter\View\View->render('destination_det...', Array, true)
#4 C:\laragon\www\eguide\app\Controllers\ProfileController.php(53): view('destination_det...', Array)
#5 C:\laragon\www\eguide\system\CodeIgniter.php(832): App\Controllers\ProfileController->test('6')
#6 C:\laragon\www\eguide\system\CodeIgniter.php(419): CodeIgniter\CodeIgniter->runController(Object(App\Controllers\ProfileController))
#7 C:\laragon\www\eguide\system\CodeIgniter.php(326): CodeIgniter\CodeIgniter->handleRequest(NULL, Object(Config\Cache), false)
#8 C:\laragon\www\eguide\public\index.php(37): CodeIgniter\CodeIgniter->run()
#9 C:\laragon\www\eguide\system\Commands\Server\rewrite.php(43): require_once('C:\\laragon\\www\\...')
#10 {main}
CRITICAL - 2022-06-10 22:20:29 --> Use of undefined constant row - assumed 'row' (this will throw an Error in a future version of PHP)
#0 C:\laragon\www\eguide\app\Views\destination_details.php(173): CodeIgniter\Debug\Exceptions->errorHandler(2, 'Use of undefine...', 'C:\\laragon\\www\\...', 173, Array)
#1 C:\laragon\www\eguide\system\View\View.php(210): include('C:\\laragon\\www\\...')
#2 C:\laragon\www\eguide\system\View\View.php(213): CodeIgniter\View\View->CodeIgniter\View\{closure}()
#3 C:\laragon\www\eguide\system\Common.php(1089): CodeIgniter\View\View->render('destination_det...', Array, true)
#4 C:\laragon\www\eguide\app\Controllers\ProfileController.php(53): view('destination_det...', Array)
#5 C:\laragon\www\eguide\system\CodeIgniter.php(832): App\Controllers\ProfileController->test('62')
#6 C:\laragon\www\eguide\system\CodeIgniter.php(419): CodeIgniter\CodeIgniter->runController(Object(App\Controllers\ProfileController))
#7 C:\laragon\www\eguide\system\CodeIgniter.php(326): CodeIgniter\CodeIgniter->handleRequest(NULL, Object(Config\Cache), false)
#8 C:\laragon\www\eguide\public\index.php(37): CodeIgniter\CodeIgniter->run()
#9 C:\laragon\www\eguide\system\Commands\Server\rewrite.php(43): require_once('C:\\laragon\\www\\...')
#10 {main}
