CRITICAL - 2022-05-11 00:58:04 --> Function name must be a string
#0 C:\laragon\www\travelguide\system\View\View.php(210): include()
#1 C:\laragon\www\travelguide\system\View\View.php(213): CodeIgniter\View\View->CodeIgniter\View\{closure}()
#2 C:\laragon\www\travelguide\system\Common.php(1089): CodeIgniter\View\View->render('homepage', Array, true)
#3 C:\laragon\www\travelguide\app\Controllers\ProfileController.php(9): view('homepage')
#4 C:\laragon\www\travelguide\system\CodeIgniter.php(832): App\Controllers\ProfileController->index()
#5 C:\laragon\www\travelguide\system\CodeIgniter.php(419): CodeIgniter\CodeIgniter->runController(Object(App\Controllers\ProfileController))
#6 C:\laragon\www\travelguide\system\CodeIgniter.php(326): CodeIgniter\CodeIgniter->handleRequest(NULL, Object(Config\Cache), false)
#7 C:\laragon\www\travelguide\public\index.php(37): CodeIgniter\CodeIgniter->run()
#8 C:\laragon\www\travelguide\system\Commands\Server\rewrite.php(43): require_once('C:\\laragon\\www\\...')
#9 {main}
CRITICAL - 2022-05-11 00:58:18 --> Function name must be a string
#0 C:\laragon\www\travelguide\system\View\View.php(210): include()
#1 C:\laragon\www\travelguide\system\View\View.php(213): CodeIgniter\View\View->CodeIgniter\View\{closure}()
#2 C:\laragon\www\travelguide\system\Common.php(1089): CodeIgniter\View\View->render('homepage', Array, true)
#3 C:\laragon\www\travelguide\app\Controllers\ProfileController.php(9): view('homepage')
#4 C:\laragon\www\travelguide\system\CodeIgniter.php(832): App\Controllers\ProfileController->index()
#5 C:\laragon\www\travelguide\system\CodeIgniter.php(419): CodeIgniter\CodeIgniter->runController(Object(App\Controllers\ProfileController))
#6 C:\laragon\www\travelguide\system\CodeIgniter.php(326): CodeIgniter\CodeIgniter->handleRequest(NULL, Object(Config\Cache), false)
#7 C:\laragon\www\travelguide\public\index.php(37): CodeIgniter\CodeIgniter->run()
#8 C:\laragon\www\travelguide\system\Commands\Server\rewrite.php(43): require_once('C:\\laragon\\www\\...')
#9 {main}
CRITICAL - 2022-05-11 02:56:30 --> Call to a member function setFlashdata() on null
#0 C:\laragon\www\travelguide\system\CodeIgniter.php(832): App\Controllers\SignupController->store()
#1 C:\laragon\www\travelguide\system\CodeIgniter.php(419): CodeIgniter\CodeIgniter->runController(Object(App\Controllers\SignupController))
#2 C:\laragon\www\travelguide\system\CodeIgniter.php(326): CodeIgniter\CodeIgniter->handleRequest(NULL, Object(Config\Cache), false)
#3 C:\laragon\www\travelguide\public\index.php(37): CodeIgniter\CodeIgniter->run()
#4 C:\laragon\www\travelguide\system\Commands\Server\rewrite.php(43): require_once('C:\\laragon\\www\\...')
#5 {main}
ERROR - 2022-05-11 03:04:16 --> Email: sendWithSmtp throwed fsockopen(): SSL operation failed with code 1. OpenSSL Error messages:
error:1408F10B:SSL routines:ssl3_get_record:wrong version number
ERROR - 2022-05-11 03:06:43 --> Email: sendWithSmtp throwed fsockopen(): SSL operation failed with code 1. OpenSSL Error messages:
error:1408F10B:SSL routines:ssl3_get_record:wrong version number
ERROR - 2022-05-11 03:08:25 --> Email: sendWithSmtp throwed fsockopen(): SSL operation failed with code 1. OpenSSL Error messages:
error:1408F10B:SSL routines:ssl3_get_record:wrong version number
ERROR - 2022-05-11 03:09:35 --> Email: sendWithSmtp throwed fsockopen(): SSL operation failed with code 1. OpenSSL Error messages:
error:1408F10B:SSL routines:ssl3_get_record:wrong version number
CRITICAL - 2022-05-11 03:11:28 --> syntax error, unexpected '=>' (T_DOUBLE_ARROW)
#0 C:\laragon\www\travelguide\system\Router\Router.php(175): CodeIgniter\Router\Router->autoRoute('SignupControlle...')
#1 C:\laragon\www\travelguide\system\CodeIgniter.php(726): CodeIgniter\Router\Router->handle('SignupControlle...')
#2 C:\laragon\www\travelguide\system\CodeIgniter.php(368): CodeIgniter\CodeIgniter->tryToRouteIt(Object(CodeIgniter\Router\RouteCollection))
#3 C:\laragon\www\travelguide\system\CodeIgniter.php(326): CodeIgniter\CodeIgniter->handleRequest(NULL, Object(Config\Cache), false)
#4 C:\laragon\www\travelguide\public\index.php(37): CodeIgniter\CodeIgniter->run()
#5 C:\laragon\www\travelguide\system\Commands\Server\rewrite.php(43): require_once('C:\\laragon\\www\\...')
#6 {main}
CRITICAL - 2022-05-11 03:35:39 --> syntax error, unexpected '!'
#0 C:\laragon\www\travelguide\system\Autoloader\Autoloader.php(241): CodeIgniter\Autoloader\Autoloader->includeFile('C:\\laragon\\www\\...')
#1 C:\laragon\www\travelguide\system\Autoloader\Autoloader.php(219): CodeIgniter\Autoloader\Autoloader->loadInNamespace('App\\Controllers...')
#2 [internal function]: CodeIgniter\Autoloader\Autoloader->loadClass('App\\Controllers...')
#3 [internal function]: spl_autoload_call('App\\Controllers...')
#4 C:\laragon\www\travelguide\system\CodeIgniter.php(797): class_exists('\\App\\Controller...', true)
#5 C:\laragon\www\travelguide\system\CodeIgniter.php(406): CodeIgniter\CodeIgniter->startController()
#6 C:\laragon\www\travelguide\system\CodeIgniter.php(326): CodeIgniter\CodeIgniter->handleRequest(NULL, Object(Config\Cache), false)
#7 C:\laragon\www\travelguide\public\index.php(37): CodeIgniter\CodeIgniter->run()
#8 C:\laragon\www\travelguide\system\Commands\Server\rewrite.php(43): require_once('C:\\laragon\\www\\...')
#9 {main}
CRITICAL - 2022-05-11 03:35:47 --> syntax error, unexpected '!'
#0 C:\laragon\www\travelguide\system\Autoloader\Autoloader.php(241): CodeIgniter\Autoloader\Autoloader->includeFile('C:\\laragon\\www\\...')
#1 C:\laragon\www\travelguide\system\Autoloader\Autoloader.php(219): CodeIgniter\Autoloader\Autoloader->loadInNamespace('App\\Controllers...')
#2 [internal function]: CodeIgniter\Autoloader\Autoloader->loadClass('App\\Controllers...')
#3 [internal function]: spl_autoload_call('App\\Controllers...')
#4 C:\laragon\www\travelguide\system\CodeIgniter.php(797): class_exists('\\App\\Controller...', true)
#5 C:\laragon\www\travelguide\system\CodeIgniter.php(406): CodeIgniter\CodeIgniter->startController()
#6 C:\laragon\www\travelguide\system\CodeIgniter.php(326): CodeIgniter\CodeIgniter->handleRequest(NULL, Object(Config\Cache), false)
#7 C:\laragon\www\travelguide\public\index.php(37): CodeIgniter\CodeIgniter->run()
#8 C:\laragon\www\travelguide\system\Commands\Server\rewrite.php(43): require_once('C:\\laragon\\www\\...')
#9 {main}
CRITICAL - 2022-05-11 03:41:10 --> syntax error, unexpected 'public' (T_PUBLIC)
#0 C:\laragon\www\travelguide\system\Autoloader\Autoloader.php(241): CodeIgniter\Autoloader\Autoloader->includeFile('C:\\laragon\\www\\...')
#1 C:\laragon\www\travelguide\system\Autoloader\Autoloader.php(219): CodeIgniter\Autoloader\Autoloader->loadInNamespace('App\\Controllers...')
#2 [internal function]: CodeIgniter\Autoloader\Autoloader->loadClass('App\\Controllers...')
#3 [internal function]: spl_autoload_call('App\\Controllers...')
#4 C:\laragon\www\travelguide\system\CodeIgniter.php(797): class_exists('\\App\\Controller...', true)
#5 C:\laragon\www\travelguide\system\CodeIgniter.php(406): CodeIgniter\CodeIgniter->startController()
#6 C:\laragon\www\travelguide\system\CodeIgniter.php(326): CodeIgniter\CodeIgniter->handleRequest(NULL, Object(Config\Cache), false)
#7 C:\laragon\www\travelguide\public\index.php(37): CodeIgniter\CodeIgniter->run()
#8 C:\laragon\www\travelguide\system\Commands\Server\rewrite.php(43): require_once('C:\\laragon\\www\\...')
#9 {main}
CRITICAL - 2022-05-11 03:41:18 --> syntax error, unexpected 'public' (T_PUBLIC)
#0 C:\laragon\www\travelguide\system\Autoloader\Autoloader.php(241): CodeIgniter\Autoloader\Autoloader->includeFile('C:\\laragon\\www\\...')
#1 C:\laragon\www\travelguide\system\Autoloader\Autoloader.php(219): CodeIgniter\Autoloader\Autoloader->loadInNamespace('App\\Controllers...')
#2 [internal function]: CodeIgniter\Autoloader\Autoloader->loadClass('App\\Controllers...')
#3 [internal function]: spl_autoload_call('App\\Controllers...')
#4 C:\laragon\www\travelguide\system\CodeIgniter.php(797): class_exists('\\App\\Controller...', true)
#5 C:\laragon\www\travelguide\system\CodeIgniter.php(406): CodeIgniter\CodeIgniter->startController()
#6 C:\laragon\www\travelguide\system\CodeIgniter.php(326): CodeIgniter\CodeIgniter->handleRequest(NULL, Object(Config\Cache), false)
#7 C:\laragon\www\travelguide\public\index.php(37): CodeIgniter\CodeIgniter->run()
#8 C:\laragon\www\travelguide\system\Commands\Server\rewrite.php(43): require_once('C:\\laragon\\www\\...')
#9 {main}
CRITICAL - 2022-05-11 03:41:40 --> Cannot redeclare App\Controllers\SignupController::verification()
#0 [internal function]: CodeIgniter\Debug\Exceptions->shutdownHandler()
#1 {main}
CRITICAL - 2022-05-11 03:41:41 --> Cannot redeclare App\Controllers\SignupController::verification()
#0 [internal function]: CodeIgniter\Debug\Exceptions->shutdownHandler()
#1 {main}
CRITICAL - 2022-05-11 03:41:58 --> Cannot redeclare App\Controllers\SignupController::verification()
#0 [internal function]: CodeIgniter\Debug\Exceptions->shutdownHandler()
#1 {main}
CRITICAL - 2022-05-11 03:43:05 --> Cannot redeclare App\Controllers\SignupController::verification()
#0 [internal function]: CodeIgniter\Debug\Exceptions->shutdownHandler()
#1 {main}
CRITICAL - 2022-05-11 03:48:38 --> Call to undefined function App\Controllers\verify()
#0 C:\laragon\www\travelguide\system\CodeIgniter.php(832): App\Controllers\SignupController->store()
#1 C:\laragon\www\travelguide\system\CodeIgniter.php(419): CodeIgniter\CodeIgniter->runController(Object(App\Controllers\SignupController))
#2 C:\laragon\www\travelguide\system\CodeIgniter.php(326): CodeIgniter\CodeIgniter->handleRequest(NULL, Object(Config\Cache), false)
#3 C:\laragon\www\travelguide\public\index.php(37): CodeIgniter\CodeIgniter->run()
#4 C:\laragon\www\travelguide\system\Commands\Server\rewrite.php(43): require_once('C:\\laragon\\www\\...')
#5 {main}
CRITICAL - 2022-05-11 04:07:54 --> Call to a member function setFlashdata() on null
#0 C:\laragon\www\travelguide\system\CodeIgniter.php(832): App\Controllers\SignupController->verify('n8IarQez3GOFkqo...')
#1 C:\laragon\www\travelguide\system\CodeIgniter.php(419): CodeIgniter\CodeIgniter->runController(Object(App\Controllers\SignupController))
#2 C:\laragon\www\travelguide\system\CodeIgniter.php(326): CodeIgniter\CodeIgniter->handleRequest(NULL, Object(Config\Cache), false)
#3 C:\laragon\www\travelguide\public\index.php(37): CodeIgniter\CodeIgniter->run()
#4 C:\laragon\www\travelguide\system\Commands\Server\rewrite.php(43): require_once('C:\\laragon\\www\\...')
#5 {main}
