CRITICAL - 2022-05-23 21:32:25 --> Class 'app\Models\DestinationModel' not found
#0 C:\laragon\www\travelguide1\system\CodeIgniter.php(832): App\Controllers\ProfileController->index()
#1 C:\laragon\www\travelguide1\system\CodeIgniter.php(419): CodeIgniter\CodeIgniter->runController(Object(App\Controllers\ProfileController))
#2 C:\laragon\www\travelguide1\system\CodeIgniter.php(326): CodeIgniter\CodeIgniter->handleRequest(NULL, Object(Config\Cache), false)
#3 C:\laragon\www\travelguide1\public\index.php(37): CodeIgniter\CodeIgniter->run()
#4 C:\laragon\www\travelguide1\system\Commands\Server\rewrite.php(43): require_once('C:\\laragon\\www\\...')
#5 {main}
CRITICAL - 2022-05-23 22:11:32 --> Invalid argument supplied for foreach()
#0 C:\laragon\www\travelguide1\app\Views\more places\calapan.php(131): CodeIgniter\Debug\Exceptions->errorHandler(2, 'Invalid argumen...', 'C:\\laragon\\www\\...', 131, Array)
#1 C:\laragon\www\travelguide1\system\View\View.php(210): include('C:\\laragon\\www\\...')
#2 C:\laragon\www\travelguide1\system\View\View.php(213): CodeIgniter\View\View->CodeIgniter\View\{closure}()
#3 C:\laragon\www\travelguide1\system\Common.php(1089): CodeIgniter\View\View->render('more places/cal...', Array, true)
#4 C:\laragon\www\travelguide1\app\Controllers\DestinationController.php(25): view('more places/cal...')
#5 C:\laragon\www\travelguide1\system\CodeIgniter.php(832): App\Controllers\DestinationController->morcal()
#6 C:\laragon\www\travelguide1\system\CodeIgniter.php(419): CodeIgniter\CodeIgniter->runController(Object(App\Controllers\DestinationController))
#7 C:\laragon\www\travelguide1\system\CodeIgniter.php(326): CodeIgniter\CodeIgniter->handleRequest(NULL, Object(Config\Cache), false)
#8 C:\laragon\www\travelguide1\public\index.php(37): CodeIgniter\CodeIgniter->run()
#9 C:\laragon\www\travelguide1\system\Commands\Server\rewrite.php(43): require_once('C:\\laragon\\www\\...')
#10 {main}
CRITICAL - 2022-05-23 22:11:47 --> Invalid argument supplied for foreach()
#0 C:\laragon\www\travelguide1\app\Views\more places\calapan.php(131): CodeIgniter\Debug\Exceptions->errorHandler(2, 'Invalid argumen...', 'C:\\laragon\\www\\...', 131, Array)
#1 C:\laragon\www\travelguide1\system\View\View.php(210): include('C:\\laragon\\www\\...')
#2 C:\laragon\www\travelguide1\system\View\View.php(213): CodeIgniter\View\View->CodeIgniter\View\{closure}()
#3 C:\laragon\www\travelguide1\system\Common.php(1089): CodeIgniter\View\View->render('more places/cal...', Array, true)
#4 C:\laragon\www\travelguide1\app\Controllers\DestinationController.php(25): view('more places/cal...')
#5 C:\laragon\www\travelguide1\system\CodeIgniter.php(832): App\Controllers\DestinationController->morcal()
#6 C:\laragon\www\travelguide1\system\CodeIgniter.php(419): CodeIgniter\CodeIgniter->runController(Object(App\Controllers\DestinationController))
#7 C:\laragon\www\travelguide1\system\CodeIgniter.php(326): CodeIgniter\CodeIgniter->handleRequest(NULL, Object(Config\Cache), false)
#8 C:\laragon\www\travelguide1\public\index.php(37): CodeIgniter\CodeIgniter->run()
#9 C:\laragon\www\travelguide1\system\Commands\Server\rewrite.php(43): require_once('C:\\laragon\\www\\...')
#10 {main}
