CRITICAL - 2022-07-22 06:02:05 --> mysqli_fetch_array() expects parameter 1 to be mysqli_result, null given
#0 [internal function]: CodeIgniter\Debug\Exceptions->errorHandler(2, 'mysqli_fetch_ar...', 'C:\\laragon\\www\\...', 145, Array)
#1 C:\laragon\www\aken-1\app\Views\destination_details.php(145): mysqli_fetch_array(NULL)
#2 C:\laragon\www\aken-1\system\View\View.php(210): include('C:\\laragon\\www\\...')
#3 C:\laragon\www\aken-1\system\View\View.php(213): CodeIgniter\View\View->CodeIgniter\View\{closure}()
#4 C:\laragon\www\aken-1\system\Common.php(1089): CodeIgniter\View\View->render('destination_det...', Array, true)
#5 C:\laragon\www\aken-1\app\Controllers\ProfileController.php(64): view('destination_det...', Array)
#6 C:\laragon\www\aken-1\system\CodeIgniter.php(832): App\Controllers\ProfileController->test('7')
#7 C:\laragon\www\aken-1\system\CodeIgniter.php(419): CodeIgniter\CodeIgniter->runController(Object(App\Controllers\ProfileController))
#8 C:\laragon\www\aken-1\system\CodeIgniter.php(326): CodeIgniter\CodeIgniter->handleRequest(NULL, Object(Config\Cache), false)
#9 C:\laragon\www\aken-1\public\index.php(37): CodeIgniter\CodeIgniter->run()
#10 C:\laragon\www\aken-1\system\Commands\Server\rewrite.php(43): require_once('C:\\laragon\\www\\...')
#11 {main}
CRITICAL - 2022-07-22 06:03:12 --> mysqli_fetch_array() expects parameter 1 to be mysqli_result, null given
#0 [internal function]: CodeIgniter\Debug\Exceptions->errorHandler(2, 'mysqli_fetch_ar...', 'C:\\laragon\\www\\...', 145, Array)
#1 C:\laragon\www\aken-1\app\Views\destination_details.php(145): mysqli_fetch_array(NULL)
#2 C:\laragon\www\aken-1\system\View\View.php(210): include('C:\\laragon\\www\\...')
#3 C:\laragon\www\aken-1\system\View\View.php(213): CodeIgniter\View\View->CodeIgniter\View\{closure}()
#4 C:\laragon\www\aken-1\system\Common.php(1089): CodeIgniter\View\View->render('destination_det...', Array, true)
#5 C:\laragon\www\aken-1\app\Controllers\ProfileController.php(64): view('destination_det...', Array)
#6 C:\laragon\www\aken-1\system\CodeIgniter.php(832): App\Controllers\ProfileController->test('7')
#7 C:\laragon\www\aken-1\system\CodeIgniter.php(419): CodeIgniter\CodeIgniter->runController(Object(App\Controllers\ProfileController))
#8 C:\laragon\www\aken-1\system\CodeIgniter.php(326): CodeIgniter\CodeIgniter->handleRequest(NULL, Object(Config\Cache), false)
#9 C:\laragon\www\aken-1\public\index.php(37): CodeIgniter\CodeIgniter->run()
#10 C:\laragon\www\aken-1\system\Commands\Server\rewrite.php(43): require_once('C:\\laragon\\www\\...')
#11 {main}
CRITICAL - 2022-07-22 06:03:13 --> mysqli_fetch_array() expects parameter 1 to be mysqli_result, null given
#0 [internal function]: CodeIgniter\Debug\Exceptions->errorHandler(2, 'mysqli_fetch_ar...', 'C:\\laragon\\www\\...', 145, Array)
#1 C:\laragon\www\aken-1\app\Views\destination_details.php(145): mysqli_fetch_array(NULL)
#2 C:\laragon\www\aken-1\system\View\View.php(210): include('C:\\laragon\\www\\...')
#3 C:\laragon\www\aken-1\system\View\View.php(213): CodeIgniter\View\View->CodeIgniter\View\{closure}()
#4 C:\laragon\www\aken-1\system\Common.php(1089): CodeIgniter\View\View->render('destination_det...', Array, true)
#5 C:\laragon\www\aken-1\app\Controllers\ProfileController.php(64): view('destination_det...', Array)
#6 C:\laragon\www\aken-1\system\CodeIgniter.php(832): App\Controllers\ProfileController->test('7')
#7 C:\laragon\www\aken-1\system\CodeIgniter.php(419): CodeIgniter\CodeIgniter->runController(Object(App\Controllers\ProfileController))
#8 C:\laragon\www\aken-1\system\CodeIgniter.php(326): CodeIgniter\CodeIgniter->handleRequest(NULL, Object(Config\Cache), false)
#9 C:\laragon\www\aken-1\public\index.php(37): CodeIgniter\CodeIgniter->run()
#10 C:\laragon\www\aken-1\system\Commands\Server\rewrite.php(43): require_once('C:\\laragon\\www\\...')
#11 {main}
CRITICAL - 2022-07-22 06:03:59 --> Table 'eguide.rating_data' doesn't exist
#0 C:\laragon\www\aken-1\app\Views\process.php(10): mysqli_query(Object(mysqli), 'SELECT AVG(rati...')
#1 C:\laragon\www\aken-1\app\Views\destination_details.php(4): include('C:\\laragon\\www\\...')
#2 C:\laragon\www\aken-1\system\View\View.php(210): include('C:\\laragon\\www\\...')
#3 C:\laragon\www\aken-1\system\View\View.php(213): CodeIgniter\View\View->CodeIgniter\View\{closure}()
#4 C:\laragon\www\aken-1\system\Common.php(1089): CodeIgniter\View\View->render('destination_det...', Array, true)
#5 C:\laragon\www\aken-1\app\Controllers\ProfileController.php(64): view('destination_det...', Array)
#6 C:\laragon\www\aken-1\system\CodeIgniter.php(832): App\Controllers\ProfileController->test('7')
#7 C:\laragon\www\aken-1\system\CodeIgniter.php(419): CodeIgniter\CodeIgniter->runController(Object(App\Controllers\ProfileController))
#8 C:\laragon\www\aken-1\system\CodeIgniter.php(326): CodeIgniter\CodeIgniter->handleRequest(NULL, Object(Config\Cache), false)
#9 C:\laragon\www\aken-1\public\index.php(37): CodeIgniter\CodeIgniter->run()
#10 C:\laragon\www\aken-1\system\Commands\Server\rewrite.php(43): require_once('C:\\laragon\\www\\...')
#11 {main}
CRITICAL - 2022-07-22 06:08:22 --> Unknown column 'status' in 'where clause'
#0 C:\laragon\www\aken-1\app\Views\process.php(10): mysqli_query(Object(mysqli), 'SELECT AVG(rati...')
#1 C:\laragon\www\aken-1\app\Views\destination_details.php(4): include('C:\\laragon\\www\\...')
#2 C:\laragon\www\aken-1\system\View\View.php(210): include('C:\\laragon\\www\\...')
#3 C:\laragon\www\aken-1\system\View\View.php(213): CodeIgniter\View\View->CodeIgniter\View\{closure}()
#4 C:\laragon\www\aken-1\system\Common.php(1089): CodeIgniter\View\View->render('destination_det...', Array, true)
#5 C:\laragon\www\aken-1\app\Controllers\ProfileController.php(64): view('destination_det...', Array)
#6 C:\laragon\www\aken-1\system\CodeIgniter.php(832): App\Controllers\ProfileController->test('7')
#7 C:\laragon\www\aken-1\system\CodeIgniter.php(419): CodeIgniter\CodeIgniter->runController(Object(App\Controllers\ProfileController))
#8 C:\laragon\www\aken-1\system\CodeIgniter.php(326): CodeIgniter\CodeIgniter->handleRequest(NULL, Object(Config\Cache), false)
#9 C:\laragon\www\aken-1\public\index.php(37): CodeIgniter\CodeIgniter->run()
#10 C:\laragon\www\aken-1\system\Commands\Server\rewrite.php(43): require_once('C:\\laragon\\www\\...')
#11 {main}
CRITICAL - 2022-07-22 06:08:23 --> Unknown column 'status' in 'where clause'
#0 C:\laragon\www\aken-1\app\Views\process.php(10): mysqli_query(Object(mysqli), 'SELECT AVG(rati...')
#1 C:\laragon\www\aken-1\app\Views\destination_details.php(4): include('C:\\laragon\\www\\...')
#2 C:\laragon\www\aken-1\system\View\View.php(210): include('C:\\laragon\\www\\...')
#3 C:\laragon\www\aken-1\system\View\View.php(213): CodeIgniter\View\View->CodeIgniter\View\{closure}()
#4 C:\laragon\www\aken-1\system\Common.php(1089): CodeIgniter\View\View->render('destination_det...', Array, true)
#5 C:\laragon\www\aken-1\app\Controllers\ProfileController.php(64): view('destination_det...', Array)
#6 C:\laragon\www\aken-1\system\CodeIgniter.php(832): App\Controllers\ProfileController->test('7')
#7 C:\laragon\www\aken-1\system\CodeIgniter.php(419): CodeIgniter\CodeIgniter->runController(Object(App\Controllers\ProfileController))
#8 C:\laragon\www\aken-1\system\CodeIgniter.php(326): CodeIgniter\CodeIgniter->handleRequest(NULL, Object(Config\Cache), false)
#9 C:\laragon\www\aken-1\public\index.php(37): CodeIgniter\CodeIgniter->run()
#10 C:\laragon\www\aken-1\system\Commands\Server\rewrite.php(43): require_once('C:\\laragon\\www\\...')
#11 {main}
CRITICAL - 2022-07-22 06:08:41 --> Unknown column 'date_time' in 'order clause'
#0 C:\laragon\www\aken-1\app\Views\process.php(19): mysqli_query(Object(mysqli), 'SELECT remark,r...')
#1 C:\laragon\www\aken-1\app\Views\destination_details.php(4): include('C:\\laragon\\www\\...')
#2 C:\laragon\www\aken-1\system\View\View.php(210): include('C:\\laragon\\www\\...')
#3 C:\laragon\www\aken-1\system\View\View.php(213): CodeIgniter\View\View->CodeIgniter\View\{closure}()
#4 C:\laragon\www\aken-1\system\Common.php(1089): CodeIgniter\View\View->render('destination_det...', Array, true)
#5 C:\laragon\www\aken-1\app\Controllers\ProfileController.php(64): view('destination_det...', Array)
#6 C:\laragon\www\aken-1\system\CodeIgniter.php(832): App\Controllers\ProfileController->test('7')
#7 C:\laragon\www\aken-1\system\CodeIgniter.php(419): CodeIgniter\CodeIgniter->runController(Object(App\Controllers\ProfileController))
#8 C:\laragon\www\aken-1\system\CodeIgniter.php(326): CodeIgniter\CodeIgniter->handleRequest(NULL, Object(Config\Cache), false)
#9 C:\laragon\www\aken-1\public\index.php(37): CodeIgniter\CodeIgniter->run()
#10 C:\laragon\www\aken-1\system\Commands\Server\rewrite.php(43): require_once('C:\\laragon\\www\\...')
#11 {main}
