CRITICAL - 2023-01-05 07:28:56 --> Use of undefined constant id - assumed 'id' (this will throw an Error in a future version of PHP)
#0 C:\laragon\www\Caps-Products\app\Views\review_rating.php(116): CodeIgniter\Debug\Exceptions->errorHandler(2, 'Use of undefine...', 'C:\\laragon\\www\\...', 116, Array)
#1 C:\laragon\www\Caps-Products\system\View\View.php(210): include('C:\\laragon\\www\\...')
#2 C:\laragon\www\Caps-Products\system\View\View.php(213): CodeIgniter\View\View->CodeIgniter\View\{closure}()
#3 C:\laragon\www\Caps-Products\system\Common.php(1089): CodeIgniter\View\View->render('review_rating', Array, true)
#4 C:\laragon\www\Caps-Products\app\Controllers\AdminController.php(135): view('review_rating', Array)
#5 C:\laragon\www\Caps-Products\system\CodeIgniter.php(832): App\Controllers\AdminController->review_rating()
#6 C:\laragon\www\Caps-Products\system\CodeIgniter.php(419): CodeIgniter\CodeIgniter->runController(Object(App\Controllers\AdminController))
#7 C:\laragon\www\Caps-Products\system\CodeIgniter.php(326): CodeIgniter\CodeIgniter->handleRequest(NULL, Object(Config\Cache), false)
#8 C:\laragon\www\Caps-Products\public\index.php(37): CodeIgniter\CodeIgniter->run()
#9 C:\laragon\www\Caps-Products\system\Commands\Server\rewrite.php(43): require_once('C:\\laragon\\www\\...')
#10 {main}
CRITICAL - 2023-01-05 07:35:47 --> syntax error, unexpected end of file
#0 C:\laragon\www\Caps-Products\system\View\View.php(213): CodeIgniter\View\View->CodeIgniter\View\{closure}()
#1 C:\laragon\www\Caps-Products\system\Common.php(1089): CodeIgniter\View\View->render('review_rating', Array, true)
#2 C:\laragon\www\Caps-Products\app\Controllers\AdminController.php(135): view('review_rating', Array)
#3 C:\laragon\www\Caps-Products\system\CodeIgniter.php(832): App\Controllers\AdminController->review_rating()
#4 C:\laragon\www\Caps-Products\system\CodeIgniter.php(419): CodeIgniter\CodeIgniter->runController(Object(App\Controllers\AdminController))
#5 C:\laragon\www\Caps-Products\system\CodeIgniter.php(326): CodeIgniter\CodeIgniter->handleRequest(NULL, Object(Config\Cache), false)
#6 C:\laragon\www\Caps-Products\public\index.php(37): CodeIgniter\CodeIgniter->run()
#7 C:\laragon\www\Caps-Products\system\Commands\Server\rewrite.php(43): require_once('C:\\laragon\\www\\...')
#8 {main}
CRITICAL - 2023-01-05 07:36:01 --> syntax error, unexpected end of file
#0 C:\laragon\www\Caps-Products\system\View\View.php(213): CodeIgniter\View\View->CodeIgniter\View\{closure}()
#1 C:\laragon\www\Caps-Products\system\Common.php(1089): CodeIgniter\View\View->render('review_rating', Array, true)
#2 C:\laragon\www\Caps-Products\app\Controllers\AdminController.php(135): view('review_rating', Array)
#3 C:\laragon\www\Caps-Products\system\CodeIgniter.php(832): App\Controllers\AdminController->review_rating()
#4 C:\laragon\www\Caps-Products\system\CodeIgniter.php(419): CodeIgniter\CodeIgniter->runController(Object(App\Controllers\AdminController))
#5 C:\laragon\www\Caps-Products\system\CodeIgniter.php(326): CodeIgniter\CodeIgniter->handleRequest(NULL, Object(Config\Cache), false)
#6 C:\laragon\www\Caps-Products\public\index.php(37): CodeIgniter\CodeIgniter->run()
#7 C:\laragon\www\Caps-Products\system\Commands\Server\rewrite.php(43): require_once('C:\\laragon\\www\\...')
#8 {main}
CRITICAL - 2023-01-05 07:36:09 --> syntax error, unexpected end of file
#0 C:\laragon\www\Caps-Products\system\View\View.php(213): CodeIgniter\View\View->CodeIgniter\View\{closure}()
#1 C:\laragon\www\Caps-Products\system\Common.php(1089): CodeIgniter\View\View->render('review_rating', Array, true)
#2 C:\laragon\www\Caps-Products\app\Controllers\AdminController.php(135): view('review_rating', Array)
#3 C:\laragon\www\Caps-Products\system\CodeIgniter.php(832): App\Controllers\AdminController->review_rating()
#4 C:\laragon\www\Caps-Products\system\CodeIgniter.php(419): CodeIgniter\CodeIgniter->runController(Object(App\Controllers\AdminController))
#5 C:\laragon\www\Caps-Products\system\CodeIgniter.php(326): CodeIgniter\CodeIgniter->handleRequest(NULL, Object(Config\Cache), false)
#6 C:\laragon\www\Caps-Products\public\index.php(37): CodeIgniter\CodeIgniter->run()
#7 C:\laragon\www\Caps-Products\system\Commands\Server\rewrite.php(43): require_once('C:\\laragon\\www\\...')
#8 {main}
CRITICAL - 2023-01-05 07:36:09 --> syntax error, unexpected end of file
#0 C:\laragon\www\Caps-Products\system\View\View.php(213): CodeIgniter\View\View->CodeIgniter\View\{closure}()
#1 C:\laragon\www\Caps-Products\system\Common.php(1089): CodeIgniter\View\View->render('review_rating', Array, true)
#2 C:\laragon\www\Caps-Products\app\Controllers\AdminController.php(135): view('review_rating', Array)
#3 C:\laragon\www\Caps-Products\system\CodeIgniter.php(832): App\Controllers\AdminController->review_rating()
#4 C:\laragon\www\Caps-Products\system\CodeIgniter.php(419): CodeIgniter\CodeIgniter->runController(Object(App\Controllers\AdminController))
#5 C:\laragon\www\Caps-Products\system\CodeIgniter.php(326): CodeIgniter\CodeIgniter->handleRequest(NULL, Object(Config\Cache), false)
#6 C:\laragon\www\Caps-Products\public\index.php(37): CodeIgniter\CodeIgniter->run()
#7 C:\laragon\www\Caps-Products\system\Commands\Server\rewrite.php(43): require_once('C:\\laragon\\www\\...')
#8 {main}
CRITICAL - 2023-01-05 07:36:50 --> Call to undefined function fetchAll()
#0 C:\laragon\www\Caps-Products\system\View\View.php(210): include()
#1 C:\laragon\www\Caps-Products\system\View\View.php(213): CodeIgniter\View\View->CodeIgniter\View\{closure}()
#2 C:\laragon\www\Caps-Products\system\Common.php(1089): CodeIgniter\View\View->render('review_rating', Array, true)
#3 C:\laragon\www\Caps-Products\app\Controllers\AdminController.php(135): view('review_rating', Array)
#4 C:\laragon\www\Caps-Products\system\CodeIgniter.php(832): App\Controllers\AdminController->review_rating()
#5 C:\laragon\www\Caps-Products\system\CodeIgniter.php(419): CodeIgniter\CodeIgniter->runController(Object(App\Controllers\AdminController))
#6 C:\laragon\www\Caps-Products\system\CodeIgniter.php(326): CodeIgniter\CodeIgniter->handleRequest(NULL, Object(Config\Cache), false)
#7 C:\laragon\www\Caps-Products\public\index.php(37): CodeIgniter\CodeIgniter->run()
#8 C:\laragon\www\Caps-Products\system\Commands\Server\rewrite.php(43): require_once('C:\\laragon\\www\\...')
#9 {main}
CRITICAL - 2023-01-05 07:36:51 --> Call to undefined function fetchAll()
#0 C:\laragon\www\Caps-Products\system\View\View.php(210): include()
#1 C:\laragon\www\Caps-Products\system\View\View.php(213): CodeIgniter\View\View->CodeIgniter\View\{closure}()
#2 C:\laragon\www\Caps-Products\system\Common.php(1089): CodeIgniter\View\View->render('review_rating', Array, true)
#3 C:\laragon\www\Caps-Products\app\Controllers\AdminController.php(135): view('review_rating', Array)
#4 C:\laragon\www\Caps-Products\system\CodeIgniter.php(832): App\Controllers\AdminController->review_rating()
#5 C:\laragon\www\Caps-Products\system\CodeIgniter.php(419): CodeIgniter\CodeIgniter->runController(Object(App\Controllers\AdminController))
#6 C:\laragon\www\Caps-Products\system\CodeIgniter.php(326): CodeIgniter\CodeIgniter->handleRequest(NULL, Object(Config\Cache), false)
#7 C:\laragon\www\Caps-Products\public\index.php(37): CodeIgniter\CodeIgniter->run()
#8 C:\laragon\www\Caps-Products\system\Commands\Server\rewrite.php(43): require_once('C:\\laragon\\www\\...')
#9 {main}
CRITICAL - 2023-01-05 07:37:04 --> Use of undefined constant id - assumed 'id' (this will throw an Error in a future version of PHP)
#0 C:\laragon\www\Caps-Products\app\Views\review_rating.php(116): CodeIgniter\Debug\Exceptions->errorHandler(2, 'Use of undefine...', 'C:\\laragon\\www\\...', 116, Array)
#1 C:\laragon\www\Caps-Products\system\View\View.php(210): include('C:\\laragon\\www\\...')
#2 C:\laragon\www\Caps-Products\system\View\View.php(213): CodeIgniter\View\View->CodeIgniter\View\{closure}()
#3 C:\laragon\www\Caps-Products\system\Common.php(1089): CodeIgniter\View\View->render('review_rating', Array, true)
#4 C:\laragon\www\Caps-Products\app\Controllers\AdminController.php(135): view('review_rating', Array)
#5 C:\laragon\www\Caps-Products\system\CodeIgniter.php(832): App\Controllers\AdminController->review_rating()
#6 C:\laragon\www\Caps-Products\system\CodeIgniter.php(419): CodeIgniter\CodeIgniter->runController(Object(App\Controllers\AdminController))
#7 C:\laragon\www\Caps-Products\system\CodeIgniter.php(326): CodeIgniter\CodeIgniter->handleRequest(NULL, Object(Config\Cache), false)
#8 C:\laragon\www\Caps-Products\public\index.php(37): CodeIgniter\CodeIgniter->run()
#9 C:\laragon\www\Caps-Products\system\Commands\Server\rewrite.php(43): require_once('C:\\laragon\\www\\...')
#10 {main}
CRITICAL - 2023-01-05 07:38:54 --> Use of undefined constant id - assumed 'id' (this will throw an Error in a future version of PHP)
#0 C:\laragon\www\Caps-Products\app\Views\review_rating.php(116): CodeIgniter\Debug\Exceptions->errorHandler(2, 'Use of undefine...', 'C:\\laragon\\www\\...', 116, Array)
#1 C:\laragon\www\Caps-Products\system\View\View.php(210): include('C:\\laragon\\www\\...')
#2 C:\laragon\www\Caps-Products\system\View\View.php(213): CodeIgniter\View\View->CodeIgniter\View\{closure}()
#3 C:\laragon\www\Caps-Products\system\Common.php(1089): CodeIgniter\View\View->render('review_rating', Array, true)
#4 C:\laragon\www\Caps-Products\app\Controllers\AdminController.php(135): view('review_rating', Array)
#5 C:\laragon\www\Caps-Products\system\CodeIgniter.php(832): App\Controllers\AdminController->review_rating()
#6 C:\laragon\www\Caps-Products\system\CodeIgniter.php(419): CodeIgniter\CodeIgniter->runController(Object(App\Controllers\AdminController))
#7 C:\laragon\www\Caps-Products\system\CodeIgniter.php(326): CodeIgniter\CodeIgniter->handleRequest(NULL, Object(Config\Cache), false)
#8 C:\laragon\www\Caps-Products\public\index.php(37): CodeIgniter\CodeIgniter->run()
#9 C:\laragon\www\Caps-Products\system\Commands\Server\rewrite.php(43): require_once('C:\\laragon\\www\\...')
#10 {main}
CRITICAL - 2023-01-05 07:38:54 --> Use of undefined constant id - assumed 'id' (this will throw an Error in a future version of PHP)
#0 C:\laragon\www\Caps-Products\app\Views\review_rating.php(116): CodeIgniter\Debug\Exceptions->errorHandler(2, 'Use of undefine...', 'C:\\laragon\\www\\...', 116, Array)
#1 C:\laragon\www\Caps-Products\system\View\View.php(210): include('C:\\laragon\\www\\...')
#2 C:\laragon\www\Caps-Products\system\View\View.php(213): CodeIgniter\View\View->CodeIgniter\View\{closure}()
#3 C:\laragon\www\Caps-Products\system\Common.php(1089): CodeIgniter\View\View->render('review_rating', Array, true)
#4 C:\laragon\www\Caps-Products\app\Controllers\AdminController.php(135): view('review_rating', Array)
#5 C:\laragon\www\Caps-Products\system\CodeIgniter.php(832): App\Controllers\AdminController->review_rating()
#6 C:\laragon\www\Caps-Products\system\CodeIgniter.php(419): CodeIgniter\CodeIgniter->runController(Object(App\Controllers\AdminController))
#7 C:\laragon\www\Caps-Products\system\CodeIgniter.php(326): CodeIgniter\CodeIgniter->handleRequest(NULL, Object(Config\Cache), false)
#8 C:\laragon\www\Caps-Products\public\index.php(37): CodeIgniter\CodeIgniter->run()
#9 C:\laragon\www\Caps-Products\system\Commands\Server\rewrite.php(43): require_once('C:\\laragon\\www\\...')
#10 {main}
CRITICAL - 2023-01-05 07:42:07 --> Use of undefined constant id - assumed 'id' (this will throw an Error in a future version of PHP)
#0 C:\laragon\www\Caps-Products\app\Views\review_rating.php(116): CodeIgniter\Debug\Exceptions->errorHandler(2, 'Use of undefine...', 'C:\\laragon\\www\\...', 116, Array)
#1 C:\laragon\www\Caps-Products\system\View\View.php(210): include('C:\\laragon\\www\\...')
#2 C:\laragon\www\Caps-Products\system\View\View.php(213): CodeIgniter\View\View->CodeIgniter\View\{closure}()
#3 C:\laragon\www\Caps-Products\system\Common.php(1089): CodeIgniter\View\View->render('review_rating', Array, true)
#4 C:\laragon\www\Caps-Products\app\Controllers\AdminController.php(135): view('review_rating', Array)
#5 C:\laragon\www\Caps-Products\system\CodeIgniter.php(832): App\Controllers\AdminController->review_rating()
#6 C:\laragon\www\Caps-Products\system\CodeIgniter.php(419): CodeIgniter\CodeIgniter->runController(Object(App\Controllers\AdminController))
#7 C:\laragon\www\Caps-Products\system\CodeIgniter.php(326): CodeIgniter\CodeIgniter->handleRequest(NULL, Object(Config\Cache), false)
#8 C:\laragon\www\Caps-Products\public\index.php(37): CodeIgniter\CodeIgniter->run()
#9 C:\laragon\www\Caps-Products\system\Commands\Server\rewrite.php(43): require_once('C:\\laragon\\www\\...')
#10 {main}
CRITICAL - 2023-01-05 07:42:08 --> Use of undefined constant id - assumed 'id' (this will throw an Error in a future version of PHP)
#0 C:\laragon\www\Caps-Products\app\Views\review_rating.php(116): CodeIgniter\Debug\Exceptions->errorHandler(2, 'Use of undefine...', 'C:\\laragon\\www\\...', 116, Array)
#1 C:\laragon\www\Caps-Products\system\View\View.php(210): include('C:\\laragon\\www\\...')
#2 C:\laragon\www\Caps-Products\system\View\View.php(213): CodeIgniter\View\View->CodeIgniter\View\{closure}()
#3 C:\laragon\www\Caps-Products\system\Common.php(1089): CodeIgniter\View\View->render('review_rating', Array, true)
#4 C:\laragon\www\Caps-Products\app\Controllers\AdminController.php(135): view('review_rating', Array)
#5 C:\laragon\www\Caps-Products\system\CodeIgniter.php(832): App\Controllers\AdminController->review_rating()
#6 C:\laragon\www\Caps-Products\system\CodeIgniter.php(419): CodeIgniter\CodeIgniter->runController(Object(App\Controllers\AdminController))
#7 C:\laragon\www\Caps-Products\system\CodeIgniter.php(326): CodeIgniter\CodeIgniter->handleRequest(NULL, Object(Config\Cache), false)
#8 C:\laragon\www\Caps-Products\public\index.php(37): CodeIgniter\CodeIgniter->run()
#9 C:\laragon\www\Caps-Products\system\Commands\Server\rewrite.php(43): require_once('C:\\laragon\\www\\...')
#10 {main}
CRITICAL - 2023-01-05 07:42:08 --> Use of undefined constant id - assumed 'id' (this will throw an Error in a future version of PHP)
#0 C:\laragon\www\Caps-Products\app\Views\review_rating.php(116): CodeIgniter\Debug\Exceptions->errorHandler(2, 'Use of undefine...', 'C:\\laragon\\www\\...', 116, Array)
#1 C:\laragon\www\Caps-Products\system\View\View.php(210): include('C:\\laragon\\www\\...')
#2 C:\laragon\www\Caps-Products\system\View\View.php(213): CodeIgniter\View\View->CodeIgniter\View\{closure}()
#3 C:\laragon\www\Caps-Products\system\Common.php(1089): CodeIgniter\View\View->render('review_rating', Array, true)
#4 C:\laragon\www\Caps-Products\app\Controllers\AdminController.php(135): view('review_rating', Array)
#5 C:\laragon\www\Caps-Products\system\CodeIgniter.php(832): App\Controllers\AdminController->review_rating()
#6 C:\laragon\www\Caps-Products\system\CodeIgniter.php(419): CodeIgniter\CodeIgniter->runController(Object(App\Controllers\AdminController))
#7 C:\laragon\www\Caps-Products\system\CodeIgniter.php(326): CodeIgniter\CodeIgniter->handleRequest(NULL, Object(Config\Cache), false)
#8 C:\laragon\www\Caps-Products\public\index.php(37): CodeIgniter\CodeIgniter->run()
#9 C:\laragon\www\Caps-Products\system\Commands\Server\rewrite.php(43): require_once('C:\\laragon\\www\\...')
#10 {main}
CRITICAL - 2023-01-05 07:42:09 --> Use of undefined constant id - assumed 'id' (this will throw an Error in a future version of PHP)
#0 C:\laragon\www\Caps-Products\app\Views\review_rating.php(116): CodeIgniter\Debug\Exceptions->errorHandler(2, 'Use of undefine...', 'C:\\laragon\\www\\...', 116, Array)
#1 C:\laragon\www\Caps-Products\system\View\View.php(210): include('C:\\laragon\\www\\...')
#2 C:\laragon\www\Caps-Products\system\View\View.php(213): CodeIgniter\View\View->CodeIgniter\View\{closure}()
#3 C:\laragon\www\Caps-Products\system\Common.php(1089): CodeIgniter\View\View->render('review_rating', Array, true)
#4 C:\laragon\www\Caps-Products\app\Controllers\AdminController.php(135): view('review_rating', Array)
#5 C:\laragon\www\Caps-Products\system\CodeIgniter.php(832): App\Controllers\AdminController->review_rating()
#6 C:\laragon\www\Caps-Products\system\CodeIgniter.php(419): CodeIgniter\CodeIgniter->runController(Object(App\Controllers\AdminController))
#7 C:\laragon\www\Caps-Products\system\CodeIgniter.php(326): CodeIgniter\CodeIgniter->handleRequest(NULL, Object(Config\Cache), false)
#8 C:\laragon\www\Caps-Products\public\index.php(37): CodeIgniter\CodeIgniter->run()
#9 C:\laragon\www\Caps-Products\system\Commands\Server\rewrite.php(43): require_once('C:\\laragon\\www\\...')
#10 {main}
CRITICAL - 2023-01-05 07:42:09 --> Use of undefined constant id - assumed 'id' (this will throw an Error in a future version of PHP)
#0 C:\laragon\www\Caps-Products\app\Views\review_rating.php(116): CodeIgniter\Debug\Exceptions->errorHandler(2, 'Use of undefine...', 'C:\\laragon\\www\\...', 116, Array)
#1 C:\laragon\www\Caps-Products\system\View\View.php(210): include('C:\\laragon\\www\\...')
#2 C:\laragon\www\Caps-Products\system\View\View.php(213): CodeIgniter\View\View->CodeIgniter\View\{closure}()
#3 C:\laragon\www\Caps-Products\system\Common.php(1089): CodeIgniter\View\View->render('review_rating', Array, true)
#4 C:\laragon\www\Caps-Products\app\Controllers\AdminController.php(135): view('review_rating', Array)
#5 C:\laragon\www\Caps-Products\system\CodeIgniter.php(832): App\Controllers\AdminController->review_rating()
#6 C:\laragon\www\Caps-Products\system\CodeIgniter.php(419): CodeIgniter\CodeIgniter->runController(Object(App\Controllers\AdminController))
#7 C:\laragon\www\Caps-Products\system\CodeIgniter.php(326): CodeIgniter\CodeIgniter->handleRequest(NULL, Object(Config\Cache), false)
#8 C:\laragon\www\Caps-Products\public\index.php(37): CodeIgniter\CodeIgniter->run()
#9 C:\laragon\www\Caps-Products\system\Commands\Server\rewrite.php(43): require_once('C:\\laragon\\www\\...')
#10 {main}
