ERROR - 2022-11-18 00:25:36 --> Column 'uploaded_by' cannot be null
CRITICAL - 2022-11-18 00:25:36 --> Column 'uploaded_by' cannot be null
#0 C:\laragon\www\Capstone-reco\system\Database\MySQLi\Connection.php(292): mysqli->query('INSERT INTO `im...', 0)
#1 C:\laragon\www\Capstone-reco\system\Database\BaseConnection.php(670): CodeIgniter\Database\MySQLi\Connection->execute('INSERT INTO `im...')
#2 C:\laragon\www\Capstone-reco\system\Database\BaseConnection.php(598): CodeIgniter\Database\BaseConnection->simpleQuery('INSERT INTO `im...')
#3 C:\laragon\www\Capstone-reco\system\Database\BaseBuilder.php(1771): CodeIgniter\Database\BaseConnection->query('INSERT INTO `im...', Array, false)
#4 C:\laragon\www\Capstone-reco\system\Model.php(239): CodeIgniter\Database\BaseBuilder->insert()
#5 C:\laragon\www\Capstone-reco\system\BaseModel.php(738): CodeIgniter\Model->doInsert(Array)
#6 C:\laragon\www\Capstone-reco\system\Model.php(625): CodeIgniter\BaseModel->insert(Array, true)
#7 C:\laragon\www\Capstone-reco\app\Controllers\DropzoneController.php(43): CodeIgniter\Model->insert(Array)
#8 C:\laragon\www\Capstone-reco\system\CodeIgniter.php(832): App\Controllers\DropzoneController->dropzoneStore()
#9 C:\laragon\www\Capstone-reco\system\CodeIgniter.php(419): CodeIgniter\CodeIgniter->runController(Object(App\Controllers\DropzoneController))
#10 C:\laragon\www\Capstone-reco\system\CodeIgniter.php(326): CodeIgniter\CodeIgniter->handleRequest(NULL, Object(Config\Cache), false)
#11 C:\laragon\www\Capstone-reco\public\index.php(37): CodeIgniter\CodeIgniter->run()
#12 C:\laragon\www\Capstone-reco\system\Commands\Server\rewrite.php(43): require_once('C:\\laragon\\www\\...')
#13 {main}
CRITICAL - 2022-11-18 20:03:17 --> Class 'App\Controllers\RateModel' not found
#0 C:\laragon\www\Capstone-reco\system\CodeIgniter.php(832): App\Controllers\ProfileController->rates()
#1 C:\laragon\www\Capstone-reco\system\CodeIgniter.php(419): CodeIgniter\CodeIgniter->runController(Object(App\Controllers\ProfileController))
#2 C:\laragon\www\Capstone-reco\system\CodeIgniter.php(326): CodeIgniter\CodeIgniter->handleRequest(NULL, Object(Config\Cache), false)
#3 C:\laragon\www\Capstone-reco\public\index.php(37): CodeIgniter\CodeIgniter->run()
#4 C:\laragon\www\Capstone-reco\system\Commands\Server\rewrite.php(43): require_once('C:\\laragon\\www\\...')
#5 {main}
CRITICAL - 2022-11-18 20:03:45 --> Class 'App\Controllers\RateModel' not found
#0 C:\laragon\www\Capstone-reco\system\CodeIgniter.php(832): App\Controllers\ProfileController->rates()
#1 C:\laragon\www\Capstone-reco\system\CodeIgniter.php(419): CodeIgniter\CodeIgniter->runController(Object(App\Controllers\ProfileController))
#2 C:\laragon\www\Capstone-reco\system\CodeIgniter.php(326): CodeIgniter\CodeIgniter->handleRequest(NULL, Object(Config\Cache), false)
#3 C:\laragon\www\Capstone-reco\public\index.php(37): CodeIgniter\CodeIgniter->run()
#4 C:\laragon\www\Capstone-reco\system\Commands\Server\rewrite.php(43): require_once('C:\\laragon\\www\\...')
#5 {main}
CRITICAL - 2022-11-18 20:03:54 --> Class 'App\Controllers\RateModel' not found
#0 C:\laragon\www\Capstone-reco\system\CodeIgniter.php(832): App\Controllers\ProfileController->rates()
#1 C:\laragon\www\Capstone-reco\system\CodeIgniter.php(419): CodeIgniter\CodeIgniter->runController(Object(App\Controllers\ProfileController))
#2 C:\laragon\www\Capstone-reco\system\CodeIgniter.php(326): CodeIgniter\CodeIgniter->handleRequest(NULL, Object(Config\Cache), false)
#3 C:\laragon\www\Capstone-reco\public\index.php(37): CodeIgniter\CodeIgniter->run()
#4 C:\laragon\www\Capstone-reco\system\Commands\Server\rewrite.php(43): require_once('C:\\laragon\\www\\...')
#5 {main}
CRITICAL - 2022-11-18 20:04:06 --> Class 'App\Controllers\RateModel' not found
#0 C:\laragon\www\Capstone-reco\system\CodeIgniter.php(832): App\Controllers\ProfileController->rates()
#1 C:\laragon\www\Capstone-reco\system\CodeIgniter.php(419): CodeIgniter\CodeIgniter->runController(Object(App\Controllers\ProfileController))
#2 C:\laragon\www\Capstone-reco\system\CodeIgniter.php(326): CodeIgniter\CodeIgniter->handleRequest(NULL, Object(Config\Cache), false)
#3 C:\laragon\www\Capstone-reco\public\index.php(37): CodeIgniter\CodeIgniter->run()
#4 C:\laragon\www\Capstone-reco\system\Commands\Server\rewrite.php(43): require_once('C:\\laragon\\www\\...')
#5 {main}
CRITICAL - 2022-11-18 20:10:38 --> Class 'App\Controllers\RateModel' not found
#0 C:\laragon\www\Capstone-reco\system\CodeIgniter.php(832): App\Controllers\ProfileController->rates()
#1 C:\laragon\www\Capstone-reco\system\CodeIgniter.php(419): CodeIgniter\CodeIgniter->runController(Object(App\Controllers\ProfileController))
#2 C:\laragon\www\Capstone-reco\system\CodeIgniter.php(326): CodeIgniter\CodeIgniter->handleRequest(NULL, Object(Config\Cache), false)
#3 C:\laragon\www\Capstone-reco\public\index.php(37): CodeIgniter\CodeIgniter->run()
#4 C:\laragon\www\Capstone-reco\system\Commands\Server\rewrite.php(43): require_once('C:\\laragon\\www\\...')
#5 {main}
CRITICAL - 2022-11-18 20:10:41 --> Class 'App\Controllers\RateModel' not found
#0 C:\laragon\www\Capstone-reco\system\CodeIgniter.php(832): App\Controllers\ProfileController->rates()
#1 C:\laragon\www\Capstone-reco\system\CodeIgniter.php(419): CodeIgniter\CodeIgniter->runController(Object(App\Controllers\ProfileController))
#2 C:\laragon\www\Capstone-reco\system\CodeIgniter.php(326): CodeIgniter\CodeIgniter->handleRequest(NULL, Object(Config\Cache), false)
#3 C:\laragon\www\Capstone-reco\public\index.php(37): CodeIgniter\CodeIgniter->run()
#4 C:\laragon\www\Capstone-reco\system\Commands\Server\rewrite.php(43): require_once('C:\\laragon\\www\\...')
#5 {main}
CRITICAL - 2022-11-18 20:11:20 --> Class 'App\Controllers\RateModel' not found
#0 C:\laragon\www\Capstone-reco\system\CodeIgniter.php(832): App\Controllers\ProfileController->rates()
#1 C:\laragon\www\Capstone-reco\system\CodeIgniter.php(419): CodeIgniter\CodeIgniter->runController(Object(App\Controllers\ProfileController))
#2 C:\laragon\www\Capstone-reco\system\CodeIgniter.php(326): CodeIgniter\CodeIgniter->handleRequest(NULL, Object(Config\Cache), false)
#3 C:\laragon\www\Capstone-reco\public\index.php(37): CodeIgniter\CodeIgniter->run()
#4 C:\laragon\www\Capstone-reco\system\Commands\Server\rewrite.php(43): require_once('C:\\laragon\\www\\...')
#5 {main}
ERROR - 2022-11-18 20:11:25 --> Column 'uploaded_by' cannot be null
CRITICAL - 2022-11-18 20:11:25 --> Column 'uploaded_by' cannot be null
#0 C:\laragon\www\Capstone-reco\system\Database\MySQLi\Connection.php(292): mysqli->query('INSERT INTO `im...', 0)
#1 C:\laragon\www\Capstone-reco\system\Database\BaseConnection.php(670): CodeIgniter\Database\MySQLi\Connection->execute('INSERT INTO `im...')
#2 C:\laragon\www\Capstone-reco\system\Database\BaseConnection.php(598): CodeIgniter\Database\BaseConnection->simpleQuery('INSERT INTO `im...')
#3 C:\laragon\www\Capstone-reco\system\Database\BaseBuilder.php(1771): CodeIgniter\Database\BaseConnection->query('INSERT INTO `im...', Array, false)
#4 C:\laragon\www\Capstone-reco\system\Model.php(239): CodeIgniter\Database\BaseBuilder->insert()
#5 C:\laragon\www\Capstone-reco\system\BaseModel.php(738): CodeIgniter\Model->doInsert(Array)
#6 C:\laragon\www\Capstone-reco\system\Model.php(625): CodeIgniter\BaseModel->insert(Array, true)
#7 C:\laragon\www\Capstone-reco\app\Controllers\DropzoneController.php(43): CodeIgniter\Model->insert(Array)
#8 C:\laragon\www\Capstone-reco\system\CodeIgniter.php(832): App\Controllers\DropzoneController->dropzoneStore()
#9 C:\laragon\www\Capstone-reco\system\CodeIgniter.php(419): CodeIgniter\CodeIgniter->runController(Object(App\Controllers\DropzoneController))
#10 C:\laragon\www\Capstone-reco\system\CodeIgniter.php(326): CodeIgniter\CodeIgniter->handleRequest(NULL, Object(Config\Cache), false)
#11 C:\laragon\www\Capstone-reco\public\index.php(37): CodeIgniter\CodeIgniter->run()
#12 C:\laragon\www\Capstone-reco\system\Commands\Server\rewrite.php(43): require_once('C:\\laragon\\www\\...')
#13 {main}
ERROR - 2022-11-18 20:11:34 --> Column 'uploaded_by' cannot be null
CRITICAL - 2022-11-18 20:11:34 --> Column 'uploaded_by' cannot be null
#0 C:\laragon\www\Capstone-reco\system\Database\MySQLi\Connection.php(292): mysqli->query('INSERT INTO `im...', 0)
#1 C:\laragon\www\Capstone-reco\system\Database\BaseConnection.php(670): CodeIgniter\Database\MySQLi\Connection->execute('INSERT INTO `im...')
#2 C:\laragon\www\Capstone-reco\system\Database\BaseConnection.php(598): CodeIgniter\Database\BaseConnection->simpleQuery('INSERT INTO `im...')
#3 C:\laragon\www\Capstone-reco\system\Database\BaseBuilder.php(1771): CodeIgniter\Database\BaseConnection->query('INSERT INTO `im...', Array, false)
#4 C:\laragon\www\Capstone-reco\system\Model.php(239): CodeIgniter\Database\BaseBuilder->insert()
#5 C:\laragon\www\Capstone-reco\system\BaseModel.php(738): CodeIgniter\Model->doInsert(Array)
#6 C:\laragon\www\Capstone-reco\system\Model.php(625): CodeIgniter\BaseModel->insert(Array, true)
#7 C:\laragon\www\Capstone-reco\app\Controllers\DropzoneController.php(43): CodeIgniter\Model->insert(Array)
#8 C:\laragon\www\Capstone-reco\system\CodeIgniter.php(832): App\Controllers\DropzoneController->dropzoneStore()
#9 C:\laragon\www\Capstone-reco\system\CodeIgniter.php(419): CodeIgniter\CodeIgniter->runController(Object(App\Controllers\DropzoneController))
#10 C:\laragon\www\Capstone-reco\system\CodeIgniter.php(326): CodeIgniter\CodeIgniter->handleRequest(NULL, Object(Config\Cache), false)
#11 C:\laragon\www\Capstone-reco\public\index.php(37): CodeIgniter\CodeIgniter->run()
#12 C:\laragon\www\Capstone-reco\system\Commands\Server\rewrite.php(43): require_once('C:\\laragon\\www\\...')
#13 {main}
CRITICAL - 2022-11-18 21:08:54 --> Class 'App\Controllers\RateModel' not found
#0 C:\laragon\www\Capstone-reco\system\CodeIgniter.php(832): App\Controllers\ProfileController->rates()
#1 C:\laragon\www\Capstone-reco\system\CodeIgniter.php(419): CodeIgniter\CodeIgniter->runController(Object(App\Controllers\ProfileController))
#2 C:\laragon\www\Capstone-reco\system\CodeIgniter.php(326): CodeIgniter\CodeIgniter->handleRequest(NULL, Object(Config\Cache), false)
#3 C:\laragon\www\Capstone-reco\public\index.php(37): CodeIgniter\CodeIgniter->run()
#4 C:\laragon\www\Capstone-reco\system\Commands\Server\rewrite.php(43): require_once('C:\\laragon\\www\\...')
#5 {main}
CRITICAL - 2022-11-18 21:09:07 --> Class 'App\Controllers\RateModel' not found
#0 C:\laragon\www\Capstone-reco\system\CodeIgniter.php(832): App\Controllers\ProfileController->rates()
#1 C:\laragon\www\Capstone-reco\system\CodeIgniter.php(419): CodeIgniter\CodeIgniter->runController(Object(App\Controllers\ProfileController))
#2 C:\laragon\www\Capstone-reco\system\CodeIgniter.php(326): CodeIgniter\CodeIgniter->handleRequest(NULL, Object(Config\Cache), false)
#3 C:\laragon\www\Capstone-reco\public\index.php(37): CodeIgniter\CodeIgniter->run()
#4 C:\laragon\www\Capstone-reco\system\Commands\Server\rewrite.php(43): require_once('C:\\laragon\\www\\...')
#5 {main}
ERROR - 2022-11-18 21:09:15 --> Column 'uploaded_by' cannot be null
CRITICAL - 2022-11-18 21:09:15 --> Column 'uploaded_by' cannot be null
#0 C:\laragon\www\Capstone-reco\system\Database\MySQLi\Connection.php(292): mysqli->query('INSERT INTO `im...', 0)
#1 C:\laragon\www\Capstone-reco\system\Database\BaseConnection.php(670): CodeIgniter\Database\MySQLi\Connection->execute('INSERT INTO `im...')
#2 C:\laragon\www\Capstone-reco\system\Database\BaseConnection.php(598): CodeIgniter\Database\BaseConnection->simpleQuery('INSERT INTO `im...')
#3 C:\laragon\www\Capstone-reco\system\Database\BaseBuilder.php(1771): CodeIgniter\Database\BaseConnection->query('INSERT INTO `im...', Array, false)
#4 C:\laragon\www\Capstone-reco\system\Model.php(239): CodeIgniter\Database\BaseBuilder->insert()
#5 C:\laragon\www\Capstone-reco\system\BaseModel.php(738): CodeIgniter\Model->doInsert(Array)
#6 C:\laragon\www\Capstone-reco\system\Model.php(625): CodeIgniter\BaseModel->insert(Array, true)
#7 C:\laragon\www\Capstone-reco\app\Controllers\DropzoneController.php(43): CodeIgniter\Model->insert(Array)
#8 C:\laragon\www\Capstone-reco\system\CodeIgniter.php(832): App\Controllers\DropzoneController->dropzoneStore()
#9 C:\laragon\www\Capstone-reco\system\CodeIgniter.php(419): CodeIgniter\CodeIgniter->runController(Object(App\Controllers\DropzoneController))
#10 C:\laragon\www\Capstone-reco\system\CodeIgniter.php(326): CodeIgniter\CodeIgniter->handleRequest(NULL, Object(Config\Cache), false)
#11 C:\laragon\www\Capstone-reco\public\index.php(37): CodeIgniter\CodeIgniter->run()
#12 C:\laragon\www\Capstone-reco\system\Commands\Server\rewrite.php(43): require_once('C:\\laragon\\www\\...')
#13 {main}
ERROR - 2022-11-18 21:25:26 --> Column 'uploaded_by' cannot be null
CRITICAL - 2022-11-18 21:25:26 --> Column 'uploaded_by' cannot be null
#0 C:\laragon\www\Capstone-reco\system\Database\MySQLi\Connection.php(292): mysqli->query('INSERT INTO `im...', 0)
#1 C:\laragon\www\Capstone-reco\system\Database\BaseConnection.php(670): CodeIgniter\Database\MySQLi\Connection->execute('INSERT INTO `im...')
#2 C:\laragon\www\Capstone-reco\system\Database\BaseConnection.php(598): CodeIgniter\Database\BaseConnection->simpleQuery('INSERT INTO `im...')
#3 C:\laragon\www\Capstone-reco\system\Database\BaseBuilder.php(1771): CodeIgniter\Database\BaseConnection->query('INSERT INTO `im...', Array, false)
#4 C:\laragon\www\Capstone-reco\system\Model.php(239): CodeIgniter\Database\BaseBuilder->insert()
#5 C:\laragon\www\Capstone-reco\system\BaseModel.php(738): CodeIgniter\Model->doInsert(Array)
#6 C:\laragon\www\Capstone-reco\system\Model.php(625): CodeIgniter\BaseModel->insert(Array, true)
#7 C:\laragon\www\Capstone-reco\app\Controllers\DropzoneController.php(45): CodeIgniter\Model->insert(Array)
#8 C:\laragon\www\Capstone-reco\system\CodeIgniter.php(832): App\Controllers\DropzoneController->dropzoneStore()
#9 C:\laragon\www\Capstone-reco\system\CodeIgniter.php(419): CodeIgniter\CodeIgniter->runController(Object(App\Controllers\DropzoneController))
#10 C:\laragon\www\Capstone-reco\system\CodeIgniter.php(326): CodeIgniter\CodeIgniter->handleRequest(NULL, Object(Config\Cache), false)
#11 C:\laragon\www\Capstone-reco\public\index.php(37): CodeIgniter\CodeIgniter->run()
#12 C:\laragon\www\Capstone-reco\system\Commands\Server\rewrite.php(43): require_once('C:\\laragon\\www\\...')
#13 {main}
ERROR - 2022-11-18 21:25:37 --> Column 'uploaded_by' cannot be null
CRITICAL - 2022-11-18 21:25:37 --> Column 'uploaded_by' cannot be null
#0 C:\laragon\www\Capstone-reco\system\Database\MySQLi\Connection.php(292): mysqli->query('INSERT INTO `im...', 0)
#1 C:\laragon\www\Capstone-reco\system\Database\BaseConnection.php(670): CodeIgniter\Database\MySQLi\Connection->execute('INSERT INTO `im...')
#2 C:\laragon\www\Capstone-reco\system\Database\BaseConnection.php(598): CodeIgniter\Database\BaseConnection->simpleQuery('INSERT INTO `im...')
#3 C:\laragon\www\Capstone-reco\system\Database\BaseBuilder.php(1771): CodeIgniter\Database\BaseConnection->query('INSERT INTO `im...', Array, false)
#4 C:\laragon\www\Capstone-reco\system\Model.php(239): CodeIgniter\Database\BaseBuilder->insert()
#5 C:\laragon\www\Capstone-reco\system\BaseModel.php(738): CodeIgniter\Model->doInsert(Array)
#6 C:\laragon\www\Capstone-reco\system\Model.php(625): CodeIgniter\BaseModel->insert(Array, true)
#7 C:\laragon\www\Capstone-reco\app\Controllers\DropzoneController.php(45): CodeIgniter\Model->insert(Array)
#8 C:\laragon\www\Capstone-reco\system\CodeIgniter.php(832): App\Controllers\DropzoneController->dropzoneStore()
#9 C:\laragon\www\Capstone-reco\system\CodeIgniter.php(419): CodeIgniter\CodeIgniter->runController(Object(App\Controllers\DropzoneController))
#10 C:\laragon\www\Capstone-reco\system\CodeIgniter.php(326): CodeIgniter\CodeIgniter->handleRequest(NULL, Object(Config\Cache), false)
#11 C:\laragon\www\Capstone-reco\public\index.php(37): CodeIgniter\CodeIgniter->run()
#12 C:\laragon\www\Capstone-reco\system\Commands\Server\rewrite.php(43): require_once('C:\\laragon\\www\\...')
#13 {main}
CRITICAL - 2022-11-18 21:32:30 --> Class 'App\Controllers\RateModel' not found
#0 C:\laragon\www\Capstone-reco\system\CodeIgniter.php(832): App\Controllers\ProfileController->rates()
#1 C:\laragon\www\Capstone-reco\system\CodeIgniter.php(419): CodeIgniter\CodeIgniter->runController(Object(App\Controllers\ProfileController))
#2 C:\laragon\www\Capstone-reco\system\CodeIgniter.php(326): CodeIgniter\CodeIgniter->handleRequest(NULL, Object(Config\Cache), false)
#3 C:\laragon\www\Capstone-reco\public\index.php(37): CodeIgniter\CodeIgniter->run()
#4 C:\laragon\www\Capstone-reco\system\Commands\Server\rewrite.php(43): require_once('C:\\laragon\\www\\...')
#5 {main}
CRITICAL - 2022-11-18 21:32:40 --> Class 'App\Controllers\RateModel' not found
#0 C:\laragon\www\Capstone-reco\system\CodeIgniter.php(832): App\Controllers\ProfileController->rates()
#1 C:\laragon\www\Capstone-reco\system\CodeIgniter.php(419): CodeIgniter\CodeIgniter->runController(Object(App\Controllers\ProfileController))
#2 C:\laragon\www\Capstone-reco\system\CodeIgniter.php(326): CodeIgniter\CodeIgniter->handleRequest(NULL, Object(Config\Cache), false)
#3 C:\laragon\www\Capstone-reco\public\index.php(37): CodeIgniter\CodeIgniter->run()
#4 C:\laragon\www\Capstone-reco\system\Commands\Server\rewrite.php(43): require_once('C:\\laragon\\www\\...')
#5 {main}
CRITICAL - 2022-11-18 21:44:53 --> Invalid file: include/admin_top.php
#0 C:\laragon\www\Capstone-reco\system\View\View.php(198): CodeIgniter\Exceptions\FrameworkException::forInvalidFile('include/admin_t...')
#1 C:\laragon\www\Capstone-reco\system\View\View.php(424): CodeIgniter\View\View->render('include/admin_t...', NULL, true)
#2 C:\laragon\www\Capstone-reco\app\Views\admin.php(3): CodeIgniter\View\View->include('include/admin_t...')
#3 C:\laragon\www\Capstone-reco\system\View\View.php(210): include('C:\\laragon\\www\\...')
#4 C:\laragon\www\Capstone-reco\system\View\View.php(213): CodeIgniter\View\View->CodeIgniter\View\{closure}()
#5 C:\laragon\www\Capstone-reco\system\Common.php(1089): CodeIgniter\View\View->render('admin', Array, true)
#6 C:\laragon\www\Capstone-reco\app\Controllers\AdminController.php(11): view('admin')
#7 C:\laragon\www\Capstone-reco\system\CodeIgniter.php(832): App\Controllers\AdminController->admin()
#8 C:\laragon\www\Capstone-reco\system\CodeIgniter.php(419): CodeIgniter\CodeIgniter->runController(Object(App\Controllers\AdminController))
#9 C:\laragon\www\Capstone-reco\system\CodeIgniter.php(326): CodeIgniter\CodeIgniter->handleRequest(NULL, Object(Config\Cache), false)
#10 C:\laragon\www\Capstone-reco\public\index.php(37): CodeIgniter\CodeIgniter->run()
#11 C:\laragon\www\Capstone-reco\system\Commands\Server\rewrite.php(43): require_once('C:\\laragon\\www\\...')
#12 {main}
CRITICAL - 2022-11-18 21:45:49 --> Invalid file: include/admin_top.php
#0 C:\laragon\www\Capstone-reco\system\View\View.php(198): CodeIgniter\Exceptions\FrameworkException::forInvalidFile('include/admin_t...')
#1 C:\laragon\www\Capstone-reco\system\View\View.php(424): CodeIgniter\View\View->render('include/admin_t...', NULL, true)
#2 C:\laragon\www\Capstone-reco\app\Views\admin.php(3): CodeIgniter\View\View->include('include/admin_t...')
#3 C:\laragon\www\Capstone-reco\system\View\View.php(210): include('C:\\laragon\\www\\...')
#4 C:\laragon\www\Capstone-reco\system\View\View.php(213): CodeIgniter\View\View->CodeIgniter\View\{closure}()
#5 C:\laragon\www\Capstone-reco\system\Common.php(1089): CodeIgniter\View\View->render('admin', Array, true)
#6 C:\laragon\www\Capstone-reco\app\Controllers\AdminController.php(11): view('admin')
#7 C:\laragon\www\Capstone-reco\system\CodeIgniter.php(832): App\Controllers\AdminController->admin()
#8 C:\laragon\www\Capstone-reco\system\CodeIgniter.php(419): CodeIgniter\CodeIgniter->runController(Object(App\Controllers\AdminController))
#9 C:\laragon\www\Capstone-reco\system\CodeIgniter.php(326): CodeIgniter\CodeIgniter->handleRequest(NULL, Object(Config\Cache), false)
#10 C:\laragon\www\Capstone-reco\public\index.php(37): CodeIgniter\CodeIgniter->run()
#11 C:\laragon\www\Capstone-reco\system\Commands\Server\rewrite.php(43): require_once('C:\\laragon\\www\\...')
#12 {main}
