CRITICAL - 2022-06-26 11:49:59 --> Invalid argument supplied for foreach()
#0 C:\laragon\www\eguide_login\app\Views\dropdown_list.php(31): CodeIgniter\Debug\Exceptions->errorHandler(2, 'Invalid argumen...', 'C:\\laragon\\www\\...', 31, Array)
#1 C:\laragon\www\eguide_login\system\View\View.php(210): include('C:\\laragon\\www\\...')
#2 C:\laragon\www\eguide_login\system\View\View.php(213): CodeIgniter\View\View->CodeIgniter\View\{closure}()
#3 C:\laragon\www\eguide_login\system\View\View.php(424): CodeIgniter\View\View->render('dropdown_list', NULL, true)
#4 C:\laragon\www\eguide_login\app\Views\destination_page.php(189): CodeIgniter\View\View->include('dropdown_list')
#5 C:\laragon\www\eguide_login\system\View\View.php(210): include('C:\\laragon\\www\\...')
#6 C:\laragon\www\eguide_login\system\View\View.php(213): CodeIgniter\View\View->CodeIgniter\View\{closure}()
#7 C:\laragon\www\eguide_login\system\Common.php(1089): CodeIgniter\View\View->render('destination_pag...', Array, true)
#8 C:\laragon\www\eguide_login\app\Controllers\DestinationController.php(52): view('destination_pag...', Array)
#9 C:\laragon\www\eguide_login\system\CodeIgniter.php(832): App\Controllers\DestinationController->morcal()
#10 C:\laragon\www\eguide_login\system\CodeIgniter.php(419): CodeIgniter\CodeIgniter->runController(Object(App\Controllers\DestinationController))
#11 C:\laragon\www\eguide_login\system\CodeIgniter.php(326): CodeIgniter\CodeIgniter->handleRequest(NULL, Object(Config\Cache), false)
#12 C:\laragon\www\eguide_login\public\index.php(37): CodeIgniter\CodeIgniter->run()
#13 C:\laragon\www\eguide_login\system\Commands\Server\rewrite.php(43): require_once('C:\\laragon\\www\\...')
#14 {main}
ERROR - 2022-06-26 13:34:19 --> Column 'place' cannot be null
CRITICAL - 2022-06-26 13:34:19 --> Column 'place' cannot be null
#0 C:\laragon\www\eguide_login\system\Database\MySQLi\Connection.php(292): mysqli->query('INSERT INTO `de...', 0)
#1 C:\laragon\www\eguide_login\system\Database\BaseConnection.php(670): CodeIgniter\Database\MySQLi\Connection->execute('INSERT INTO `de...')
#2 C:\laragon\www\eguide_login\system\Database\BaseConnection.php(598): CodeIgniter\Database\BaseConnection->simpleQuery('INSERT INTO `de...')
#3 C:\laragon\www\eguide_login\system\Database\BaseBuilder.php(1771): CodeIgniter\Database\BaseConnection->query('INSERT INTO `de...', Array, false)
#4 C:\laragon\www\eguide_login\system\Model.php(239): CodeIgniter\Database\BaseBuilder->insert()
#5 C:\laragon\www\eguide_login\system\BaseModel.php(738): CodeIgniter\Model->doInsert(Array)
#6 C:\laragon\www\eguide_login\system\Model.php(625): CodeIgniter\BaseModel->insert(Array, false)
#7 C:\laragon\www\eguide_login\system\BaseModel.php(658): CodeIgniter\Model->insert(Array, false)
#8 C:\laragon\www\eguide_login\app\Controllers\DestinationController.php(251): CodeIgniter\BaseModel->save(Array)
#9 C:\laragon\www\eguide_login\system\CodeIgniter.php(832): App\Controllers\DestinationController->actionInsert()
#10 C:\laragon\www\eguide_login\system\CodeIgniter.php(419): CodeIgniter\CodeIgniter->runController(Object(App\Controllers\DestinationController))
#11 C:\laragon\www\eguide_login\system\CodeIgniter.php(326): CodeIgniter\CodeIgniter->handleRequest(NULL, Object(Config\Cache), false)
#12 C:\laragon\www\eguide_login\public\index.php(37): CodeIgniter\CodeIgniter->run()
#13 C:\laragon\www\eguide_login\system\Commands\Server\rewrite.php(43): require_once('C:\\laragon\\www\\...')
#14 {main}
CRITICAL - 2022-06-26 13:44:51 --> Invalid argument supplied for foreach()
#0 C:\laragon\www\eguide_login\app\Views\destination_page.php(80): CodeIgniter\Debug\Exceptions->errorHandler(2, 'Invalid argumen...', 'C:\\laragon\\www\\...', 80, Array)
#1 C:\laragon\www\eguide_login\system\View\View.php(210): include('C:\\laragon\\www\\...')
#2 C:\laragon\www\eguide_login\system\View\View.php(213): CodeIgniter\View\View->CodeIgniter\View\{closure}()
#3 C:\laragon\www\eguide_login\system\Common.php(1089): CodeIgniter\View\View->render('destination_pag...', Array, true)
#4 C:\laragon\www\eguide_login\app\Controllers\DestinationController.php(252): view('destination_pag...')
#5 C:\laragon\www\eguide_login\system\CodeIgniter.php(832): App\Controllers\DestinationController->actionInsert()
#6 C:\laragon\www\eguide_login\system\CodeIgniter.php(419): CodeIgniter\CodeIgniter->runController(Object(App\Controllers\DestinationController))
#7 C:\laragon\www\eguide_login\system\CodeIgniter.php(326): CodeIgniter\CodeIgniter->handleRequest(NULL, Object(Config\Cache), false)
#8 C:\laragon\www\eguide_login\public\index.php(37): CodeIgniter\CodeIgniter->run()
#9 C:\laragon\www\eguide_login\system\Commands\Server\rewrite.php(43): require_once('C:\\laragon\\www\\...')
#10 {main}
CRITICAL - 2022-06-26 13:45:17 --> Invalid argument supplied for foreach()
#0 C:\laragon\www\eguide_login\app\Views\destination_page.php(80): CodeIgniter\Debug\Exceptions->errorHandler(2, 'Invalid argumen...', 'C:\\laragon\\www\\...', 80, Array)
#1 C:\laragon\www\eguide_login\system\View\View.php(210): include('C:\\laragon\\www\\...')
#2 C:\laragon\www\eguide_login\system\View\View.php(213): CodeIgniter\View\View->CodeIgniter\View\{closure}()
#3 C:\laragon\www\eguide_login\system\Common.php(1089): CodeIgniter\View\View->render('destination_pag...', Array, true)
#4 C:\laragon\www\eguide_login\app\Controllers\DestinationController.php(252): view('destination_pag...')
#5 C:\laragon\www\eguide_login\system\CodeIgniter.php(832): App\Controllers\DestinationController->actionInsert()
#6 C:\laragon\www\eguide_login\system\CodeIgniter.php(419): CodeIgniter\CodeIgniter->runController(Object(App\Controllers\DestinationController))
#7 C:\laragon\www\eguide_login\system\CodeIgniter.php(326): CodeIgniter\CodeIgniter->handleRequest(NULL, Object(Config\Cache), false)
#8 C:\laragon\www\eguide_login\public\index.php(37): CodeIgniter\CodeIgniter->run()
#9 C:\laragon\www\eguide_login\system\Commands\Server\rewrite.php(43): require_once('C:\\laragon\\www\\...')
#10 {main}
CRITICAL - 2022-06-26 13:45:26 --> Invalid argument supplied for foreach()
#0 C:\laragon\www\eguide_login\app\Views\destination_page.php(80): CodeIgniter\Debug\Exceptions->errorHandler(2, 'Invalid argumen...', 'C:\\laragon\\www\\...', 80, Array)
#1 C:\laragon\www\eguide_login\system\View\View.php(210): include('C:\\laragon\\www\\...')
#2 C:\laragon\www\eguide_login\system\View\View.php(213): CodeIgniter\View\View->CodeIgniter\View\{closure}()
#3 C:\laragon\www\eguide_login\system\Common.php(1089): CodeIgniter\View\View->render('destination_pag...', Array, true)
#4 C:\laragon\www\eguide_login\app\Controllers\DestinationController.php(252): view('destination_pag...')
#5 C:\laragon\www\eguide_login\system\CodeIgniter.php(832): App\Controllers\DestinationController->actionInsert()
#6 C:\laragon\www\eguide_login\system\CodeIgniter.php(419): CodeIgniter\CodeIgniter->runController(Object(App\Controllers\DestinationController))
#7 C:\laragon\www\eguide_login\system\CodeIgniter.php(326): CodeIgniter\CodeIgniter->handleRequest(NULL, Object(Config\Cache), false)
#8 C:\laragon\www\eguide_login\public\index.php(37): CodeIgniter\CodeIgniter->run()
#9 C:\laragon\www\eguide_login\system\Commands\Server\rewrite.php(43): require_once('C:\\laragon\\www\\...')
#10 {main}
CRITICAL - 2022-06-26 13:49:02 --> Invalid argument supplied for foreach()
#0 C:\laragon\www\eguide_login\app\Views\homepage.php(353): CodeIgniter\Debug\Exceptions->errorHandler(2, 'Invalid argumen...', 'C:\\laragon\\www\\...', 353, Array)
#1 C:\laragon\www\eguide_login\system\View\View.php(210): include('C:\\laragon\\www\\...')
#2 C:\laragon\www\eguide_login\system\View\View.php(213): CodeIgniter\View\View->CodeIgniter\View\{closure}()
#3 C:\laragon\www\eguide_login\system\Common.php(1089): CodeIgniter\View\View->render('homepage', Array, true)
#4 C:\laragon\www\eguide_login\app\Controllers\DestinationController.php(252): view('homepage')
#5 C:\laragon\www\eguide_login\system\CodeIgniter.php(832): App\Controllers\DestinationController->actionInsert()
#6 C:\laragon\www\eguide_login\system\CodeIgniter.php(419): CodeIgniter\CodeIgniter->runController(Object(App\Controllers\DestinationController))
#7 C:\laragon\www\eguide_login\system\CodeIgniter.php(326): CodeIgniter\CodeIgniter->handleRequest(NULL, Object(Config\Cache), false)
#8 C:\laragon\www\eguide_login\public\index.php(37): CodeIgniter\CodeIgniter->run()
#9 C:\laragon\www\eguide_login\system\Commands\Server\rewrite.php(43): require_once('C:\\laragon\\www\\...')
#10 {main}
CRITICAL - 2022-06-26 14:00:41 --> Invalid file: destinations.php
#0 C:\laragon\www\eguide_login\system\View\View.php(198): CodeIgniter\Exceptions\FrameworkException::forInvalidFile('destinations.ph...')
#1 C:\laragon\www\eguide_login\system\Common.php(1089): CodeIgniter\View\View->render('destinations', Array, true)
#2 C:\laragon\www\eguide_login\app\Controllers\DestinationController.php(252): view('destinations')
#3 C:\laragon\www\eguide_login\system\CodeIgniter.php(832): App\Controllers\DestinationController->actionInsert()
#4 C:\laragon\www\eguide_login\system\CodeIgniter.php(419): CodeIgniter\CodeIgniter->runController(Object(App\Controllers\DestinationController))
#5 C:\laragon\www\eguide_login\system\CodeIgniter.php(326): CodeIgniter\CodeIgniter->handleRequest(NULL, Object(Config\Cache), false)
#6 C:\laragon\www\eguide_login\public\index.php(37): CodeIgniter\CodeIgniter->run()
#7 C:\laragon\www\eguide_login\system\Commands\Server\rewrite.php(43): require_once('C:\\laragon\\www\\...')
#8 {main}
CRITICAL - 2022-06-26 14:02:18 --> Invalid file: destinations.php
#0 C:\laragon\www\eguide_login\system\View\View.php(198): CodeIgniter\Exceptions\FrameworkException::forInvalidFile('destinations.ph...')
#1 C:\laragon\www\eguide_login\system\Common.php(1089): CodeIgniter\View\View->render('destinations', Array, true)
#2 C:\laragon\www\eguide_login\app\Controllers\DestinationController.php(252): view('destinations')
#3 C:\laragon\www\eguide_login\system\CodeIgniter.php(832): App\Controllers\DestinationController->actionInsert()
#4 C:\laragon\www\eguide_login\system\CodeIgniter.php(419): CodeIgniter\CodeIgniter->runController(Object(App\Controllers\DestinationController))
#5 C:\laragon\www\eguide_login\system\CodeIgniter.php(326): CodeIgniter\CodeIgniter->handleRequest(NULL, Object(Config\Cache), false)
#6 C:\laragon\www\eguide_login\public\index.php(37): CodeIgniter\CodeIgniter->run()
#7 C:\laragon\www\eguide_login\system\Commands\Server\rewrite.php(43): require_once('C:\\laragon\\www\\...')
#8 {main}
CRITICAL - 2022-06-26 14:22:32 --> Invalid file: tag_place.php
#0 C:\laragon\www\eguide_login\system\View\View.php(198): CodeIgniter\Exceptions\FrameworkException::forInvalidFile('tag_place.php')
#1 C:\laragon\www\eguide_login\system\Common.php(1089): CodeIgniter\View\View->render('tag_place', Array, true)
#2 C:\laragon\www\eguide_login\app\Controllers\DestinationController.php(252): view('tag_place')
#3 C:\laragon\www\eguide_login\system\CodeIgniter.php(832): App\Controllers\DestinationController->actionInsert()
#4 C:\laragon\www\eguide_login\system\CodeIgniter.php(419): CodeIgniter\CodeIgniter->runController(Object(App\Controllers\DestinationController))
#5 C:\laragon\www\eguide_login\system\CodeIgniter.php(326): CodeIgniter\CodeIgniter->handleRequest(NULL, Object(Config\Cache), false)
#6 C:\laragon\www\eguide_login\public\index.php(37): CodeIgniter\CodeIgniter->run()
#7 C:\laragon\www\eguide_login\system\Commands\Server\rewrite.php(43): require_once('C:\\laragon\\www\\...')
#8 {main}
CRITICAL - 2022-06-26 14:26:37 --> Invalid argument supplied for foreach()
#0 C:\laragon\www\eguide_login\app\Views\destination_page.php(80): CodeIgniter\Debug\Exceptions->errorHandler(2, 'Invalid argumen...', 'C:\\laragon\\www\\...', 80, Array)
#1 C:\laragon\www\eguide_login\system\View\View.php(210): include('C:\\laragon\\www\\...')
#2 C:\laragon\www\eguide_login\system\View\View.php(213): CodeIgniter\View\View->CodeIgniter\View\{closure}()
#3 C:\laragon\www\eguide_login\system\Common.php(1089): CodeIgniter\View\View->render('destination_pag...', Array, true)
#4 C:\laragon\www\eguide_login\app\Controllers\DestinationController.php(253): view('destination_pag...')
#5 C:\laragon\www\eguide_login\system\CodeIgniter.php(832): App\Controllers\DestinationController->actionInsert()
#6 C:\laragon\www\eguide_login\system\CodeIgniter.php(419): CodeIgniter\CodeIgniter->runController(Object(App\Controllers\DestinationController))
#7 C:\laragon\www\eguide_login\system\CodeIgniter.php(326): CodeIgniter\CodeIgniter->handleRequest(NULL, Object(Config\Cache), false)
#8 C:\laragon\www\eguide_login\public\index.php(37): CodeIgniter\CodeIgniter->run()
#9 C:\laragon\www\eguide_login\system\Commands\Server\rewrite.php(43): require_once('C:\\laragon\\www\\...')
#10 {main}
CRITICAL - 2022-06-26 14:34:44 --> Invalid argument supplied for foreach()
#0 C:\laragon\www\eguide_login\app\Views\homepage.php(353): CodeIgniter\Debug\Exceptions->errorHandler(2, 'Invalid argumen...', 'C:\\laragon\\www\\...', 353, Array)
#1 C:\laragon\www\eguide_login\system\View\View.php(210): include('C:\\laragon\\www\\...')
#2 C:\laragon\www\eguide_login\system\View\View.php(213): CodeIgniter\View\View->CodeIgniter\View\{closure}()
#3 C:\laragon\www\eguide_login\system\Common.php(1089): CodeIgniter\View\View->render('homepage', Array, true)
#4 C:\laragon\www\eguide_login\app\Controllers\DestinationController.php(253): view('homepage')
#5 C:\laragon\www\eguide_login\system\CodeIgniter.php(832): App\Controllers\DestinationController->actionInsert()
#6 C:\laragon\www\eguide_login\system\CodeIgniter.php(419): CodeIgniter\CodeIgniter->runController(Object(App\Controllers\DestinationController))
#7 C:\laragon\www\eguide_login\system\CodeIgniter.php(326): CodeIgniter\CodeIgniter->handleRequest(NULL, Object(Config\Cache), false)
#8 C:\laragon\www\eguide_login\public\index.php(37): CodeIgniter\CodeIgniter->run()
#9 C:\laragon\www\eguide_login\system\Commands\Server\rewrite.php(43): require_once('C:\\laragon\\www\\...')
#10 {main}
