CRITICAL - 2022-08-04 05:37:41 --> Invalid file: submit_rating.php
#0 C:\Users\jancy\Desktop\Capstone-reco\system\View\View.php(198): CodeIgniter\Exceptions\FrameworkException::forInvalidFile('submit_rating.p...')
#1 C:\Users\jancy\Desktop\Capstone-reco\system\View\View.php(424): CodeIgniter\View\View->render('submit_rating', NULL, true)
#2 C:\Users\jancy\Desktop\Capstone-reco\app\Views\destination_details.php(200): CodeIgniter\View\View->include('submit_rating')
#3 C:\Users\jancy\Desktop\Capstone-reco\system\View\View.php(210): include('C:\\Users\\jancy\\...')
#4 C:\Users\jancy\Desktop\Capstone-reco\system\View\View.php(213): CodeIgniter\View\View->CodeIgniter\View\{closure}()
#5 C:\Users\jancy\Desktop\Capstone-reco\system\Common.php(1089): CodeIgniter\View\View->render('destination_det...', Array, true)
#6 C:\Users\jancy\Desktop\Capstone-reco\app\Controllers\ProfileController.php(64): view('destination_det...', Array)
#7 C:\Users\jancy\Desktop\Capstone-reco\system\CodeIgniter.php(832): App\Controllers\ProfileController->test('6')
#8 C:\Users\jancy\Desktop\Capstone-reco\system\CodeIgniter.php(419): CodeIgniter\CodeIgniter->runController(Object(App\Controllers\ProfileController))
#9 C:\Users\jancy\Desktop\Capstone-reco\system\CodeIgniter.php(326): CodeIgniter\CodeIgniter->handleRequest(NULL, Object(Config\Cache), false)
#10 C:\Users\jancy\Desktop\Capstone-reco\public\index.php(37): CodeIgniter\CodeIgniter->run()
#11 C:\Users\jancy\Desktop\Capstone-reco\system\Commands\Server\rewrite.php(43): require_once('C:\\Users\\jancy\\...')
#12 {main}
CRITICAL - 2022-08-04 05:40:53 --> Invalid file: /js/submit_rating.php
#0 C:\Users\jancy\Desktop\Capstone-reco\system\View\View.php(198): CodeIgniter\Exceptions\FrameworkException::forInvalidFile('/js/submit_rati...')
#1 C:\Users\jancy\Desktop\Capstone-reco\system\View\View.php(424): CodeIgniter\View\View->render('/js/submit_rati...', NULL, true)
#2 C:\Users\jancy\Desktop\Capstone-reco\app\Views\destination_details.php(200): CodeIgniter\View\View->include('/js/submit_rati...')
#3 C:\Users\jancy\Desktop\Capstone-reco\system\View\View.php(210): include('C:\\Users\\jancy\\...')
#4 C:\Users\jancy\Desktop\Capstone-reco\system\View\View.php(213): CodeIgniter\View\View->CodeIgniter\View\{closure}()
#5 C:\Users\jancy\Desktop\Capstone-reco\system\Common.php(1089): CodeIgniter\View\View->render('destination_det...', Array, true)
#6 C:\Users\jancy\Desktop\Capstone-reco\app\Controllers\ProfileController.php(64): view('destination_det...', Array)
#7 C:\Users\jancy\Desktop\Capstone-reco\system\CodeIgniter.php(832): App\Controllers\ProfileController->test('6')
#8 C:\Users\jancy\Desktop\Capstone-reco\system\CodeIgniter.php(419): CodeIgniter\CodeIgniter->runController(Object(App\Controllers\ProfileController))
#9 C:\Users\jancy\Desktop\Capstone-reco\system\CodeIgniter.php(326): CodeIgniter\CodeIgniter->handleRequest(NULL, Object(Config\Cache), false)
#10 C:\Users\jancy\Desktop\Capstone-reco\public\index.php(37): CodeIgniter\CodeIgniter->run()
#11 C:\Users\jancy\Desktop\Capstone-reco\system\Commands\Server\rewrite.php(43): require_once('C:\\Users\\jancy\\...')
#12 {main}
CRITICAL - 2022-08-04 05:41:38 --> Invalid file: public/js/submit_rating.php
#0 C:\Users\jancy\Desktop\Capstone-reco\system\View\View.php(198): CodeIgniter\Exceptions\FrameworkException::forInvalidFile('public/js/submi...')
#1 C:\Users\jancy\Desktop\Capstone-reco\system\View\View.php(424): CodeIgniter\View\View->render('public/js/submi...', NULL, true)
#2 C:\Users\jancy\Desktop\Capstone-reco\app\Views\destination_details.php(200): CodeIgniter\View\View->include('public/js/submi...')
#3 C:\Users\jancy\Desktop\Capstone-reco\system\View\View.php(210): include('C:\\Users\\jancy\\...')
#4 C:\Users\jancy\Desktop\Capstone-reco\system\View\View.php(213): CodeIgniter\View\View->CodeIgniter\View\{closure}()
#5 C:\Users\jancy\Desktop\Capstone-reco\system\Common.php(1089): CodeIgniter\View\View->render('destination_det...', Array, true)
#6 C:\Users\jancy\Desktop\Capstone-reco\app\Controllers\ProfileController.php(64): view('destination_det...', Array)
#7 C:\Users\jancy\Desktop\Capstone-reco\system\CodeIgniter.php(832): App\Controllers\ProfileController->test('6')
#8 C:\Users\jancy\Desktop\Capstone-reco\system\CodeIgniter.php(419): CodeIgniter\CodeIgniter->runController(Object(App\Controllers\ProfileController))
#9 C:\Users\jancy\Desktop\Capstone-reco\system\CodeIgniter.php(326): CodeIgniter\CodeIgniter->handleRequest(NULL, Object(Config\Cache), false)
#10 C:\Users\jancy\Desktop\Capstone-reco\public\index.php(37): CodeIgniter\CodeIgniter->run()
#11 C:\Users\jancy\Desktop\Capstone-reco\system\Commands\Server\rewrite.php(43): require_once('C:\\Users\\jancy\\...')
#12 {main}
CRITICAL - 2022-08-04 05:41:39 --> Invalid file: public/js/submit_rating.php
#0 C:\Users\jancy\Desktop\Capstone-reco\system\View\View.php(198): CodeIgniter\Exceptions\FrameworkException::forInvalidFile('public/js/submi...')
#1 C:\Users\jancy\Desktop\Capstone-reco\system\View\View.php(424): CodeIgniter\View\View->render('public/js/submi...', NULL, true)
#2 C:\Users\jancy\Desktop\Capstone-reco\app\Views\destination_details.php(200): CodeIgniter\View\View->include('public/js/submi...')
#3 C:\Users\jancy\Desktop\Capstone-reco\system\View\View.php(210): include('C:\\Users\\jancy\\...')
#4 C:\Users\jancy\Desktop\Capstone-reco\system\View\View.php(213): CodeIgniter\View\View->CodeIgniter\View\{closure}()
#5 C:\Users\jancy\Desktop\Capstone-reco\system\Common.php(1089): CodeIgniter\View\View->render('destination_det...', Array, true)
#6 C:\Users\jancy\Desktop\Capstone-reco\app\Controllers\ProfileController.php(64): view('destination_det...', Array)
#7 C:\Users\jancy\Desktop\Capstone-reco\system\CodeIgniter.php(832): App\Controllers\ProfileController->test('6')
#8 C:\Users\jancy\Desktop\Capstone-reco\system\CodeIgniter.php(419): CodeIgniter\CodeIgniter->runController(Object(App\Controllers\ProfileController))
#9 C:\Users\jancy\Desktop\Capstone-reco\system\CodeIgniter.php(326): CodeIgniter\CodeIgniter->handleRequest(NULL, Object(Config\Cache), false)
#10 C:\Users\jancy\Desktop\Capstone-reco\public\index.php(37): CodeIgniter\CodeIgniter->run()
#11 C:\Users\jancy\Desktop\Capstone-reco\system\Commands\Server\rewrite.php(43): require_once('C:\\Users\\jancy\\...')
#12 {main}
CRITICAL - 2022-08-04 05:41:39 --> Invalid file: public/js/submit_rating.php
#0 C:\Users\jancy\Desktop\Capstone-reco\system\View\View.php(198): CodeIgniter\Exceptions\FrameworkException::forInvalidFile('public/js/submi...')
#1 C:\Users\jancy\Desktop\Capstone-reco\system\View\View.php(424): CodeIgniter\View\View->render('public/js/submi...', NULL, true)
#2 C:\Users\jancy\Desktop\Capstone-reco\app\Views\destination_details.php(200): CodeIgniter\View\View->include('public/js/submi...')
#3 C:\Users\jancy\Desktop\Capstone-reco\system\View\View.php(210): include('C:\\Users\\jancy\\...')
#4 C:\Users\jancy\Desktop\Capstone-reco\system\View\View.php(213): CodeIgniter\View\View->CodeIgniter\View\{closure}()
#5 C:\Users\jancy\Desktop\Capstone-reco\system\Common.php(1089): CodeIgniter\View\View->render('destination_det...', Array, true)
#6 C:\Users\jancy\Desktop\Capstone-reco\app\Controllers\ProfileController.php(64): view('destination_det...', Array)
#7 C:\Users\jancy\Desktop\Capstone-reco\system\CodeIgniter.php(832): App\Controllers\ProfileController->test('6')
#8 C:\Users\jancy\Desktop\Capstone-reco\system\CodeIgniter.php(419): CodeIgniter\CodeIgniter->runController(Object(App\Controllers\ProfileController))
#9 C:\Users\jancy\Desktop\Capstone-reco\system\CodeIgniter.php(326): CodeIgniter\CodeIgniter->handleRequest(NULL, Object(Config\Cache), false)
#10 C:\Users\jancy\Desktop\Capstone-reco\public\index.php(37): CodeIgniter\CodeIgniter->run()
#11 C:\Users\jancy\Desktop\Capstone-reco\system\Commands\Server\rewrite.php(43): require_once('C:\\Users\\jancy\\...')
#12 {main}
CRITICAL - 2022-08-04 05:41:39 --> Invalid file: public/js/submit_rating.php
#0 C:\Users\jancy\Desktop\Capstone-reco\system\View\View.php(198): CodeIgniter\Exceptions\FrameworkException::forInvalidFile('public/js/submi...')
#1 C:\Users\jancy\Desktop\Capstone-reco\system\View\View.php(424): CodeIgniter\View\View->render('public/js/submi...', NULL, true)
#2 C:\Users\jancy\Desktop\Capstone-reco\app\Views\destination_details.php(200): CodeIgniter\View\View->include('public/js/submi...')
#3 C:\Users\jancy\Desktop\Capstone-reco\system\View\View.php(210): include('C:\\Users\\jancy\\...')
#4 C:\Users\jancy\Desktop\Capstone-reco\system\View\View.php(213): CodeIgniter\View\View->CodeIgniter\View\{closure}()
#5 C:\Users\jancy\Desktop\Capstone-reco\system\Common.php(1089): CodeIgniter\View\View->render('destination_det...', Array, true)
#6 C:\Users\jancy\Desktop\Capstone-reco\app\Controllers\ProfileController.php(64): view('destination_det...', Array)
#7 C:\Users\jancy\Desktop\Capstone-reco\system\CodeIgniter.php(832): App\Controllers\ProfileController->test('6')
#8 C:\Users\jancy\Desktop\Capstone-reco\system\CodeIgniter.php(419): CodeIgniter\CodeIgniter->runController(Object(App\Controllers\ProfileController))
#9 C:\Users\jancy\Desktop\Capstone-reco\system\CodeIgniter.php(326): CodeIgniter\CodeIgniter->handleRequest(NULL, Object(Config\Cache), false)
#10 C:\Users\jancy\Desktop\Capstone-reco\public\index.php(37): CodeIgniter\CodeIgniter->run()
#11 C:\Users\jancy\Desktop\Capstone-reco\system\Commands\Server\rewrite.php(43): require_once('C:\\Users\\jancy\\...')
#12 {main}
CRITICAL - 2022-08-04 05:41:39 --> Invalid file: public/js/submit_rating.php
#0 C:\Users\jancy\Desktop\Capstone-reco\system\View\View.php(198): CodeIgniter\Exceptions\FrameworkException::forInvalidFile('public/js/submi...')
#1 C:\Users\jancy\Desktop\Capstone-reco\system\View\View.php(424): CodeIgniter\View\View->render('public/js/submi...', NULL, true)
#2 C:\Users\jancy\Desktop\Capstone-reco\app\Views\destination_details.php(200): CodeIgniter\View\View->include('public/js/submi...')
#3 C:\Users\jancy\Desktop\Capstone-reco\system\View\View.php(210): include('C:\\Users\\jancy\\...')
#4 C:\Users\jancy\Desktop\Capstone-reco\system\View\View.php(213): CodeIgniter\View\View->CodeIgniter\View\{closure}()
#5 C:\Users\jancy\Desktop\Capstone-reco\system\Common.php(1089): CodeIgniter\View\View->render('destination_det...', Array, true)
#6 C:\Users\jancy\Desktop\Capstone-reco\app\Controllers\ProfileController.php(64): view('destination_det...', Array)
#7 C:\Users\jancy\Desktop\Capstone-reco\system\CodeIgniter.php(832): App\Controllers\ProfileController->test('6')
#8 C:\Users\jancy\Desktop\Capstone-reco\system\CodeIgniter.php(419): CodeIgniter\CodeIgniter->runController(Object(App\Controllers\ProfileController))
#9 C:\Users\jancy\Desktop\Capstone-reco\system\CodeIgniter.php(326): CodeIgniter\CodeIgniter->handleRequest(NULL, Object(Config\Cache), false)
#10 C:\Users\jancy\Desktop\Capstone-reco\public\index.php(37): CodeIgniter\CodeIgniter->run()
#11 C:\Users\jancy\Desktop\Capstone-reco\system\Commands\Server\rewrite.php(43): require_once('C:\\Users\\jancy\\...')
#12 {main}
CRITICAL - 2022-08-04 05:41:53 --> Invalid file: /public/js/submit_rating.php
#0 C:\Users\jancy\Desktop\Capstone-reco\system\View\View.php(198): CodeIgniter\Exceptions\FrameworkException::forInvalidFile('/public/js/subm...')
#1 C:\Users\jancy\Desktop\Capstone-reco\system\View\View.php(424): CodeIgniter\View\View->render('/public/js/subm...', NULL, true)
#2 C:\Users\jancy\Desktop\Capstone-reco\app\Views\destination_details.php(200): CodeIgniter\View\View->include('/public/js/subm...')
#3 C:\Users\jancy\Desktop\Capstone-reco\system\View\View.php(210): include('C:\\Users\\jancy\\...')
#4 C:\Users\jancy\Desktop\Capstone-reco\system\View\View.php(213): CodeIgniter\View\View->CodeIgniter\View\{closure}()
#5 C:\Users\jancy\Desktop\Capstone-reco\system\Common.php(1089): CodeIgniter\View\View->render('destination_det...', Array, true)
#6 C:\Users\jancy\Desktop\Capstone-reco\app\Controllers\ProfileController.php(64): view('destination_det...', Array)
#7 C:\Users\jancy\Desktop\Capstone-reco\system\CodeIgniter.php(832): App\Controllers\ProfileController->test('6')
#8 C:\Users\jancy\Desktop\Capstone-reco\system\CodeIgniter.php(419): CodeIgniter\CodeIgniter->runController(Object(App\Controllers\ProfileController))
#9 C:\Users\jancy\Desktop\Capstone-reco\system\CodeIgniter.php(326): CodeIgniter\CodeIgniter->handleRequest(NULL, Object(Config\Cache), false)
#10 C:\Users\jancy\Desktop\Capstone-reco\public\index.php(37): CodeIgniter\CodeIgniter->run()
#11 C:\Users\jancy\Desktop\Capstone-reco\system\Commands\Server\rewrite.php(43): require_once('C:\\Users\\jancy\\...')
#12 {main}
CRITICAL - 2022-08-04 05:41:54 --> Invalid file: /public/js/submit_rating.php
#0 C:\Users\jancy\Desktop\Capstone-reco\system\View\View.php(198): CodeIgniter\Exceptions\FrameworkException::forInvalidFile('/public/js/subm...')
#1 C:\Users\jancy\Desktop\Capstone-reco\system\View\View.php(424): CodeIgniter\View\View->render('/public/js/subm...', NULL, true)
#2 C:\Users\jancy\Desktop\Capstone-reco\app\Views\destination_details.php(200): CodeIgniter\View\View->include('/public/js/subm...')
#3 C:\Users\jancy\Desktop\Capstone-reco\system\View\View.php(210): include('C:\\Users\\jancy\\...')
#4 C:\Users\jancy\Desktop\Capstone-reco\system\View\View.php(213): CodeIgniter\View\View->CodeIgniter\View\{closure}()
#5 C:\Users\jancy\Desktop\Capstone-reco\system\Common.php(1089): CodeIgniter\View\View->render('destination_det...', Array, true)
#6 C:\Users\jancy\Desktop\Capstone-reco\app\Controllers\ProfileController.php(64): view('destination_det...', Array)
#7 C:\Users\jancy\Desktop\Capstone-reco\system\CodeIgniter.php(832): App\Controllers\ProfileController->test('6')
#8 C:\Users\jancy\Desktop\Capstone-reco\system\CodeIgniter.php(419): CodeIgniter\CodeIgniter->runController(Object(App\Controllers\ProfileController))
#9 C:\Users\jancy\Desktop\Capstone-reco\system\CodeIgniter.php(326): CodeIgniter\CodeIgniter->handleRequest(NULL, Object(Config\Cache), false)
#10 C:\Users\jancy\Desktop\Capstone-reco\public\index.php(37): CodeIgniter\CodeIgniter->run()
#11 C:\Users\jancy\Desktop\Capstone-reco\system\Commands\Server\rewrite.php(43): require_once('C:\\Users\\jancy\\...')
#12 {main}
