ERROR - 2022-06-15 12:18:51 --> Error connecting to the database: No connection could be made because the target machine actively refused it.

CRITICAL - 2022-06-15 12:18:51 --> Unable to connect to the database.
Main connection [MySQLi]: No connection could be made because the target machine actively refused it.

#0 C:\laragon\www\eguide\system\Database\BaseConnection.php(577): CodeIgniter\Database\BaseConnection->initialize()
#1 C:\laragon\www\eguide\system\Database\BaseBuilder.php(1455): CodeIgniter\Database\BaseConnection->query('SELECT *\nFROM `...', Array, false)
#2 C:\laragon\www\eguide\system\Model.php(183): CodeIgniter\Database\BaseBuilder->get()
#3 C:\laragon\www\eguide\system\BaseModel.php(584): CodeIgniter\Model->doFindAll(0, 0)
#4 C:\laragon\www\eguide\app\Controllers\ProfileController.php(13): CodeIgniter\BaseModel->findAll()
#5 C:\laragon\www\eguide\system\CodeIgniter.php(832): App\Controllers\ProfileController->index()
#6 C:\laragon\www\eguide\system\CodeIgniter.php(419): CodeIgniter\CodeIgniter->runController(Object(App\Controllers\ProfileController))
#7 C:\laragon\www\eguide\system\CodeIgniter.php(326): CodeIgniter\CodeIgniter->handleRequest(NULL, Object(Config\Cache), false)
#8 C:\laragon\www\eguide\public\index.php(37): CodeIgniter\CodeIgniter->run()
#9 C:\laragon\www\eguide\system\Commands\Server\rewrite.php(43): require_once('C:\\laragon\\www\\...')
#10 {main}
ERROR - 2022-06-15 12:19:15 --> Error connecting to the database: No connection could be made because the target machine actively refused it.

CRITICAL - 2022-06-15 12:19:15 --> Unable to connect to the database.
Main connection [MySQLi]: No connection could be made because the target machine actively refused it.

#0 C:\laragon\www\eguide\system\Database\BaseConnection.php(577): CodeIgniter\Database\BaseConnection->initialize()
#1 C:\laragon\www\eguide\system\Database\BaseBuilder.php(1455): CodeIgniter\Database\BaseConnection->query('SELECT *\nFROM `...', Array, false)
#2 C:\laragon\www\eguide\system\Model.php(183): CodeIgniter\Database\BaseBuilder->get()
#3 C:\laragon\www\eguide\system\BaseModel.php(584): CodeIgniter\Model->doFindAll(0, 0)
#4 C:\laragon\www\eguide\app\Controllers\ProfileController.php(13): CodeIgniter\BaseModel->findAll()
#5 C:\laragon\www\eguide\system\CodeIgniter.php(832): App\Controllers\ProfileController->index()
#6 C:\laragon\www\eguide\system\CodeIgniter.php(419): CodeIgniter\CodeIgniter->runController(Object(App\Controllers\ProfileController))
#7 C:\laragon\www\eguide\system\CodeIgniter.php(326): CodeIgniter\CodeIgniter->handleRequest(NULL, Object(Config\Cache), false)
#8 C:\laragon\www\eguide\public\index.php(37): CodeIgniter\CodeIgniter->run()
#9 C:\laragon\www\eguide\system\Commands\Server\rewrite.php(43): require_once('C:\\laragon\\www\\...')
#10 {main}
CRITICAL - 2022-06-15 16:04:41 --> syntax error, unexpected '=>' (T_DOUBLE_ARROW), expecting ']'
#0 C:\laragon\www\eguide\system\Router\Router.php(175): CodeIgniter\Router\Router->autoRoute('DestinationCont...')
#1 C:\laragon\www\eguide\system\CodeIgniter.php(726): CodeIgniter\Router\Router->handle('DestinationCont...')
#2 C:\laragon\www\eguide\system\CodeIgniter.php(368): CodeIgniter\CodeIgniter->tryToRouteIt(Object(CodeIgniter\Router\RouteCollection))
#3 C:\laragon\www\eguide\system\CodeIgniter.php(326): CodeIgniter\CodeIgniter->handleRequest(NULL, Object(Config\Cache), false)
#4 C:\laragon\www\eguide\public\index.php(37): CodeIgniter\CodeIgniter->run()
#5 C:\laragon\www\eguide\system\Commands\Server\rewrite.php(43): require_once('C:\\laragon\\www\\...')
#6 {main}
CRITICAL - 2022-06-15 16:04:52 --> syntax error, unexpected '=>' (T_DOUBLE_ARROW), expecting ']'
#0 C:\laragon\www\eguide\system\Router\Router.php(175): CodeIgniter\Router\Router->autoRoute('DestinationCont...')
#1 C:\laragon\www\eguide\system\CodeIgniter.php(726): CodeIgniter\Router\Router->handle('DestinationCont...')
#2 C:\laragon\www\eguide\system\CodeIgniter.php(368): CodeIgniter\CodeIgniter->tryToRouteIt(Object(CodeIgniter\Router\RouteCollection))
#3 C:\laragon\www\eguide\system\CodeIgniter.php(326): CodeIgniter\CodeIgniter->handleRequest(NULL, Object(Config\Cache), false)
#4 C:\laragon\www\eguide\public\index.php(37): CodeIgniter\CodeIgniter->run()
#5 C:\laragon\www\eguide\system\Commands\Server\rewrite.php(43): require_once('C:\\laragon\\www\\...')
#6 {main}
CRITICAL - 2022-06-15 16:05:07 --> syntax error, unexpected '=>' (T_DOUBLE_ARROW), expecting ']'
#0 C:\laragon\www\eguide\system\Router\Router.php(175): CodeIgniter\Router\Router->autoRoute('DestinationCont...')
#1 C:\laragon\www\eguide\system\CodeIgniter.php(726): CodeIgniter\Router\Router->handle('DestinationCont...')
#2 C:\laragon\www\eguide\system\CodeIgniter.php(368): CodeIgniter\CodeIgniter->tryToRouteIt(Object(CodeIgniter\Router\RouteCollection))
#3 C:\laragon\www\eguide\system\CodeIgniter.php(326): CodeIgniter\CodeIgniter->handleRequest(NULL, Object(Config\Cache), false)
#4 C:\laragon\www\eguide\public\index.php(37): CodeIgniter\CodeIgniter->run()
#5 C:\laragon\www\eguide\system\Commands\Server\rewrite.php(43): require_once('C:\\laragon\\www\\...')
#6 {main}
CRITICAL - 2022-06-15 16:06:53 --> Invalid argument supplied for foreach()
#0 C:\laragon\www\eguide\app\Views\destination_page.php(160): CodeIgniter\Debug\Exceptions->errorHandler(2, 'Invalid argumen...', 'C:\\laragon\\www\\...', 160, Array)
#1 C:\laragon\www\eguide\system\View\View.php(210): include('C:\\laragon\\www\\...')
#2 C:\laragon\www\eguide\system\View\View.php(213): CodeIgniter\View\View->CodeIgniter\View\{closure}()
#3 C:\laragon\www\eguide\system\Common.php(1089): CodeIgniter\View\View->render('destination_pag...', Array, true)
#4 C:\laragon\www\eguide\app\Controllers\DestinationController.php(40): view('destination_pag...', Array)
#5 C:\laragon\www\eguide\system\CodeIgniter.php(832): App\Controllers\DestinationController->morcal()
#6 C:\laragon\www\eguide\system\CodeIgniter.php(419): CodeIgniter\CodeIgniter->runController(Object(App\Controllers\DestinationController))
#7 C:\laragon\www\eguide\system\CodeIgniter.php(326): CodeIgniter\CodeIgniter->handleRequest(NULL, Object(Config\Cache), false)
#8 C:\laragon\www\eguide\public\index.php(37): CodeIgniter\CodeIgniter->run()
#9 C:\laragon\www\eguide\system\Commands\Server\rewrite.php(43): require_once('C:\\laragon\\www\\...')
#10 {main}
CRITICAL - 2022-06-15 16:17:31 --> syntax error, unexpected end of file
#0 C:\laragon\www\eguide\system\View\View.php(213): CodeIgniter\View\View->CodeIgniter\View\{closure}()
#1 C:\laragon\www\eguide\system\View\View.php(424): CodeIgniter\View\View->render('include/header', NULL, true)
#2 C:\laragon\www\eguide\app\Views\about.php(36): CodeIgniter\View\View->include('include/header')
#3 C:\laragon\www\eguide\system\View\View.php(210): include('C:\\laragon\\www\\...')
#4 C:\laragon\www\eguide\system\View\View.php(213): CodeIgniter\View\View->CodeIgniter\View\{closure}()
#5 C:\laragon\www\eguide\system\Common.php(1089): CodeIgniter\View\View->render('about', Array, true)
#6 C:\laragon\www\eguide\app\Controllers\AboutController.php(10): view('about')
#7 C:\laragon\www\eguide\system\CodeIgniter.php(832): App\Controllers\AboutController->about()
#8 C:\laragon\www\eguide\system\CodeIgniter.php(419): CodeIgniter\CodeIgniter->runController(Object(App\Controllers\AboutController))
#9 C:\laragon\www\eguide\system\CodeIgniter.php(326): CodeIgniter\CodeIgniter->handleRequest(NULL, Object(Config\Cache), false)
#10 C:\laragon\www\eguide\public\index.php(37): CodeIgniter\CodeIgniter->run()
#11 C:\laragon\www\eguide\system\Commands\Server\rewrite.php(43): require_once('C:\\laragon\\www\\...')
#12 {main}
CRITICAL - 2022-06-15 16:22:23 --> syntax error, unexpected '=', expecting ']'
#0 C:\laragon\www\eguide\system\Autoloader\Autoloader.php(241): CodeIgniter\Autoloader\Autoloader->includeFile('C:\\laragon\\www\\...')
#1 C:\laragon\www\eguide\system\Autoloader\Autoloader.php(219): CodeIgniter\Autoloader\Autoloader->loadInNamespace('App\\Controllers...')
#2 [internal function]: CodeIgniter\Autoloader\Autoloader->loadClass('App\\Controllers...')
#3 [internal function]: spl_autoload_call('App\\Controllers...')
#4 C:\laragon\www\eguide\system\CodeIgniter.php(797): class_exists('\\App\\Controller...', true)
#5 C:\laragon\www\eguide\system\CodeIgniter.php(406): CodeIgniter\CodeIgniter->startController()
#6 C:\laragon\www\eguide\system\CodeIgniter.php(326): CodeIgniter\CodeIgniter->handleRequest(NULL, Object(Config\Cache), false)
#7 C:\laragon\www\eguide\public\index.php(37): CodeIgniter\CodeIgniter->run()
#8 C:\laragon\www\eguide\system\Commands\Server\rewrite.php(43): require_once('C:\\laragon\\www\\...')
#9 {main}
CRITICAL - 2022-06-15 16:49:53 --> Class 'App\Controllers\DestinationModel' not found
#0 C:\laragon\www\eguide\system\CodeIgniter.php(832): App\Controllers\AboutController->about()
#1 C:\laragon\www\eguide\system\CodeIgniter.php(419): CodeIgniter\CodeIgniter->runController(Object(App\Controllers\AboutController))
#2 C:\laragon\www\eguide\system\CodeIgniter.php(326): CodeIgniter\CodeIgniter->handleRequest(NULL, Object(Config\Cache), false)
#3 C:\laragon\www\eguide\public\index.php(37): CodeIgniter\CodeIgniter->run()
#4 C:\laragon\www\eguide\system\Commands\Server\rewrite.php(43): require_once('C:\\laragon\\www\\...')
#5 {main}
CRITICAL - 2022-06-15 16:57:05 --> Class 'App\Controllers\DestinationModel' not found
#0 C:\laragon\www\eguide\system\CodeIgniter.php(832): App\Controllers\RestaurantController->restaurants()
#1 C:\laragon\www\eguide\system\CodeIgniter.php(419): CodeIgniter\CodeIgniter->runController(Object(App\Controllers\RestaurantController))
#2 C:\laragon\www\eguide\system\CodeIgniter.php(326): CodeIgniter\CodeIgniter->handleRequest(NULL, Object(Config\Cache), false)
#3 C:\laragon\www\eguide\public\index.php(37): CodeIgniter\CodeIgniter->run()
#4 C:\laragon\www\eguide\system\Commands\Server\rewrite.php(43): require_once('C:\\laragon\\www\\...')
#5 {main}
CRITICAL - 2022-06-15 16:59:52 --> Class 'App\Controllers\DestinationModel' not found
#0 C:\laragon\www\eguide\system\CodeIgniter.php(832): App\Controllers\HotelsController->hotels()
#1 C:\laragon\www\eguide\system\CodeIgniter.php(419): CodeIgniter\CodeIgniter->runController(Object(App\Controllers\HotelsController))
#2 C:\laragon\www\eguide\system\CodeIgniter.php(326): CodeIgniter\CodeIgniter->handleRequest(NULL, Object(Config\Cache), false)
#3 C:\laragon\www\eguide\public\index.php(37): CodeIgniter\CodeIgniter->run()
#4 C:\laragon\www\eguide\system\Commands\Server\rewrite.php(43): require_once('C:\\laragon\\www\\...')
#5 {main}
CRITICAL - 2022-06-15 17:05:00 --> Class 'App\Controllers\DestinationModel' not found
#0 C:\laragon\www\eguide\system\CodeIgniter.php(832): App\Controllers\PasalubongController->pasalubong()
#1 C:\laragon\www\eguide\system\CodeIgniter.php(419): CodeIgniter\CodeIgniter->runController(Object(App\Controllers\PasalubongController))
#2 C:\laragon\www\eguide\system\CodeIgniter.php(326): CodeIgniter\CodeIgniter->handleRequest(NULL, Object(Config\Cache), false)
#3 C:\laragon\www\eguide\public\index.php(37): CodeIgniter\CodeIgniter->run()
#4 C:\laragon\www\eguide\system\Commands\Server\rewrite.php(43): require_once('C:\\laragon\\www\\...')
#5 {main}
CRITICAL - 2022-06-15 17:49:12 --> Invalid argument supplied for foreach()
#0 C:\laragon\www\eguide\app\Views\destination_page.php(90): CodeIgniter\Debug\Exceptions->errorHandler(2, 'Invalid argumen...', 'C:\\laragon\\www\\...', 90, Array)
#1 C:\laragon\www\eguide\system\View\View.php(210): include('C:\\laragon\\www\\...')
#2 C:\laragon\www\eguide\system\View\View.php(213): CodeIgniter\View\View->CodeIgniter\View\{closure}()
#3 C:\laragon\www\eguide\system\Common.php(1089): CodeIgniter\View\View->render('destination_pag...', Array, true)
#4 C:\laragon\www\eguide\app\Controllers\DestinationController.php(49): view('destination_pag...', Array)
#5 C:\laragon\www\eguide\system\CodeIgniter.php(832): App\Controllers\DestinationController->morcal()
#6 C:\laragon\www\eguide\system\CodeIgniter.php(419): CodeIgniter\CodeIgniter->runController(Object(App\Controllers\DestinationController))
#7 C:\laragon\www\eguide\system\CodeIgniter.php(326): CodeIgniter\CodeIgniter->handleRequest(NULL, Object(Config\Cache), false)
#8 C:\laragon\www\eguide\public\index.php(37): CodeIgniter\CodeIgniter->run()
#9 C:\laragon\www\eguide\system\Commands\Server\rewrite.php(43): require_once('C:\\laragon\\www\\...')
#10 {main}
CRITICAL - 2022-06-15 17:49:28 --> Invalid argument supplied for foreach()
#0 C:\laragon\www\eguide\app\Views\destination_page.php(90): CodeIgniter\Debug\Exceptions->errorHandler(2, 'Invalid argumen...', 'C:\\laragon\\www\\...', 90, Array)
#1 C:\laragon\www\eguide\system\View\View.php(210): include('C:\\laragon\\www\\...')
#2 C:\laragon\www\eguide\system\View\View.php(213): CodeIgniter\View\View->CodeIgniter\View\{closure}()
#3 C:\laragon\www\eguide\system\Common.php(1089): CodeIgniter\View\View->render('destination_pag...', Array, true)
#4 C:\laragon\www\eguide\app\Controllers\DestinationController.php(49): view('destination_pag...', Array)
#5 C:\laragon\www\eguide\system\CodeIgniter.php(832): App\Controllers\DestinationController->morcal()
#6 C:\laragon\www\eguide\system\CodeIgniter.php(419): CodeIgniter\CodeIgniter->runController(Object(App\Controllers\DestinationController))
#7 C:\laragon\www\eguide\system\CodeIgniter.php(326): CodeIgniter\CodeIgniter->handleRequest(NULL, Object(Config\Cache), false)
#8 C:\laragon\www\eguide\public\index.php(37): CodeIgniter\CodeIgniter->run()
#9 C:\laragon\www\eguide\system\Commands\Server\rewrite.php(43): require_once('C:\\laragon\\www\\...')
#10 {main}
CRITICAL - 2022-06-15 17:50:26 --> syntax error, unexpected '=>' (T_DOUBLE_ARROW), expecting ']'
#0 C:\laragon\www\eguide\system\Router\Router.php(175): CodeIgniter\Router\Router->autoRoute('DestinationCont...')
#1 C:\laragon\www\eguide\system\CodeIgniter.php(726): CodeIgniter\Router\Router->handle('DestinationCont...')
#2 C:\laragon\www\eguide\system\CodeIgniter.php(368): CodeIgniter\CodeIgniter->tryToRouteIt(Object(CodeIgniter\Router\RouteCollection))
#3 C:\laragon\www\eguide\system\CodeIgniter.php(326): CodeIgniter\CodeIgniter->handleRequest(NULL, Object(Config\Cache), false)
#4 C:\laragon\www\eguide\public\index.php(37): CodeIgniter\CodeIgniter->run()
#5 C:\laragon\www\eguide\system\Commands\Server\rewrite.php(43): require_once('C:\\laragon\\www\\...')
#6 {main}
CRITICAL - 2022-06-15 17:50:45 --> syntax error, unexpected ';', expecting ']'
#0 C:\laragon\www\eguide\system\Router\Router.php(175): CodeIgniter\Router\Router->autoRoute('DestinationCont...')
#1 C:\laragon\www\eguide\system\CodeIgniter.php(726): CodeIgniter\Router\Router->handle('DestinationCont...')
#2 C:\laragon\www\eguide\system\CodeIgniter.php(368): CodeIgniter\CodeIgniter->tryToRouteIt(Object(CodeIgniter\Router\RouteCollection))
#3 C:\laragon\www\eguide\system\CodeIgniter.php(326): CodeIgniter\CodeIgniter->handleRequest(NULL, Object(Config\Cache), false)
#4 C:\laragon\www\eguide\public\index.php(37): CodeIgniter\CodeIgniter->run()
#5 C:\laragon\www\eguide\system\Commands\Server\rewrite.php(43): require_once('C:\\laragon\\www\\...')
#6 {main}
