CRITICAL - 2022-05-29 03:28:58 --> Invalid argument supplied for foreach()
#0 C:\laragon\www\Capstone\app\Views\destination_details.php(119): CodeIgniter\Debug\Exceptions->errorHandler(2, 'Invalid argumen...', 'C:\\laragon\\www\\...', 119, Array)
#1 C:\laragon\www\Capstone\system\View\View.php(210): include('C:\\laragon\\www\\...')
#2 C:\laragon\www\Capstone\system\View\View.php(213): CodeIgniter\View\View->CodeIgniter\View\{closure}()
#3 C:\laragon\www\Capstone\system\Common.php(1089): CodeIgniter\View\View->render('destination_det...', Array, true)
#4 C:\laragon\www\Capstone\app\Controllers\DestinationController.php(187): view('destination_det...')
#5 C:\laragon\www\Capstone\system\CodeIgniter.php(832): App\Controllers\DestinationController->destination_details()
#6 C:\laragon\www\Capstone\system\CodeIgniter.php(419): CodeIgniter\CodeIgniter->runController(Object(App\Controllers\DestinationController))
#7 C:\laragon\www\Capstone\system\CodeIgniter.php(326): CodeIgniter\CodeIgniter->handleRequest(NULL, Object(Config\Cache), false)
#8 C:\laragon\www\Capstone\public\index.php(37): CodeIgniter\CodeIgniter->run()
#9 C:\laragon\www\Capstone\system\Commands\Server\rewrite.php(43): require_once('C:\\laragon\\www\\...')
#10 {main}
ERROR - 2022-05-29 03:31:52 --> Unknown column 'calapan' in 'where clause'
CRITICAL - 2022-05-29 03:31:52 --> Unknown column 'calapan' in 'where clause'
#0 C:\laragon\www\Capstone\system\Database\MySQLi\Connection.php(292): mysqli->query('SELECT *\nFROM `...', 0)
#1 C:\laragon\www\Capstone\system\Database\BaseConnection.php(670): CodeIgniter\Database\MySQLi\Connection->execute('SELECT *\nFROM `...')
#2 C:\laragon\www\Capstone\system\Database\BaseConnection.php(598): CodeIgniter\Database\BaseConnection->simpleQuery('SELECT *\nFROM `...')
#3 C:\laragon\www\Capstone\system\Database\BaseBuilder.php(1455): CodeIgniter\Database\BaseConnection->query('SELECT *\nFROM `...', Array, false)
#4 C:\laragon\www\Capstone\system\Model.php(183): CodeIgniter\Database\BaseBuilder->get()
#5 C:\laragon\www\Capstone\system\BaseModel.php(584): CodeIgniter\Model->doFindAll(0, 0)
#6 C:\laragon\www\Capstone\app\Controllers\DestinationController.php(193): CodeIgniter\BaseModel->findAll()
#7 C:\laragon\www\Capstone\system\CodeIgniter.php(832): App\Controllers\DestinationController->descal()
#8 C:\laragon\www\Capstone\system\CodeIgniter.php(419): CodeIgniter\CodeIgniter->runController(Object(App\Controllers\DestinationController))
#9 C:\laragon\www\Capstone\system\CodeIgniter.php(326): CodeIgniter\CodeIgniter->handleRequest(NULL, Object(Config\Cache), false)
#10 C:\laragon\www\Capstone\public\index.php(37): CodeIgniter\CodeIgniter->run()
#11 C:\laragon\www\Capstone\system\Commands\Server\rewrite.php(43): require_once('C:\\laragon\\www\\...')
#12 {main}
CRITICAL - 2022-05-29 03:32:42 --> Call to undefined method App\Models\DestinationModel::findFirst
#0 C:\laragon\www\Capstone\app\Controllers\DestinationController.php(193): CodeIgniter\Model->__call('findFirst', Array)
#1 C:\laragon\www\Capstone\system\CodeIgniter.php(832): App\Controllers\DestinationController->descal()
#2 C:\laragon\www\Capstone\system\CodeIgniter.php(419): CodeIgniter\CodeIgniter->runController(Object(App\Controllers\DestinationController))
#3 C:\laragon\www\Capstone\system\CodeIgniter.php(326): CodeIgniter\CodeIgniter->handleRequest(NULL, Object(Config\Cache), false)
#4 C:\laragon\www\Capstone\public\index.php(37): CodeIgniter\CodeIgniter->run()
#5 C:\laragon\www\Capstone\system\Commands\Server\rewrite.php(43): require_once('C:\\laragon\\www\\...')
#6 {main}
CRITICAL - 2022-05-29 03:33:27 --> Call to undefined method App\Models\DestinationModel::findfirst
#0 C:\laragon\www\Capstone\app\Controllers\DestinationController.php(193): CodeIgniter\Model->__call('findfirst', Array)
#1 C:\laragon\www\Capstone\system\CodeIgniter.php(832): App\Controllers\DestinationController->descal()
#2 C:\laragon\www\Capstone\system\CodeIgniter.php(419): CodeIgniter\CodeIgniter->runController(Object(App\Controllers\DestinationController))
#3 C:\laragon\www\Capstone\system\CodeIgniter.php(326): CodeIgniter\CodeIgniter->handleRequest(NULL, Object(Config\Cache), false)
#4 C:\laragon\www\Capstone\public\index.php(37): CodeIgniter\CodeIgniter->run()
#5 C:\laragon\www\Capstone\system\Commands\Server\rewrite.php(43): require_once('C:\\laragon\\www\\...')
#6 {main}
CRITICAL - 2022-05-29 03:47:52 --> Use of undefined constant destinations - assumed 'destinations' (this will throw an Error in a future version of PHP)
#0 C:\laragon\www\Capstone\app\Views\destination_details.php(119): CodeIgniter\Debug\Exceptions->errorHandler(2, 'Use of undefine...', 'C:\\laragon\\www\\...', 119, Array)
#1 C:\laragon\www\Capstone\system\View\View.php(210): include('C:\\laragon\\www\\...')
#2 C:\laragon\www\Capstone\system\View\View.php(213): CodeIgniter\View\View->CodeIgniter\View\{closure}()
#3 C:\laragon\www\Capstone\system\Common.php(1089): CodeIgniter\View\View->render('destination_det...', Array, true)
#4 C:\laragon\www\Capstone\app\Controllers\DestinationController.php(195): view('destination_det...', Array)
#5 C:\laragon\www\Capstone\system\CodeIgniter.php(832): App\Controllers\DestinationController->descal()
#6 C:\laragon\www\Capstone\system\CodeIgniter.php(419): CodeIgniter\CodeIgniter->runController(Object(App\Controllers\DestinationController))
#7 C:\laragon\www\Capstone\system\CodeIgniter.php(326): CodeIgniter\CodeIgniter->handleRequest(NULL, Object(Config\Cache), false)
#8 C:\laragon\www\Capstone\public\index.php(37): CodeIgniter\CodeIgniter->run()
#9 C:\laragon\www\Capstone\system\Commands\Server\rewrite.php(43): require_once('C:\\laragon\\www\\...')
#10 {main}
CRITICAL - 2022-05-29 03:47:55 --> Use of undefined constant destinations - assumed 'destinations' (this will throw an Error in a future version of PHP)
#0 C:\laragon\www\Capstone\app\Views\destination_details.php(119): CodeIgniter\Debug\Exceptions->errorHandler(2, 'Use of undefine...', 'C:\\laragon\\www\\...', 119, Array)
#1 C:\laragon\www\Capstone\system\View\View.php(210): include('C:\\laragon\\www\\...')
#2 C:\laragon\www\Capstone\system\View\View.php(213): CodeIgniter\View\View->CodeIgniter\View\{closure}()
#3 C:\laragon\www\Capstone\system\Common.php(1089): CodeIgniter\View\View->render('destination_det...', Array, true)
#4 C:\laragon\www\Capstone\app\Controllers\DestinationController.php(195): view('destination_det...', Array)
#5 C:\laragon\www\Capstone\system\CodeIgniter.php(832): App\Controllers\DestinationController->descal()
#6 C:\laragon\www\Capstone\system\CodeIgniter.php(419): CodeIgniter\CodeIgniter->runController(Object(App\Controllers\DestinationController))
#7 C:\laragon\www\Capstone\system\CodeIgniter.php(326): CodeIgniter\CodeIgniter->handleRequest(NULL, Object(Config\Cache), false)
#8 C:\laragon\www\Capstone\public\index.php(37): CodeIgniter\CodeIgniter->run()
#9 C:\laragon\www\Capstone\system\Commands\Server\rewrite.php(43): require_once('C:\\laragon\\www\\...')
#10 {main}
CRITICAL - 2022-05-29 03:49:05 --> syntax error, unexpected end of file, expecting elseif (T_ELSEIF) or else (T_ELSE) or endif (T_ENDIF)
#0 C:\laragon\www\Capstone\system\View\View.php(213): CodeIgniter\View\View->CodeIgniter\View\{closure}()
#1 C:\laragon\www\Capstone\system\Common.php(1089): CodeIgniter\View\View->render('destination_det...', Array, true)
#2 C:\laragon\www\Capstone\app\Controllers\DestinationController.php(195): view('destination_det...', Array)
#3 C:\laragon\www\Capstone\system\CodeIgniter.php(832): App\Controllers\DestinationController->descal()
#4 C:\laragon\www\Capstone\system\CodeIgniter.php(419): CodeIgniter\CodeIgniter->runController(Object(App\Controllers\DestinationController))
#5 C:\laragon\www\Capstone\system\CodeIgniter.php(326): CodeIgniter\CodeIgniter->handleRequest(NULL, Object(Config\Cache), false)
#6 C:\laragon\www\Capstone\public\index.php(37): CodeIgniter\CodeIgniter->run()
#7 C:\laragon\www\Capstone\system\Commands\Server\rewrite.php(43): require_once('C:\\laragon\\www\\...')
#8 {main}
CRITICAL - 2022-05-29 03:49:06 --> syntax error, unexpected end of file, expecting elseif (T_ELSEIF) or else (T_ELSE) or endif (T_ENDIF)
#0 C:\laragon\www\Capstone\system\View\View.php(213): CodeIgniter\View\View->CodeIgniter\View\{closure}()
#1 C:\laragon\www\Capstone\system\Common.php(1089): CodeIgniter\View\View->render('destination_det...', Array, true)
#2 C:\laragon\www\Capstone\app\Controllers\DestinationController.php(195): view('destination_det...', Array)
#3 C:\laragon\www\Capstone\system\CodeIgniter.php(832): App\Controllers\DestinationController->descal()
#4 C:\laragon\www\Capstone\system\CodeIgniter.php(419): CodeIgniter\CodeIgniter->runController(Object(App\Controllers\DestinationController))
#5 C:\laragon\www\Capstone\system\CodeIgniter.php(326): CodeIgniter\CodeIgniter->handleRequest(NULL, Object(Config\Cache), false)
#6 C:\laragon\www\Capstone\public\index.php(37): CodeIgniter\CodeIgniter->run()
#7 C:\laragon\www\Capstone\system\Commands\Server\rewrite.php(43): require_once('C:\\laragon\\www\\...')
#8 {main}
CRITICAL - 2022-05-29 05:53:19 --> syntax error, unexpected '' (T_ENCAPSED_AND_WHITESPACE), expecting '-' or identifier (T_STRING) or variable (T_VARIABLE) or number (T_NUM_STRING)
#0 C:\laragon\www\Capstone\system\View\View.php(213): CodeIgniter\View\View->CodeIgniter\View\{closure}()
#1 C:\laragon\www\Capstone\system\Common.php(1089): CodeIgniter\View\View->render('destination_pag...', Array, true)
#2 C:\laragon\www\Capstone\app\Controllers\DestinationController.php(34): view('destination_pag...', Array)
#3 C:\laragon\www\Capstone\system\CodeIgniter.php(832): App\Controllers\DestinationController->morcal()
#4 C:\laragon\www\Capstone\system\CodeIgniter.php(419): CodeIgniter\CodeIgniter->runController(Object(App\Controllers\DestinationController))
#5 C:\laragon\www\Capstone\system\CodeIgniter.php(326): CodeIgniter\CodeIgniter->handleRequest(NULL, Object(Config\Cache), false)
#6 C:\laragon\www\Capstone\public\index.php(37): CodeIgniter\CodeIgniter->run()
#7 C:\laragon\www\Capstone\system\Commands\Server\rewrite.php(43): require_once('C:\\laragon\\www\\...')
#8 {main}
CRITICAL - 2022-05-29 06:29:04 --> Call to a member function where() on null
#0 C:\laragon\www\Capstone\system\CodeIgniter.php(832): App\Controllers\DestinationController->details()
#1 C:\laragon\www\Capstone\system\CodeIgniter.php(419): CodeIgniter\CodeIgniter->runController(Object(App\Controllers\DestinationController))
#2 C:\laragon\www\Capstone\system\CodeIgniter.php(326): CodeIgniter\CodeIgniter->handleRequest(NULL, Object(Config\Cache), false)
#3 C:\laragon\www\Capstone\public\index.php(37): CodeIgniter\CodeIgniter->run()
#4 C:\laragon\www\Capstone\system\Commands\Server\rewrite.php(43): require_once('C:\\laragon\\www\\...')
#5 {main}
CRITICAL - 2022-05-29 06:30:08 --> Call to a member function where() on null
#0 C:\laragon\www\Capstone\system\CodeIgniter.php(832): App\Controllers\DestinationController->details()
#1 C:\laragon\www\Capstone\system\CodeIgniter.php(419): CodeIgniter\CodeIgniter->runController(Object(App\Controllers\DestinationController))
#2 C:\laragon\www\Capstone\system\CodeIgniter.php(326): CodeIgniter\CodeIgniter->handleRequest(NULL, Object(Config\Cache), false)
#3 C:\laragon\www\Capstone\public\index.php(37): CodeIgniter\CodeIgniter->run()
#4 C:\laragon\www\Capstone\system\Commands\Server\rewrite.php(43): require_once('C:\\laragon\\www\\...')
#5 {main}
CRITICAL - 2022-05-29 07:19:39 --> syntax error, unexpected ',', expecting ']'
#0 C:\laragon\www\Capstone\system\View\View.php(213): CodeIgniter\View\View->CodeIgniter\View\{closure}()
#1 C:\laragon\www\Capstone\system\Common.php(1089): CodeIgniter\View\View->render('destination_det...', Array, true)
#2 C:\laragon\www\Capstone\app\Controllers\DestinationController.php(195): view('destination_det...', Array)
#3 C:\laragon\www\Capstone\system\CodeIgniter.php(832): App\Controllers\DestinationController->descal()
#4 C:\laragon\www\Capstone\system\CodeIgniter.php(419): CodeIgniter\CodeIgniter->runController(Object(App\Controllers\DestinationController))
#5 C:\laragon\www\Capstone\system\CodeIgniter.php(326): CodeIgniter\CodeIgniter->handleRequest(NULL, Object(Config\Cache), false)
#6 C:\laragon\www\Capstone\public\index.php(37): CodeIgniter\CodeIgniter->run()
#7 C:\laragon\www\Capstone\system\Commands\Server\rewrite.php(43): require_once('C:\\laragon\\www\\...')
#8 {main}
CRITICAL - 2022-05-29 07:30:50 --> syntax error, unexpected '' (T_ENCAPSED_AND_WHITESPACE), expecting '-' or identifier (T_STRING) or variable (T_VARIABLE) or number (T_NUM_STRING)
#0 C:\laragon\www\Capstone\system\View\View.php(213): CodeIgniter\View\View->CodeIgniter\View\{closure}()
#1 C:\laragon\www\Capstone\system\Common.php(1089): CodeIgniter\View\View->render('destination_pag...', Array, true)
#2 C:\laragon\www\Capstone\app\Controllers\DestinationController.php(58): view('destination_pag...', Array)
#3 C:\laragon\www\Capstone\system\CodeIgniter.php(832): App\Controllers\DestinationController->morpue()
#4 C:\laragon\www\Capstone\system\CodeIgniter.php(419): CodeIgniter\CodeIgniter->runController(Object(App\Controllers\DestinationController))
#5 C:\laragon\www\Capstone\system\CodeIgniter.php(326): CodeIgniter\CodeIgniter->handleRequest(NULL, Object(Config\Cache), false)
#6 C:\laragon\www\Capstone\public\index.php(37): CodeIgniter\CodeIgniter->run()
#7 C:\laragon\www\Capstone\system\Commands\Server\rewrite.php(43): require_once('C:\\laragon\\www\\...')
#8 {main}
CRITICAL - 2022-05-29 07:30:57 --> syntax error, unexpected '' (T_ENCAPSED_AND_WHITESPACE), expecting '-' or identifier (T_STRING) or variable (T_VARIABLE) or number (T_NUM_STRING)
#0 C:\laragon\www\Capstone\system\View\View.php(213): CodeIgniter\View\View->CodeIgniter\View\{closure}()
#1 C:\laragon\www\Capstone\system\Common.php(1089): CodeIgniter\View\View->render('destination_pag...', Array, true)
#2 C:\laragon\www\Capstone\app\Controllers\DestinationController.php(34): view('destination_pag...', Array)
#3 C:\laragon\www\Capstone\system\CodeIgniter.php(832): App\Controllers\DestinationController->morcal()
#4 C:\laragon\www\Capstone\system\CodeIgniter.php(419): CodeIgniter\CodeIgniter->runController(Object(App\Controllers\DestinationController))
#5 C:\laragon\www\Capstone\system\CodeIgniter.php(326): CodeIgniter\CodeIgniter->handleRequest(NULL, Object(Config\Cache), false)
#6 C:\laragon\www\Capstone\public\index.php(37): CodeIgniter\CodeIgniter->run()
#7 C:\laragon\www\Capstone\system\Commands\Server\rewrite.php(43): require_once('C:\\laragon\\www\\...')
#8 {main}
CRITICAL - 2022-05-29 07:31:22 --> syntax error, unexpected '' (T_ENCAPSED_AND_WHITESPACE), expecting '-' or identifier (T_STRING) or variable (T_VARIABLE) or number (T_NUM_STRING)
#0 C:\laragon\www\Capstone\system\View\View.php(213): CodeIgniter\View\View->CodeIgniter\View\{closure}()
#1 C:\laragon\www\Capstone\system\Common.php(1089): CodeIgniter\View\View->render('destination_pag...', Array, true)
#2 C:\laragon\www\Capstone\app\Controllers\DestinationController.php(34): view('destination_pag...', Array)
#3 C:\laragon\www\Capstone\system\CodeIgniter.php(832): App\Controllers\DestinationController->morcal()
#4 C:\laragon\www\Capstone\system\CodeIgniter.php(419): CodeIgniter\CodeIgniter->runController(Object(App\Controllers\DestinationController))
#5 C:\laragon\www\Capstone\system\CodeIgniter.php(326): CodeIgniter\CodeIgniter->handleRequest(NULL, Object(Config\Cache), false)
#6 C:\laragon\www\Capstone\public\index.php(37): CodeIgniter\CodeIgniter->run()
#7 C:\laragon\www\Capstone\system\Commands\Server\rewrite.php(43): require_once('C:\\laragon\\www\\...')
#8 {main}
CRITICAL - 2022-05-29 08:01:01 --> Invalid file: description.php
#0 C:\laragon\www\Capstone\system\View\View.php(198): CodeIgniter\Exceptions\FrameworkException::forInvalidFile('description.php')
#1 C:\laragon\www\Capstone\system\Common.php(1089): CodeIgniter\View\View->render('description', Array, true)
#2 C:\laragon\www\Capstone\app\Controllers\DestinationController.php(194): view('description')
#3 C:\laragon\www\Capstone\system\CodeIgniter.php(832): App\Controllers\DestinationController->descal()
#4 C:\laragon\www\Capstone\system\CodeIgniter.php(419): CodeIgniter\CodeIgniter->runController(Object(App\Controllers\DestinationController))
#5 C:\laragon\www\Capstone\system\CodeIgniter.php(326): CodeIgniter\CodeIgniter->handleRequest(NULL, Object(Config\Cache), false)
#6 C:\laragon\www\Capstone\public\index.php(37): CodeIgniter\CodeIgniter->run()
#7 C:\laragon\www\Capstone\system\Commands\Server\rewrite.php(43): require_once('C:\\laragon\\www\\...')
#8 {main}
CRITICAL - 2022-05-29 08:12:17 --> syntax error, unexpected 'where' (T_STRING)
#0 C:\laragon\www\Capstone\system\View\View.php(213): CodeIgniter\View\View->CodeIgniter\View\{closure}()
#1 C:\laragon\www\Capstone\system\Common.php(1089): CodeIgniter\View\View->render('destination_det...', Array, true)
#2 C:\laragon\www\Capstone\app\Controllers\DestinationController.php(204): view('destination_det...', Array)
#3 C:\laragon\www\Capstone\system\CodeIgniter.php(832): App\Controllers\DestinationController->hidden()
#4 C:\laragon\www\Capstone\system\CodeIgniter.php(419): CodeIgniter\CodeIgniter->runController(Object(App\Controllers\DestinationController))
#5 C:\laragon\www\Capstone\system\CodeIgniter.php(326): CodeIgniter\CodeIgniter->handleRequest(NULL, Object(Config\Cache), false)
#6 C:\laragon\www\Capstone\public\index.php(37): CodeIgniter\CodeIgniter->run()
#7 C:\laragon\www\Capstone\system\Commands\Server\rewrite.php(43): require_once('C:\\laragon\\www\\...')
#8 {main}
CRITICAL - 2022-05-29 08:12:17 --> syntax error, unexpected 'where' (T_STRING)
#0 C:\laragon\www\Capstone\system\View\View.php(213): CodeIgniter\View\View->CodeIgniter\View\{closure}()
#1 C:\laragon\www\Capstone\system\Common.php(1089): CodeIgniter\View\View->render('destination_det...', Array, true)
#2 C:\laragon\www\Capstone\app\Controllers\DestinationController.php(204): view('destination_det...', Array)
#3 C:\laragon\www\Capstone\system\CodeIgniter.php(832): App\Controllers\DestinationController->hidden()
#4 C:\laragon\www\Capstone\system\CodeIgniter.php(419): CodeIgniter\CodeIgniter->runController(Object(App\Controllers\DestinationController))
#5 C:\laragon\www\Capstone\system\CodeIgniter.php(326): CodeIgniter\CodeIgniter->handleRequest(NULL, Object(Config\Cache), false)
#6 C:\laragon\www\Capstone\public\index.php(37): CodeIgniter\CodeIgniter->run()
#7 C:\laragon\www\Capstone\system\Commands\Server\rewrite.php(43): require_once('C:\\laragon\\www\\...')
#8 {main}
CRITICAL - 2022-05-29 08:12:34 --> syntax error, unexpected 'WHERE' (T_STRING)
#0 C:\laragon\www\Capstone\system\View\View.php(213): CodeIgniter\View\View->CodeIgniter\View\{closure}()
#1 C:\laragon\www\Capstone\system\Common.php(1089): CodeIgniter\View\View->render('destination_det...', Array, true)
#2 C:\laragon\www\Capstone\app\Controllers\DestinationController.php(204): view('destination_det...', Array)
#3 C:\laragon\www\Capstone\system\CodeIgniter.php(832): App\Controllers\DestinationController->hidden()
#4 C:\laragon\www\Capstone\system\CodeIgniter.php(419): CodeIgniter\CodeIgniter->runController(Object(App\Controllers\DestinationController))
#5 C:\laragon\www\Capstone\system\CodeIgniter.php(326): CodeIgniter\CodeIgniter->handleRequest(NULL, Object(Config\Cache), false)
#6 C:\laragon\www\Capstone\public\index.php(37): CodeIgniter\CodeIgniter->run()
#7 C:\laragon\www\Capstone\system\Commands\Server\rewrite.php(43): require_once('C:\\laragon\\www\\...')
#8 {main}
CRITICAL - 2022-05-29 08:43:45 --> syntax error, unexpected 'echo' (T_ECHO), expecting ';' or ','
#0 C:\laragon\www\Capstone\system\View\View.php(213): CodeIgniter\View\View->CodeIgniter\View\{closure}()
#1 C:\laragon\www\Capstone\system\Common.php(1089): CodeIgniter\View\View->render('destination_det...', Array, true)
#2 C:\laragon\www\Capstone\app\Controllers\DestinationController.php(204): view('destination_det...', Array)
#3 C:\laragon\www\Capstone\system\CodeIgniter.php(832): App\Controllers\DestinationController->hidden()
#4 C:\laragon\www\Capstone\system\CodeIgniter.php(419): CodeIgniter\CodeIgniter->runController(Object(App\Controllers\DestinationController))
#5 C:\laragon\www\Capstone\system\CodeIgniter.php(326): CodeIgniter\CodeIgniter->handleRequest(NULL, Object(Config\Cache), false)
#6 C:\laragon\www\Capstone\public\index.php(37): CodeIgniter\CodeIgniter->run()
#7 C:\laragon\www\Capstone\system\Commands\Server\rewrite.php(43): require_once('C:\\laragon\\www\\...')
#8 {main}
CRITICAL - 2022-05-29 08:45:11 --> syntax error, unexpected 'echo' (T_ECHO), expecting ';' or ','
#0 C:\laragon\www\Capstone\system\View\View.php(213): CodeIgniter\View\View->CodeIgniter\View\{closure}()
#1 C:\laragon\www\Capstone\system\Common.php(1089): CodeIgniter\View\View->render('destination_det...', Array, true)
#2 C:\laragon\www\Capstone\app\Controllers\DestinationController.php(204): view('destination_det...', Array)
#3 C:\laragon\www\Capstone\system\CodeIgniter.php(832): App\Controllers\DestinationController->hidden()
#4 C:\laragon\www\Capstone\system\CodeIgniter.php(419): CodeIgniter\CodeIgniter->runController(Object(App\Controllers\DestinationController))
#5 C:\laragon\www\Capstone\system\CodeIgniter.php(326): CodeIgniter\CodeIgniter->handleRequest(NULL, Object(Config\Cache), false)
#6 C:\laragon\www\Capstone\public\index.php(37): CodeIgniter\CodeIgniter->run()
#7 C:\laragon\www\Capstone\system\Commands\Server\rewrite.php(43): require_once('C:\\laragon\\www\\...')
#8 {main}
CRITICAL - 2022-05-29 09:27:00 --> Call to a member function where() on null
#0 C:\laragon\www\Capstone\system\CodeIgniter.php(832): App\Controllers\DestinationController->details()
#1 C:\laragon\www\Capstone\system\CodeIgniter.php(419): CodeIgniter\CodeIgniter->runController(Object(App\Controllers\DestinationController))
#2 C:\laragon\www\Capstone\system\CodeIgniter.php(326): CodeIgniter\CodeIgniter->handleRequest(NULL, Object(Config\Cache), false)
#3 C:\laragon\www\Capstone\public\index.php(37): CodeIgniter\CodeIgniter->run()
#4 C:\laragon\www\Capstone\system\Commands\Server\rewrite.php(43): require_once('C:\\laragon\\www\\...')
#5 {main}
CRITICAL - 2022-05-29 09:27:27 --> Invalid argument supplied for foreach()
#0 C:\laragon\www\Capstone\app\Views\destination_details.php(119): CodeIgniter\Debug\Exceptions->errorHandler(2, 'Invalid argumen...', 'C:\\laragon\\www\\...', 119, Array)
#1 C:\laragon\www\Capstone\system\View\View.php(210): include('C:\\laragon\\www\\...')
#2 C:\laragon\www\Capstone\system\View\View.php(213): CodeIgniter\View\View->CodeIgniter\View\{closure}()
#3 C:\laragon\www\Capstone\system\Common.php(1089): CodeIgniter\View\View->render('destination_det...', Array, true)
#4 C:\laragon\www\Capstone\app\Controllers\DestinationController.php(230): view('destination_det...', Array)
#5 C:\laragon\www\Capstone\system\CodeIgniter.php(832): App\Controllers\DestinationController->details()
#6 C:\laragon\www\Capstone\system\CodeIgniter.php(419): CodeIgniter\CodeIgniter->runController(Object(App\Controllers\DestinationController))
#7 C:\laragon\www\Capstone\system\CodeIgniter.php(326): CodeIgniter\CodeIgniter->handleRequest(NULL, Object(Config\Cache), false)
#8 C:\laragon\www\Capstone\public\index.php(37): CodeIgniter\CodeIgniter->run()
#9 C:\laragon\www\Capstone\system\Commands\Server\rewrite.php(43): require_once('C:\\laragon\\www\\...')
#10 {main}
