CRITICAL - 2022-09-25 13:34:01 --> Call to a member function query() on null
#0 C:\laragon\www\Capstone-reco\system\CodeIgniter.php(832): App\Controllers\ProfileController->rate_review()
#1 C:\laragon\www\Capstone-reco\system\CodeIgniter.php(419): CodeIgniter\CodeIgniter->runController(Object(App\Controllers\ProfileController))
#2 C:\laragon\www\Capstone-reco\system\CodeIgniter.php(326): CodeIgniter\CodeIgniter->handleRequest(NULL, Object(Config\Cache), false)
#3 C:\laragon\www\Capstone-reco\public\index.php(37): CodeIgniter\CodeIgniter->run()
#4 C:\laragon\www\Capstone-reco\system\Commands\Server\rewrite.php(43): require_once('C:\\laragon\\www\\...')
#5 {main}
CRITICAL - 2022-09-25 13:36:44 --> syntax error, unexpected 'public' (T_PUBLIC)
#0 C:\laragon\www\Capstone-reco\system\Autoloader\Autoloader.php(241): CodeIgniter\Autoloader\Autoloader->includeFile('C:\\laragon\\www\\...')
#1 C:\laragon\www\Capstone-reco\system\Autoloader\Autoloader.php(219): CodeIgniter\Autoloader\Autoloader->loadInNamespace('App\\Controllers...')
#2 [internal function]: CodeIgniter\Autoloader\Autoloader->loadClass('App\\Controllers...')
#3 [internal function]: spl_autoload_call('App\\Controllers...')
#4 C:\laragon\www\Capstone-reco\system\CodeIgniter.php(797): class_exists('\\App\\Controller...', true)
#5 C:\laragon\www\Capstone-reco\system\CodeIgniter.php(406): CodeIgniter\CodeIgniter->startController()
#6 C:\laragon\www\Capstone-reco\system\CodeIgniter.php(326): CodeIgniter\CodeIgniter->handleRequest(NULL, Object(Config\Cache), false)
#7 C:\laragon\www\Capstone-reco\public\index.php(37): CodeIgniter\CodeIgniter->run()
#8 C:\laragon\www\Capstone-reco\system\Commands\Server\rewrite.php(43): require_once('C:\\laragon\\www\\...')
#9 {main}
CRITICAL - 2022-09-25 13:37:06 --> syntax error, unexpected 'public' (T_PUBLIC)
#0 C:\laragon\www\Capstone-reco\system\Autoloader\Autoloader.php(241): CodeIgniter\Autoloader\Autoloader->includeFile('C:\\laragon\\www\\...')
#1 C:\laragon\www\Capstone-reco\system\Autoloader\Autoloader.php(219): CodeIgniter\Autoloader\Autoloader->loadInNamespace('App\\Controllers...')
#2 [internal function]: CodeIgniter\Autoloader\Autoloader->loadClass('App\\Controllers...')
#3 [internal function]: spl_autoload_call('App\\Controllers...')
#4 C:\laragon\www\Capstone-reco\system\CodeIgniter.php(797): class_exists('\\App\\Controller...', true)
#5 C:\laragon\www\Capstone-reco\system\CodeIgniter.php(406): CodeIgniter\CodeIgniter->startController()
#6 C:\laragon\www\Capstone-reco\system\CodeIgniter.php(326): CodeIgniter\CodeIgniter->handleRequest(NULL, Object(Config\Cache), false)
#7 C:\laragon\www\Capstone-reco\public\index.php(37): CodeIgniter\CodeIgniter->run()
#8 C:\laragon\www\Capstone-reco\system\Commands\Server\rewrite.php(43): require_once('C:\\laragon\\www\\...')
#9 {main}
CRITICAL - 2022-09-25 13:37:51 --> Call to a member function get() on null
#0 C:\laragon\www\Capstone-reco\system\CodeIgniter.php(832): App\Controllers\ProfileController->rate_review()
#1 C:\laragon\www\Capstone-reco\system\CodeIgniter.php(419): CodeIgniter\CodeIgniter->runController(Object(App\Controllers\ProfileController))
#2 C:\laragon\www\Capstone-reco\system\CodeIgniter.php(326): CodeIgniter\CodeIgniter->handleRequest(NULL, Object(Config\Cache), false)
#3 C:\laragon\www\Capstone-reco\public\index.php(37): CodeIgniter\CodeIgniter->run()
#4 C:\laragon\www\Capstone-reco\system\Commands\Server\rewrite.php(43): require_once('C:\\laragon\\www\\...')
#5 {main}
CRITICAL - 2022-09-25 13:40:55 --> Call to a member function query() on null
#0 C:\laragon\www\Capstone-reco\system\CodeIgniter.php(832): App\Controllers\ProfileController->rate_review()
#1 C:\laragon\www\Capstone-reco\system\CodeIgniter.php(419): CodeIgniter\CodeIgniter->runController(Object(App\Controllers\ProfileController))
#2 C:\laragon\www\Capstone-reco\system\CodeIgniter.php(326): CodeIgniter\CodeIgniter->handleRequest(NULL, Object(Config\Cache), false)
#3 C:\laragon\www\Capstone-reco\public\index.php(37): CodeIgniter\CodeIgniter->run()
#4 C:\laragon\www\Capstone-reco\system\Commands\Server\rewrite.php(43): require_once('C:\\laragon\\www\\...')
#5 {main}
CRITICAL - 2022-09-25 13:49:30 --> Call to a member function query() on null
#0 C:\laragon\www\Capstone-reco\system\CodeIgniter.php(832): App\Controllers\ProfileController->load_rating_data()
#1 C:\laragon\www\Capstone-reco\system\CodeIgniter.php(419): CodeIgniter\CodeIgniter->runController(Object(App\Controllers\ProfileController))
#2 C:\laragon\www\Capstone-reco\system\CodeIgniter.php(326): CodeIgniter\CodeIgniter->handleRequest(NULL, Object(Config\Cache), false)
#3 C:\laragon\www\Capstone-reco\public\index.php(37): CodeIgniter\CodeIgniter->run()
#4 C:\laragon\www\Capstone-reco\system\Commands\Server\rewrite.php(43): require_once('C:\\laragon\\www\\...')
#5 {main}
CRITICAL - 2022-09-25 13:49:43 --> Call to a member function query() on null
#0 C:\laragon\www\Capstone-reco\system\CodeIgniter.php(832): App\Controllers\ProfileController->load_rating_data()
#1 C:\laragon\www\Capstone-reco\system\CodeIgniter.php(419): CodeIgniter\CodeIgniter->runController(Object(App\Controllers\ProfileController))
#2 C:\laragon\www\Capstone-reco\system\CodeIgniter.php(326): CodeIgniter\CodeIgniter->handleRequest(NULL, Object(Config\Cache), false)
#3 C:\laragon\www\Capstone-reco\public\index.php(37): CodeIgniter\CodeIgniter->run()
#4 C:\laragon\www\Capstone-reco\system\Commands\Server\rewrite.php(43): require_once('C:\\laragon\\www\\...')
#5 {main}
CRITICAL - 2022-09-25 14:14:40 --> syntax error, unexpected '=>' (T_DOUBLE_ARROW), expecting ']'
#0 C:\laragon\www\Capstone-reco\system\Autoloader\Autoloader.php(241): CodeIgniter\Autoloader\Autoloader->includeFile('C:\\laragon\\www\\...')
#1 C:\laragon\www\Capstone-reco\system\Autoloader\Autoloader.php(219): CodeIgniter\Autoloader\Autoloader->loadInNamespace('App\\Controllers...')
#2 [internal function]: CodeIgniter\Autoloader\Autoloader->loadClass('App\\Controllers...')
#3 [internal function]: spl_autoload_call('App\\Controllers...')
#4 C:\laragon\www\Capstone-reco\system\CodeIgniter.php(797): class_exists('\\App\\Controller...', true)
#5 C:\laragon\www\Capstone-reco\system\CodeIgniter.php(406): CodeIgniter\CodeIgniter->startController()
#6 C:\laragon\www\Capstone-reco\system\CodeIgniter.php(326): CodeIgniter\CodeIgniter->handleRequest(NULL, Object(Config\Cache), false)
#7 C:\laragon\www\Capstone-reco\public\index.php(37): CodeIgniter\CodeIgniter->run()
#8 C:\laragon\www\Capstone-reco\system\Commands\Server\rewrite.php(43): require_once('C:\\laragon\\www\\...')
#9 {main}
CRITICAL - 2022-09-25 14:15:27 --> Call to a member function query() on null
#0 C:\laragon\www\Capstone-reco\system\CodeIgniter.php(832): App\Controllers\ProfileController->rate_review()
#1 C:\laragon\www\Capstone-reco\system\CodeIgniter.php(419): CodeIgniter\CodeIgniter->runController(Object(App\Controllers\ProfileController))
#2 C:\laragon\www\Capstone-reco\system\CodeIgniter.php(326): CodeIgniter\CodeIgniter->handleRequest(NULL, Object(Config\Cache), false)
#3 C:\laragon\www\Capstone-reco\public\index.php(37): CodeIgniter\CodeIgniter->run()
#4 C:\laragon\www\Capstone-reco\system\Commands\Server\rewrite.php(43): require_once('C:\\laragon\\www\\...')
#5 {main}
CRITICAL - 2022-09-25 14:31:59 --> Call to a member function query() on null
#0 C:\laragon\www\Capstone-reco\system\CodeIgniter.php(832): App\Controllers\ProfileController->rate_review()
#1 C:\laragon\www\Capstone-reco\system\CodeIgniter.php(419): CodeIgniter\CodeIgniter->runController(Object(App\Controllers\ProfileController))
#2 C:\laragon\www\Capstone-reco\system\CodeIgniter.php(326): CodeIgniter\CodeIgniter->handleRequest(NULL, Object(Config\Cache), false)
#3 C:\laragon\www\Capstone-reco\public\index.php(37): CodeIgniter\CodeIgniter->run()
#4 C:\laragon\www\Capstone-reco\system\Commands\Server\rewrite.php(43): require_once('C:\\laragon\\www\\...')
#5 {main}
CRITICAL - 2022-09-25 14:32:19 --> Call to a member function query() on null
#0 C:\laragon\www\Capstone-reco\system\CodeIgniter.php(832): App\Controllers\ProfileController->rate_review()
#1 C:\laragon\www\Capstone-reco\system\CodeIgniter.php(419): CodeIgniter\CodeIgniter->runController(Object(App\Controllers\ProfileController))
#2 C:\laragon\www\Capstone-reco\system\CodeIgniter.php(326): CodeIgniter\CodeIgniter->handleRequest(NULL, Object(Config\Cache), false)
#3 C:\laragon\www\Capstone-reco\public\index.php(37): CodeIgniter\CodeIgniter->run()
#4 C:\laragon\www\Capstone-reco\system\Commands\Server\rewrite.php(43): require_once('C:\\laragon\\www\\...')
#5 {main}
CRITICAL - 2022-09-25 14:32:56 --> Call to a member function query() on null
#0 C:\laragon\www\Capstone-reco\system\CodeIgniter.php(832): App\Controllers\ProfileController->rate_review()
#1 C:\laragon\www\Capstone-reco\system\CodeIgniter.php(419): CodeIgniter\CodeIgniter->runController(Object(App\Controllers\ProfileController))
#2 C:\laragon\www\Capstone-reco\system\CodeIgniter.php(326): CodeIgniter\CodeIgniter->handleRequest(NULL, Object(Config\Cache), false)
#3 C:\laragon\www\Capstone-reco\public\index.php(37): CodeIgniter\CodeIgniter->run()
#4 C:\laragon\www\Capstone-reco\system\Commands\Server\rewrite.php(43): require_once('C:\\laragon\\www\\...')
#5 {main}
CRITICAL - 2022-09-25 14:34:07 --> Call to a member function query() on null
#0 C:\laragon\www\Capstone-reco\system\CodeIgniter.php(832): App\Controllers\ProfileController->rate_review()
#1 C:\laragon\www\Capstone-reco\system\CodeIgniter.php(419): CodeIgniter\CodeIgniter->runController(Object(App\Controllers\ProfileController))
#2 C:\laragon\www\Capstone-reco\system\CodeIgniter.php(326): CodeIgniter\CodeIgniter->handleRequest(NULL, Object(Config\Cache), false)
#3 C:\laragon\www\Capstone-reco\public\index.php(37): CodeIgniter\CodeIgniter->run()
#4 C:\laragon\www\Capstone-reco\system\Commands\Server\rewrite.php(43): require_once('C:\\laragon\\www\\...')
#5 {main}
CRITICAL - 2022-09-25 14:42:06 --> Invalid argument supplied for foreach()
#0 C:\laragon\www\Capstone-reco\app\Views\destination.php(69): CodeIgniter\Debug\Exceptions->errorHandler(2, 'Invalid argumen...', 'C:\\laragon\\www\\...', 69, Array)
#1 C:\laragon\www\Capstone-reco\system\View\View.php(210): include('C:\\laragon\\www\\...')
#2 C:\laragon\www\Capstone-reco\system\View\View.php(213): CodeIgniter\View\View->CodeIgniter\View\{closure}()
#3 C:\laragon\www\Capstone-reco\system\Common.php(1089): CodeIgniter\View\View->render('destination', Array, true)
#4 C:\laragon\www\Capstone-reco\app\Controllers\DestinationController.php(37): view('destination')
#5 C:\laragon\www\Capstone-reco\system\CodeIgniter.php(832): App\Controllers\DestinationController->moreplaces()
#6 C:\laragon\www\Capstone-reco\system\CodeIgniter.php(419): CodeIgniter\CodeIgniter->runController(Object(App\Controllers\DestinationController))
#7 C:\laragon\www\Capstone-reco\system\CodeIgniter.php(326): CodeIgniter\CodeIgniter->handleRequest(NULL, Object(Config\Cache), false)
#8 C:\laragon\www\Capstone-reco\public\index.php(37): CodeIgniter\CodeIgniter->run()
#9 C:\laragon\www\Capstone-reco\system\Commands\Server\rewrite.php(43): require_once('C:\\laragon\\www\\...')
#10 {main}
CRITICAL - 2022-09-25 14:42:59 --> Invalid argument supplied for foreach()
#0 C:\laragon\www\Capstone-reco\app\Views\destination.php(69): CodeIgniter\Debug\Exceptions->errorHandler(2, 'Invalid argumen...', 'C:\\laragon\\www\\...', 69, Array)
#1 C:\laragon\www\Capstone-reco\system\View\View.php(210): include('C:\\laragon\\www\\...')
#2 C:\laragon\www\Capstone-reco\system\View\View.php(213): CodeIgniter\View\View->CodeIgniter\View\{closure}()
#3 C:\laragon\www\Capstone-reco\system\Common.php(1089): CodeIgniter\View\View->render('destination', Array, true)
#4 C:\laragon\www\Capstone-reco\app\Controllers\DestinationController.php(37): view('destination')
#5 C:\laragon\www\Capstone-reco\system\CodeIgniter.php(832): App\Controllers\DestinationController->moreplaces()
#6 C:\laragon\www\Capstone-reco\system\CodeIgniter.php(419): CodeIgniter\CodeIgniter->runController(Object(App\Controllers\DestinationController))
#7 C:\laragon\www\Capstone-reco\system\CodeIgniter.php(326): CodeIgniter\CodeIgniter->handleRequest(NULL, Object(Config\Cache), false)
#8 C:\laragon\www\Capstone-reco\public\index.php(37): CodeIgniter\CodeIgniter->run()
#9 C:\laragon\www\Capstone-reco\system\Commands\Server\rewrite.php(43): require_once('C:\\laragon\\www\\...')
#10 {main}
CRITICAL - 2022-09-25 14:43:31 --> Invalid argument supplied for foreach()
#0 C:\laragon\www\Capstone-reco\app\Views\destination.php(69): CodeIgniter\Debug\Exceptions->errorHandler(2, 'Invalid argumen...', 'C:\\laragon\\www\\...', 69, Array)
#1 C:\laragon\www\Capstone-reco\system\View\View.php(210): include('C:\\laragon\\www\\...')
#2 C:\laragon\www\Capstone-reco\system\View\View.php(213): CodeIgniter\View\View->CodeIgniter\View\{closure}()
#3 C:\laragon\www\Capstone-reco\system\Common.php(1089): CodeIgniter\View\View->render('destination', Array, true)
#4 C:\laragon\www\Capstone-reco\app\Controllers\DestinationController.php(37): view('destination')
#5 C:\laragon\www\Capstone-reco\system\CodeIgniter.php(832): App\Controllers\DestinationController->moreplaces()
#6 C:\laragon\www\Capstone-reco\system\CodeIgniter.php(419): CodeIgniter\CodeIgniter->runController(Object(App\Controllers\DestinationController))
#7 C:\laragon\www\Capstone-reco\system\CodeIgniter.php(326): CodeIgniter\CodeIgniter->handleRequest(NULL, Object(Config\Cache), false)
#8 C:\laragon\www\Capstone-reco\public\index.php(37): CodeIgniter\CodeIgniter->run()
#9 C:\laragon\www\Capstone-reco\system\Commands\Server\rewrite.php(43): require_once('C:\\laragon\\www\\...')
#10 {main}
CRITICAL - 2022-09-25 14:44:37 --> Argument 2 passed to view() must be of the type array, null given, called in C:\laragon\www\Capstone-reco\app\Controllers\DestinationController.php on line 37
#0 C:\laragon\www\Capstone-reco\app\Controllers\DestinationController.php(37): view('destination', NULL)
#1 C:\laragon\www\Capstone-reco\system\CodeIgniter.php(832): App\Controllers\DestinationController->moreplaces()
#2 C:\laragon\www\Capstone-reco\system\CodeIgniter.php(419): CodeIgniter\CodeIgniter->runController(Object(App\Controllers\DestinationController))
#3 C:\laragon\www\Capstone-reco\system\CodeIgniter.php(326): CodeIgniter\CodeIgniter->handleRequest(NULL, Object(Config\Cache), false)
#4 C:\laragon\www\Capstone-reco\public\index.php(37): CodeIgniter\CodeIgniter->run()
#5 C:\laragon\www\Capstone-reco\system\Commands\Server\rewrite.php(43): require_once('C:\\laragon\\www\\...')
#6 {main}
CRITICAL - 2022-09-25 14:45:02 --> Invalid argument supplied for foreach()
#0 C:\laragon\www\Capstone-reco\app\Views\destination.php(69): CodeIgniter\Debug\Exceptions->errorHandler(2, 'Invalid argumen...', 'C:\\laragon\\www\\...', 69, Array)
#1 C:\laragon\www\Capstone-reco\system\View\View.php(210): include('C:\\laragon\\www\\...')
#2 C:\laragon\www\Capstone-reco\system\View\View.php(213): CodeIgniter\View\View->CodeIgniter\View\{closure}()
#3 C:\laragon\www\Capstone-reco\system\Common.php(1089): CodeIgniter\View\View->render('destination', Array, true)
#4 C:\laragon\www\Capstone-reco\app\Controllers\DestinationController.php(37): view('destination')
#5 C:\laragon\www\Capstone-reco\system\CodeIgniter.php(832): App\Controllers\DestinationController->moreplaces()
#6 C:\laragon\www\Capstone-reco\system\CodeIgniter.php(419): CodeIgniter\CodeIgniter->runController(Object(App\Controllers\DestinationController))
#7 C:\laragon\www\Capstone-reco\system\CodeIgniter.php(326): CodeIgniter\CodeIgniter->handleRequest(NULL, Object(Config\Cache), false)
#8 C:\laragon\www\Capstone-reco\public\index.php(37): CodeIgniter\CodeIgniter->run()
#9 C:\laragon\www\Capstone-reco\system\Commands\Server\rewrite.php(43): require_once('C:\\laragon\\www\\...')
#10 {main}
CRITICAL - 2022-09-25 14:46:44 --> syntax error, unexpected '{', expecting function (T_FUNCTION) or const (T_CONST)
#0 C:\laragon\www\Capstone-reco\system\Router\Router.php(175): CodeIgniter\Router\Router->autoRoute('DestinationCont...')
#1 C:\laragon\www\Capstone-reco\system\CodeIgniter.php(726): CodeIgniter\Router\Router->handle('DestinationCont...')
#2 C:\laragon\www\Capstone-reco\system\CodeIgniter.php(368): CodeIgniter\CodeIgniter->tryToRouteIt(Object(CodeIgniter\Router\RouteCollection))
#3 C:\laragon\www\Capstone-reco\system\CodeIgniter.php(326): CodeIgniter\CodeIgniter->handleRequest(NULL, Object(Config\Cache), false)
#4 C:\laragon\www\Capstone-reco\public\index.php(37): CodeIgniter\CodeIgniter->run()
#5 C:\laragon\www\Capstone-reco\system\Commands\Server\rewrite.php(43): require_once('C:\\laragon\\www\\...')
#6 {main}
CRITICAL - 2022-09-25 16:30:58 --> syntax error, unexpected end of file, expecting function (T_FUNCTION) or const (T_CONST)
#0 C:\laragon\www\Capstone-reco\system\Autoloader\Autoloader.php(241): CodeIgniter\Autoloader\Autoloader->includeFile('C:\\laragon\\www\\...')
#1 C:\laragon\www\Capstone-reco\system\Autoloader\Autoloader.php(219): CodeIgniter\Autoloader\Autoloader->loadInNamespace('App\\Controllers...')
#2 [internal function]: CodeIgniter\Autoloader\Autoloader->loadClass('App\\Controllers...')
#3 [internal function]: spl_autoload_call('App\\Controllers...')
#4 C:\laragon\www\Capstone-reco\system\CodeIgniter.php(797): class_exists('\\App\\Controller...', true)
#5 C:\laragon\www\Capstone-reco\system\CodeIgniter.php(406): CodeIgniter\CodeIgniter->startController()
#6 C:\laragon\www\Capstone-reco\system\CodeIgniter.php(326): CodeIgniter\CodeIgniter->handleRequest(NULL, Object(Config\Cache), false)
#7 C:\laragon\www\Capstone-reco\public\index.php(37): CodeIgniter\CodeIgniter->run()
#8 C:\laragon\www\Capstone-reco\system\Commands\Server\rewrite.php(43): require_once('C:\\laragon\\www\\...')
#9 {main}
CRITICAL - 2022-09-25 16:31:10 --> syntax error, unexpected end of file, expecting function (T_FUNCTION) or const (T_CONST)
#0 C:\laragon\www\Capstone-reco\system\Autoloader\Autoloader.php(241): CodeIgniter\Autoloader\Autoloader->includeFile('C:\\laragon\\www\\...')
#1 C:\laragon\www\Capstone-reco\system\Autoloader\Autoloader.php(219): CodeIgniter\Autoloader\Autoloader->loadInNamespace('App\\Controllers...')
#2 [internal function]: CodeIgniter\Autoloader\Autoloader->loadClass('App\\Controllers...')
#3 [internal function]: spl_autoload_call('App\\Controllers...')
#4 C:\laragon\www\Capstone-reco\system\CodeIgniter.php(797): class_exists('\\App\\Controller...', true)
#5 C:\laragon\www\Capstone-reco\system\CodeIgniter.php(406): CodeIgniter\CodeIgniter->startController()
#6 C:\laragon\www\Capstone-reco\system\CodeIgniter.php(326): CodeIgniter\CodeIgniter->handleRequest(NULL, Object(Config\Cache), false)
#7 C:\laragon\www\Capstone-reco\public\index.php(37): CodeIgniter\CodeIgniter->run()
#8 C:\laragon\www\Capstone-reco\system\Commands\Server\rewrite.php(43): require_once('C:\\laragon\\www\\...')
#9 {main}
CRITICAL - 2022-09-25 16:31:13 --> syntax error, unexpected end of file, expecting function (T_FUNCTION) or const (T_CONST)
#0 C:\laragon\www\Capstone-reco\system\Autoloader\Autoloader.php(241): CodeIgniter\Autoloader\Autoloader->includeFile('C:\\laragon\\www\\...')
#1 C:\laragon\www\Capstone-reco\system\Autoloader\Autoloader.php(219): CodeIgniter\Autoloader\Autoloader->loadInNamespace('App\\Controllers...')
#2 [internal function]: CodeIgniter\Autoloader\Autoloader->loadClass('App\\Controllers...')
#3 [internal function]: spl_autoload_call('App\\Controllers...')
#4 C:\laragon\www\Capstone-reco\system\CodeIgniter.php(797): class_exists('\\App\\Controller...', true)
#5 C:\laragon\www\Capstone-reco\system\CodeIgniter.php(406): CodeIgniter\CodeIgniter->startController()
#6 C:\laragon\www\Capstone-reco\system\CodeIgniter.php(326): CodeIgniter\CodeIgniter->handleRequest(NULL, Object(Config\Cache), false)
#7 C:\laragon\www\Capstone-reco\public\index.php(37): CodeIgniter\CodeIgniter->run()
#8 C:\laragon\www\Capstone-reco\system\Commands\Server\rewrite.php(43): require_once('C:\\laragon\\www\\...')
#9 {main}
CRITICAL - 2022-09-25 16:31:15 --> syntax error, unexpected end of file, expecting function (T_FUNCTION) or const (T_CONST)
#0 C:\laragon\www\Capstone-reco\system\Autoloader\Autoloader.php(241): CodeIgniter\Autoloader\Autoloader->includeFile('C:\\laragon\\www\\...')
#1 C:\laragon\www\Capstone-reco\system\Autoloader\Autoloader.php(219): CodeIgniter\Autoloader\Autoloader->loadInNamespace('App\\Controllers...')
#2 [internal function]: CodeIgniter\Autoloader\Autoloader->loadClass('App\\Controllers...')
#3 [internal function]: spl_autoload_call('App\\Controllers...')
#4 C:\laragon\www\Capstone-reco\system\CodeIgniter.php(797): class_exists('\\App\\Controller...', true)
#5 C:\laragon\www\Capstone-reco\system\CodeIgniter.php(406): CodeIgniter\CodeIgniter->startController()
#6 C:\laragon\www\Capstone-reco\system\CodeIgniter.php(326): CodeIgniter\CodeIgniter->handleRequest(NULL, Object(Config\Cache), false)
#7 C:\laragon\www\Capstone-reco\public\index.php(37): CodeIgniter\CodeIgniter->run()
#8 C:\laragon\www\Capstone-reco\system\Commands\Server\rewrite.php(43): require_once('C:\\laragon\\www\\...')
#9 {main}
CRITICAL - 2022-09-25 17:03:48 --> syntax error, unexpected '.', expecting function (T_FUNCTION) or const (T_CONST)
#0 C:\laragon\www\Capstone-reco\system\Autoloader\Autoloader.php(241): CodeIgniter\Autoloader\Autoloader->includeFile('C:\\laragon\\www\\...')
#1 C:\laragon\www\Capstone-reco\system\Autoloader\Autoloader.php(219): CodeIgniter\Autoloader\Autoloader->loadInNamespace('App\\Controllers...')
#2 [internal function]: CodeIgniter\Autoloader\Autoloader->loadClass('App\\Controllers...')
#3 [internal function]: spl_autoload_call('App\\Controllers...')
#4 C:\laragon\www\Capstone-reco\system\CodeIgniter.php(797): class_exists('\\App\\Controller...', true)
#5 C:\laragon\www\Capstone-reco\system\CodeIgniter.php(406): CodeIgniter\CodeIgniter->startController()
#6 C:\laragon\www\Capstone-reco\system\CodeIgniter.php(326): CodeIgniter\CodeIgniter->handleRequest(NULL, Object(Config\Cache), false)
#7 C:\laragon\www\Capstone-reco\public\index.php(37): CodeIgniter\CodeIgniter->run()
#8 C:\laragon\www\Capstone-reco\system\Commands\Server\rewrite.php(43): require_once('C:\\laragon\\www\\...')
#9 {main}
CRITICAL - 2022-09-25 17:03:51 --> syntax error, unexpected '.', expecting function (T_FUNCTION) or const (T_CONST)
#0 C:\laragon\www\Capstone-reco\system\Autoloader\Autoloader.php(241): CodeIgniter\Autoloader\Autoloader->includeFile('C:\\laragon\\www\\...')
#1 C:\laragon\www\Capstone-reco\system\Autoloader\Autoloader.php(219): CodeIgniter\Autoloader\Autoloader->loadInNamespace('App\\Controllers...')
#2 [internal function]: CodeIgniter\Autoloader\Autoloader->loadClass('App\\Controllers...')
#3 [internal function]: spl_autoload_call('App\\Controllers...')
#4 C:\laragon\www\Capstone-reco\system\CodeIgniter.php(797): class_exists('\\App\\Controller...', true)
#5 C:\laragon\www\Capstone-reco\system\CodeIgniter.php(406): CodeIgniter\CodeIgniter->startController()
#6 C:\laragon\www\Capstone-reco\system\CodeIgniter.php(326): CodeIgniter\CodeIgniter->handleRequest(NULL, Object(Config\Cache), false)
#7 C:\laragon\www\Capstone-reco\public\index.php(37): CodeIgniter\CodeIgniter->run()
#8 C:\laragon\www\Capstone-reco\system\Commands\Server\rewrite.php(43): require_once('C:\\laragon\\www\\...')
#9 {main}
