ERROR - 2022-06-01 01:00:54 --> Error connecting to the database: No connection could be made because the target machine actively refused it.

CRITICAL - 2022-06-01 01:00:54 --> Unable to connect to the database.
Main connection [MySQLi]: No connection could be made because the target machine actively refused it.

#0 C:\laragon\www\Capstone\system\Database\BaseConnection.php(577): CodeIgniter\Database\BaseConnection->initialize()
#1 C:\laragon\www\Capstone\system\Database\BaseBuilder.php(1455): CodeIgniter\Database\BaseConnection->query('SELECT *\nFROM `...', Array, false)
#2 C:\laragon\www\Capstone\system\Model.php(183): CodeIgniter\Database\BaseBuilder->get()
#3 C:\laragon\www\Capstone\system\BaseModel.php(584): CodeIgniter\Model->doFindAll(0, 0)
#4 C:\laragon\www\Capstone\app\Controllers\ProfileController.php(12): CodeIgniter\BaseModel->findAll()
#5 C:\laragon\www\Capstone\system\CodeIgniter.php(832): App\Controllers\ProfileController->index()
#6 C:\laragon\www\Capstone\system\CodeIgniter.php(419): CodeIgniter\CodeIgniter->runController(Object(App\Controllers\ProfileController))
#7 C:\laragon\www\Capstone\system\CodeIgniter.php(326): CodeIgniter\CodeIgniter->handleRequest(NULL, Object(Config\Cache), false)
#8 C:\laragon\www\Capstone\public\index.php(37): CodeIgniter\CodeIgniter->run()
#9 C:\laragon\www\Capstone\system\Commands\Server\rewrite.php(43): require_once('C:\\laragon\\www\\...')
#10 {main}
ERROR - 2022-06-01 01:01:04 --> Error connecting to the database: No connection could be made because the target machine actively refused it.

CRITICAL - 2022-06-01 01:01:04 --> Unable to connect to the database.
Main connection [MySQLi]: No connection could be made because the target machine actively refused it.

#0 C:\laragon\www\Capstone\system\Database\BaseConnection.php(577): CodeIgniter\Database\BaseConnection->initialize()
#1 C:\laragon\www\Capstone\system\Database\BaseBuilder.php(1455): CodeIgniter\Database\BaseConnection->query('SELECT *\nFROM `...', Array, false)
#2 C:\laragon\www\Capstone\system\Model.php(183): CodeIgniter\Database\BaseBuilder->get()
#3 C:\laragon\www\Capstone\system\BaseModel.php(584): CodeIgniter\Model->doFindAll(0, 0)
#4 C:\laragon\www\Capstone\app\Controllers\ProfileController.php(12): CodeIgniter\BaseModel->findAll()
#5 C:\laragon\www\Capstone\system\CodeIgniter.php(832): App\Controllers\ProfileController->index()
#6 C:\laragon\www\Capstone\system\CodeIgniter.php(419): CodeIgniter\CodeIgniter->runController(Object(App\Controllers\ProfileController))
#7 C:\laragon\www\Capstone\system\CodeIgniter.php(326): CodeIgniter\CodeIgniter->handleRequest(NULL, Object(Config\Cache), false)
#8 C:\laragon\www\Capstone\public\index.php(37): CodeIgniter\CodeIgniter->run()
#9 C:\laragon\www\Capstone\system\Commands\Server\rewrite.php(43): require_once('C:\\laragon\\www\\...')
#10 {main}
ERROR - 2022-06-01 01:01:15 --> Error connecting to the database: No connection could be made because the target machine actively refused it.

CRITICAL - 2022-06-01 01:01:15 --> Unable to connect to the database.
Main connection [MySQLi]: No connection could be made because the target machine actively refused it.

#0 C:\laragon\www\Capstone\system\Database\BaseConnection.php(577): CodeIgniter\Database\BaseConnection->initialize()
#1 C:\laragon\www\Capstone\system\Database\BaseBuilder.php(1455): CodeIgniter\Database\BaseConnection->query('SELECT *\nFROM `...', Array, false)
#2 C:\laragon\www\Capstone\system\Model.php(183): CodeIgniter\Database\BaseBuilder->get()
#3 C:\laragon\www\Capstone\system\BaseModel.php(584): CodeIgniter\Model->doFindAll(0, 0)
#4 C:\laragon\www\Capstone\app\Controllers\ProfileController.php(12): CodeIgniter\BaseModel->findAll()
#5 C:\laragon\www\Capstone\system\CodeIgniter.php(832): App\Controllers\ProfileController->index()
#6 C:\laragon\www\Capstone\system\CodeIgniter.php(419): CodeIgniter\CodeIgniter->runController(Object(App\Controllers\ProfileController))
#7 C:\laragon\www\Capstone\system\CodeIgniter.php(326): CodeIgniter\CodeIgniter->handleRequest(NULL, Object(Config\Cache), false)
#8 C:\laragon\www\Capstone\public\index.php(37): CodeIgniter\CodeIgniter->run()
#9 C:\laragon\www\Capstone\system\Commands\Server\rewrite.php(43): require_once('C:\\laragon\\www\\...')
#10 {main}
ERROR - 2022-06-01 01:01:59 --> Error connecting to the database: No connection could be made because the target machine actively refused it.

CRITICAL - 2022-06-01 01:01:59 --> Unable to connect to the database.
Main connection [MySQLi]: No connection could be made because the target machine actively refused it.

#0 C:\laragon\www\Capstone\system\Database\BaseConnection.php(577): CodeIgniter\Database\BaseConnection->initialize()
#1 C:\laragon\www\Capstone\system\Database\BaseBuilder.php(1455): CodeIgniter\Database\BaseConnection->query('SELECT *\nFROM `...', Array, false)
#2 C:\laragon\www\Capstone\system\Model.php(183): CodeIgniter\Database\BaseBuilder->get()
#3 C:\laragon\www\Capstone\system\BaseModel.php(584): CodeIgniter\Model->doFindAll(0, 0)
#4 C:\laragon\www\Capstone\app\Controllers\ProfileController.php(12): CodeIgniter\BaseModel->findAll()
#5 C:\laragon\www\Capstone\system\CodeIgniter.php(832): App\Controllers\ProfileController->index()
#6 C:\laragon\www\Capstone\system\CodeIgniter.php(419): CodeIgniter\CodeIgniter->runController(Object(App\Controllers\ProfileController))
#7 C:\laragon\www\Capstone\system\CodeIgniter.php(326): CodeIgniter\CodeIgniter->handleRequest(NULL, Object(Config\Cache), false)
#8 C:\laragon\www\Capstone\public\index.php(37): CodeIgniter\CodeIgniter->run()
#9 C:\laragon\www\Capstone\system\Commands\Server\rewrite.php(43): require_once('C:\\laragon\\www\\...')
#10 {main}
