CRITICAL - 2022-06-22 12:02:57 --> Class 'App\Controllers\ImageUpload' not found
#0 C:\laragon\www\eguide_login\system\CodeIgniter.php(832): App\Controllers\DestinationController->fileUpload()
#1 C:\laragon\www\eguide_login\system\CodeIgniter.php(419): CodeIgniter\CodeIgniter->runController(Object(App\Controllers\DestinationController))
#2 C:\laragon\www\eguide_login\system\CodeIgniter.php(326): CodeIgniter\CodeIgniter->handleRequest(NULL, Object(Config\Cache), false)
#3 C:\laragon\www\eguide_login\public\index.php(37): CodeIgniter\CodeIgniter->run()
#4 C:\laragon\www\eguide_login\system\Commands\Server\rewrite.php(43): require_once('C:\\laragon\\www\\...')
#5 {main}
CRITICAL - 2022-06-22 12:07:51 --> Call to a member function getName() on null
#0 C:\laragon\www\eguide_login\system\CodeIgniter.php(832): App\Controllers\DestinationController->fileUpload()
#1 C:\laragon\www\eguide_login\system\CodeIgniter.php(419): CodeIgniter\CodeIgniter->runController(Object(App\Controllers\DestinationController))
#2 C:\laragon\www\eguide_login\system\CodeIgniter.php(326): CodeIgniter\CodeIgniter->handleRequest(NULL, Object(Config\Cache), false)
#3 C:\laragon\www\eguide_login\public\index.php(37): CodeIgniter\CodeIgniter->run()
#4 C:\laragon\www\eguide_login\system\Commands\Server\rewrite.php(43): require_once('C:\\laragon\\www\\...')
#5 {main}
CRITICAL - 2022-06-22 12:29:33 --> Class 'App\Controllers\ImageUpload' not found
#0 C:\laragon\www\eguide_login\system\CodeIgniter.php(832): App\Controllers\DestinationController->fileUpload()
#1 C:\laragon\www\eguide_login\system\CodeIgniter.php(419): CodeIgniter\CodeIgniter->runController(Object(App\Controllers\DestinationController))
#2 C:\laragon\www\eguide_login\system\CodeIgniter.php(326): CodeIgniter\CodeIgniter->handleRequest(NULL, Object(Config\Cache), false)
#3 C:\laragon\www\eguide_login\public\index.php(37): CodeIgniter\CodeIgniter->run()
#4 C:\laragon\www\eguide_login\system\Commands\Server\rewrite.php(43): require_once('C:\\laragon\\www\\...')
#5 {main}
CRITICAL - 2022-06-22 12:29:40 --> Class 'App\Controllers\ImageUpload' not found
#0 C:\laragon\www\eguide_login\system\CodeIgniter.php(832): App\Controllers\DestinationController->fileUpload()
#1 C:\laragon\www\eguide_login\system\CodeIgniter.php(419): CodeIgniter\CodeIgniter->runController(Object(App\Controllers\DestinationController))
#2 C:\laragon\www\eguide_login\system\CodeIgniter.php(326): CodeIgniter\CodeIgniter->handleRequest(NULL, Object(Config\Cache), false)
#3 C:\laragon\www\eguide_login\public\index.php(37): CodeIgniter\CodeIgniter->run()
#4 C:\laragon\www\eguide_login\system\Commands\Server\rewrite.php(43): require_once('C:\\laragon\\www\\...')
#5 {main}
CRITICAL - 2022-06-22 12:30:37 --> Class 'App\Controllers\ImageUpload' not found
#0 C:\laragon\www\eguide_login\system\CodeIgniter.php(832): App\Controllers\DestinationController->fileUpload()
#1 C:\laragon\www\eguide_login\system\CodeIgniter.php(419): CodeIgniter\CodeIgniter->runController(Object(App\Controllers\DestinationController))
#2 C:\laragon\www\eguide_login\system\CodeIgniter.php(326): CodeIgniter\CodeIgniter->handleRequest(NULL, Object(Config\Cache), false)
#3 C:\laragon\www\eguide_login\public\index.php(37): CodeIgniter\CodeIgniter->run()
#4 C:\laragon\www\eguide_login\system\Commands\Server\rewrite.php(43): require_once('C:\\laragon\\www\\...')
#5 {main}
CRITICAL - 2022-06-22 12:33:12 --> There is no data to insert.
#0 C:\laragon\www\eguide_login\system\BaseModel.php(718): CodeIgniter\Database\Exceptions\DataException::forEmptyDataset('insert')
#1 C:\laragon\www\eguide_login\system\Model.php(625): CodeIgniter\BaseModel->insert(Array, true)
#2 C:\laragon\www\eguide_login\app\Controllers\DestinationController.php(308): CodeIgniter\Model->insert(Array)
#3 C:\laragon\www\eguide_login\system\CodeIgniter.php(832): App\Controllers\DestinationController->fileUpload()
#4 C:\laragon\www\eguide_login\system\CodeIgniter.php(419): CodeIgniter\CodeIgniter->runController(Object(App\Controllers\DestinationController))
#5 C:\laragon\www\eguide_login\system\CodeIgniter.php(326): CodeIgniter\CodeIgniter->handleRequest(NULL, Object(Config\Cache), false)
#6 C:\laragon\www\eguide_login\public\index.php(37): CodeIgniter\CodeIgniter->run()
#7 C:\laragon\www\eguide_login\system\Commands\Server\rewrite.php(43): require_once('C:\\laragon\\www\\...')
#8 {main}
CRITICAL - 2022-06-22 14:32:47 --> Invalid argument supplied for foreach()
#0 C:\laragon\www\eguide_login\app\Views\destination_page.php(162): CodeIgniter\Debug\Exceptions->errorHandler(2, 'Invalid argumen...', 'C:\\laragon\\www\\...', 162, Array)
#1 C:\laragon\www\eguide_login\system\View\View.php(210): include('C:\\laragon\\www\\...')
#2 C:\laragon\www\eguide_login\system\View\View.php(213): CodeIgniter\View\View->CodeIgniter\View\{closure}()
#3 C:\laragon\www\eguide_login\system\Common.php(1089): CodeIgniter\View\View->render('destination_pag...', Array, true)
#4 C:\laragon\www\eguide_login\app\Controllers\DestinationController.php(52): view('destination_pag...', Array)
#5 C:\laragon\www\eguide_login\system\CodeIgniter.php(832): App\Controllers\DestinationController->morcal()
#6 C:\laragon\www\eguide_login\system\CodeIgniter.php(419): CodeIgniter\CodeIgniter->runController(Object(App\Controllers\DestinationController))
#7 C:\laragon\www\eguide_login\system\CodeIgniter.php(326): CodeIgniter\CodeIgniter->handleRequest(NULL, Object(Config\Cache), false)
#8 C:\laragon\www\eguide_login\public\index.php(37): CodeIgniter\CodeIgniter->run()
#9 C:\laragon\www\eguide_login\system\Commands\Server\rewrite.php(43): require_once('C:\\laragon\\www\\...')
#10 {main}
ERROR - 2022-06-22 14:35:18 --> Unknown column 'Restaurant' in 'where clause'
CRITICAL - 2022-06-22 14:35:18 --> Unknown column 'Restaurant' in 'where clause'
#0 C:\laragon\www\eguide_login\system\Database\MySQLi\Connection.php(292): mysqli->query('select * from s...', 0)
#1 C:\laragon\www\eguide_login\system\Database\BaseConnection.php(670): CodeIgniter\Database\MySQLi\Connection->execute('select * from s...')
#2 C:\laragon\www\eguide_login\system\Database\BaseConnection.php(598): CodeIgniter\Database\BaseConnection->simpleQuery('select * from s...')
#3 C:\laragon\www\eguide_login\app\Models\CountryStateCity.php(17): CodeIgniter\Database\BaseConnection->query('select * from s...')
#4 C:\laragon\www\eguide_login\app\Controllers\CountryStateCityController.php(26): App\Models\CountryStateCity->getStates(Array)
#5 C:\laragon\www\eguide_login\system\CodeIgniter.php(832): App\Controllers\CountryStateCityController->getStates()
#6 C:\laragon\www\eguide_login\system\CodeIgniter.php(419): CodeIgniter\CodeIgniter->runController(Object(App\Controllers\CountryStateCityController))
#7 C:\laragon\www\eguide_login\system\CodeIgniter.php(326): CodeIgniter\CodeIgniter->handleRequest(NULL, Object(Config\Cache), false)
#8 C:\laragon\www\eguide_login\public\index.php(37): CodeIgniter\CodeIgniter->run()
#9 C:\laragon\www\eguide_login\system\Commands\Server\rewrite.php(43): require_once('C:\\laragon\\www\\...')
#10 {main}
