CRITICAL - 2022-06-11 01:12:51 --> syntax error, unexpected 'where' (T_STRING), expecting function (T_FUNCTION) or const (T_CONST)
#0 C:\laragon\www\eguide\system\Autoloader\Autoloader.php(241): CodeIgniter\Autoloader\Autoloader->includeFile('C:\\laragon\\www\\...')
#1 C:\laragon\www\eguide\system\Autoloader\Autoloader.php(219): CodeIgniter\Autoloader\Autoloader->loadInNamespace('App\\Models\\Dest...')
#2 [internal function]: CodeIgniter\Autoloader\Autoloader->loadClass('App\\Models\\Dest...')
#3 C:\laragon\www\eguide\app\Controllers\ProfileController.php(11): spl_autoload_call('App\\Models\\Dest...')
#4 C:\laragon\www\eguide\system\CodeIgniter.php(832): App\Controllers\ProfileController->index()
#5 C:\laragon\www\eguide\system\CodeIgniter.php(419): CodeIgniter\CodeIgniter->runController(Object(App\Controllers\ProfileController))
#6 C:\laragon\www\eguide\system\CodeIgniter.php(326): CodeIgniter\CodeIgniter->handleRequest(NULL, Object(Config\Cache), false)
#7 C:\laragon\www\eguide\public\index.php(37): CodeIgniter\CodeIgniter->run()
#8 C:\laragon\www\eguide\system\Commands\Server\rewrite.php(43): require_once('C:\\laragon\\www\\...')
#9 {main}
CRITICAL - 2022-06-11 01:12:51 --> syntax error, unexpected 'where' (T_STRING), expecting function (T_FUNCTION) or const (T_CONST)
#0 C:\laragon\www\eguide\system\Autoloader\Autoloader.php(241): CodeIgniter\Autoloader\Autoloader->includeFile('C:\\laragon\\www\\...')
#1 C:\laragon\www\eguide\system\Autoloader\Autoloader.php(219): CodeIgniter\Autoloader\Autoloader->loadInNamespace('App\\Models\\Dest...')
#2 [internal function]: CodeIgniter\Autoloader\Autoloader->loadClass('App\\Models\\Dest...')
#3 C:\laragon\www\eguide\app\Controllers\ProfileController.php(11): spl_autoload_call('App\\Models\\Dest...')
#4 C:\laragon\www\eguide\system\CodeIgniter.php(832): App\Controllers\ProfileController->index()
#5 C:\laragon\www\eguide\system\CodeIgniter.php(419): CodeIgniter\CodeIgniter->runController(Object(App\Controllers\ProfileController))
#6 C:\laragon\www\eguide\system\CodeIgniter.php(326): CodeIgniter\CodeIgniter->handleRequest(NULL, Object(Config\Cache), false)
#7 C:\laragon\www\eguide\public\index.php(37): CodeIgniter\CodeIgniter->run()
#8 C:\laragon\www\eguide\system\Commands\Server\rewrite.php(43): require_once('C:\\laragon\\www\\...')
#9 {main}
CRITICAL - 2022-06-11 01:14:41 --> syntax error, unexpected 'where' (T_STRING), expecting function (T_FUNCTION) or const (T_CONST)
#0 C:\laragon\www\eguide\system\Autoloader\Autoloader.php(241): CodeIgniter\Autoloader\Autoloader->includeFile('C:\\laragon\\www\\...')
#1 C:\laragon\www\eguide\system\Autoloader\Autoloader.php(219): CodeIgniter\Autoloader\Autoloader->loadInNamespace('App\\Models\\Dest...')
#2 [internal function]: CodeIgniter\Autoloader\Autoloader->loadClass('App\\Models\\Dest...')
#3 C:\laragon\www\eguide\app\Controllers\ProfileController.php(11): spl_autoload_call('App\\Models\\Dest...')
#4 C:\laragon\www\eguide\system\CodeIgniter.php(832): App\Controllers\ProfileController->index()
#5 C:\laragon\www\eguide\system\CodeIgniter.php(419): CodeIgniter\CodeIgniter->runController(Object(App\Controllers\ProfileController))
#6 C:\laragon\www\eguide\system\CodeIgniter.php(326): CodeIgniter\CodeIgniter->handleRequest(NULL, Object(Config\Cache), false)
#7 C:\laragon\www\eguide\public\index.php(37): CodeIgniter\CodeIgniter->run()
#8 C:\laragon\www\eguide\system\Commands\Server\rewrite.php(43): require_once('C:\\laragon\\www\\...')
#9 {main}
