CRITICAL - 2022-12-13 00:25:47 --> Call to undefined function form_open()
#0 C:\laragon\www\Capstone-reco\system\View\View.php(210): include()
#1 C:\laragon\www\Capstone-reco\system\View\View.php(213): CodeIgniter\View\View->CodeIgniter\View\{closure}()
#2 C:\laragon\www\Capstone-reco\system\Common.php(1089): CodeIgniter\View\View->render('forgetpass', Array, true)
#3 C:\laragon\www\Capstone-reco\app\Controllers\SigninController.php(251): view('forgetpass', Array)
#4 C:\laragon\www\Capstone-reco\system\CodeIgniter.php(832): App\Controllers\SigninController->forgetpass()
#5 C:\laragon\www\Capstone-reco\system\CodeIgniter.php(419): CodeIgniter\CodeIgniter->runController(Object(App\Controllers\SigninController))
#6 C:\laragon\www\Capstone-reco\system\CodeIgniter.php(326): CodeIgniter\CodeIgniter->handleRequest(NULL, Object(Config\Cache), false)
#7 C:\laragon\www\Capstone-reco\public\index.php(37): CodeIgniter\CodeIgniter->run()
#8 C:\laragon\www\Capstone-reco\system\Commands\Server\rewrite.php(43): require_once('C:\\laragon\\www\\...')
#9 {main}
CRITICAL - 2022-12-13 00:26:06 --> Call to undefined function form_open()
#0 C:\laragon\www\Capstone-reco\system\View\View.php(210): include()
#1 C:\laragon\www\Capstone-reco\system\View\View.php(213): CodeIgniter\View\View->CodeIgniter\View\{closure}()
#2 C:\laragon\www\Capstone-reco\system\Common.php(1089): CodeIgniter\View\View->render('forgetpass', Array, true)
#3 C:\laragon\www\Capstone-reco\app\Controllers\SigninController.php(251): view('forgetpass', Array)
#4 C:\laragon\www\Capstone-reco\system\CodeIgniter.php(832): App\Controllers\SigninController->forgetpass()
#5 C:\laragon\www\Capstone-reco\system\CodeIgniter.php(419): CodeIgniter\CodeIgniter->runController(Object(App\Controllers\SigninController))
#6 C:\laragon\www\Capstone-reco\system\CodeIgniter.php(326): CodeIgniter\CodeIgniter->handleRequest(NULL, Object(Config\Cache), false)
#7 C:\laragon\www\Capstone-reco\public\index.php(37): CodeIgniter\CodeIgniter->run()
#8 C:\laragon\www\Capstone-reco\system\Commands\Server\rewrite.php(43): require_once('C:\\laragon\\www\\...')
#9 {main}
CRITICAL - 2022-12-13 00:26:30 --> Call to undefined function form_open()
#0 C:\laragon\www\Capstone-reco\system\View\View.php(210): include()
#1 C:\laragon\www\Capstone-reco\system\View\View.php(213): CodeIgniter\View\View->CodeIgniter\View\{closure}()
#2 C:\laragon\www\Capstone-reco\system\Common.php(1089): CodeIgniter\View\View->render('forgetpass', Array, true)
#3 C:\laragon\www\Capstone-reco\app\Controllers\SigninController.php(251): view('forgetpass', Array)
#4 C:\laragon\www\Capstone-reco\system\CodeIgniter.php(832): App\Controllers\SigninController->forgetpass()
#5 C:\laragon\www\Capstone-reco\system\CodeIgniter.php(419): CodeIgniter\CodeIgniter->runController(Object(App\Controllers\SigninController))
#6 C:\laragon\www\Capstone-reco\system\CodeIgniter.php(326): CodeIgniter\CodeIgniter->handleRequest(NULL, Object(Config\Cache), false)
#7 C:\laragon\www\Capstone-reco\public\index.php(37): CodeIgniter\CodeIgniter->run()
#8 C:\laragon\www\Capstone-reco\system\Commands\Server\rewrite.php(43): require_once('C:\\laragon\\www\\...')
#9 {main}
CRITICAL - 2022-12-13 00:27:39 --> Call to undefined function set_value()
#0 C:\laragon\www\Capstone-reco\system\View\View.php(210): include()
#1 C:\laragon\www\Capstone-reco\system\View\View.php(213): CodeIgniter\View\View->CodeIgniter\View\{closure}()
#2 C:\laragon\www\Capstone-reco\system\Common.php(1089): CodeIgniter\View\View->render('forgetpass', Array, true)
#3 C:\laragon\www\Capstone-reco\app\Controllers\SigninController.php(251): view('forgetpass', Array)
#4 C:\laragon\www\Capstone-reco\system\CodeIgniter.php(832): App\Controllers\SigninController->forgetpass()
#5 C:\laragon\www\Capstone-reco\system\CodeIgniter.php(419): CodeIgniter\CodeIgniter->runController(Object(App\Controllers\SigninController))
#6 C:\laragon\www\Capstone-reco\system\CodeIgniter.php(326): CodeIgniter\CodeIgniter->handleRequest(NULL, Object(Config\Cache), false)
#7 C:\laragon\www\Capstone-reco\public\index.php(37): CodeIgniter\CodeIgniter->run()
#8 C:\laragon\www\Capstone-reco\system\Commands\Server\rewrite.php(43): require_once('C:\\laragon\\www\\...')
#9 {main}
CRITICAL - 2022-12-13 00:29:09 --> Call to undefined function form_open()
#0 C:\laragon\www\Capstone-reco\system\View\View.php(210): include()
#1 C:\laragon\www\Capstone-reco\system\View\View.php(213): CodeIgniter\View\View->CodeIgniter\View\{closure}()
#2 C:\laragon\www\Capstone-reco\system\Common.php(1089): CodeIgniter\View\View->render('forgetpass', Array, true)
#3 C:\laragon\www\Capstone-reco\app\Controllers\SigninController.php(251): view('forgetpass', Array)
#4 C:\laragon\www\Capstone-reco\system\CodeIgniter.php(832): App\Controllers\SigninController->forgetpass()
#5 C:\laragon\www\Capstone-reco\system\CodeIgniter.php(419): CodeIgniter\CodeIgniter->runController(Object(App\Controllers\SigninController))
#6 C:\laragon\www\Capstone-reco\system\CodeIgniter.php(326): CodeIgniter\CodeIgniter->handleRequest(NULL, Object(Config\Cache), false)
#7 C:\laragon\www\Capstone-reco\public\index.php(37): CodeIgniter\CodeIgniter->run()
#8 C:\laragon\www\Capstone-reco\system\Commands\Server\rewrite.php(43): require_once('C:\\laragon\\www\\...')
#9 {main}
CRITICAL - 2022-12-13 00:29:20 --> Call to undefined function form_open()
#0 C:\laragon\www\Capstone-reco\system\View\View.php(210): include()
#1 C:\laragon\www\Capstone-reco\system\View\View.php(213): CodeIgniter\View\View->CodeIgniter\View\{closure}()
#2 C:\laragon\www\Capstone-reco\system\Common.php(1089): CodeIgniter\View\View->render('forgetpass', Array, true)
#3 C:\laragon\www\Capstone-reco\app\Controllers\SigninController.php(251): view('forgetpass', Array)
#4 C:\laragon\www\Capstone-reco\system\CodeIgniter.php(832): App\Controllers\SigninController->forgetpass()
#5 C:\laragon\www\Capstone-reco\system\CodeIgniter.php(419): CodeIgniter\CodeIgniter->runController(Object(App\Controllers\SigninController))
#6 C:\laragon\www\Capstone-reco\system\CodeIgniter.php(326): CodeIgniter\CodeIgniter->handleRequest(NULL, Object(Config\Cache), false)
#7 C:\laragon\www\Capstone-reco\public\index.php(37): CodeIgniter\CodeIgniter->run()
#8 C:\laragon\www\Capstone-reco\system\Commands\Server\rewrite.php(43): require_once('C:\\laragon\\www\\...')
#9 {main}
CRITICAL - 2022-12-13 05:00:12 --> Class 'CodeIgniter\App\Validation\Userrules' not found
#0 C:\laragon\www\Capstone-reco\system\Validation\Validation.php(115): CodeIgniter\Validation\Validation->loadRuleSets()
#1 C:\laragon\www\Capstone-reco\system\Controller.php(160): CodeIgniter\Validation\Validation->run()
#2 C:\laragon\www\Capstone-reco\app\Controllers\SigninController.php(37): CodeIgniter\Controller->validate(Array, Array)
#3 C:\laragon\www\Capstone-reco\system\CodeIgniter.php(832): App\Controllers\SigninController->loginAuth()
#4 C:\laragon\www\Capstone-reco\system\CodeIgniter.php(419): CodeIgniter\CodeIgniter->runController(Object(App\Controllers\SigninController))
#5 C:\laragon\www\Capstone-reco\system\CodeIgniter.php(326): CodeIgniter\CodeIgniter->handleRequest(NULL, Object(Config\Cache), false)
#6 C:\laragon\www\Capstone-reco\public\index.php(37): CodeIgniter\CodeIgniter->run()
#7 C:\laragon\www\Capstone-reco\system\Commands\Server\rewrite.php(43): require_once('C:\\laragon\\www\\...')
#8 {main}
CRITICAL - 2022-12-13 05:04:14 --> Class 'CodeIgniter\App\Validation\Userrules' not found
#0 C:\laragon\www\Capstone-reco\system\Validation\Validation.php(116): CodeIgniter\Validation\Validation->loadRuleSets()
#1 C:\laragon\www\Capstone-reco\system\Controller.php(160): CodeIgniter\Validation\Validation->run()
#2 C:\laragon\www\Capstone-reco\app\Controllers\SigninController.php(37): CodeIgniter\Controller->validate(Array, Array)
#3 C:\laragon\www\Capstone-reco\system\CodeIgniter.php(832): App\Controllers\SigninController->loginAuth()
#4 C:\laragon\www\Capstone-reco\system\CodeIgniter.php(419): CodeIgniter\CodeIgniter->runController(Object(App\Controllers\SigninController))
#5 C:\laragon\www\Capstone-reco\system\CodeIgniter.php(326): CodeIgniter\CodeIgniter->handleRequest(NULL, Object(Config\Cache), false)
#6 C:\laragon\www\Capstone-reco\public\index.php(37): CodeIgniter\CodeIgniter->run()
#7 C:\laragon\www\Capstone-reco\system\Commands\Server\rewrite.php(43): require_once('C:\\laragon\\www\\...')
#8 {main}
CRITICAL - 2022-12-13 05:04:17 --> Class 'CodeIgniter\App\Validation\Userrules' not found
#0 C:\laragon\www\Capstone-reco\system\Validation\Validation.php(116): CodeIgniter\Validation\Validation->loadRuleSets()
#1 C:\laragon\www\Capstone-reco\system\Controller.php(160): CodeIgniter\Validation\Validation->run()
#2 C:\laragon\www\Capstone-reco\app\Controllers\SigninController.php(37): CodeIgniter\Controller->validate(Array, Array)
#3 C:\laragon\www\Capstone-reco\system\CodeIgniter.php(832): App\Controllers\SigninController->loginAuth()
#4 C:\laragon\www\Capstone-reco\system\CodeIgniter.php(419): CodeIgniter\CodeIgniter->runController(Object(App\Controllers\SigninController))
#5 C:\laragon\www\Capstone-reco\system\CodeIgniter.php(326): CodeIgniter\CodeIgniter->handleRequest(NULL, Object(Config\Cache), false)
#6 C:\laragon\www\Capstone-reco\public\index.php(37): CodeIgniter\CodeIgniter->run()
#7 C:\laragon\www\Capstone-reco\system\Commands\Server\rewrite.php(43): require_once('C:\\laragon\\www\\...')
#8 {main}
CRITICAL - 2022-12-13 05:04:33 --> Class 'CodeIgniter\App\Validation\Userrules' not found
#0 C:\laragon\www\Capstone-reco\system\Validation\Validation.php(115): CodeIgniter\Validation\Validation->loadRuleSets()
#1 C:\laragon\www\Capstone-reco\system\Controller.php(160): CodeIgniter\Validation\Validation->run()
#2 C:\laragon\www\Capstone-reco\app\Controllers\SigninController.php(37): CodeIgniter\Controller->validate(Array, Array)
#3 C:\laragon\www\Capstone-reco\system\CodeIgniter.php(832): App\Controllers\SigninController->loginAuth()
#4 C:\laragon\www\Capstone-reco\system\CodeIgniter.php(419): CodeIgniter\CodeIgniter->runController(Object(App\Controllers\SigninController))
#5 C:\laragon\www\Capstone-reco\system\CodeIgniter.php(326): CodeIgniter\CodeIgniter->handleRequest(NULL, Object(Config\Cache), false)
#6 C:\laragon\www\Capstone-reco\public\index.php(37): CodeIgniter\CodeIgniter->run()
#7 C:\laragon\www\Capstone-reco\system\Commands\Server\rewrite.php(43): require_once('C:\\laragon\\www\\...')
#8 {main}
CRITICAL - 2022-12-13 05:18:40 --> Call to a member function post() on null
#0 C:\laragon\www\Capstone-reco\system\CodeIgniter.php(832): App\Controllers\SigninController->loginAuth()
#1 C:\laragon\www\Capstone-reco\system\CodeIgniter.php(419): CodeIgniter\CodeIgniter->runController(Object(App\Controllers\SigninController))
#2 C:\laragon\www\Capstone-reco\system\CodeIgniter.php(326): CodeIgniter\CodeIgniter->handleRequest(NULL, Object(Config\Cache), false)
#3 C:\laragon\www\Capstone-reco\public\index.php(37): CodeIgniter\CodeIgniter->run()
#4 C:\laragon\www\Capstone-reco\system\Commands\Server\rewrite.php(43): require_once('C:\\laragon\\www\\...')
#5 {main}
CRITICAL - 2022-12-13 05:19:05 --> Call to a member function validate() on null
#0 C:\laragon\www\Capstone-reco\system\CodeIgniter.php(832): App\Controllers\SigninController->loginAuth()
#1 C:\laragon\www\Capstone-reco\system\CodeIgniter.php(419): CodeIgniter\CodeIgniter->runController(Object(App\Controllers\SigninController))
#2 C:\laragon\www\Capstone-reco\system\CodeIgniter.php(326): CodeIgniter\CodeIgniter->handleRequest(NULL, Object(Config\Cache), false)
#3 C:\laragon\www\Capstone-reco\public\index.php(37): CodeIgniter\CodeIgniter->run()
#4 C:\laragon\www\Capstone-reco\system\Commands\Server\rewrite.php(43): require_once('C:\\laragon\\www\\...')
#5 {main}
CRITICAL - 2022-12-13 05:19:28 --> Call to a member function num_rows() on bool
#0 C:\laragon\www\Capstone-reco\system\CodeIgniter.php(832): App\Controllers\SigninController->loginAuth()
#1 C:\laragon\www\Capstone-reco\system\CodeIgniter.php(419): CodeIgniter\CodeIgniter->runController(Object(App\Controllers\SigninController))
#2 C:\laragon\www\Capstone-reco\system\CodeIgniter.php(326): CodeIgniter\CodeIgniter->handleRequest(NULL, Object(Config\Cache), false)
#3 C:\laragon\www\Capstone-reco\public\index.php(37): CodeIgniter\CodeIgniter->run()
#4 C:\laragon\www\Capstone-reco\system\Commands\Server\rewrite.php(43): require_once('C:\\laragon\\www\\...')
#5 {main}
CRITICAL - 2022-12-13 05:21:22 --> syntax error, unexpected '}'
#0 C:\laragon\www\Capstone-reco\system\Router\Router.php(175): CodeIgniter\Router\Router->autoRoute('SigninControlle...')
#1 C:\laragon\www\Capstone-reco\system\CodeIgniter.php(726): CodeIgniter\Router\Router->handle('SigninControlle...')
#2 C:\laragon\www\Capstone-reco\system\CodeIgniter.php(368): CodeIgniter\CodeIgniter->tryToRouteIt(Object(CodeIgniter\Router\RouteCollection))
#3 C:\laragon\www\Capstone-reco\system\CodeIgniter.php(326): CodeIgniter\CodeIgniter->handleRequest(NULL, Object(Config\Cache), false)
#4 C:\laragon\www\Capstone-reco\public\index.php(37): CodeIgniter\CodeIgniter->run()
#5 C:\laragon\www\Capstone-reco\system\Commands\Server\rewrite.php(43): require_once('C:\\laragon\\www\\...')
#6 {main}
CRITICAL - 2022-12-13 05:21:50 --> syntax error, unexpected 'public' (T_PUBLIC)
#0 C:\laragon\www\Capstone-reco\system\Router\Router.php(175): CodeIgniter\Router\Router->autoRoute('SigninControlle...')
#1 C:\laragon\www\Capstone-reco\system\CodeIgniter.php(726): CodeIgniter\Router\Router->handle('SigninControlle...')
#2 C:\laragon\www\Capstone-reco\system\CodeIgniter.php(368): CodeIgniter\CodeIgniter->tryToRouteIt(Object(CodeIgniter\Router\RouteCollection))
#3 C:\laragon\www\Capstone-reco\system\CodeIgniter.php(326): CodeIgniter\CodeIgniter->handleRequest(NULL, Object(Config\Cache), false)
#4 C:\laragon\www\Capstone-reco\public\index.php(37): CodeIgniter\CodeIgniter->run()
#5 C:\laragon\www\Capstone-reco\system\Commands\Server\rewrite.php(43): require_once('C:\\laragon\\www\\...')
#6 {main}
CRITICAL - 2022-12-13 05:22:04 --> syntax error, unexpected 'pubilc' (T_STRING), expecting function (T_FUNCTION) or const (T_CONST)
#0 C:\laragon\www\Capstone-reco\system\Router\Router.php(175): CodeIgniter\Router\Router->autoRoute('SigninControlle...')
#1 C:\laragon\www\Capstone-reco\system\CodeIgniter.php(726): CodeIgniter\Router\Router->handle('SigninControlle...')
#2 C:\laragon\www\Capstone-reco\system\CodeIgniter.php(368): CodeIgniter\CodeIgniter->tryToRouteIt(Object(CodeIgniter\Router\RouteCollection))
#3 C:\laragon\www\Capstone-reco\system\CodeIgniter.php(326): CodeIgniter\CodeIgniter->handleRequest(NULL, Object(Config\Cache), false)
#4 C:\laragon\www\Capstone-reco\public\index.php(37): CodeIgniter\CodeIgniter->run()
#5 C:\laragon\www\Capstone-reco\system\Commands\Server\rewrite.php(43): require_once('C:\\laragon\\www\\...')
#6 {main}
CRITICAL - 2022-12-13 05:22:25 --> syntax error, unexpected '}'
#0 C:\laragon\www\Capstone-reco\system\Router\Router.php(175): CodeIgniter\Router\Router->autoRoute('SigninControlle...')
#1 C:\laragon\www\Capstone-reco\system\CodeIgniter.php(726): CodeIgniter\Router\Router->handle('SigninControlle...')
#2 C:\laragon\www\Capstone-reco\system\CodeIgniter.php(368): CodeIgniter\CodeIgniter->tryToRouteIt(Object(CodeIgniter\Router\RouteCollection))
#3 C:\laragon\www\Capstone-reco\system\CodeIgniter.php(326): CodeIgniter\CodeIgniter->handleRequest(NULL, Object(Config\Cache), false)
#4 C:\laragon\www\Capstone-reco\public\index.php(37): CodeIgniter\CodeIgniter->run()
#5 C:\laragon\www\Capstone-reco\system\Commands\Server\rewrite.php(43): require_once('C:\\laragon\\www\\...')
#6 {main}
CRITICAL - 2022-12-13 05:45:08 --> syntax error, unexpected ''isLoggedIn'' (T_CONSTANT_ENCAPSED_STRING), expecting ']'
#0 C:\laragon\www\Capstone-reco\system\Autoloader\Autoloader.php(241): CodeIgniter\Autoloader\Autoloader->includeFile('C:\\laragon\\www\\...')
#1 C:\laragon\www\Capstone-reco\system\Autoloader\Autoloader.php(219): CodeIgniter\Autoloader\Autoloader->loadInNamespace('App\\Controllers...')
#2 [internal function]: CodeIgniter\Autoloader\Autoloader->loadClass('App\\Controllers...')
#3 [internal function]: spl_autoload_call('App\\Controllers...')
#4 C:\laragon\www\Capstone-reco\system\CodeIgniter.php(797): class_exists('\\App\\Controller...', true)
#5 C:\laragon\www\Capstone-reco\system\CodeIgniter.php(406): CodeIgniter\CodeIgniter->startController()
#6 C:\laragon\www\Capstone-reco\system\CodeIgniter.php(326): CodeIgniter\CodeIgniter->handleRequest(NULL, Object(Config\Cache), false)
#7 C:\laragon\www\Capstone-reco\public\index.php(37): CodeIgniter\CodeIgniter->run()
#8 C:\laragon\www\Capstone-reco\system\Commands\Server\rewrite.php(43): require_once('C:\\laragon\\www\\...')
#9 {main}
CRITICAL - 2022-12-13 05:48:24 --> syntax error, unexpected '=>' (T_DOUBLE_ARROW)
#0 C:\laragon\www\Capstone-reco\system\Autoloader\Autoloader.php(241): CodeIgniter\Autoloader\Autoloader->includeFile('C:\\laragon\\www\\...')
#1 C:\laragon\www\Capstone-reco\system\Autoloader\Autoloader.php(219): CodeIgniter\Autoloader\Autoloader->loadInNamespace('App\\Controllers...')
#2 [internal function]: CodeIgniter\Autoloader\Autoloader->loadClass('App\\Controllers...')
#3 [internal function]: spl_autoload_call('App\\Controllers...')
#4 C:\laragon\www\Capstone-reco\system\CodeIgniter.php(797): class_exists('\\App\\Controller...', true)
#5 C:\laragon\www\Capstone-reco\system\CodeIgniter.php(406): CodeIgniter\CodeIgniter->startController()
#6 C:\laragon\www\Capstone-reco\system\CodeIgniter.php(326): CodeIgniter\CodeIgniter->handleRequest(NULL, Object(Config\Cache), false)
#7 C:\laragon\www\Capstone-reco\public\index.php(37): CodeIgniter\CodeIgniter->run()
#8 C:\laragon\www\Capstone-reco\system\Commands\Server\rewrite.php(43): require_once('C:\\laragon\\www\\...')
#9 {main}
CRITICAL - 2022-12-13 05:48:53 --> syntax error, unexpected '='
#0 C:\laragon\www\Capstone-reco\system\Autoloader\Autoloader.php(241): CodeIgniter\Autoloader\Autoloader->includeFile('C:\\laragon\\www\\...')
#1 C:\laragon\www\Capstone-reco\system\Autoloader\Autoloader.php(219): CodeIgniter\Autoloader\Autoloader->loadInNamespace('App\\Controllers...')
#2 [internal function]: CodeIgniter\Autoloader\Autoloader->loadClass('App\\Controllers...')
#3 [internal function]: spl_autoload_call('App\\Controllers...')
#4 C:\laragon\www\Capstone-reco\system\CodeIgniter.php(797): class_exists('\\App\\Controller...', true)
#5 C:\laragon\www\Capstone-reco\system\CodeIgniter.php(406): CodeIgniter\CodeIgniter->startController()
#6 C:\laragon\www\Capstone-reco\system\CodeIgniter.php(326): CodeIgniter\CodeIgniter->handleRequest(NULL, Object(Config\Cache), false)
#7 C:\laragon\www\Capstone-reco\public\index.php(37): CodeIgniter\CodeIgniter->run()
#8 C:\laragon\www\Capstone-reco\system\Commands\Server\rewrite.php(43): require_once('C:\\laragon\\www\\...')
#9 {main}
CRITICAL - 2022-12-13 05:49:52 --> syntax error, unexpected '='
#0 C:\laragon\www\Capstone-reco\system\Autoloader\Autoloader.php(241): CodeIgniter\Autoloader\Autoloader->includeFile('C:\\laragon\\www\\...')
#1 C:\laragon\www\Capstone-reco\system\Autoloader\Autoloader.php(219): CodeIgniter\Autoloader\Autoloader->loadInNamespace('App\\Controllers...')
#2 [internal function]: CodeIgniter\Autoloader\Autoloader->loadClass('App\\Controllers...')
#3 [internal function]: spl_autoload_call('App\\Controllers...')
#4 C:\laragon\www\Capstone-reco\system\CodeIgniter.php(797): class_exists('\\App\\Controller...', true)
#5 C:\laragon\www\Capstone-reco\system\CodeIgniter.php(406): CodeIgniter\CodeIgniter->startController()
#6 C:\laragon\www\Capstone-reco\system\CodeIgniter.php(326): CodeIgniter\CodeIgniter->handleRequest(NULL, Object(Config\Cache), false)
#7 C:\laragon\www\Capstone-reco\public\index.php(37): CodeIgniter\CodeIgniter->run()
#8 C:\laragon\www\Capstone-reco\system\Commands\Server\rewrite.php(43): require_once('C:\\laragon\\www\\...')
#9 {main}
CRITICAL - 2022-12-13 05:49:54 --> syntax error, unexpected '='
#0 C:\laragon\www\Capstone-reco\system\Autoloader\Autoloader.php(241): CodeIgniter\Autoloader\Autoloader->includeFile('C:\\laragon\\www\\...')
#1 C:\laragon\www\Capstone-reco\system\Autoloader\Autoloader.php(219): CodeIgniter\Autoloader\Autoloader->loadInNamespace('App\\Controllers...')
#2 [internal function]: CodeIgniter\Autoloader\Autoloader->loadClass('App\\Controllers...')
#3 [internal function]: spl_autoload_call('App\\Controllers...')
#4 C:\laragon\www\Capstone-reco\system\CodeIgniter.php(797): class_exists('\\App\\Controller...', true)
#5 C:\laragon\www\Capstone-reco\system\CodeIgniter.php(406): CodeIgniter\CodeIgniter->startController()
#6 C:\laragon\www\Capstone-reco\system\CodeIgniter.php(326): CodeIgniter\CodeIgniter->handleRequest(NULL, Object(Config\Cache), false)
#7 C:\laragon\www\Capstone-reco\public\index.php(37): CodeIgniter\CodeIgniter->run()
#8 C:\laragon\www\Capstone-reco\system\Commands\Server\rewrite.php(43): require_once('C:\\laragon\\www\\...')
#9 {main}
CRITICAL - 2022-12-13 05:50:52 --> Call to a member function num_rows() on bool
#0 C:\laragon\www\Capstone-reco\system\CodeIgniter.php(832): App\Controllers\SigninController->loginAuth()
#1 C:\laragon\www\Capstone-reco\system\CodeIgniter.php(419): CodeIgniter\CodeIgniter->runController(Object(App\Controllers\SigninController))
#2 C:\laragon\www\Capstone-reco\system\CodeIgniter.php(326): CodeIgniter\CodeIgniter->handleRequest(NULL, Object(Config\Cache), false)
#3 C:\laragon\www\Capstone-reco\public\index.php(37): CodeIgniter\CodeIgniter->run()
#4 C:\laragon\www\Capstone-reco\system\Commands\Server\rewrite.php(43): require_once('C:\\laragon\\www\\...')
#5 {main}
CRITICAL - 2022-12-13 05:56:03 --> Call to a member function num_rows() on bool
#0 C:\laragon\www\Capstone-reco\system\CodeIgniter.php(832): App\Controllers\SigninController->loginAuth()
#1 C:\laragon\www\Capstone-reco\system\CodeIgniter.php(419): CodeIgniter\CodeIgniter->runController(Object(App\Controllers\SigninController))
#2 C:\laragon\www\Capstone-reco\system\CodeIgniter.php(326): CodeIgniter\CodeIgniter->handleRequest(NULL, Object(Config\Cache), false)
#3 C:\laragon\www\Capstone-reco\public\index.php(37): CodeIgniter\CodeIgniter->run()
#4 C:\laragon\www\Capstone-reco\system\Commands\Server\rewrite.php(43): require_once('C:\\laragon\\www\\...')
#5 {main}
CRITICAL - 2022-12-13 05:56:49 --> Call to a member function num_rows() on bool
#0 C:\laragon\www\Capstone-reco\system\CodeIgniter.php(832): App\Controllers\SigninController->loginAuth()
#1 C:\laragon\www\Capstone-reco\system\CodeIgniter.php(419): CodeIgniter\CodeIgniter->runController(Object(App\Controllers\SigninController))
#2 C:\laragon\www\Capstone-reco\system\CodeIgniter.php(326): CodeIgniter\CodeIgniter->handleRequest(NULL, Object(Config\Cache), false)
#3 C:\laragon\www\Capstone-reco\public\index.php(37): CodeIgniter\CodeIgniter->run()
#4 C:\laragon\www\Capstone-reco\system\Commands\Server\rewrite.php(43): require_once('C:\\laragon\\www\\...')
#5 {main}
CRITICAL - 2022-12-13 06:00:56 --> Call to a member function num_rows() on bool
#0 C:\laragon\www\Capstone-reco\system\CodeIgniter.php(832): App\Controllers\SigninController->loginAuth()
#1 C:\laragon\www\Capstone-reco\system\CodeIgniter.php(419): CodeIgniter\CodeIgniter->runController(Object(App\Controllers\SigninController))
#2 C:\laragon\www\Capstone-reco\system\CodeIgniter.php(326): CodeIgniter\CodeIgniter->handleRequest(NULL, Object(Config\Cache), false)
#3 C:\laragon\www\Capstone-reco\public\index.php(37): CodeIgniter\CodeIgniter->run()
#4 C:\laragon\www\Capstone-reco\system\Commands\Server\rewrite.php(43): require_once('C:\\laragon\\www\\...')
#5 {main}
CRITICAL - 2022-12-13 06:08:53 --> syntax error, unexpected ''isLoggedIn'' (T_CONSTANT_ENCAPSED_STRING), expecting ']'
#0 C:\laragon\www\Capstone-reco\system\Autoloader\Autoloader.php(241): CodeIgniter\Autoloader\Autoloader->includeFile('C:\\laragon\\www\\...')
#1 C:\laragon\www\Capstone-reco\system\Autoloader\Autoloader.php(219): CodeIgniter\Autoloader\Autoloader->loadInNamespace('App\\Controllers...')
#2 [internal function]: CodeIgniter\Autoloader\Autoloader->loadClass('App\\Controllers...')
#3 [internal function]: spl_autoload_call('App\\Controllers...')
#4 C:\laragon\www\Capstone-reco\system\CodeIgniter.php(797): class_exists('\\App\\Controller...', true)
#5 C:\laragon\www\Capstone-reco\system\CodeIgniter.php(406): CodeIgniter\CodeIgniter->startController()
#6 C:\laragon\www\Capstone-reco\system\CodeIgniter.php(326): CodeIgniter\CodeIgniter->handleRequest(NULL, Object(Config\Cache), false)
#7 C:\laragon\www\Capstone-reco\public\index.php(37): CodeIgniter\CodeIgniter->run()
#8 C:\laragon\www\Capstone-reco\system\Commands\Server\rewrite.php(43): require_once('C:\\laragon\\www\\...')
#9 {main}
CRITICAL - 2022-12-13 06:09:49 --> syntax error, unexpected 'public' (T_PUBLIC)
#0 C:\laragon\www\Capstone-reco\system\Autoloader\Autoloader.php(241): CodeIgniter\Autoloader\Autoloader->includeFile('C:\\laragon\\www\\...')
#1 C:\laragon\www\Capstone-reco\system\Autoloader\Autoloader.php(219): CodeIgniter\Autoloader\Autoloader->loadInNamespace('App\\Controllers...')
#2 [internal function]: CodeIgniter\Autoloader\Autoloader->loadClass('App\\Controllers...')
#3 [internal function]: spl_autoload_call('App\\Controllers...')
#4 C:\laragon\www\Capstone-reco\system\CodeIgniter.php(797): class_exists('\\App\\Controller...', true)
#5 C:\laragon\www\Capstone-reco\system\CodeIgniter.php(406): CodeIgniter\CodeIgniter->startController()
#6 C:\laragon\www\Capstone-reco\system\CodeIgniter.php(326): CodeIgniter\CodeIgniter->handleRequest(NULL, Object(Config\Cache), false)
#7 C:\laragon\www\Capstone-reco\public\index.php(37): CodeIgniter\CodeIgniter->run()
#8 C:\laragon\www\Capstone-reco\system\Commands\Server\rewrite.php(43): require_once('C:\\laragon\\www\\...')
#9 {main}
CRITICAL - 2022-12-13 07:10:53 --> Division by zero
#0 C:\laragon\www\Capstone-reco\app\Controllers\ProfileController.php(98): CodeIgniter\Debug\Exceptions->errorHandler(2, 'Division by zer...', 'C:\\laragon\\www\\...', 98, Array)
#1 C:\laragon\www\Capstone-reco\system\CodeIgniter.php(832): App\Controllers\ProfileController->rates('6')
#2 C:\laragon\www\Capstone-reco\system\CodeIgniter.php(419): CodeIgniter\CodeIgniter->runController(Object(App\Controllers\ProfileController))
#3 C:\laragon\www\Capstone-reco\system\CodeIgniter.php(326): CodeIgniter\CodeIgniter->handleRequest(NULL, Object(Config\Cache), false)
#4 C:\laragon\www\Capstone-reco\public\index.php(37): CodeIgniter\CodeIgniter->run()
#5 C:\laragon\www\Capstone-reco\system\Commands\Server\rewrite.php(43): require_once('C:\\laragon\\www\\...')
#6 {main}
CRITICAL - 2022-12-13 07:11:15 --> Division by zero
#0 C:\laragon\www\Capstone-reco\app\Controllers\ProfileController.php(98): CodeIgniter\Debug\Exceptions->errorHandler(2, 'Division by zer...', 'C:\\laragon\\www\\...', 98, Array)
#1 C:\laragon\www\Capstone-reco\system\CodeIgniter.php(832): App\Controllers\ProfileController->rates('10')
#2 C:\laragon\www\Capstone-reco\system\CodeIgniter.php(419): CodeIgniter\CodeIgniter->runController(Object(App\Controllers\ProfileController))
#3 C:\laragon\www\Capstone-reco\system\CodeIgniter.php(326): CodeIgniter\CodeIgniter->handleRequest(NULL, Object(Config\Cache), false)
#4 C:\laragon\www\Capstone-reco\public\index.php(37): CodeIgniter\CodeIgniter->run()
#5 C:\laragon\www\Capstone-reco\system\Commands\Server\rewrite.php(43): require_once('C:\\laragon\\www\\...')
#6 {main}
CRITICAL - 2022-12-13 07:21:20 --> Division by zero
#0 C:\laragon\www\Capstone-reco\app\Controllers\ProfileController.php(98): CodeIgniter\Debug\Exceptions->errorHandler(2, 'Division by zer...', 'C:\\laragon\\www\\...', 98, Array)
#1 C:\laragon\www\Capstone-reco\system\CodeIgniter.php(832): App\Controllers\ProfileController->rates('9')
#2 C:\laragon\www\Capstone-reco\system\CodeIgniter.php(419): CodeIgniter\CodeIgniter->runController(Object(App\Controllers\ProfileController))
#3 C:\laragon\www\Capstone-reco\system\CodeIgniter.php(326): CodeIgniter\CodeIgniter->handleRequest(NULL, Object(Config\Cache), false)
#4 C:\laragon\www\Capstone-reco\public\index.php(37): CodeIgniter\CodeIgniter->run()
#5 C:\laragon\www\Capstone-reco\system\Commands\Server\rewrite.php(43): require_once('C:\\laragon\\www\\...')
#6 {main}
CRITICAL - 2022-12-13 07:23:00 --> Division by zero
#0 C:\laragon\www\Capstone-reco\app\Controllers\ProfileController.php(98): CodeIgniter\Debug\Exceptions->errorHandler(2, 'Division by zer...', 'C:\\laragon\\www\\...', 98, Array)
#1 C:\laragon\www\Capstone-reco\system\CodeIgniter.php(832): App\Controllers\ProfileController->rates('12')
#2 C:\laragon\www\Capstone-reco\system\CodeIgniter.php(419): CodeIgniter\CodeIgniter->runController(Object(App\Controllers\ProfileController))
#3 C:\laragon\www\Capstone-reco\system\CodeIgniter.php(326): CodeIgniter\CodeIgniter->handleRequest(NULL, Object(Config\Cache), false)
#4 C:\laragon\www\Capstone-reco\public\index.php(37): CodeIgniter\CodeIgniter->run()
#5 C:\laragon\www\Capstone-reco\system\Commands\Server\rewrite.php(43): require_once('C:\\laragon\\www\\...')
#6 {main}
CRITICAL - 2022-12-13 07:24:37 --> Division by zero
#0 C:\laragon\www\Capstone-reco\app\Controllers\ProfileController.php(98): CodeIgniter\Debug\Exceptions->errorHandler(2, 'Division by zer...', 'C:\\laragon\\www\\...', 98, Array)
#1 C:\laragon\www\Capstone-reco\system\CodeIgniter.php(832): App\Controllers\ProfileController->rates('10')
#2 C:\laragon\www\Capstone-reco\system\CodeIgniter.php(419): CodeIgniter\CodeIgniter->runController(Object(App\Controllers\ProfileController))
#3 C:\laragon\www\Capstone-reco\system\CodeIgniter.php(326): CodeIgniter\CodeIgniter->handleRequest(NULL, Object(Config\Cache), false)
#4 C:\laragon\www\Capstone-reco\public\index.php(37): CodeIgniter\CodeIgniter->run()
#5 C:\laragon\www\Capstone-reco\system\Commands\Server\rewrite.php(43): require_once('C:\\laragon\\www\\...')
#6 {main}
CRITICAL - 2022-12-13 07:25:48 --> count(): Parameter must be an array or an object that implements Countable
#0 C:\laragon\www\Capstone-reco\app\Views\pasalubong_details.php(80): CodeIgniter\Debug\Exceptions->errorHandler(2, 'count(): Parame...', 'C:\\laragon\\www\\...', 80, Array)
#1 C:\laragon\www\Capstone-reco\system\View\View.php(210): include('C:\\laragon\\www\\...')
#2 C:\laragon\www\Capstone-reco\system\View\View.php(213): CodeIgniter\View\View->CodeIgniter\View\{closure}()
#3 C:\laragon\www\Capstone-reco\system\Common.php(1089): CodeIgniter\View\View->render('pasalubong_deta...', Array, true)
#4 C:\laragon\www\Capstone-reco\app\Controllers\PasalubongController.php(270): view('pasalubong_deta...', Array)
#5 C:\laragon\www\Capstone-reco\system\CodeIgniter.php(832): App\Controllers\PasalubongController->test4('397')
#6 C:\laragon\www\Capstone-reco\system\CodeIgniter.php(419): CodeIgniter\CodeIgniter->runController(Object(App\Controllers\PasalubongController))
#7 C:\laragon\www\Capstone-reco\system\CodeIgniter.php(326): CodeIgniter\CodeIgniter->handleRequest(NULL, Object(Config\Cache), false)
#8 C:\laragon\www\Capstone-reco\public\index.php(37): CodeIgniter\CodeIgniter->run()
#9 C:\laragon\www\Capstone-reco\system\Commands\Server\rewrite.php(43): require_once('C:\\laragon\\www\\...')
#10 {main}
CRITICAL - 2022-12-13 07:26:00 --> count(): Parameter must be an array or an object that implements Countable
#0 C:\laragon\www\Capstone-reco\app\Views\pasalubong_details.php(80): CodeIgniter\Debug\Exceptions->errorHandler(2, 'count(): Parame...', 'C:\\laragon\\www\\...', 80, Array)
#1 C:\laragon\www\Capstone-reco\system\View\View.php(210): include('C:\\laragon\\www\\...')
#2 C:\laragon\www\Capstone-reco\system\View\View.php(213): CodeIgniter\View\View->CodeIgniter\View\{closure}()
#3 C:\laragon\www\Capstone-reco\system\Common.php(1089): CodeIgniter\View\View->render('pasalubong_deta...', Array, true)
#4 C:\laragon\www\Capstone-reco\app\Controllers\PasalubongController.php(270): view('pasalubong_deta...', Array)
#5 C:\laragon\www\Capstone-reco\system\CodeIgniter.php(832): App\Controllers\PasalubongController->test4('396')
#6 C:\laragon\www\Capstone-reco\system\CodeIgniter.php(419): CodeIgniter\CodeIgniter->runController(Object(App\Controllers\PasalubongController))
#7 C:\laragon\www\Capstone-reco\system\CodeIgniter.php(326): CodeIgniter\CodeIgniter->handleRequest(NULL, Object(Config\Cache), false)
#8 C:\laragon\www\Capstone-reco\public\index.php(37): CodeIgniter\CodeIgniter->run()
#9 C:\laragon\www\Capstone-reco\system\Commands\Server\rewrite.php(43): require_once('C:\\laragon\\www\\...')
#10 {main}
CRITICAL - 2022-12-13 07:26:09 --> count(): Parameter must be an array or an object that implements Countable
#0 C:\laragon\www\Capstone-reco\app\Views\restaurant_details.php(81): CodeIgniter\Debug\Exceptions->errorHandler(2, 'count(): Parame...', 'C:\\laragon\\www\\...', 81, Array)
#1 C:\laragon\www\Capstone-reco\system\View\View.php(210): include('C:\\laragon\\www\\...')
#2 C:\laragon\www\Capstone-reco\system\View\View.php(213): CodeIgniter\View\View->CodeIgniter\View\{closure}()
#3 C:\laragon\www\Capstone-reco\system\Common.php(1089): CodeIgniter\View\View->render('restaurant_deta...', Array, true)
#4 C:\laragon\www\Capstone-reco\app\Controllers\RestaurantController.php(275): view('restaurant_deta...', Array)
#5 C:\laragon\www\Capstone-reco\system\CodeIgniter.php(832): App\Controllers\RestaurantController->test3('293')
#6 C:\laragon\www\Capstone-reco\system\CodeIgniter.php(419): CodeIgniter\CodeIgniter->runController(Object(App\Controllers\RestaurantController))
#7 C:\laragon\www\Capstone-reco\system\CodeIgniter.php(326): CodeIgniter\CodeIgniter->handleRequest(NULL, Object(Config\Cache), false)
#8 C:\laragon\www\Capstone-reco\public\index.php(37): CodeIgniter\CodeIgniter->run()
#9 C:\laragon\www\Capstone-reco\system\Commands\Server\rewrite.php(43): require_once('C:\\laragon\\www\\...')
#10 {main}
CRITICAL - 2022-12-13 07:26:55 --> count(): Parameter must be an array or an object that implements Countable
#0 C:\laragon\www\Capstone-reco\app\Views\restaurant_details.php(81): CodeIgniter\Debug\Exceptions->errorHandler(2, 'count(): Parame...', 'C:\\laragon\\www\\...', 81, Array)
#1 C:\laragon\www\Capstone-reco\system\View\View.php(210): include('C:\\laragon\\www\\...')
#2 C:\laragon\www\Capstone-reco\system\View\View.php(213): CodeIgniter\View\View->CodeIgniter\View\{closure}()
#3 C:\laragon\www\Capstone-reco\system\Common.php(1089): CodeIgniter\View\View->render('restaurant_deta...', Array, true)
#4 C:\laragon\www\Capstone-reco\app\Controllers\RestaurantController.php(275): view('restaurant_deta...', Array)
#5 C:\laragon\www\Capstone-reco\system\CodeIgniter.php(832): App\Controllers\RestaurantController->test3('295')
#6 C:\laragon\www\Capstone-reco\system\CodeIgniter.php(419): CodeIgniter\CodeIgniter->runController(Object(App\Controllers\RestaurantController))
#7 C:\laragon\www\Capstone-reco\system\CodeIgniter.php(326): CodeIgniter\CodeIgniter->handleRequest(NULL, Object(Config\Cache), false)
#8 C:\laragon\www\Capstone-reco\public\index.php(37): CodeIgniter\CodeIgniter->run()
#9 C:\laragon\www\Capstone-reco\system\Commands\Server\rewrite.php(43): require_once('C:\\laragon\\www\\...')
#10 {main}
CRITICAL - 2022-12-13 07:41:31 --> Division by zero
#0 C:\laragon\www\Capstone-reco\app\Controllers\ProfileController.php(98): CodeIgniter\Debug\Exceptions->errorHandler(2, 'Division by zer...', 'C:\\laragon\\www\\...', 98, Array)
#1 C:\laragon\www\Capstone-reco\system\CodeIgniter.php(832): App\Controllers\ProfileController->rates('123')
#2 C:\laragon\www\Capstone-reco\system\CodeIgniter.php(419): CodeIgniter\CodeIgniter->runController(Object(App\Controllers\ProfileController))
#3 C:\laragon\www\Capstone-reco\system\CodeIgniter.php(326): CodeIgniter\CodeIgniter->handleRequest(NULL, Object(Config\Cache), false)
#4 C:\laragon\www\Capstone-reco\public\index.php(37): CodeIgniter\CodeIgniter->run()
#5 C:\laragon\www\Capstone-reco\system\Commands\Server\rewrite.php(43): require_once('C:\\laragon\\www\\...')
#6 {main}
