CRITICAL - 2022-10-04 17:19:52 --> syntax error, unexpected 'endforeach' (T_ENDFOREACH), expecting end of file
#0 C:\laragon\www\Capstone-reco\system\View\View.php(213): CodeIgniter\View\View->CodeIgniter\View\{closure}()
#1 C:\laragon\www\Capstone-reco\system\Common.php(1089): CodeIgniter\View\View->render('destination_pag...', Array, true)
#2 C:\laragon\www\Capstone-reco\app\Controllers\DestinationController.php(68): view('destination_pag...', Array)
#3 C:\laragon\www\Capstone-reco\system\CodeIgniter.php(832): App\Controllers\DestinationController->morbaco()
#4 C:\laragon\www\Capstone-reco\system\CodeIgniter.php(419): CodeIgniter\CodeIgniter->runController(Object(App\Controllers\DestinationController))
#5 C:\laragon\www\Capstone-reco\system\CodeIgniter.php(326): CodeIgniter\CodeIgniter->handleRequest(NULL, Object(Config\Cache), false)
#6 C:\laragon\www\Capstone-reco\public\index.php(37): CodeIgniter\CodeIgniter->run()
#7 C:\laragon\www\Capstone-reco\system\Commands\Server\rewrite.php(43): require_once('C:\\laragon\\www\\...')
#8 {main}
CRITICAL - 2022-10-04 17:20:03 --> syntax error, unexpected 'endif' (T_ENDIF), expecting end of file
#0 C:\laragon\www\Capstone-reco\system\View\View.php(213): CodeIgniter\View\View->CodeIgniter\View\{closure}()
#1 C:\laragon\www\Capstone-reco\system\Common.php(1089): CodeIgniter\View\View->render('destination_pag...', Array, true)
#2 C:\laragon\www\Capstone-reco\app\Controllers\DestinationController.php(68): view('destination_pag...', Array)
#3 C:\laragon\www\Capstone-reco\system\CodeIgniter.php(832): App\Controllers\DestinationController->morbaco()
#4 C:\laragon\www\Capstone-reco\system\CodeIgniter.php(419): CodeIgniter\CodeIgniter->runController(Object(App\Controllers\DestinationController))
#5 C:\laragon\www\Capstone-reco\system\CodeIgniter.php(326): CodeIgniter\CodeIgniter->handleRequest(NULL, Object(Config\Cache), false)
#6 C:\laragon\www\Capstone-reco\public\index.php(37): CodeIgniter\CodeIgniter->run()
#7 C:\laragon\www\Capstone-reco\system\Commands\Server\rewrite.php(43): require_once('C:\\laragon\\www\\...')
#8 {main}
