CRITICAL - 2022-06-09 00:56:49 --> syntax error, unexpected end of file
#0 C:\laragon\www\eguide\system\View\View.php(213): CodeIgniter\View\View->CodeIgniter\View\{closure}()
#1 C:\laragon\www\eguide\system\Common.php(1089): CodeIgniter\View\View->render('destination_pag...', Array, true)
#2 C:\laragon\www\eguide\app\Controllers\DestinationController.php(35): view('destination_pag...', Array)
#3 C:\laragon\www\eguide\system\CodeIgniter.php(832): App\Controllers\DestinationController->morcal()
#4 C:\laragon\www\eguide\system\CodeIgniter.php(419): CodeIgniter\CodeIgniter->runController(Object(App\Controllers\DestinationController))
#5 C:\laragon\www\eguide\system\CodeIgniter.php(326): CodeIgniter\CodeIgniter->handleRequest(NULL, Object(Config\Cache), false)
#6 C:\laragon\www\eguide\public\index.php(37): CodeIgniter\CodeIgniter->run()
#7 C:\laragon\www\eguide\system\Commands\Server\rewrite.php(43): require_once('C:\\laragon\\www\\...')
#8 {main}
CRITICAL - 2022-06-09 06:01:18 --> Invalid argument supplied for foreach()
#0 C:\laragon\www\eguide\app\Views\destination.php(142): CodeIgniter\Debug\Exceptions->errorHandler(2, 'Invalid argumen...', 'C:\\laragon\\www\\...', 142, Array)
#1 C:\laragon\www\eguide\system\View\View.php(210): include('C:\\laragon\\www\\...')
#2 C:\laragon\www\eguide\system\View\View.php(213): CodeIgniter\View\View->CodeIgniter\View\{closure}()
#3 C:\laragon\www\eguide\system\Common.php(1089): CodeIgniter\View\View->render('destination', Array, true)
#4 C:\laragon\www\eguide\app\Controllers\DestinationController.php(23): view('destination')
#5 C:\laragon\www\eguide\system\CodeIgniter.php(832): App\Controllers\DestinationController->destination()
#6 C:\laragon\www\eguide\system\CodeIgniter.php(419): CodeIgniter\CodeIgniter->runController(Object(App\Controllers\DestinationController))
#7 C:\laragon\www\eguide\system\CodeIgniter.php(326): CodeIgniter\CodeIgniter->handleRequest(NULL, Object(Config\Cache), false)
#8 C:\laragon\www\eguide\public\index.php(37): CodeIgniter\CodeIgniter->run()
#9 C:\laragon\www\eguide\system\Commands\Server\rewrite.php(43): require_once('C:\\laragon\\www\\...')
#10 {main}
CRITICAL - 2022-06-09 06:02:02 --> Invalid argument supplied for foreach()
#0 C:\laragon\www\eguide\app\Views\destination.php(148): CodeIgniter\Debug\Exceptions->errorHandler(2, 'Invalid argumen...', 'C:\\laragon\\www\\...', 148, Array)
#1 C:\laragon\www\eguide\system\View\View.php(210): include('C:\\laragon\\www\\...')
#2 C:\laragon\www\eguide\system\View\View.php(213): CodeIgniter\View\View->CodeIgniter\View\{closure}()
#3 C:\laragon\www\eguide\system\Common.php(1089): CodeIgniter\View\View->render('destination', Array, true)
#4 C:\laragon\www\eguide\app\Controllers\DestinationController.php(23): view('destination')
#5 C:\laragon\www\eguide\system\CodeIgniter.php(832): App\Controllers\DestinationController->destination()
#6 C:\laragon\www\eguide\system\CodeIgniter.php(419): CodeIgniter\CodeIgniter->runController(Object(App\Controllers\DestinationController))
#7 C:\laragon\www\eguide\system\CodeIgniter.php(326): CodeIgniter\CodeIgniter->handleRequest(NULL, Object(Config\Cache), false)
#8 C:\laragon\www\eguide\public\index.php(37): CodeIgniter\CodeIgniter->run()
#9 C:\laragon\www\eguide\system\Commands\Server\rewrite.php(43): require_once('C:\\laragon\\www\\...')
#10 {main}
CRITICAL - 2022-06-09 06:02:03 --> Invalid argument supplied for foreach()
#0 C:\laragon\www\eguide\app\Views\destination.php(148): CodeIgniter\Debug\Exceptions->errorHandler(2, 'Invalid argumen...', 'C:\\laragon\\www\\...', 148, Array)
#1 C:\laragon\www\eguide\system\View\View.php(210): include('C:\\laragon\\www\\...')
#2 C:\laragon\www\eguide\system\View\View.php(213): CodeIgniter\View\View->CodeIgniter\View\{closure}()
#3 C:\laragon\www\eguide\system\Common.php(1089): CodeIgniter\View\View->render('destination', Array, true)
#4 C:\laragon\www\eguide\app\Controllers\DestinationController.php(23): view('destination')
#5 C:\laragon\www\eguide\system\CodeIgniter.php(832): App\Controllers\DestinationController->destination()
#6 C:\laragon\www\eguide\system\CodeIgniter.php(419): CodeIgniter\CodeIgniter->runController(Object(App\Controllers\DestinationController))
#7 C:\laragon\www\eguide\system\CodeIgniter.php(326): CodeIgniter\CodeIgniter->handleRequest(NULL, Object(Config\Cache), false)
#8 C:\laragon\www\eguide\public\index.php(37): CodeIgniter\CodeIgniter->run()
#9 C:\laragon\www\eguide\system\Commands\Server\rewrite.php(43): require_once('C:\\laragon\\www\\...')
#10 {main}
CRITICAL - 2022-06-09 06:02:30 --> Invalid argument supplied for foreach()
#0 C:\laragon\www\eguide\app\Views\destination.php(148): CodeIgniter\Debug\Exceptions->errorHandler(2, 'Invalid argumen...', 'C:\\laragon\\www\\...', 148, Array)
#1 C:\laragon\www\eguide\system\View\View.php(210): include('C:\\laragon\\www\\...')
#2 C:\laragon\www\eguide\system\View\View.php(213): CodeIgniter\View\View->CodeIgniter\View\{closure}()
#3 C:\laragon\www\eguide\system\Common.php(1089): CodeIgniter\View\View->render('destination', Array, true)
#4 C:\laragon\www\eguide\app\Controllers\DestinationController.php(23): view('destination')
#5 C:\laragon\www\eguide\system\CodeIgniter.php(832): App\Controllers\DestinationController->destination()
#6 C:\laragon\www\eguide\system\CodeIgniter.php(419): CodeIgniter\CodeIgniter->runController(Object(App\Controllers\DestinationController))
#7 C:\laragon\www\eguide\system\CodeIgniter.php(326): CodeIgniter\CodeIgniter->handleRequest(NULL, Object(Config\Cache), false)
#8 C:\laragon\www\eguide\public\index.php(37): CodeIgniter\CodeIgniter->run()
#9 C:\laragon\www\eguide\system\Commands\Server\rewrite.php(43): require_once('C:\\laragon\\www\\...')
#10 {main}
CRITICAL - 2022-06-09 06:15:04 --> Invalid argument supplied for foreach()
#0 C:\laragon\www\eguide\app\Views\destination.php(147): CodeIgniter\Debug\Exceptions->errorHandler(2, 'Invalid argumen...', 'C:\\laragon\\www\\...', 147, Array)
#1 C:\laragon\www\eguide\system\View\View.php(210): include('C:\\laragon\\www\\...')
#2 C:\laragon\www\eguide\system\View\View.php(213): CodeIgniter\View\View->CodeIgniter\View\{closure}()
#3 C:\laragon\www\eguide\system\Common.php(1089): CodeIgniter\View\View->render('destination', Array, true)
#4 C:\laragon\www\eguide\app\Controllers\DestinationController.php(23): view('destination')
#5 C:\laragon\www\eguide\system\CodeIgniter.php(832): App\Controllers\DestinationController->destination()
#6 C:\laragon\www\eguide\system\CodeIgniter.php(419): CodeIgniter\CodeIgniter->runController(Object(App\Controllers\DestinationController))
#7 C:\laragon\www\eguide\system\CodeIgniter.php(326): CodeIgniter\CodeIgniter->handleRequest(NULL, Object(Config\Cache), false)
#8 C:\laragon\www\eguide\public\index.php(37): CodeIgniter\CodeIgniter->run()
#9 C:\laragon\www\eguide\system\Commands\Server\rewrite.php(43): require_once('C:\\laragon\\www\\...')
#10 {main}
CRITICAL - 2022-06-09 06:15:20 --> Invalid argument supplied for foreach()
#0 C:\laragon\www\eguide\app\Views\destination.php(147): CodeIgniter\Debug\Exceptions->errorHandler(2, 'Invalid argumen...', 'C:\\laragon\\www\\...', 147, Array)
#1 C:\laragon\www\eguide\system\View\View.php(210): include('C:\\laragon\\www\\...')
#2 C:\laragon\www\eguide\system\View\View.php(213): CodeIgniter\View\View->CodeIgniter\View\{closure}()
#3 C:\laragon\www\eguide\system\Common.php(1089): CodeIgniter\View\View->render('destination', Array, true)
#4 C:\laragon\www\eguide\app\Controllers\DestinationController.php(23): view('destination')
#5 C:\laragon\www\eguide\system\CodeIgniter.php(832): App\Controllers\DestinationController->destination()
#6 C:\laragon\www\eguide\system\CodeIgniter.php(419): CodeIgniter\CodeIgniter->runController(Object(App\Controllers\DestinationController))
#7 C:\laragon\www\eguide\system\CodeIgniter.php(326): CodeIgniter\CodeIgniter->handleRequest(NULL, Object(Config\Cache), false)
#8 C:\laragon\www\eguide\public\index.php(37): CodeIgniter\CodeIgniter->run()
#9 C:\laragon\www\eguide\system\Commands\Server\rewrite.php(43): require_once('C:\\laragon\\www\\...')
#10 {main}
CRITICAL - 2022-06-09 06:22:32 --> Invalid argument supplied for foreach()
#0 C:\laragon\www\eguide\app\Views\destination.php(147): CodeIgniter\Debug\Exceptions->errorHandler(2, 'Invalid argumen...', 'C:\\laragon\\www\\...', 147, Array)
#1 C:\laragon\www\eguide\system\View\View.php(210): include('C:\\laragon\\www\\...')
#2 C:\laragon\www\eguide\system\View\View.php(213): CodeIgniter\View\View->CodeIgniter\View\{closure}()
#3 C:\laragon\www\eguide\system\Common.php(1089): CodeIgniter\View\View->render('destination', Array, true)
#4 C:\laragon\www\eguide\app\Controllers\DestinationController.php(23): view('destination')
#5 C:\laragon\www\eguide\system\CodeIgniter.php(832): App\Controllers\DestinationController->destination()
#6 C:\laragon\www\eguide\system\CodeIgniter.php(419): CodeIgniter\CodeIgniter->runController(Object(App\Controllers\DestinationController))
#7 C:\laragon\www\eguide\system\CodeIgniter.php(326): CodeIgniter\CodeIgniter->handleRequest(NULL, Object(Config\Cache), false)
#8 C:\laragon\www\eguide\public\index.php(37): CodeIgniter\CodeIgniter->run()
#9 C:\laragon\www\eguide\system\Commands\Server\rewrite.php(43): require_once('C:\\laragon\\www\\...')
#10 {main}
CRITICAL - 2022-06-09 06:22:45 --> Invalid argument supplied for foreach()
#0 C:\laragon\www\eguide\app\Views\destination.php(147): CodeIgniter\Debug\Exceptions->errorHandler(2, 'Invalid argumen...', 'C:\\laragon\\www\\...', 147, Array)
#1 C:\laragon\www\eguide\system\View\View.php(210): include('C:\\laragon\\www\\...')
#2 C:\laragon\www\eguide\system\View\View.php(213): CodeIgniter\View\View->CodeIgniter\View\{closure}()
#3 C:\laragon\www\eguide\system\Common.php(1089): CodeIgniter\View\View->render('destination', Array, true)
#4 C:\laragon\www\eguide\app\Controllers\DestinationController.php(23): view('destination')
#5 C:\laragon\www\eguide\system\CodeIgniter.php(832): App\Controllers\DestinationController->destination()
#6 C:\laragon\www\eguide\system\CodeIgniter.php(419): CodeIgniter\CodeIgniter->runController(Object(App\Controllers\DestinationController))
#7 C:\laragon\www\eguide\system\CodeIgniter.php(326): CodeIgniter\CodeIgniter->handleRequest(NULL, Object(Config\Cache), false)
#8 C:\laragon\www\eguide\public\index.php(37): CodeIgniter\CodeIgniter->run()
#9 C:\laragon\www\eguide\system\Commands\Server\rewrite.php(43): require_once('C:\\laragon\\www\\...')
#10 {main}
CRITICAL - 2022-06-09 06:23:04 --> Invalid argument supplied for foreach()
#0 C:\laragon\www\eguide\app\Views\destination.php(147): CodeIgniter\Debug\Exceptions->errorHandler(2, 'Invalid argumen...', 'C:\\laragon\\www\\...', 147, Array)
#1 C:\laragon\www\eguide\system\View\View.php(210): include('C:\\laragon\\www\\...')
#2 C:\laragon\www\eguide\system\View\View.php(213): CodeIgniter\View\View->CodeIgniter\View\{closure}()
#3 C:\laragon\www\eguide\system\Common.php(1089): CodeIgniter\View\View->render('destination', Array, true)
#4 C:\laragon\www\eguide\app\Controllers\DestinationController.php(23): view('destination')
#5 C:\laragon\www\eguide\system\CodeIgniter.php(832): App\Controllers\DestinationController->destination()
#6 C:\laragon\www\eguide\system\CodeIgniter.php(419): CodeIgniter\CodeIgniter->runController(Object(App\Controllers\DestinationController))
#7 C:\laragon\www\eguide\system\CodeIgniter.php(326): CodeIgniter\CodeIgniter->handleRequest(NULL, Object(Config\Cache), false)
#8 C:\laragon\www\eguide\public\index.php(37): CodeIgniter\CodeIgniter->run()
#9 C:\laragon\www\eguide\system\Commands\Server\rewrite.php(43): require_once('C:\\laragon\\www\\...')
#10 {main}
CRITICAL - 2022-06-09 06:35:44 --> Invalid argument supplied for foreach()
#0 C:\laragon\www\eguide\app\Views\destination.php(147): CodeIgniter\Debug\Exceptions->errorHandler(2, 'Invalid argumen...', 'C:\\laragon\\www\\...', 147, Array)
#1 C:\laragon\www\eguide\system\View\View.php(210): include('C:\\laragon\\www\\...')
#2 C:\laragon\www\eguide\system\View\View.php(213): CodeIgniter\View\View->CodeIgniter\View\{closure}()
#3 C:\laragon\www\eguide\system\Common.php(1089): CodeIgniter\View\View->render('destination', Array, true)
#4 C:\laragon\www\eguide\app\Controllers\DestinationController.php(23): view('destination')
#5 C:\laragon\www\eguide\system\CodeIgniter.php(832): App\Controllers\DestinationController->destination()
#6 C:\laragon\www\eguide\system\CodeIgniter.php(419): CodeIgniter\CodeIgniter->runController(Object(App\Controllers\DestinationController))
#7 C:\laragon\www\eguide\system\CodeIgniter.php(326): CodeIgniter\CodeIgniter->handleRequest(NULL, Object(Config\Cache), false)
#8 C:\laragon\www\eguide\public\index.php(37): CodeIgniter\CodeIgniter->run()
#9 C:\laragon\www\eguide\system\Commands\Server\rewrite.php(43): require_once('C:\\laragon\\www\\...')
#10 {main}
CRITICAL - 2022-06-09 06:36:34 --> Invalid argument supplied for foreach()
#0 C:\laragon\www\eguide\app\Views\destination.php(147): CodeIgniter\Debug\Exceptions->errorHandler(2, 'Invalid argumen...', 'C:\\laragon\\www\\...', 147, Array)
#1 C:\laragon\www\eguide\system\View\View.php(210): include('C:\\laragon\\www\\...')
#2 C:\laragon\www\eguide\system\View\View.php(213): CodeIgniter\View\View->CodeIgniter\View\{closure}()
#3 C:\laragon\www\eguide\system\Common.php(1089): CodeIgniter\View\View->render('destination', Array, true)
#4 C:\laragon\www\eguide\app\Controllers\DestinationController.php(23): view('destination')
#5 C:\laragon\www\eguide\system\CodeIgniter.php(832): App\Controllers\DestinationController->destination()
#6 C:\laragon\www\eguide\system\CodeIgniter.php(419): CodeIgniter\CodeIgniter->runController(Object(App\Controllers\DestinationController))
#7 C:\laragon\www\eguide\system\CodeIgniter.php(326): CodeIgniter\CodeIgniter->handleRequest(NULL, Object(Config\Cache), false)
#8 C:\laragon\www\eguide\public\index.php(37): CodeIgniter\CodeIgniter->run()
#9 C:\laragon\www\eguide\system\Commands\Server\rewrite.php(43): require_once('C:\\laragon\\www\\...')
#10 {main}
CRITICAL - 2022-06-09 06:36:36 --> Invalid argument supplied for foreach()
#0 C:\laragon\www\eguide\app\Views\homepage.php(429): CodeIgniter\Debug\Exceptions->errorHandler(2, 'Invalid argumen...', 'C:\\laragon\\www\\...', 429, Array)
#1 C:\laragon\www\eguide\system\View\View.php(210): include('C:\\laragon\\www\\...')
#2 C:\laragon\www\eguide\system\View\View.php(213): CodeIgniter\View\View->CodeIgniter\View\{closure}()
#3 C:\laragon\www\eguide\system\Common.php(1089): CodeIgniter\View\View->render('homepage', Array, true)
#4 C:\laragon\www\eguide\app\Controllers\ProfileController.php(18): view('homepage', Array)
#5 C:\laragon\www\eguide\system\CodeIgniter.php(832): App\Controllers\ProfileController->index()
#6 C:\laragon\www\eguide\system\CodeIgniter.php(419): CodeIgniter\CodeIgniter->runController(Object(App\Controllers\ProfileController))
#7 C:\laragon\www\eguide\system\CodeIgniter.php(326): CodeIgniter\CodeIgniter->handleRequest(NULL, Object(Config\Cache), false)
#8 C:\laragon\www\eguide\public\index.php(37): CodeIgniter\CodeIgniter->run()
#9 C:\laragon\www\eguide\system\Commands\Server\rewrite.php(43): require_once('C:\\laragon\\www\\...')
#10 {main}
CRITICAL - 2022-06-09 06:36:57 --> Invalid argument supplied for foreach()
#0 C:\laragon\www\eguide\app\Views\destination.php(147): CodeIgniter\Debug\Exceptions->errorHandler(2, 'Invalid argumen...', 'C:\\laragon\\www\\...', 147, Array)
#1 C:\laragon\www\eguide\system\View\View.php(210): include('C:\\laragon\\www\\...')
#2 C:\laragon\www\eguide\system\View\View.php(213): CodeIgniter\View\View->CodeIgniter\View\{closure}()
#3 C:\laragon\www\eguide\system\Common.php(1089): CodeIgniter\View\View->render('destination', Array, true)
#4 C:\laragon\www\eguide\app\Controllers\DestinationController.php(23): view('destination')
#5 C:\laragon\www\eguide\system\CodeIgniter.php(832): App\Controllers\DestinationController->destination()
#6 C:\laragon\www\eguide\system\CodeIgniter.php(419): CodeIgniter\CodeIgniter->runController(Object(App\Controllers\DestinationController))
#7 C:\laragon\www\eguide\system\CodeIgniter.php(326): CodeIgniter\CodeIgniter->handleRequest(NULL, Object(Config\Cache), false)
#8 C:\laragon\www\eguide\public\index.php(37): CodeIgniter\CodeIgniter->run()
#9 C:\laragon\www\eguide\system\Commands\Server\rewrite.php(43): require_once('C:\\laragon\\www\\...')
#10 {main}
CRITICAL - 2022-06-09 06:37:45 --> Invalid argument supplied for foreach()
#0 C:\laragon\www\eguide\app\Views\destination.php(147): CodeIgniter\Debug\Exceptions->errorHandler(2, 'Invalid argumen...', 'C:\\laragon\\www\\...', 147, Array)
#1 C:\laragon\www\eguide\system\View\View.php(210): include('C:\\laragon\\www\\...')
#2 C:\laragon\www\eguide\system\View\View.php(213): CodeIgniter\View\View->CodeIgniter\View\{closure}()
#3 C:\laragon\www\eguide\system\Common.php(1089): CodeIgniter\View\View->render('destination', Array, true)
#4 C:\laragon\www\eguide\app\Controllers\DestinationController.php(23): view('destination')
#5 C:\laragon\www\eguide\system\CodeIgniter.php(832): App\Controllers\DestinationController->destination()
#6 C:\laragon\www\eguide\system\CodeIgniter.php(419): CodeIgniter\CodeIgniter->runController(Object(App\Controllers\DestinationController))
#7 C:\laragon\www\eguide\system\CodeIgniter.php(326): CodeIgniter\CodeIgniter->handleRequest(NULL, Object(Config\Cache), false)
#8 C:\laragon\www\eguide\public\index.php(37): CodeIgniter\CodeIgniter->run()
#9 C:\laragon\www\eguide\system\Commands\Server\rewrite.php(43): require_once('C:\\laragon\\www\\...')
#10 {main}
CRITICAL - 2022-06-09 06:37:48 --> Invalid argument supplied for foreach()
#0 C:\laragon\www\eguide\app\Views\destination.php(147): CodeIgniter\Debug\Exceptions->errorHandler(2, 'Invalid argumen...', 'C:\\laragon\\www\\...', 147, Array)
#1 C:\laragon\www\eguide\system\View\View.php(210): include('C:\\laragon\\www\\...')
#2 C:\laragon\www\eguide\system\View\View.php(213): CodeIgniter\View\View->CodeIgniter\View\{closure}()
#3 C:\laragon\www\eguide\system\Common.php(1089): CodeIgniter\View\View->render('destination', Array, true)
#4 C:\laragon\www\eguide\app\Controllers\DestinationController.php(23): view('destination')
#5 C:\laragon\www\eguide\system\CodeIgniter.php(832): App\Controllers\DestinationController->destination()
#6 C:\laragon\www\eguide\system\CodeIgniter.php(419): CodeIgniter\CodeIgniter->runController(Object(App\Controllers\DestinationController))
#7 C:\laragon\www\eguide\system\CodeIgniter.php(326): CodeIgniter\CodeIgniter->handleRequest(NULL, Object(Config\Cache), false)
#8 C:\laragon\www\eguide\public\index.php(37): CodeIgniter\CodeIgniter->run()
#9 C:\laragon\www\eguide\system\Commands\Server\rewrite.php(43): require_once('C:\\laragon\\www\\...')
#10 {main}
CRITICAL - 2022-06-09 06:40:00 --> Invalid argument supplied for foreach()
#0 C:\laragon\www\eguide\app\Views\destination.php(147): CodeIgniter\Debug\Exceptions->errorHandler(2, 'Invalid argumen...', 'C:\\laragon\\www\\...', 147, Array)
#1 C:\laragon\www\eguide\system\View\View.php(210): include('C:\\laragon\\www\\...')
#2 C:\laragon\www\eguide\system\View\View.php(213): CodeIgniter\View\View->CodeIgniter\View\{closure}()
#3 C:\laragon\www\eguide\system\Common.php(1089): CodeIgniter\View\View->render('destination', Array, true)
#4 C:\laragon\www\eguide\app\Controllers\DestinationController.php(23): view('destination')
#5 C:\laragon\www\eguide\system\CodeIgniter.php(832): App\Controllers\DestinationController->destination()
#6 C:\laragon\www\eguide\system\CodeIgniter.php(419): CodeIgniter\CodeIgniter->runController(Object(App\Controllers\DestinationController))
#7 C:\laragon\www\eguide\system\CodeIgniter.php(326): CodeIgniter\CodeIgniter->handleRequest(NULL, Object(Config\Cache), false)
#8 C:\laragon\www\eguide\public\index.php(37): CodeIgniter\CodeIgniter->run()
#9 C:\laragon\www\eguide\system\Commands\Server\rewrite.php(43): require_once('C:\\laragon\\www\\...')
#10 {main}
CRITICAL - 2022-06-09 06:40:01 --> Invalid argument supplied for foreach()
#0 C:\laragon\www\eguide\app\Views\destination.php(147): CodeIgniter\Debug\Exceptions->errorHandler(2, 'Invalid argumen...', 'C:\\laragon\\www\\...', 147, Array)
#1 C:\laragon\www\eguide\system\View\View.php(210): include('C:\\laragon\\www\\...')
#2 C:\laragon\www\eguide\system\View\View.php(213): CodeIgniter\View\View->CodeIgniter\View\{closure}()
#3 C:\laragon\www\eguide\system\Common.php(1089): CodeIgniter\View\View->render('destination', Array, true)
#4 C:\laragon\www\eguide\app\Controllers\DestinationController.php(23): view('destination')
#5 C:\laragon\www\eguide\system\CodeIgniter.php(832): App\Controllers\DestinationController->destination()
#6 C:\laragon\www\eguide\system\CodeIgniter.php(419): CodeIgniter\CodeIgniter->runController(Object(App\Controllers\DestinationController))
#7 C:\laragon\www\eguide\system\CodeIgniter.php(326): CodeIgniter\CodeIgniter->handleRequest(NULL, Object(Config\Cache), false)
#8 C:\laragon\www\eguide\public\index.php(37): CodeIgniter\CodeIgniter->run()
#9 C:\laragon\www\eguide\system\Commands\Server\rewrite.php(43): require_once('C:\\laragon\\www\\...')
#10 {main}
CRITICAL - 2022-06-09 08:01:33 --> Invalid file: destination.php
#0 C:\laragon\www\eguide\system\View\View.php(198): CodeIgniter\Exceptions\FrameworkException::forInvalidFile('destination.php')
#1 C:\laragon\www\eguide\system\Common.php(1089): CodeIgniter\View\View->render('destination', Array, true)
#2 C:\laragon\www\eguide\app\Controllers\DestinationController.php(23): view('destination')
#3 C:\laragon\www\eguide\system\CodeIgniter.php(832): App\Controllers\DestinationController->destination()
#4 C:\laragon\www\eguide\system\CodeIgniter.php(419): CodeIgniter\CodeIgniter->runController(Object(App\Controllers\DestinationController))
#5 C:\laragon\www\eguide\system\CodeIgniter.php(326): CodeIgniter\CodeIgniter->handleRequest(NULL, Object(Config\Cache), false)
#6 C:\laragon\www\eguide\public\index.php(37): CodeIgniter\CodeIgniter->run()
#7 C:\laragon\www\eguide\system\Commands\Server\rewrite.php(43): require_once('C:\\laragon\\www\\...')
#8 {main}
CRITICAL - 2022-06-09 08:01:46 --> Invalid file: destination.php
#0 C:\laragon\www\eguide\system\View\View.php(198): CodeIgniter\Exceptions\FrameworkException::forInvalidFile('destination.php')
#1 C:\laragon\www\eguide\system\Common.php(1089): CodeIgniter\View\View->render('destination', Array, true)
#2 C:\laragon\www\eguide\app\Controllers\DestinationController.php(23): view('destination')
#3 C:\laragon\www\eguide\system\CodeIgniter.php(832): App\Controllers\DestinationController->destination()
#4 C:\laragon\www\eguide\system\CodeIgniter.php(419): CodeIgniter\CodeIgniter->runController(Object(App\Controllers\DestinationController))
#5 C:\laragon\www\eguide\system\CodeIgniter.php(326): CodeIgniter\CodeIgniter->handleRequest(NULL, Object(Config\Cache), false)
#6 C:\laragon\www\eguide\public\index.php(37): CodeIgniter\CodeIgniter->run()
#7 C:\laragon\www\eguide\system\Commands\Server\rewrite.php(43): require_once('C:\\laragon\\www\\...')
#8 {main}
CRITICAL - 2022-06-09 08:01:49 --> Invalid file: destination.php
#0 C:\laragon\www\eguide\system\View\View.php(198): CodeIgniter\Exceptions\FrameworkException::forInvalidFile('destination.php')
#1 C:\laragon\www\eguide\system\Common.php(1089): CodeIgniter\View\View->render('destination', Array, true)
#2 C:\laragon\www\eguide\app\Controllers\DestinationController.php(23): view('destination')
#3 C:\laragon\www\eguide\system\CodeIgniter.php(832): App\Controllers\DestinationController->destination()
#4 C:\laragon\www\eguide\system\CodeIgniter.php(419): CodeIgniter\CodeIgniter->runController(Object(App\Controllers\DestinationController))
#5 C:\laragon\www\eguide\system\CodeIgniter.php(326): CodeIgniter\CodeIgniter->handleRequest(NULL, Object(Config\Cache), false)
#6 C:\laragon\www\eguide\public\index.php(37): CodeIgniter\CodeIgniter->run()
#7 C:\laragon\www\eguide\system\Commands\Server\rewrite.php(43): require_once('C:\\laragon\\www\\...')
#8 {main}
CRITICAL - 2022-06-09 08:03:49 --> Invalid file: destination.php
#0 C:\laragon\www\eguide\system\View\View.php(198): CodeIgniter\Exceptions\FrameworkException::forInvalidFile('destination.php')
#1 C:\laragon\www\eguide\system\Common.php(1089): CodeIgniter\View\View->render('destination', Array, true)
#2 C:\laragon\www\eguide\app\Controllers\ProfileController.php(31): view('destination', Array)
#3 C:\laragon\www\eguide\system\CodeIgniter.php(832): App\Controllers\ProfileController->destination()
#4 C:\laragon\www\eguide\system\CodeIgniter.php(419): CodeIgniter\CodeIgniter->runController(Object(App\Controllers\ProfileController))
#5 C:\laragon\www\eguide\system\CodeIgniter.php(326): CodeIgniter\CodeIgniter->handleRequest(NULL, Object(Config\Cache), false)
#6 C:\laragon\www\eguide\public\index.php(37): CodeIgniter\CodeIgniter->run()
#7 C:\laragon\www\eguide\system\Commands\Server\rewrite.php(43): require_once('C:\\laragon\\www\\...')
#8 {main}
