CRITICAL - 2022-05-30 06:10:52 --> Invalid argument supplied for foreach()
#0 C:\laragon\www\Capstone\app\Views\destination_details.php(120): CodeIgniter\Debug\Exceptions->errorHandler(2, 'Invalid argumen...', 'C:\\laragon\\www\\...', 120, Array)
#1 C:\laragon\www\Capstone\system\View\View.php(210): include('C:\\laragon\\www\\...')
#2 C:\laragon\www\Capstone\system\View\View.php(213): CodeIgniter\View\View->CodeIgniter\View\{closure}()
#3 C:\laragon\www\Capstone\system\Common.php(1089): CodeIgniter\View\View->render('destination_det...', Array, true)
#4 C:\laragon\www\Capstone\app\Controllers\ProfileController.php(32): view('destination_det...', Array)
#5 C:\laragon\www\Capstone\system\CodeIgniter.php(832): App\Controllers\ProfileController->test('6')
#6 C:\laragon\www\Capstone\system\CodeIgniter.php(419): CodeIgniter\CodeIgniter->runController(Object(App\Controllers\ProfileController))
#7 C:\laragon\www\Capstone\system\CodeIgniter.php(326): CodeIgniter\CodeIgniter->handleRequest(NULL, Object(Config\Cache), false)
#8 C:\laragon\www\Capstone\public\index.php(37): CodeIgniter\CodeIgniter->run()
#9 C:\laragon\www\Capstone\system\Commands\Server\rewrite.php(43): require_once('C:\\laragon\\www\\...')
#10 {main}
CRITICAL - 2022-05-30 06:16:51 --> Call to a member function where() on null
#0 C:\laragon\www\Capstone\system\CodeIgniter.php(832): App\Controllers\ProfileController->test('7')
#1 C:\laragon\www\Capstone\system\CodeIgniter.php(419): CodeIgniter\CodeIgniter->runController(Object(App\Controllers\ProfileController))
#2 C:\laragon\www\Capstone\system\CodeIgniter.php(326): CodeIgniter\CodeIgniter->handleRequest(NULL, Object(Config\Cache), false)
#3 C:\laragon\www\Capstone\public\index.php(37): CodeIgniter\CodeIgniter->run()
#4 C:\laragon\www\Capstone\system\Commands\Server\rewrite.php(43): require_once('C:\\laragon\\www\\...')
#5 {main}
CRITICAL - 2022-05-30 06:17:09 --> Call to a member function where() on null
#0 C:\laragon\www\Capstone\system\CodeIgniter.php(832): App\Controllers\ProfileController->test('7')
#1 C:\laragon\www\Capstone\system\CodeIgniter.php(419): CodeIgniter\CodeIgniter->runController(Object(App\Controllers\ProfileController))
#2 C:\laragon\www\Capstone\system\CodeIgniter.php(326): CodeIgniter\CodeIgniter->handleRequest(NULL, Object(Config\Cache), false)
#3 C:\laragon\www\Capstone\public\index.php(37): CodeIgniter\CodeIgniter->run()
#4 C:\laragon\www\Capstone\system\Commands\Server\rewrite.php(43): require_once('C:\\laragon\\www\\...')
#5 {main}
CRITICAL - 2022-05-30 06:17:16 --> Call to a member function where() on null
#0 C:\laragon\www\Capstone\system\CodeIgniter.php(832): App\Controllers\ProfileController->test('7')
#1 C:\laragon\www\Capstone\system\CodeIgniter.php(419): CodeIgniter\CodeIgniter->runController(Object(App\Controllers\ProfileController))
#2 C:\laragon\www\Capstone\system\CodeIgniter.php(326): CodeIgniter\CodeIgniter->handleRequest(NULL, Object(Config\Cache), false)
#3 C:\laragon\www\Capstone\public\index.php(37): CodeIgniter\CodeIgniter->run()
#4 C:\laragon\www\Capstone\system\Commands\Server\rewrite.php(43): require_once('C:\\laragon\\www\\...')
#5 {main}
CRITICAL - 2022-05-30 06:17:28 --> Call to a member function where() on null
#0 C:\laragon\www\Capstone\system\CodeIgniter.php(832): App\Controllers\ProfileController->test('7')
#1 C:\laragon\www\Capstone\system\CodeIgniter.php(419): CodeIgniter\CodeIgniter->runController(Object(App\Controllers\ProfileController))
#2 C:\laragon\www\Capstone\system\CodeIgniter.php(326): CodeIgniter\CodeIgniter->handleRequest(NULL, Object(Config\Cache), false)
#3 C:\laragon\www\Capstone\public\index.php(37): CodeIgniter\CodeIgniter->run()
#4 C:\laragon\www\Capstone\system\Commands\Server\rewrite.php(43): require_once('C:\\laragon\\www\\...')
#5 {main}
CRITICAL - 2022-05-30 06:17:38 --> Call to a member function where() on null
#0 C:\laragon\www\Capstone\system\CodeIgniter.php(832): App\Controllers\ProfileController->test('7')
#1 C:\laragon\www\Capstone\system\CodeIgniter.php(419): CodeIgniter\CodeIgniter->runController(Object(App\Controllers\ProfileController))
#2 C:\laragon\www\Capstone\system\CodeIgniter.php(326): CodeIgniter\CodeIgniter->handleRequest(NULL, Object(Config\Cache), false)
#3 C:\laragon\www\Capstone\public\index.php(37): CodeIgniter\CodeIgniter->run()
#4 C:\laragon\www\Capstone\system\Commands\Server\rewrite.php(43): require_once('C:\\laragon\\www\\...')
#5 {main}
CRITICAL - 2022-05-30 06:38:17 --> syntax error, unexpected ')', expecting ';' or ','
#0 C:\laragon\www\Capstone\system\View\View.php(213): CodeIgniter\View\View->CodeIgniter\View\{closure}()
#1 C:\laragon\www\Capstone\system\Common.php(1089): CodeIgniter\View\View->render('destination_det...', Array, true)
#2 C:\laragon\www\Capstone\app\Controllers\ProfileController.php(31): view('destination_det...', Array)
#3 C:\laragon\www\Capstone\system\CodeIgniter.php(832): App\Controllers\ProfileController->test('11')
#4 C:\laragon\www\Capstone\system\CodeIgniter.php(419): CodeIgniter\CodeIgniter->runController(Object(App\Controllers\ProfileController))
#5 C:\laragon\www\Capstone\system\CodeIgniter.php(326): CodeIgniter\CodeIgniter->handleRequest(NULL, Object(Config\Cache), false)
#6 C:\laragon\www\Capstone\public\index.php(37): CodeIgniter\CodeIgniter->run()
#7 C:\laragon\www\Capstone\system\Commands\Server\rewrite.php(43): require_once('C:\\laragon\\www\\...')
#8 {main}
CRITICAL - 2022-05-30 06:47:03 --> syntax error, unexpected '"?>')'"' (T_CONSTANT_ENCAPSED_STRING), expecting identifier (T_STRING)
#0 C:\laragon\www\Capstone\system\View\View.php(213): CodeIgniter\View\View->CodeIgniter\View\{closure}()
#1 C:\laragon\www\Capstone\system\Common.php(1089): CodeIgniter\View\View->render('destination_det...', Array, true)
#2 C:\laragon\www\Capstone\app\Controllers\ProfileController.php(31): view('destination_det...', Array)
#3 C:\laragon\www\Capstone\system\CodeIgniter.php(832): App\Controllers\ProfileController->test('11')
#4 C:\laragon\www\Capstone\system\CodeIgniter.php(419): CodeIgniter\CodeIgniter->runController(Object(App\Controllers\ProfileController))
#5 C:\laragon\www\Capstone\system\CodeIgniter.php(326): CodeIgniter\CodeIgniter->handleRequest(NULL, Object(Config\Cache), false)
#6 C:\laragon\www\Capstone\public\index.php(37): CodeIgniter\CodeIgniter->run()
#7 C:\laragon\www\Capstone\system\Commands\Server\rewrite.php(43): require_once('C:\\laragon\\www\\...')
#8 {main}
CRITICAL - 2022-05-30 06:47:33 --> syntax error, unexpected '"?>')'"' (T_CONSTANT_ENCAPSED_STRING), expecting identifier (T_STRING)
#0 C:\laragon\www\Capstone\system\View\View.php(213): CodeIgniter\View\View->CodeIgniter\View\{closure}()
#1 C:\laragon\www\Capstone\system\Common.php(1089): CodeIgniter\View\View->render('destination_det...', Array, true)
#2 C:\laragon\www\Capstone\app\Controllers\ProfileController.php(31): view('destination_det...', Array)
#3 C:\laragon\www\Capstone\system\CodeIgniter.php(832): App\Controllers\ProfileController->test('11')
#4 C:\laragon\www\Capstone\system\CodeIgniter.php(419): CodeIgniter\CodeIgniter->runController(Object(App\Controllers\ProfileController))
#5 C:\laragon\www\Capstone\system\CodeIgniter.php(326): CodeIgniter\CodeIgniter->handleRequest(NULL, Object(Config\Cache), false)
#6 C:\laragon\www\Capstone\public\index.php(37): CodeIgniter\CodeIgniter->run()
#7 C:\laragon\www\Capstone\system\Commands\Server\rewrite.php(43): require_once('C:\\laragon\\www\\...')
#8 {main}
CRITICAL - 2022-05-30 06:47:38 --> syntax error, unexpected '"?>')'"' (T_CONSTANT_ENCAPSED_STRING), expecting identifier (T_STRING)
#0 C:\laragon\www\Capstone\system\View\View.php(213): CodeIgniter\View\View->CodeIgniter\View\{closure}()
#1 C:\laragon\www\Capstone\system\Common.php(1089): CodeIgniter\View\View->render('destination_det...', Array, true)
#2 C:\laragon\www\Capstone\app\Controllers\ProfileController.php(31): view('destination_det...', Array)
#3 C:\laragon\www\Capstone\system\CodeIgniter.php(832): App\Controllers\ProfileController->test('11')
#4 C:\laragon\www\Capstone\system\CodeIgniter.php(419): CodeIgniter\CodeIgniter->runController(Object(App\Controllers\ProfileController))
#5 C:\laragon\www\Capstone\system\CodeIgniter.php(326): CodeIgniter\CodeIgniter->handleRequest(NULL, Object(Config\Cache), false)
#6 C:\laragon\www\Capstone\public\index.php(37): CodeIgniter\CodeIgniter->run()
#7 C:\laragon\www\Capstone\system\Commands\Server\rewrite.php(43): require_once('C:\\laragon\\www\\...')
#8 {main}
CRITICAL - 2022-05-30 06:47:56 --> syntax error, unexpected '"?>')'"' (T_CONSTANT_ENCAPSED_STRING), expecting identifier (T_STRING)
#0 C:\laragon\www\Capstone\system\View\View.php(213): CodeIgniter\View\View->CodeIgniter\View\{closure}()
#1 C:\laragon\www\Capstone\system\Common.php(1089): CodeIgniter\View\View->render('destination_det...', Array, true)
#2 C:\laragon\www\Capstone\app\Controllers\ProfileController.php(31): view('destination_det...', Array)
#3 C:\laragon\www\Capstone\system\CodeIgniter.php(832): App\Controllers\ProfileController->test('11')
#4 C:\laragon\www\Capstone\system\CodeIgniter.php(419): CodeIgniter\CodeIgniter->runController(Object(App\Controllers\ProfileController))
#5 C:\laragon\www\Capstone\system\CodeIgniter.php(326): CodeIgniter\CodeIgniter->handleRequest(NULL, Object(Config\Cache), false)
#6 C:\laragon\www\Capstone\public\index.php(37): CodeIgniter\CodeIgniter->run()
#7 C:\laragon\www\Capstone\system\Commands\Server\rewrite.php(43): require_once('C:\\laragon\\www\\...')
#8 {main}
CRITICAL - 2022-05-30 10:10:56 --> syntax error, unexpected ''im/destination/'' (T_CONSTANT_ENCAPSED_STRING), expecting ';' or ','
#0 C:\laragon\www\Capstone\system\View\View.php(213): CodeIgniter\View\View->CodeIgniter\View\{closure}()
#1 C:\laragon\www\Capstone\system\Common.php(1089): CodeIgniter\View\View->render('destination_det...', Array, true)
#2 C:\laragon\www\Capstone\app\Controllers\ProfileController.php(31): view('destination_det...', Array)
#3 C:\laragon\www\Capstone\system\CodeIgniter.php(832): App\Controllers\ProfileController->test('6')
#4 C:\laragon\www\Capstone\system\CodeIgniter.php(419): CodeIgniter\CodeIgniter->runController(Object(App\Controllers\ProfileController))
#5 C:\laragon\www\Capstone\system\CodeIgniter.php(326): CodeIgniter\CodeIgniter->handleRequest(NULL, Object(Config\Cache), false)
#6 C:\laragon\www\Capstone\public\index.php(37): CodeIgniter\CodeIgniter->run()
#7 C:\laragon\www\Capstone\system\Commands\Server\rewrite.php(43): require_once('C:\\laragon\\www\\...')
#8 {main}
CRITICAL - 2022-05-30 10:42:41 --> syntax error, unexpected 'im' (T_STRING), expecting ')'
#0 C:\laragon\www\Capstone\system\View\View.php(213): CodeIgniter\View\View->CodeIgniter\View\{closure}()
#1 C:\laragon\www\Capstone\system\Common.php(1089): CodeIgniter\View\View->render('destination_det...', Array, true)
#2 C:\laragon\www\Capstone\app\Controllers\ProfileController.php(31): view('destination_det...', Array)
#3 C:\laragon\www\Capstone\system\CodeIgniter.php(832): App\Controllers\ProfileController->test('6')
#4 C:\laragon\www\Capstone\system\CodeIgniter.php(419): CodeIgniter\CodeIgniter->runController(Object(App\Controllers\ProfileController))
#5 C:\laragon\www\Capstone\system\CodeIgniter.php(326): CodeIgniter\CodeIgniter->handleRequest(NULL, Object(Config\Cache), false)
#6 C:\laragon\www\Capstone\public\index.php(37): CodeIgniter\CodeIgniter->run()
#7 C:\laragon\www\Capstone\system\Commands\Server\rewrite.php(43): require_once('C:\\laragon\\www\\...')
#8 {main}
