CRITICAL - 2022-08-06 04:53:05 --> CodeIgniter\View\View::main(): Failed opening required '/js/submit_rating' (include_path='.;C:/laragon/etc/php/pear')
#0 [internal function]: CodeIgniter\Debug\Exceptions->shutdownHandler()
#1 {main}
CRITICAL - 2022-08-06 04:53:14 --> CodeIgniter\View\View::main(): Failed opening required '/js/submit_rating.php' (include_path='.;C:/laragon/etc/php/pear')
#0 [internal function]: CodeIgniter\Debug\Exceptions->shutdownHandler()
#1 {main}
CRITICAL - 2022-08-06 04:53:15 --> CodeIgniter\View\View::main(): Failed opening required '/js/submit_rating.php' (include_path='.;C:/laragon/etc/php/pear')
#0 [internal function]: CodeIgniter\Debug\Exceptions->shutdownHandler()
#1 {main}
CRITICAL - 2022-08-06 06:50:43 --> Invalid file: public\js\submit_rating.php
#0 C:\Users\jancy\Desktop\Capstone-reco\system\View\View.php(198): CodeIgniter\Exceptions\FrameworkException::forInvalidFile('public\\js\\submi...')
#1 C:\Users\jancy\Desktop\Capstone-reco\system\View\View.php(424): CodeIgniter\View\View->render('public\\js\\submi...', NULL, true)
#2 C:\Users\jancy\Desktop\Capstone-reco\app\Views\destination_details.php(196): CodeIgniter\View\View->include('public\\js\\submi...')
#3 C:\Users\jancy\Desktop\Capstone-reco\system\View\View.php(210): include('C:\\Users\\jancy\\...')
#4 C:\Users\jancy\Desktop\Capstone-reco\system\View\View.php(213): CodeIgniter\View\View->CodeIgniter\View\{closure}()
#5 C:\Users\jancy\Desktop\Capstone-reco\system\Common.php(1089): CodeIgniter\View\View->render('destination_det...', Array, true)
#6 C:\Users\jancy\Desktop\Capstone-reco\app\Controllers\ProfileController.php(64): view('destination_det...', Array)
#7 C:\Users\jancy\Desktop\Capstone-reco\system\CodeIgniter.php(832): App\Controllers\ProfileController->test('6')
#8 C:\Users\jancy\Desktop\Capstone-reco\system\CodeIgniter.php(419): CodeIgniter\CodeIgniter->runController(Object(App\Controllers\ProfileController))
#9 C:\Users\jancy\Desktop\Capstone-reco\system\CodeIgniter.php(326): CodeIgniter\CodeIgniter->handleRequest(NULL, Object(Config\Cache), false)
#10 C:\Users\jancy\Desktop\Capstone-reco\public\index.php(37): CodeIgniter\CodeIgniter->run()
#11 C:\Users\jancy\Desktop\Capstone-reco\system\Commands\Server\rewrite.php(43): require_once('C:\\Users\\jancy\\...')
#12 {main}
CRITICAL - 2022-08-06 06:50:54 --> Invalid file: \js\submit_rating.php
#0 C:\Users\jancy\Desktop\Capstone-reco\system\View\View.php(198): CodeIgniter\Exceptions\FrameworkException::forInvalidFile('\\js\\submit_rati...')
#1 C:\Users\jancy\Desktop\Capstone-reco\system\View\View.php(424): CodeIgniter\View\View->render('\\js\\submit_rati...', NULL, true)
#2 C:\Users\jancy\Desktop\Capstone-reco\app\Views\destination_details.php(196): CodeIgniter\View\View->include('\\js\\submit_rati...')
#3 C:\Users\jancy\Desktop\Capstone-reco\system\View\View.php(210): include('C:\\Users\\jancy\\...')
#4 C:\Users\jancy\Desktop\Capstone-reco\system\View\View.php(213): CodeIgniter\View\View->CodeIgniter\View\{closure}()
#5 C:\Users\jancy\Desktop\Capstone-reco\system\Common.php(1089): CodeIgniter\View\View->render('destination_det...', Array, true)
#6 C:\Users\jancy\Desktop\Capstone-reco\app\Controllers\ProfileController.php(64): view('destination_det...', Array)
#7 C:\Users\jancy\Desktop\Capstone-reco\system\CodeIgniter.php(832): App\Controllers\ProfileController->test('6')
#8 C:\Users\jancy\Desktop\Capstone-reco\system\CodeIgniter.php(419): CodeIgniter\CodeIgniter->runController(Object(App\Controllers\ProfileController))
#9 C:\Users\jancy\Desktop\Capstone-reco\system\CodeIgniter.php(326): CodeIgniter\CodeIgniter->handleRequest(NULL, Object(Config\Cache), false)
#10 C:\Users\jancy\Desktop\Capstone-reco\public\index.php(37): CodeIgniter\CodeIgniter->run()
#11 C:\Users\jancy\Desktop\Capstone-reco\system\Commands\Server\rewrite.php(43): require_once('C:\\Users\\jancy\\...')
#12 {main}
CRITICAL - 2022-08-06 06:51:07 --> Invalid file: /js/submit_rating.php
#0 C:\Users\jancy\Desktop\Capstone-reco\system\View\View.php(198): CodeIgniter\Exceptions\FrameworkException::forInvalidFile('/js/submit_rati...')
#1 C:\Users\jancy\Desktop\Capstone-reco\system\View\View.php(424): CodeIgniter\View\View->render('/js/submit_rati...', NULL, true)
#2 C:\Users\jancy\Desktop\Capstone-reco\app\Views\destination_details.php(196): CodeIgniter\View\View->include('/js/submit_rati...')
#3 C:\Users\jancy\Desktop\Capstone-reco\system\View\View.php(210): include('C:\\Users\\jancy\\...')
#4 C:\Users\jancy\Desktop\Capstone-reco\system\View\View.php(213): CodeIgniter\View\View->CodeIgniter\View\{closure}()
#5 C:\Users\jancy\Desktop\Capstone-reco\system\Common.php(1089): CodeIgniter\View\View->render('destination_det...', Array, true)
#6 C:\Users\jancy\Desktop\Capstone-reco\app\Controllers\ProfileController.php(64): view('destination_det...', Array)
#7 C:\Users\jancy\Desktop\Capstone-reco\system\CodeIgniter.php(832): App\Controllers\ProfileController->test('6')
#8 C:\Users\jancy\Desktop\Capstone-reco\system\CodeIgniter.php(419): CodeIgniter\CodeIgniter->runController(Object(App\Controllers\ProfileController))
#9 C:\Users\jancy\Desktop\Capstone-reco\system\CodeIgniter.php(326): CodeIgniter\CodeIgniter->handleRequest(NULL, Object(Config\Cache), false)
#10 C:\Users\jancy\Desktop\Capstone-reco\public\index.php(37): CodeIgniter\CodeIgniter->run()
#11 C:\Users\jancy\Desktop\Capstone-reco\system\Commands\Server\rewrite.php(43): require_once('C:\\Users\\jancy\\...')
#12 {main}
CRITICAL - 2022-08-06 07:01:55 --> SQLSTATE[HY000] [1049] Unknown database 'testing'
#0 C:\Users\jancy\Desktop\Capstone-reco\app\Views\submit_rating.php(6): PDO->__construct('mysql:host=loca...', 'root', '')
#1 C:\Users\jancy\Desktop\Capstone-reco\system\View\View.php(210): include('C:\\Users\\jancy\\...')
#2 C:\Users\jancy\Desktop\Capstone-reco\system\View\View.php(213): CodeIgniter\View\View->CodeIgniter\View\{closure}()
#3 C:\Users\jancy\Desktop\Capstone-reco\system\View\View.php(424): CodeIgniter\View\View->render('submit_rating', NULL, true)
#4 C:\Users\jancy\Desktop\Capstone-reco\app\Views\destination_details.php(197): CodeIgniter\View\View->include('submit_rating')
#5 C:\Users\jancy\Desktop\Capstone-reco\system\View\View.php(210): include('C:\\Users\\jancy\\...')
#6 C:\Users\jancy\Desktop\Capstone-reco\system\View\View.php(213): CodeIgniter\View\View->CodeIgniter\View\{closure}()
#7 C:\Users\jancy\Desktop\Capstone-reco\system\Common.php(1089): CodeIgniter\View\View->render('destination_det...', Array, true)
#8 C:\Users\jancy\Desktop\Capstone-reco\app\Controllers\ProfileController.php(64): view('destination_det...', Array)
#9 C:\Users\jancy\Desktop\Capstone-reco\system\CodeIgniter.php(832): App\Controllers\ProfileController->test('6')
#10 C:\Users\jancy\Desktop\Capstone-reco\system\CodeIgniter.php(419): CodeIgniter\CodeIgniter->runController(Object(App\Controllers\ProfileController))
#11 C:\Users\jancy\Desktop\Capstone-reco\system\CodeIgniter.php(326): CodeIgniter\CodeIgniter->handleRequest(NULL, Object(Config\Cache), false)
#12 C:\Users\jancy\Desktop\Capstone-reco\public\index.php(37): CodeIgniter\CodeIgniter->run()
#13 C:\Users\jancy\Desktop\Capstone-reco\system\Commands\Server\rewrite.php(43): require_once('C:\\Users\\jancy\\...')
#14 {main}
CRITICAL - 2022-08-06 07:01:55 --> SQLSTATE[HY000] [1049] Unknown database 'testing'
#0 C:\Users\jancy\Desktop\Capstone-reco\app\Views\submit_rating.php(6): PDO->__construct('mysql:host=loca...', 'root', '')
#1 C:\Users\jancy\Desktop\Capstone-reco\system\View\View.php(210): include('C:\\Users\\jancy\\...')
#2 C:\Users\jancy\Desktop\Capstone-reco\system\View\View.php(213): CodeIgniter\View\View->CodeIgniter\View\{closure}()
#3 C:\Users\jancy\Desktop\Capstone-reco\system\View\View.php(424): CodeIgniter\View\View->render('submit_rating', NULL, true)
#4 C:\Users\jancy\Desktop\Capstone-reco\app\Views\destination_details.php(197): CodeIgniter\View\View->include('submit_rating')
#5 C:\Users\jancy\Desktop\Capstone-reco\system\View\View.php(210): include('C:\\Users\\jancy\\...')
#6 C:\Users\jancy\Desktop\Capstone-reco\system\View\View.php(213): CodeIgniter\View\View->CodeIgniter\View\{closure}()
#7 C:\Users\jancy\Desktop\Capstone-reco\system\Common.php(1089): CodeIgniter\View\View->render('destination_det...', Array, true)
#8 C:\Users\jancy\Desktop\Capstone-reco\app\Controllers\ProfileController.php(64): view('destination_det...', Array)
#9 C:\Users\jancy\Desktop\Capstone-reco\system\CodeIgniter.php(832): App\Controllers\ProfileController->test('img', 'favicon.png')
#10 C:\Users\jancy\Desktop\Capstone-reco\system\CodeIgniter.php(419): CodeIgniter\CodeIgniter->runController(Object(App\Controllers\ProfileController))
#11 C:\Users\jancy\Desktop\Capstone-reco\system\CodeIgniter.php(326): CodeIgniter\CodeIgniter->handleRequest(NULL, Object(Config\Cache), false)
#12 C:\Users\jancy\Desktop\Capstone-reco\public\index.php(37): CodeIgniter\CodeIgniter->run()
#13 C:\Users\jancy\Desktop\Capstone-reco\system\Commands\Server\rewrite.php(43): require_once('C:\\Users\\jancy\\...')
#14 {main}
CRITICAL - 2022-08-06 07:10:46 --> Call to undefined method CodeIgniter\View\View::load()
#0 C:\Users\jancy\Desktop\Capstone-reco\system\View\View.php(210): include()
#1 C:\Users\jancy\Desktop\Capstone-reco\system\View\View.php(213): CodeIgniter\View\View->CodeIgniter\View\{closure}()
#2 C:\Users\jancy\Desktop\Capstone-reco\system\Common.php(1089): CodeIgniter\View\View->render('destination_det...', Array, true)
#3 C:\Users\jancy\Desktop\Capstone-reco\app\Controllers\ProfileController.php(64): view('destination_det...', Array)
#4 C:\Users\jancy\Desktop\Capstone-reco\system\CodeIgniter.php(832): App\Controllers\ProfileController->test('6')
#5 C:\Users\jancy\Desktop\Capstone-reco\system\CodeIgniter.php(419): CodeIgniter\CodeIgniter->runController(Object(App\Controllers\ProfileController))
#6 C:\Users\jancy\Desktop\Capstone-reco\system\CodeIgniter.php(326): CodeIgniter\CodeIgniter->handleRequest(NULL, Object(Config\Cache), false)
#7 C:\Users\jancy\Desktop\Capstone-reco\public\index.php(37): CodeIgniter\CodeIgniter->run()
#8 C:\Users\jancy\Desktop\Capstone-reco\system\Commands\Server\rewrite.php(43): require_once('C:\\Users\\jancy\\...')
#9 {main}
CRITICAL - 2022-08-06 07:10:52 --> Call to undefined method CodeIgniter\View\View::view()
#0 C:\Users\jancy\Desktop\Capstone-reco\system\View\View.php(210): include()
#1 C:\Users\jancy\Desktop\Capstone-reco\system\View\View.php(213): CodeIgniter\View\View->CodeIgniter\View\{closure}()
#2 C:\Users\jancy\Desktop\Capstone-reco\system\Common.php(1089): CodeIgniter\View\View->render('destination_det...', Array, true)
#3 C:\Users\jancy\Desktop\Capstone-reco\app\Controllers\ProfileController.php(64): view('destination_det...', Array)
#4 C:\Users\jancy\Desktop\Capstone-reco\system\CodeIgniter.php(832): App\Controllers\ProfileController->test('6')
#5 C:\Users\jancy\Desktop\Capstone-reco\system\CodeIgniter.php(419): CodeIgniter\CodeIgniter->runController(Object(App\Controllers\ProfileController))
#6 C:\Users\jancy\Desktop\Capstone-reco\system\CodeIgniter.php(326): CodeIgniter\CodeIgniter->handleRequest(NULL, Object(Config\Cache), false)
#7 C:\Users\jancy\Desktop\Capstone-reco\public\index.php(37): CodeIgniter\CodeIgniter->run()
#8 C:\Users\jancy\Desktop\Capstone-reco\system\Commands\Server\rewrite.php(43): require_once('C:\\Users\\jancy\\...')
#9 {main}
CRITICAL - 2022-08-06 07:11:02 --> Call to undefined method CodeIgniter\View\View::include_js()
#0 C:\Users\jancy\Desktop\Capstone-reco\system\View\View.php(210): include()
#1 C:\Users\jancy\Desktop\Capstone-reco\system\View\View.php(213): CodeIgniter\View\View->CodeIgniter\View\{closure}()
#2 C:\Users\jancy\Desktop\Capstone-reco\system\Common.php(1089): CodeIgniter\View\View->render('destination_det...', Array, true)
#3 C:\Users\jancy\Desktop\Capstone-reco\app\Controllers\ProfileController.php(64): view('destination_det...', Array)
#4 C:\Users\jancy\Desktop\Capstone-reco\system\CodeIgniter.php(832): App\Controllers\ProfileController->test('6')
#5 C:\Users\jancy\Desktop\Capstone-reco\system\CodeIgniter.php(419): CodeIgniter\CodeIgniter->runController(Object(App\Controllers\ProfileController))
#6 C:\Users\jancy\Desktop\Capstone-reco\system\CodeIgniter.php(326): CodeIgniter\CodeIgniter->handleRequest(NULL, Object(Config\Cache), false)
#7 C:\Users\jancy\Desktop\Capstone-reco\public\index.php(37): CodeIgniter\CodeIgniter->run()
#8 C:\Users\jancy\Desktop\Capstone-reco\system\Commands\Server\rewrite.php(43): require_once('C:\\Users\\jancy\\...')
#9 {main}
CRITICAL - 2022-08-06 07:12:45 --> Call to undefined method CodeIgniter\View\View::include_path()
#0 C:\Users\jancy\Desktop\Capstone-reco\system\View\View.php(210): include()
#1 C:\Users\jancy\Desktop\Capstone-reco\system\View\View.php(213): CodeIgniter\View\View->CodeIgniter\View\{closure}()
#2 C:\Users\jancy\Desktop\Capstone-reco\system\Common.php(1089): CodeIgniter\View\View->render('destination_det...', Array, true)
#3 C:\Users\jancy\Desktop\Capstone-reco\app\Controllers\ProfileController.php(64): view('destination_det...', Array)
#4 C:\Users\jancy\Desktop\Capstone-reco\system\CodeIgniter.php(832): App\Controllers\ProfileController->test('6')
#5 C:\Users\jancy\Desktop\Capstone-reco\system\CodeIgniter.php(419): CodeIgniter\CodeIgniter->runController(Object(App\Controllers\ProfileController))
#6 C:\Users\jancy\Desktop\Capstone-reco\system\CodeIgniter.php(326): CodeIgniter\CodeIgniter->handleRequest(NULL, Object(Config\Cache), false)
#7 C:\Users\jancy\Desktop\Capstone-reco\public\index.php(37): CodeIgniter\CodeIgniter->run()
#8 C:\Users\jancy\Desktop\Capstone-reco\system\Commands\Server\rewrite.php(43): require_once('C:\\Users\\jancy\\...')
#9 {main}
