CRITICAL - 2022-06-13 00:01:01 --> syntax error, unexpected '=', expecting ')'
#0 C:\laragon\www\eguide\system\Router\Router.php(175): CodeIgniter\Router\Router->autoRoute('RestaurantContr...')
#1 C:\laragon\www\eguide\system\CodeIgniter.php(726): CodeIgniter\Router\Router->handle('RestaurantContr...')
#2 C:\laragon\www\eguide\system\CodeIgniter.php(368): CodeIgniter\CodeIgniter->tryToRouteIt(Object(CodeIgniter\Router\RouteCollection))
#3 C:\laragon\www\eguide\system\CodeIgniter.php(326): CodeIgniter\CodeIgniter->handleRequest(NULL, Object(Config\Cache), false)
#4 C:\laragon\www\eguide\public\index.php(37): CodeIgniter\CodeIgniter->run()
#5 C:\laragon\www\eguide\system\Commands\Server\rewrite.php(43): require_once('C:\\laragon\\www\\...')
#6 {main}
CRITICAL - 2022-06-13 00:01:11 --> Invalid argument supplied for foreach()
#0 C:\laragon\www\eguide\app\Views\restaurant_page.php(160): CodeIgniter\Debug\Exceptions->errorHandler(2, 'Invalid argumen...', 'C:\\laragon\\www\\...', 160, Array)
#1 C:\laragon\www\eguide\system\View\View.php(210): include('C:\\laragon\\www\\...')
#2 C:\laragon\www\eguide\system\View\View.php(213): CodeIgniter\View\View->CodeIgniter\View\{closure}()
#3 C:\laragon\www\eguide\system\Common.php(1089): CodeIgniter\View\View->render('restaurant_page', Array, true)
#4 C:\laragon\www\eguide\app\Controllers\RestaurantController.php(22): view('restaurant_page', Array)
#5 C:\laragon\www\eguide\system\CodeIgniter.php(832): App\Controllers\RestaurantController->rescal()
#6 C:\laragon\www\eguide\system\CodeIgniter.php(419): CodeIgniter\CodeIgniter->runController(Object(App\Controllers\RestaurantController))
#7 C:\laragon\www\eguide\system\CodeIgniter.php(326): CodeIgniter\CodeIgniter->handleRequest(NULL, Object(Config\Cache), false)
#8 C:\laragon\www\eguide\public\index.php(37): CodeIgniter\CodeIgniter->run()
#9 C:\laragon\www\eguide\system\Commands\Server\rewrite.php(43): require_once('C:\\laragon\\www\\...')
#10 {main}
CRITICAL - 2022-06-13 00:01:19 --> Invalid argument supplied for foreach()
#0 C:\laragon\www\eguide\app\Views\restaurant_page.php(160): CodeIgniter\Debug\Exceptions->errorHandler(2, 'Invalid argumen...', 'C:\\laragon\\www\\...', 160, Array)
#1 C:\laragon\www\eguide\system\View\View.php(210): include('C:\\laragon\\www\\...')
#2 C:\laragon\www\eguide\system\View\View.php(213): CodeIgniter\View\View->CodeIgniter\View\{closure}()
#3 C:\laragon\www\eguide\system\Common.php(1089): CodeIgniter\View\View->render('restaurant_page', Array, true)
#4 C:\laragon\www\eguide\app\Controllers\RestaurantController.php(22): view('restaurant_page', Array)
#5 C:\laragon\www\eguide\system\CodeIgniter.php(832): App\Controllers\RestaurantController->rescal()
#6 C:\laragon\www\eguide\system\CodeIgniter.php(419): CodeIgniter\CodeIgniter->runController(Object(App\Controllers\RestaurantController))
#7 C:\laragon\www\eguide\system\CodeIgniter.php(326): CodeIgniter\CodeIgniter->handleRequest(NULL, Object(Config\Cache), false)
#8 C:\laragon\www\eguide\public\index.php(37): CodeIgniter\CodeIgniter->run()
#9 C:\laragon\www\eguide\system\Commands\Server\rewrite.php(43): require_once('C:\\laragon\\www\\...')
#10 {main}
CRITICAL - 2022-06-13 00:02:08 --> Invalid argument supplied for foreach()
#0 C:\laragon\www\eguide\app\Views\restaurant_page.php(160): CodeIgniter\Debug\Exceptions->errorHandler(2, 'Invalid argumen...', 'C:\\laragon\\www\\...', 160, Array)
#1 C:\laragon\www\eguide\system\View\View.php(210): include('C:\\laragon\\www\\...')
#2 C:\laragon\www\eguide\system\View\View.php(213): CodeIgniter\View\View->CodeIgniter\View\{closure}()
#3 C:\laragon\www\eguide\system\Common.php(1089): CodeIgniter\View\View->render('restaurant_page', Array, true)
#4 C:\laragon\www\eguide\app\Controllers\RestaurantController.php(21): view('restaurant_page', Array)
#5 C:\laragon\www\eguide\system\CodeIgniter.php(832): App\Controllers\RestaurantController->rescal()
#6 C:\laragon\www\eguide\system\CodeIgniter.php(419): CodeIgniter\CodeIgniter->runController(Object(App\Controllers\RestaurantController))
#7 C:\laragon\www\eguide\system\CodeIgniter.php(326): CodeIgniter\CodeIgniter->handleRequest(NULL, Object(Config\Cache), false)
#8 C:\laragon\www\eguide\public\index.php(37): CodeIgniter\CodeIgniter->run()
#9 C:\laragon\www\eguide\system\Commands\Server\rewrite.php(43): require_once('C:\\laragon\\www\\...')
#10 {main}
CRITICAL - 2022-06-13 00:02:57 --> Invalid argument supplied for foreach()
#0 C:\laragon\www\eguide\app\Views\restaurant_page.php(161): CodeIgniter\Debug\Exceptions->errorHandler(2, 'Invalid argumen...', 'C:\\laragon\\www\\...', 161, Array)
#1 C:\laragon\www\eguide\system\View\View.php(210): include('C:\\laragon\\www\\...')
#2 C:\laragon\www\eguide\system\View\View.php(213): CodeIgniter\View\View->CodeIgniter\View\{closure}()
#3 C:\laragon\www\eguide\system\Common.php(1089): CodeIgniter\View\View->render('restaurant_page', Array, true)
#4 C:\laragon\www\eguide\app\Controllers\RestaurantController.php(21): view('restaurant_page', Array)
#5 C:\laragon\www\eguide\system\CodeIgniter.php(832): App\Controllers\RestaurantController->rescal()
#6 C:\laragon\www\eguide\system\CodeIgniter.php(419): CodeIgniter\CodeIgniter->runController(Object(App\Controllers\RestaurantController))
#7 C:\laragon\www\eguide\system\CodeIgniter.php(326): CodeIgniter\CodeIgniter->handleRequest(NULL, Object(Config\Cache), false)
#8 C:\laragon\www\eguide\public\index.php(37): CodeIgniter\CodeIgniter->run()
#9 C:\laragon\www\eguide\system\Commands\Server\rewrite.php(43): require_once('C:\\laragon\\www\\...')
#10 {main}
CRITICAL - 2022-06-13 00:05:09 --> Call to undefined function calapan()
#0 C:\laragon\www\eguide\system\CodeIgniter.php(832): App\Controllers\RestaurantController->rescal()
#1 C:\laragon\www\eguide\system\CodeIgniter.php(419): CodeIgniter\CodeIgniter->runController(Object(App\Controllers\RestaurantController))
#2 C:\laragon\www\eguide\system\CodeIgniter.php(326): CodeIgniter\CodeIgniter->handleRequest(NULL, Object(Config\Cache), false)
#3 C:\laragon\www\eguide\public\index.php(37): CodeIgniter\CodeIgniter->run()
#4 C:\laragon\www\eguide\system\Commands\Server\rewrite.php(43): require_once('C:\\laragon\\www\\...')
#5 {main}
CRITICAL - 2022-06-13 00:05:21 --> syntax error, unexpected ''destinations'' (T_CONSTANT_ENCAPSED_STRING), expecting ']'
#0 C:\laragon\www\eguide\system\Router\Router.php(175): CodeIgniter\Router\Router->autoRoute('RestaurantContr...')
#1 C:\laragon\www\eguide\system\CodeIgniter.php(726): CodeIgniter\Router\Router->handle('RestaurantContr...')
#2 C:\laragon\www\eguide\system\CodeIgniter.php(368): CodeIgniter\CodeIgniter->tryToRouteIt(Object(CodeIgniter\Router\RouteCollection))
#3 C:\laragon\www\eguide\system\CodeIgniter.php(326): CodeIgniter\CodeIgniter->handleRequest(NULL, Object(Config\Cache), false)
#4 C:\laragon\www\eguide\public\index.php(37): CodeIgniter\CodeIgniter->run()
#5 C:\laragon\www\eguide\system\Commands\Server\rewrite.php(43): require_once('C:\\laragon\\www\\...')
#6 {main}
CRITICAL - 2022-06-13 00:05:30 --> syntax error, unexpected ''destinations'' (T_CONSTANT_ENCAPSED_STRING), expecting ']'
#0 C:\laragon\www\eguide\system\Router\Router.php(175): CodeIgniter\Router\Router->autoRoute('RestaurantContr...')
#1 C:\laragon\www\eguide\system\CodeIgniter.php(726): CodeIgniter\Router\Router->handle('RestaurantContr...')
#2 C:\laragon\www\eguide\system\CodeIgniter.php(368): CodeIgniter\CodeIgniter->tryToRouteIt(Object(CodeIgniter\Router\RouteCollection))
#3 C:\laragon\www\eguide\system\CodeIgniter.php(326): CodeIgniter\CodeIgniter->handleRequest(NULL, Object(Config\Cache), false)
#4 C:\laragon\www\eguide\public\index.php(37): CodeIgniter\CodeIgniter->run()
#5 C:\laragon\www\eguide\system\Commands\Server\rewrite.php(43): require_once('C:\\laragon\\www\\...')
#6 {main}
CRITICAL - 2022-06-13 02:00:59 --> Call to a member function findAll() on null
#0 C:\laragon\www\eguide\system\CodeIgniter.php(832): App\Controllers\ProfileController->index()
#1 C:\laragon\www\eguide\system\CodeIgniter.php(419): CodeIgniter\CodeIgniter->runController(Object(App\Controllers\ProfileController))
#2 C:\laragon\www\eguide\system\CodeIgniter.php(326): CodeIgniter\CodeIgniter->handleRequest(NULL, Object(Config\Cache), false)
#3 C:\laragon\www\eguide\public\index.php(37): CodeIgniter\CodeIgniter->run()
#4 C:\laragon\www\eguide\system\Commands\Server\rewrite.php(43): require_once('C:\\laragon\\www\\...')
#5 {main}
CRITICAL - 2022-06-13 02:01:21 --> Class 'App\Controllers\RestaurantModel' not found
#0 C:\laragon\www\eguide\system\CodeIgniter.php(832): App\Controllers\ProfileController->index()
#1 C:\laragon\www\eguide\system\CodeIgniter.php(419): CodeIgniter\CodeIgniter->runController(Object(App\Controllers\ProfileController))
#2 C:\laragon\www\eguide\system\CodeIgniter.php(326): CodeIgniter\CodeIgniter->handleRequest(NULL, Object(Config\Cache), false)
#3 C:\laragon\www\eguide\public\index.php(37): CodeIgniter\CodeIgniter->run()
#4 C:\laragon\www\eguide\system\Commands\Server\rewrite.php(43): require_once('C:\\laragon\\www\\...')
#5 {main}
CRITICAL - 2022-06-13 02:01:22 --> Class 'App\Controllers\RestaurantModel' not found
#0 C:\laragon\www\eguide\system\CodeIgniter.php(832): App\Controllers\ProfileController->index()
#1 C:\laragon\www\eguide\system\CodeIgniter.php(419): CodeIgniter\CodeIgniter->runController(Object(App\Controllers\ProfileController))
#2 C:\laragon\www\eguide\system\CodeIgniter.php(326): CodeIgniter\CodeIgniter->handleRequest(NULL, Object(Config\Cache), false)
#3 C:\laragon\www\eguide\public\index.php(37): CodeIgniter\CodeIgniter->run()
#4 C:\laragon\www\eguide\system\Commands\Server\rewrite.php(43): require_once('C:\\laragon\\www\\...')
#5 {main}
CRITICAL - 2022-06-13 02:18:57 --> syntax error, unexpected ';', expecting ']'
#0 C:\laragon\www\eguide\system\Autoloader\Autoloader.php(241): CodeIgniter\Autoloader\Autoloader->includeFile('C:\\laragon\\www\\...')
#1 C:\laragon\www\eguide\system\Autoloader\Autoloader.php(219): CodeIgniter\Autoloader\Autoloader->loadInNamespace('App\\Controllers...')
#2 [internal function]: CodeIgniter\Autoloader\Autoloader->loadClass('App\\Controllers...')
#3 [internal function]: spl_autoload_call('App\\Controllers...')
#4 C:\laragon\www\eguide\system\CodeIgniter.php(797): class_exists('\\App\\Controller...', true)
#5 C:\laragon\www\eguide\system\CodeIgniter.php(406): CodeIgniter\CodeIgniter->startController()
#6 C:\laragon\www\eguide\system\CodeIgniter.php(326): CodeIgniter\CodeIgniter->handleRequest(NULL, Object(Config\Cache), false)
#7 C:\laragon\www\eguide\public\index.php(37): CodeIgniter\CodeIgniter->run()
#8 C:\laragon\www\eguide\system\Commands\Server\rewrite.php(43): require_once('C:\\laragon\\www\\...')
#9 {main}
CRITICAL - 2022-06-13 02:19:05 --> syntax error, unexpected ';', expecting ']'
#0 C:\laragon\www\eguide\system\Autoloader\Autoloader.php(241): CodeIgniter\Autoloader\Autoloader->includeFile('C:\\laragon\\www\\...')
#1 C:\laragon\www\eguide\system\Autoloader\Autoloader.php(219): CodeIgniter\Autoloader\Autoloader->loadInNamespace('App\\Controllers...')
#2 [internal function]: CodeIgniter\Autoloader\Autoloader->loadClass('App\\Controllers...')
#3 [internal function]: spl_autoload_call('App\\Controllers...')
#4 C:\laragon\www\eguide\system\CodeIgniter.php(797): class_exists('\\App\\Controller...', true)
#5 C:\laragon\www\eguide\system\CodeIgniter.php(406): CodeIgniter\CodeIgniter->startController()
#6 C:\laragon\www\eguide\system\CodeIgniter.php(326): CodeIgniter\CodeIgniter->handleRequest(NULL, Object(Config\Cache), false)
#7 C:\laragon\www\eguide\public\index.php(37): CodeIgniter\CodeIgniter->run()
#8 C:\laragon\www\eguide\system\Commands\Server\rewrite.php(43): require_once('C:\\laragon\\www\\...')
#9 {main}
CRITICAL - 2022-06-13 02:19:21 --> syntax error, unexpected ';', expecting ']'
#0 C:\laragon\www\eguide\system\Autoloader\Autoloader.php(241): CodeIgniter\Autoloader\Autoloader->includeFile('C:\\laragon\\www\\...')
#1 C:\laragon\www\eguide\system\Autoloader\Autoloader.php(219): CodeIgniter\Autoloader\Autoloader->loadInNamespace('App\\Controllers...')
#2 [internal function]: CodeIgniter\Autoloader\Autoloader->loadClass('App\\Controllers...')
#3 [internal function]: spl_autoload_call('App\\Controllers...')
#4 C:\laragon\www\eguide\system\CodeIgniter.php(797): class_exists('\\App\\Controller...', true)
#5 C:\laragon\www\eguide\system\CodeIgniter.php(406): CodeIgniter\CodeIgniter->startController()
#6 C:\laragon\www\eguide\system\CodeIgniter.php(326): CodeIgniter\CodeIgniter->handleRequest(NULL, Object(Config\Cache), false)
#7 C:\laragon\www\eguide\public\index.php(37): CodeIgniter\CodeIgniter->run()
#8 C:\laragon\www\eguide\system\Commands\Server\rewrite.php(43): require_once('C:\\laragon\\www\\...')
#9 {main}
CRITICAL - 2022-06-13 02:19:54 --> syntax error, unexpected ';', expecting ']'
#0 C:\laragon\www\eguide\system\Autoloader\Autoloader.php(241): CodeIgniter\Autoloader\Autoloader->includeFile('C:\\laragon\\www\\...')
#1 C:\laragon\www\eguide\system\Autoloader\Autoloader.php(219): CodeIgniter\Autoloader\Autoloader->loadInNamespace('App\\Controllers...')
#2 [internal function]: CodeIgniter\Autoloader\Autoloader->loadClass('App\\Controllers...')
#3 [internal function]: spl_autoload_call('App\\Controllers...')
#4 C:\laragon\www\eguide\system\CodeIgniter.php(797): class_exists('\\App\\Controller...', true)
#5 C:\laragon\www\eguide\system\CodeIgniter.php(406): CodeIgniter\CodeIgniter->startController()
#6 C:\laragon\www\eguide\system\CodeIgniter.php(326): CodeIgniter\CodeIgniter->handleRequest(NULL, Object(Config\Cache), false)
#7 C:\laragon\www\eguide\public\index.php(37): CodeIgniter\CodeIgniter->run()
#8 C:\laragon\www\eguide\system\Commands\Server\rewrite.php(43): require_once('C:\\laragon\\www\\...')
#9 {main}
CRITICAL - 2022-06-13 02:19:57 --> syntax error, unexpected ';', expecting ']'
#0 C:\laragon\www\eguide\system\Autoloader\Autoloader.php(241): CodeIgniter\Autoloader\Autoloader->includeFile('C:\\laragon\\www\\...')
#1 C:\laragon\www\eguide\system\Autoloader\Autoloader.php(219): CodeIgniter\Autoloader\Autoloader->loadInNamespace('App\\Controllers...')
#2 [internal function]: CodeIgniter\Autoloader\Autoloader->loadClass('App\\Controllers...')
#3 [internal function]: spl_autoload_call('App\\Controllers...')
#4 C:\laragon\www\eguide\system\CodeIgniter.php(797): class_exists('\\App\\Controller...', true)
#5 C:\laragon\www\eguide\system\CodeIgniter.php(406): CodeIgniter\CodeIgniter->startController()
#6 C:\laragon\www\eguide\system\CodeIgniter.php(326): CodeIgniter\CodeIgniter->handleRequest(NULL, Object(Config\Cache), false)
#7 C:\laragon\www\eguide\public\index.php(37): CodeIgniter\CodeIgniter->run()
#8 C:\laragon\www\eguide\system\Commands\Server\rewrite.php(43): require_once('C:\\laragon\\www\\...')
#9 {main}
CRITICAL - 2022-06-13 06:15:26 --> Cannot redeclare App\Controllers\DestinationController::destination_list()
#0 [internal function]: CodeIgniter\Debug\Exceptions->shutdownHandler()
#1 {main}
CRITICAL - 2022-06-13 06:15:32 --> Cannot redeclare App\Controllers\DestinationController::destination_list()
#0 [internal function]: CodeIgniter\Debug\Exceptions->shutdownHandler()
#1 {main}
